[2024-06-20T23:41:00.723+0000] {processor.py:161} INFO - Started process (PID=58) to work on /home/airflow/.local/lib/python3.12/site-packages/airflow/example_dags/example_subdag_operator.py
[2024-06-20T23:41:00.726+0000] {processor.py:830} INFO - Processing file /home/airflow/.local/lib/python3.12/site-packages/airflow/example_dags/example_subdag_operator.py for tasks to queue
[2024-06-20T23:41:00.741+0000] {logging_mixin.py:188} INFO - [2024-06-20T23:41:00.741+0000] {dagbag.py:545} INFO - Filling up the DagBag from /home/airflow/.local/lib/python3.12/site-packages/airflow/example_dags/example_subdag_operator.py
[2024-06-20T23:41:00.768+0000] {processor.py:840} INFO - DAG(s) 'example_subdag_operator.section-1', 'example_subdag_operator.section-2', 'example_subdag_operator' retrieved from /home/airflow/.local/lib/python3.12/site-packages/airflow/example_dags/example_subdag_operator.py
[2024-06-20T23:41:00.773+0000] {logging_mixin.py:188} INFO - [2024-06-20T23:41:00.772+0000] {dag.py:3096} INFO - Sync 3 DAGs
[2024-06-20T23:41:00.797+0000] {logging_mixin.py:188} INFO - [2024-06-20T23:41:00.796+0000] {dag.py:3954} INFO - Setting next_dagrun for example_subdag_operator to 2022-01-01 00:00:00+00:00, run_after=2022-01-01 00:00:00+00:00
[2024-06-20T23:41:00.800+0000] {logging_mixin.py:188} INFO - [2024-06-20T23:41:00.800+0000] {dag.py:3954} INFO - Setting next_dagrun for example_subdag_operator.section-1 to None, run_after=None
[2024-06-20T23:41:00.802+0000] {logging_mixin.py:188} INFO - [2024-06-20T23:41:00.802+0000] {dag.py:3954} INFO - Setting next_dagrun for example_subdag_operator.section-2 to None, run_after=None
[2024-06-20T23:41:00.809+0000] {logging_mixin.py:188} INFO - [2024-06-20T23:41:00.809+0000] {dag.py:3096} INFO - Sync 2 DAGs
[2024-06-20T23:41:00.815+0000] {logging_mixin.py:188} INFO - [2024-06-20T23:41:00.814+0000] {dag.py:3954} INFO - Setting next_dagrun for example_subdag_operator.section-1 to None, run_after=None
[2024-06-20T23:41:00.816+0000] {logging_mixin.py:188} INFO - [2024-06-20T23:41:00.815+0000] {dag.py:3954} INFO - Setting next_dagrun for example_subdag_operator.section-2 to None, run_after=None
[2024-06-20T23:41:00.827+0000] {processor.py:183} INFO - Processing /home/airflow/.local/lib/python3.12/site-packages/airflow/example_dags/example_subdag_operator.py took 0.111 seconds
[2024-06-20T23:41:29.366+0000] {processor.py:161} INFO - Started process (PID=58) to work on /home/airflow/.local/lib/python3.12/site-packages/airflow/example_dags/example_subdag_operator.py
[2024-06-20T23:41:29.367+0000] {processor.py:830} INFO - Processing file /home/airflow/.local/lib/python3.12/site-packages/airflow/example_dags/example_subdag_operator.py for tasks to queue
[2024-06-20T23:41:29.368+0000] {logging_mixin.py:188} INFO - [2024-06-20T23:41:29.368+0000] {dagbag.py:545} INFO - Filling up the DagBag from /home/airflow/.local/lib/python3.12/site-packages/airflow/example_dags/example_subdag_operator.py
[2024-06-20T23:41:29.390+0000] {processor.py:840} INFO - DAG(s) 'example_subdag_operator.section-1', 'example_subdag_operator.section-2', 'example_subdag_operator' retrieved from /home/airflow/.local/lib/python3.12/site-packages/airflow/example_dags/example_subdag_operator.py
[2024-06-20T23:41:29.474+0000] {logging_mixin.py:188} INFO - [2024-06-20T23:41:29.474+0000] {dag.py:3096} INFO - Sync 3 DAGs
[2024-06-20T23:41:29.493+0000] {logging_mixin.py:188} INFO - [2024-06-20T23:41:29.493+0000] {dag.py:3954} INFO - Setting next_dagrun for example_subdag_operator to 2022-01-01 00:00:00+00:00, run_after=2022-01-01 00:00:00+00:00
[2024-06-20T23:41:29.496+0000] {logging_mixin.py:188} INFO - [2024-06-20T23:41:29.495+0000] {dag.py:3954} INFO - Setting next_dagrun for example_subdag_operator.section-1 to None, run_after=None
[2024-06-20T23:41:29.497+0000] {logging_mixin.py:188} INFO - [2024-06-20T23:41:29.497+0000] {dag.py:3954} INFO - Setting next_dagrun for example_subdag_operator.section-2 to None, run_after=None
[2024-06-20T23:41:29.505+0000] {logging_mixin.py:188} INFO - [2024-06-20T23:41:29.504+0000] {dag.py:3096} INFO - Sync 2 DAGs
[2024-06-20T23:41:29.510+0000] {logging_mixin.py:188} INFO - [2024-06-20T23:41:29.509+0000] {dag.py:3954} INFO - Setting next_dagrun for example_subdag_operator.section-1 to None, run_after=None
[2024-06-20T23:41:29.510+0000] {logging_mixin.py:188} INFO - [2024-06-20T23:41:29.510+0000] {dag.py:3954} INFO - Setting next_dagrun for example_subdag_operator.section-2 to None, run_after=None
[2024-06-20T23:41:29.520+0000] {processor.py:183} INFO - Processing /home/airflow/.local/lib/python3.12/site-packages/airflow/example_dags/example_subdag_operator.py took 0.160 seconds
[2024-06-20T23:41:59.597+0000] {processor.py:161} INFO - Started process (PID=116) to work on /home/airflow/.local/lib/python3.12/site-packages/airflow/example_dags/example_subdag_operator.py
[2024-06-20T23:41:59.598+0000] {processor.py:830} INFO - Processing file /home/airflow/.local/lib/python3.12/site-packages/airflow/example_dags/example_subdag_operator.py for tasks to queue
[2024-06-20T23:41:59.600+0000] {logging_mixin.py:188} INFO - [2024-06-20T23:41:59.599+0000] {dagbag.py:545} INFO - Filling up the DagBag from /home/airflow/.local/lib/python3.12/site-packages/airflow/example_dags/example_subdag_operator.py
[2024-06-20T23:41:59.620+0000] {processor.py:840} INFO - DAG(s) 'example_subdag_operator.section-1', 'example_subdag_operator.section-2', 'example_subdag_operator' retrieved from /home/airflow/.local/lib/python3.12/site-packages/airflow/example_dags/example_subdag_operator.py
[2024-06-20T23:41:59.634+0000] {logging_mixin.py:188} INFO - [2024-06-20T23:41:59.634+0000] {dag.py:3096} INFO - Sync 3 DAGs
[2024-06-20T23:41:59.653+0000] {logging_mixin.py:188} INFO - [2024-06-20T23:41:59.652+0000] {dag.py:3954} INFO - Setting next_dagrun for example_subdag_operator to 2022-01-01 00:00:00+00:00, run_after=2022-01-01 00:00:00+00:00
[2024-06-20T23:41:59.656+0000] {logging_mixin.py:188} INFO - [2024-06-20T23:41:59.656+0000] {dag.py:3954} INFO - Setting next_dagrun for example_subdag_operator.section-1 to None, run_after=None
[2024-06-20T23:41:59.657+0000] {logging_mixin.py:188} INFO - [2024-06-20T23:41:59.657+0000] {dag.py:3954} INFO - Setting next_dagrun for example_subdag_operator.section-2 to None, run_after=None
[2024-06-20T23:41:59.664+0000] {logging_mixin.py:188} INFO - [2024-06-20T23:41:59.664+0000] {dag.py:3096} INFO - Sync 2 DAGs
[2024-06-20T23:41:59.669+0000] {logging_mixin.py:188} INFO - [2024-06-20T23:41:59.668+0000] {dag.py:3954} INFO - Setting next_dagrun for example_subdag_operator.section-1 to None, run_after=None
[2024-06-20T23:41:59.669+0000] {logging_mixin.py:188} INFO - [2024-06-20T23:41:59.669+0000] {dag.py:3954} INFO - Setting next_dagrun for example_subdag_operator.section-2 to None, run_after=None
[2024-06-20T23:41:59.680+0000] {processor.py:183} INFO - Processing /home/airflow/.local/lib/python3.12/site-packages/airflow/example_dags/example_subdag_operator.py took 0.088 seconds
[2024-06-20T23:42:30.107+0000] {processor.py:161} INFO - Started process (PID=174) to work on /home/airflow/.local/lib/python3.12/site-packages/airflow/example_dags/example_subdag_operator.py
[2024-06-20T23:42:30.108+0000] {processor.py:830} INFO - Processing file /home/airflow/.local/lib/python3.12/site-packages/airflow/example_dags/example_subdag_operator.py for tasks to queue
[2024-06-20T23:42:30.110+0000] {logging_mixin.py:188} INFO - [2024-06-20T23:42:30.109+0000] {dagbag.py:545} INFO - Filling up the DagBag from /home/airflow/.local/lib/python3.12/site-packages/airflow/example_dags/example_subdag_operator.py
[2024-06-20T23:42:30.131+0000] {processor.py:840} INFO - DAG(s) 'example_subdag_operator.section-1', 'example_subdag_operator.section-2', 'example_subdag_operator' retrieved from /home/airflow/.local/lib/python3.12/site-packages/airflow/example_dags/example_subdag_operator.py
[2024-06-20T23:42:30.146+0000] {logging_mixin.py:188} INFO - [2024-06-20T23:42:30.146+0000] {dag.py:3096} INFO - Sync 3 DAGs
[2024-06-20T23:42:30.164+0000] {logging_mixin.py:188} INFO - [2024-06-20T23:42:30.164+0000] {dag.py:3954} INFO - Setting next_dagrun for example_subdag_operator to 2022-01-01 00:00:00+00:00, run_after=2022-01-01 00:00:00+00:00
[2024-06-20T23:42:30.168+0000] {logging_mixin.py:188} INFO - [2024-06-20T23:42:30.168+0000] {dag.py:3954} INFO - Setting next_dagrun for example_subdag_operator.section-1 to None, run_after=None
[2024-06-20T23:42:30.169+0000] {logging_mixin.py:188} INFO - [2024-06-20T23:42:30.169+0000] {dag.py:3954} INFO - Setting next_dagrun for example_subdag_operator.section-2 to None, run_after=None
[2024-06-20T23:42:30.176+0000] {logging_mixin.py:188} INFO - [2024-06-20T23:42:30.176+0000] {dag.py:3096} INFO - Sync 2 DAGs
[2024-06-20T23:42:30.180+0000] {logging_mixin.py:188} INFO - [2024-06-20T23:42:30.180+0000] {dag.py:3954} INFO - Setting next_dagrun for example_subdag_operator.section-1 to None, run_after=None
[2024-06-20T23:42:30.181+0000] {logging_mixin.py:188} INFO - [2024-06-20T23:42:30.181+0000] {dag.py:3954} INFO - Setting next_dagrun for example_subdag_operator.section-2 to None, run_after=None
[2024-06-20T23:42:30.191+0000] {processor.py:183} INFO - Processing /home/airflow/.local/lib/python3.12/site-packages/airflow/example_dags/example_subdag_operator.py took 0.089 seconds
[2024-06-20T23:43:00.346+0000] {processor.py:161} INFO - Started process (PID=232) to work on /home/airflow/.local/lib/python3.12/site-packages/airflow/example_dags/example_subdag_operator.py
[2024-06-20T23:43:00.347+0000] {processor.py:830} INFO - Processing file /home/airflow/.local/lib/python3.12/site-packages/airflow/example_dags/example_subdag_operator.py for tasks to queue
[2024-06-20T23:43:00.349+0000] {logging_mixin.py:188} INFO - [2024-06-20T23:43:00.349+0000] {dagbag.py:545} INFO - Filling up the DagBag from /home/airflow/.local/lib/python3.12/site-packages/airflow/example_dags/example_subdag_operator.py
[2024-06-20T23:43:00.371+0000] {processor.py:840} INFO - DAG(s) 'example_subdag_operator.section-1', 'example_subdag_operator.section-2', 'example_subdag_operator' retrieved from /home/airflow/.local/lib/python3.12/site-packages/airflow/example_dags/example_subdag_operator.py
[2024-06-20T23:43:00.386+0000] {logging_mixin.py:188} INFO - [2024-06-20T23:43:00.386+0000] {dag.py:3096} INFO - Sync 3 DAGs
[2024-06-20T23:43:00.409+0000] {logging_mixin.py:188} INFO - [2024-06-20T23:43:00.409+0000] {dag.py:3954} INFO - Setting next_dagrun for example_subdag_operator to 2022-01-01 00:00:00+00:00, run_after=2022-01-01 00:00:00+00:00
[2024-06-20T23:43:00.413+0000] {logging_mixin.py:188} INFO - [2024-06-20T23:43:00.412+0000] {dag.py:3954} INFO - Setting next_dagrun for example_subdag_operator.section-1 to None, run_after=None
[2024-06-20T23:43:00.414+0000] {logging_mixin.py:188} INFO - [2024-06-20T23:43:00.414+0000] {dag.py:3954} INFO - Setting next_dagrun for example_subdag_operator.section-2 to None, run_after=None
[2024-06-20T23:43:00.424+0000] {logging_mixin.py:188} INFO - [2024-06-20T23:43:00.424+0000] {dag.py:3096} INFO - Sync 2 DAGs
[2024-06-20T23:43:00.430+0000] {logging_mixin.py:188} INFO - [2024-06-20T23:43:00.430+0000] {dag.py:3954} INFO - Setting next_dagrun for example_subdag_operator.section-1 to None, run_after=None
[2024-06-20T23:43:00.431+0000] {logging_mixin.py:188} INFO - [2024-06-20T23:43:00.431+0000] {dag.py:3954} INFO - Setting next_dagrun for example_subdag_operator.section-2 to None, run_after=None
[2024-06-20T23:43:00.441+0000] {processor.py:183} INFO - Processing /home/airflow/.local/lib/python3.12/site-packages/airflow/example_dags/example_subdag_operator.py took 0.101 seconds
[2024-06-20T23:43:30.555+0000] {processor.py:161} INFO - Started process (PID=290) to work on /home/airflow/.local/lib/python3.12/site-packages/airflow/example_dags/example_subdag_operator.py
[2024-06-20T23:43:30.557+0000] {processor.py:830} INFO - Processing file /home/airflow/.local/lib/python3.12/site-packages/airflow/example_dags/example_subdag_operator.py for tasks to queue
[2024-06-20T23:43:30.559+0000] {logging_mixin.py:188} INFO - [2024-06-20T23:43:30.558+0000] {dagbag.py:545} INFO - Filling up the DagBag from /home/airflow/.local/lib/python3.12/site-packages/airflow/example_dags/example_subdag_operator.py
[2024-06-20T23:43:30.578+0000] {processor.py:840} INFO - DAG(s) 'example_subdag_operator.section-1', 'example_subdag_operator.section-2', 'example_subdag_operator' retrieved from /home/airflow/.local/lib/python3.12/site-packages/airflow/example_dags/example_subdag_operator.py
[2024-06-20T23:43:30.594+0000] {logging_mixin.py:188} INFO - [2024-06-20T23:43:30.594+0000] {dag.py:3096} INFO - Sync 3 DAGs
[2024-06-20T23:43:30.614+0000] {logging_mixin.py:188} INFO - [2024-06-20T23:43:30.613+0000] {dag.py:3954} INFO - Setting next_dagrun for example_subdag_operator to 2022-01-01 00:00:00+00:00, run_after=2022-01-01 00:00:00+00:00
[2024-06-20T23:43:30.617+0000] {logging_mixin.py:188} INFO - [2024-06-20T23:43:30.617+0000] {dag.py:3954} INFO - Setting next_dagrun for example_subdag_operator.section-1 to None, run_after=None
[2024-06-20T23:43:30.619+0000] {logging_mixin.py:188} INFO - [2024-06-20T23:43:30.619+0000] {dag.py:3954} INFO - Setting next_dagrun for example_subdag_operator.section-2 to None, run_after=None
[2024-06-20T23:43:30.626+0000] {logging_mixin.py:188} INFO - [2024-06-20T23:43:30.625+0000] {dag.py:3096} INFO - Sync 2 DAGs
[2024-06-20T23:43:30.631+0000] {logging_mixin.py:188} INFO - [2024-06-20T23:43:30.631+0000] {dag.py:3954} INFO - Setting next_dagrun for example_subdag_operator.section-1 to None, run_after=None
[2024-06-20T23:43:30.632+0000] {logging_mixin.py:188} INFO - [2024-06-20T23:43:30.632+0000] {dag.py:3954} INFO - Setting next_dagrun for example_subdag_operator.section-2 to None, run_after=None
[2024-06-20T23:43:30.642+0000] {processor.py:183} INFO - Processing /home/airflow/.local/lib/python3.12/site-packages/airflow/example_dags/example_subdag_operator.py took 0.091 seconds
[2024-06-20T23:44:01.190+0000] {processor.py:161} INFO - Started process (PID=348) to work on /home/airflow/.local/lib/python3.12/site-packages/airflow/example_dags/example_subdag_operator.py
[2024-06-20T23:44:01.191+0000] {processor.py:830} INFO - Processing file /home/airflow/.local/lib/python3.12/site-packages/airflow/example_dags/example_subdag_operator.py for tasks to queue
[2024-06-20T23:44:01.192+0000] {logging_mixin.py:188} INFO - [2024-06-20T23:44:01.192+0000] {dagbag.py:545} INFO - Filling up the DagBag from /home/airflow/.local/lib/python3.12/site-packages/airflow/example_dags/example_subdag_operator.py
[2024-06-20T23:44:01.211+0000] {processor.py:840} INFO - DAG(s) 'example_subdag_operator.section-1', 'example_subdag_operator.section-2', 'example_subdag_operator' retrieved from /home/airflow/.local/lib/python3.12/site-packages/airflow/example_dags/example_subdag_operator.py
[2024-06-20T23:44:01.222+0000] {logging_mixin.py:188} INFO - [2024-06-20T23:44:01.222+0000] {dag.py:3096} INFO - Sync 3 DAGs
[2024-06-20T23:44:01.241+0000] {logging_mixin.py:188} INFO - [2024-06-20T23:44:01.241+0000] {dag.py:3954} INFO - Setting next_dagrun for example_subdag_operator to 2022-01-01 00:00:00+00:00, run_after=2022-01-01 00:00:00+00:00
[2024-06-20T23:44:01.245+0000] {logging_mixin.py:188} INFO - [2024-06-20T23:44:01.245+0000] {dag.py:3954} INFO - Setting next_dagrun for example_subdag_operator.section-1 to None, run_after=None
[2024-06-20T23:44:01.246+0000] {logging_mixin.py:188} INFO - [2024-06-20T23:44:01.246+0000] {dag.py:3954} INFO - Setting next_dagrun for example_subdag_operator.section-2 to None, run_after=None
[2024-06-20T23:44:01.252+0000] {logging_mixin.py:188} INFO - [2024-06-20T23:44:01.252+0000] {dag.py:3096} INFO - Sync 2 DAGs
[2024-06-20T23:44:01.256+0000] {logging_mixin.py:188} INFO - [2024-06-20T23:44:01.256+0000] {dag.py:3954} INFO - Setting next_dagrun for example_subdag_operator.section-1 to None, run_after=None
[2024-06-20T23:44:01.257+0000] {logging_mixin.py:188} INFO - [2024-06-20T23:44:01.257+0000] {dag.py:3954} INFO - Setting next_dagrun for example_subdag_operator.section-2 to None, run_after=None
[2024-06-20T23:44:01.266+0000] {processor.py:183} INFO - Processing /home/airflow/.local/lib/python3.12/site-packages/airflow/example_dags/example_subdag_operator.py took 0.081 seconds
[2024-06-20T23:44:31.732+0000] {processor.py:161} INFO - Started process (PID=406) to work on /home/airflow/.local/lib/python3.12/site-packages/airflow/example_dags/example_subdag_operator.py
[2024-06-20T23:44:31.733+0000] {processor.py:830} INFO - Processing file /home/airflow/.local/lib/python3.12/site-packages/airflow/example_dags/example_subdag_operator.py for tasks to queue
[2024-06-20T23:44:31.736+0000] {logging_mixin.py:188} INFO - [2024-06-20T23:44:31.736+0000] {dagbag.py:545} INFO - Filling up the DagBag from /home/airflow/.local/lib/python3.12/site-packages/airflow/example_dags/example_subdag_operator.py
[2024-06-20T23:44:31.756+0000] {processor.py:840} INFO - DAG(s) 'example_subdag_operator.section-1', 'example_subdag_operator.section-2', 'example_subdag_operator' retrieved from /home/airflow/.local/lib/python3.12/site-packages/airflow/example_dags/example_subdag_operator.py
[2024-06-20T23:44:31.769+0000] {logging_mixin.py:188} INFO - [2024-06-20T23:44:31.769+0000] {dag.py:3096} INFO - Sync 3 DAGs
[2024-06-20T23:44:31.788+0000] {logging_mixin.py:188} INFO - [2024-06-20T23:44:31.788+0000] {dag.py:3954} INFO - Setting next_dagrun for example_subdag_operator to 2022-01-01 00:00:00+00:00, run_after=2022-01-01 00:00:00+00:00
[2024-06-20T23:44:31.791+0000] {logging_mixin.py:188} INFO - [2024-06-20T23:44:31.791+0000] {dag.py:3954} INFO - Setting next_dagrun for example_subdag_operator.section-1 to None, run_after=None
[2024-06-20T23:44:31.793+0000] {logging_mixin.py:188} INFO - [2024-06-20T23:44:31.793+0000] {dag.py:3954} INFO - Setting next_dagrun for example_subdag_operator.section-2 to None, run_after=None
[2024-06-20T23:44:31.799+0000] {logging_mixin.py:188} INFO - [2024-06-20T23:44:31.799+0000] {dag.py:3096} INFO - Sync 2 DAGs
[2024-06-20T23:44:31.803+0000] {logging_mixin.py:188} INFO - [2024-06-20T23:44:31.803+0000] {dag.py:3954} INFO - Setting next_dagrun for example_subdag_operator.section-1 to None, run_after=None
[2024-06-20T23:44:31.804+0000] {logging_mixin.py:188} INFO - [2024-06-20T23:44:31.804+0000] {dag.py:3954} INFO - Setting next_dagrun for example_subdag_operator.section-2 to None, run_after=None
[2024-06-20T23:44:31.813+0000] {processor.py:183} INFO - Processing /home/airflow/.local/lib/python3.12/site-packages/airflow/example_dags/example_subdag_operator.py took 0.086 seconds
[2024-06-20T23:45:02.444+0000] {processor.py:161} INFO - Started process (PID=464) to work on /home/airflow/.local/lib/python3.12/site-packages/airflow/example_dags/example_subdag_operator.py
[2024-06-20T23:45:02.445+0000] {processor.py:830} INFO - Processing file /home/airflow/.local/lib/python3.12/site-packages/airflow/example_dags/example_subdag_operator.py for tasks to queue
[2024-06-20T23:45:02.446+0000] {logging_mixin.py:188} INFO - [2024-06-20T23:45:02.446+0000] {dagbag.py:545} INFO - Filling up the DagBag from /home/airflow/.local/lib/python3.12/site-packages/airflow/example_dags/example_subdag_operator.py
[2024-06-20T23:45:02.468+0000] {processor.py:840} INFO - DAG(s) 'example_subdag_operator.section-1', 'example_subdag_operator.section-2', 'example_subdag_operator' retrieved from /home/airflow/.local/lib/python3.12/site-packages/airflow/example_dags/example_subdag_operator.py
[2024-06-20T23:45:02.483+0000] {logging_mixin.py:188} INFO - [2024-06-20T23:45:02.482+0000] {dag.py:3096} INFO - Sync 3 DAGs
[2024-06-20T23:45:02.502+0000] {logging_mixin.py:188} INFO - [2024-06-20T23:45:02.502+0000] {dag.py:3954} INFO - Setting next_dagrun for example_subdag_operator to 2022-01-01 00:00:00+00:00, run_after=2022-01-01 00:00:00+00:00
[2024-06-20T23:45:02.506+0000] {logging_mixin.py:188} INFO - [2024-06-20T23:45:02.506+0000] {dag.py:3954} INFO - Setting next_dagrun for example_subdag_operator.section-1 to None, run_after=None
[2024-06-20T23:45:02.507+0000] {logging_mixin.py:188} INFO - [2024-06-20T23:45:02.507+0000] {dag.py:3954} INFO - Setting next_dagrun for example_subdag_operator.section-2 to None, run_after=None
[2024-06-20T23:45:02.516+0000] {logging_mixin.py:188} INFO - [2024-06-20T23:45:02.516+0000] {dag.py:3096} INFO - Sync 2 DAGs
[2024-06-20T23:45:02.520+0000] {logging_mixin.py:188} INFO - [2024-06-20T23:45:02.520+0000] {dag.py:3954} INFO - Setting next_dagrun for example_subdag_operator.section-1 to None, run_after=None
[2024-06-20T23:45:02.521+0000] {logging_mixin.py:188} INFO - [2024-06-20T23:45:02.521+0000] {dag.py:3954} INFO - Setting next_dagrun for example_subdag_operator.section-2 to None, run_after=None
[2024-06-20T23:45:02.532+0000] {processor.py:183} INFO - Processing /home/airflow/.local/lib/python3.12/site-packages/airflow/example_dags/example_subdag_operator.py took 0.093 seconds
[2024-06-20T23:45:33.012+0000] {processor.py:161} INFO - Started process (PID=522) to work on /home/airflow/.local/lib/python3.12/site-packages/airflow/example_dags/example_subdag_operator.py
[2024-06-20T23:45:33.013+0000] {processor.py:830} INFO - Processing file /home/airflow/.local/lib/python3.12/site-packages/airflow/example_dags/example_subdag_operator.py for tasks to queue
[2024-06-20T23:45:33.015+0000] {logging_mixin.py:188} INFO - [2024-06-20T23:45:33.015+0000] {dagbag.py:545} INFO - Filling up the DagBag from /home/airflow/.local/lib/python3.12/site-packages/airflow/example_dags/example_subdag_operator.py
[2024-06-20T23:45:33.040+0000] {processor.py:840} INFO - DAG(s) 'example_subdag_operator.section-1', 'example_subdag_operator.section-2', 'example_subdag_operator' retrieved from /home/airflow/.local/lib/python3.12/site-packages/airflow/example_dags/example_subdag_operator.py
[2024-06-20T23:45:33.055+0000] {logging_mixin.py:188} INFO - [2024-06-20T23:45:33.055+0000] {dag.py:3096} INFO - Sync 3 DAGs
[2024-06-20T23:45:33.075+0000] {logging_mixin.py:188} INFO - [2024-06-20T23:45:33.075+0000] {dag.py:3954} INFO - Setting next_dagrun for example_subdag_operator to 2022-01-01 00:00:00+00:00, run_after=2022-01-01 00:00:00+00:00
[2024-06-20T23:45:33.079+0000] {logging_mixin.py:188} INFO - [2024-06-20T23:45:33.079+0000] {dag.py:3954} INFO - Setting next_dagrun for example_subdag_operator.section-1 to None, run_after=None
[2024-06-20T23:45:33.081+0000] {logging_mixin.py:188} INFO - [2024-06-20T23:45:33.080+0000] {dag.py:3954} INFO - Setting next_dagrun for example_subdag_operator.section-2 to None, run_after=None
[2024-06-20T23:45:33.088+0000] {logging_mixin.py:188} INFO - [2024-06-20T23:45:33.088+0000] {dag.py:3096} INFO - Sync 2 DAGs
[2024-06-20T23:45:33.094+0000] {logging_mixin.py:188} INFO - [2024-06-20T23:45:33.093+0000] {dag.py:3954} INFO - Setting next_dagrun for example_subdag_operator.section-1 to None, run_after=None
[2024-06-20T23:45:33.094+0000] {logging_mixin.py:188} INFO - [2024-06-20T23:45:33.094+0000] {dag.py:3954} INFO - Setting next_dagrun for example_subdag_operator.section-2 to None, run_after=None
[2024-06-20T23:45:33.105+0000] {processor.py:183} INFO - Processing /home/airflow/.local/lib/python3.12/site-packages/airflow/example_dags/example_subdag_operator.py took 0.099 seconds
[2024-06-20T23:46:03.956+0000] {processor.py:161} INFO - Started process (PID=580) to work on /home/airflow/.local/lib/python3.12/site-packages/airflow/example_dags/example_subdag_operator.py
[2024-06-20T23:46:03.957+0000] {processor.py:830} INFO - Processing file /home/airflow/.local/lib/python3.12/site-packages/airflow/example_dags/example_subdag_operator.py for tasks to queue
[2024-06-20T23:46:03.959+0000] {logging_mixin.py:188} INFO - [2024-06-20T23:46:03.958+0000] {dagbag.py:545} INFO - Filling up the DagBag from /home/airflow/.local/lib/python3.12/site-packages/airflow/example_dags/example_subdag_operator.py
[2024-06-20T23:46:03.980+0000] {processor.py:840} INFO - DAG(s) 'example_subdag_operator.section-1', 'example_subdag_operator.section-2', 'example_subdag_operator' retrieved from /home/airflow/.local/lib/python3.12/site-packages/airflow/example_dags/example_subdag_operator.py
[2024-06-20T23:46:03.995+0000] {logging_mixin.py:188} INFO - [2024-06-20T23:46:03.995+0000] {dag.py:3096} INFO - Sync 3 DAGs
[2024-06-20T23:46:04.016+0000] {logging_mixin.py:188} INFO - [2024-06-20T23:46:04.015+0000] {dag.py:3954} INFO - Setting next_dagrun for example_subdag_operator to 2022-01-01 00:00:00+00:00, run_after=2022-01-01 00:00:00+00:00
[2024-06-20T23:46:04.019+0000] {logging_mixin.py:188} INFO - [2024-06-20T23:46:04.019+0000] {dag.py:3954} INFO - Setting next_dagrun for example_subdag_operator.section-1 to None, run_after=None
[2024-06-20T23:46:04.020+0000] {logging_mixin.py:188} INFO - [2024-06-20T23:46:04.020+0000] {dag.py:3954} INFO - Setting next_dagrun for example_subdag_operator.section-2 to None, run_after=None
[2024-06-20T23:46:04.026+0000] {logging_mixin.py:188} INFO - [2024-06-20T23:46:04.026+0000] {dag.py:3096} INFO - Sync 2 DAGs
[2024-06-20T23:46:04.030+0000] {logging_mixin.py:188} INFO - [2024-06-20T23:46:04.030+0000] {dag.py:3954} INFO - Setting next_dagrun for example_subdag_operator.section-1 to None, run_after=None
[2024-06-20T23:46:04.031+0000] {logging_mixin.py:188} INFO - [2024-06-20T23:46:04.030+0000] {dag.py:3954} INFO - Setting next_dagrun for example_subdag_operator.section-2 to None, run_after=None
[2024-06-20T23:46:04.041+0000] {processor.py:183} INFO - Processing /home/airflow/.local/lib/python3.12/site-packages/airflow/example_dags/example_subdag_operator.py took 0.090 seconds
[2024-06-20T23:46:34.645+0000] {processor.py:161} INFO - Started process (PID=638) to work on /home/airflow/.local/lib/python3.12/site-packages/airflow/example_dags/example_subdag_operator.py
[2024-06-20T23:46:34.646+0000] {processor.py:830} INFO - Processing file /home/airflow/.local/lib/python3.12/site-packages/airflow/example_dags/example_subdag_operator.py for tasks to queue
[2024-06-20T23:46:34.647+0000] {logging_mixin.py:188} INFO - [2024-06-20T23:46:34.647+0000] {dagbag.py:545} INFO - Filling up the DagBag from /home/airflow/.local/lib/python3.12/site-packages/airflow/example_dags/example_subdag_operator.py
[2024-06-20T23:46:34.667+0000] {processor.py:840} INFO - DAG(s) 'example_subdag_operator.section-1', 'example_subdag_operator.section-2', 'example_subdag_operator' retrieved from /home/airflow/.local/lib/python3.12/site-packages/airflow/example_dags/example_subdag_operator.py
[2024-06-20T23:46:34.680+0000] {logging_mixin.py:188} INFO - [2024-06-20T23:46:34.680+0000] {dag.py:3096} INFO - Sync 3 DAGs
[2024-06-20T23:46:34.696+0000] {logging_mixin.py:188} INFO - [2024-06-20T23:46:34.696+0000] {dag.py:3954} INFO - Setting next_dagrun for example_subdag_operator to 2022-01-01 00:00:00+00:00, run_after=2022-01-01 00:00:00+00:00
[2024-06-20T23:46:34.699+0000] {logging_mixin.py:188} INFO - [2024-06-20T23:46:34.699+0000] {dag.py:3954} INFO - Setting next_dagrun for example_subdag_operator.section-1 to None, run_after=None
[2024-06-20T23:46:34.701+0000] {logging_mixin.py:188} INFO - [2024-06-20T23:46:34.701+0000] {dag.py:3954} INFO - Setting next_dagrun for example_subdag_operator.section-2 to None, run_after=None
[2024-06-20T23:46:34.707+0000] {logging_mixin.py:188} INFO - [2024-06-20T23:46:34.707+0000] {dag.py:3096} INFO - Sync 2 DAGs
[2024-06-20T23:46:34.713+0000] {logging_mixin.py:188} INFO - [2024-06-20T23:46:34.712+0000] {dag.py:3954} INFO - Setting next_dagrun for example_subdag_operator.section-1 to None, run_after=None
[2024-06-20T23:46:34.713+0000] {logging_mixin.py:188} INFO - [2024-06-20T23:46:34.713+0000] {dag.py:3954} INFO - Setting next_dagrun for example_subdag_operator.section-2 to None, run_after=None
[2024-06-20T23:46:34.724+0000] {processor.py:183} INFO - Processing /home/airflow/.local/lib/python3.12/site-packages/airflow/example_dags/example_subdag_operator.py took 0.084 seconds
[2024-06-20T23:47:05.090+0000] {processor.py:161} INFO - Started process (PID=696) to work on /home/airflow/.local/lib/python3.12/site-packages/airflow/example_dags/example_subdag_operator.py
[2024-06-20T23:47:05.091+0000] {processor.py:830} INFO - Processing file /home/airflow/.local/lib/python3.12/site-packages/airflow/example_dags/example_subdag_operator.py for tasks to queue
[2024-06-20T23:47:05.092+0000] {logging_mixin.py:188} INFO - [2024-06-20T23:47:05.092+0000] {dagbag.py:545} INFO - Filling up the DagBag from /home/airflow/.local/lib/python3.12/site-packages/airflow/example_dags/example_subdag_operator.py
[2024-06-20T23:47:05.111+0000] {processor.py:840} INFO - DAG(s) 'example_subdag_operator.section-1', 'example_subdag_operator.section-2', 'example_subdag_operator' retrieved from /home/airflow/.local/lib/python3.12/site-packages/airflow/example_dags/example_subdag_operator.py
[2024-06-20T23:47:05.123+0000] {logging_mixin.py:188} INFO - [2024-06-20T23:47:05.123+0000] {dag.py:3096} INFO - Sync 3 DAGs
[2024-06-20T23:47:05.142+0000] {logging_mixin.py:188} INFO - [2024-06-20T23:47:05.142+0000] {dag.py:3954} INFO - Setting next_dagrun for example_subdag_operator to 2022-01-01 00:00:00+00:00, run_after=2022-01-01 00:00:00+00:00
[2024-06-20T23:47:05.145+0000] {logging_mixin.py:188} INFO - [2024-06-20T23:47:05.145+0000] {dag.py:3954} INFO - Setting next_dagrun for example_subdag_operator.section-1 to None, run_after=None
[2024-06-20T23:47:05.147+0000] {logging_mixin.py:188} INFO - [2024-06-20T23:47:05.146+0000] {dag.py:3954} INFO - Setting next_dagrun for example_subdag_operator.section-2 to None, run_after=None
[2024-06-20T23:47:05.152+0000] {logging_mixin.py:188} INFO - [2024-06-20T23:47:05.152+0000] {dag.py:3096} INFO - Sync 2 DAGs
[2024-06-20T23:47:05.156+0000] {logging_mixin.py:188} INFO - [2024-06-20T23:47:05.156+0000] {dag.py:3954} INFO - Setting next_dagrun for example_subdag_operator.section-1 to None, run_after=None
[2024-06-20T23:47:05.157+0000] {logging_mixin.py:188} INFO - [2024-06-20T23:47:05.157+0000] {dag.py:3954} INFO - Setting next_dagrun for example_subdag_operator.section-2 to None, run_after=None
[2024-06-20T23:47:05.167+0000] {processor.py:183} INFO - Processing /home/airflow/.local/lib/python3.12/site-packages/airflow/example_dags/example_subdag_operator.py took 0.081 seconds
[2024-06-20T23:47:35.627+0000] {processor.py:161} INFO - Started process (PID=754) to work on /home/airflow/.local/lib/python3.12/site-packages/airflow/example_dags/example_subdag_operator.py
[2024-06-20T23:47:35.628+0000] {processor.py:830} INFO - Processing file /home/airflow/.local/lib/python3.12/site-packages/airflow/example_dags/example_subdag_operator.py for tasks to queue
[2024-06-20T23:47:35.630+0000] {logging_mixin.py:188} INFO - [2024-06-20T23:47:35.630+0000] {dagbag.py:545} INFO - Filling up the DagBag from /home/airflow/.local/lib/python3.12/site-packages/airflow/example_dags/example_subdag_operator.py
[2024-06-20T23:47:35.649+0000] {processor.py:840} INFO - DAG(s) 'example_subdag_operator.section-1', 'example_subdag_operator.section-2', 'example_subdag_operator' retrieved from /home/airflow/.local/lib/python3.12/site-packages/airflow/example_dags/example_subdag_operator.py
[2024-06-20T23:47:35.661+0000] {logging_mixin.py:188} INFO - [2024-06-20T23:47:35.661+0000] {dag.py:3096} INFO - Sync 3 DAGs
[2024-06-20T23:47:35.677+0000] {logging_mixin.py:188} INFO - [2024-06-20T23:47:35.677+0000] {dag.py:3954} INFO - Setting next_dagrun for example_subdag_operator to 2022-01-01 00:00:00+00:00, run_after=2022-01-01 00:00:00+00:00
[2024-06-20T23:47:35.681+0000] {logging_mixin.py:188} INFO - [2024-06-20T23:47:35.681+0000] {dag.py:3954} INFO - Setting next_dagrun for example_subdag_operator.section-1 to None, run_after=None
[2024-06-20T23:47:35.682+0000] {logging_mixin.py:188} INFO - [2024-06-20T23:47:35.682+0000] {dag.py:3954} INFO - Setting next_dagrun for example_subdag_operator.section-2 to None, run_after=None
[2024-06-20T23:47:35.688+0000] {logging_mixin.py:188} INFO - [2024-06-20T23:47:35.688+0000] {dag.py:3096} INFO - Sync 2 DAGs
[2024-06-20T23:47:35.691+0000] {logging_mixin.py:188} INFO - [2024-06-20T23:47:35.691+0000] {dag.py:3954} INFO - Setting next_dagrun for example_subdag_operator.section-1 to None, run_after=None
[2024-06-20T23:47:35.692+0000] {logging_mixin.py:188} INFO - [2024-06-20T23:47:35.692+0000] {dag.py:3954} INFO - Setting next_dagrun for example_subdag_operator.section-2 to None, run_after=None
[2024-06-20T23:47:35.700+0000] {processor.py:183} INFO - Processing /home/airflow/.local/lib/python3.12/site-packages/airflow/example_dags/example_subdag_operator.py took 0.078 seconds
[2024-06-20T23:48:06.282+0000] {processor.py:161} INFO - Started process (PID=812) to work on /home/airflow/.local/lib/python3.12/site-packages/airflow/example_dags/example_subdag_operator.py
[2024-06-20T23:48:06.283+0000] {processor.py:830} INFO - Processing file /home/airflow/.local/lib/python3.12/site-packages/airflow/example_dags/example_subdag_operator.py for tasks to queue
[2024-06-20T23:48:06.284+0000] {logging_mixin.py:188} INFO - [2024-06-20T23:48:06.284+0000] {dagbag.py:545} INFO - Filling up the DagBag from /home/airflow/.local/lib/python3.12/site-packages/airflow/example_dags/example_subdag_operator.py
[2024-06-20T23:48:06.303+0000] {processor.py:840} INFO - DAG(s) 'example_subdag_operator.section-1', 'example_subdag_operator.section-2', 'example_subdag_operator' retrieved from /home/airflow/.local/lib/python3.12/site-packages/airflow/example_dags/example_subdag_operator.py
[2024-06-20T23:48:06.315+0000] {logging_mixin.py:188} INFO - [2024-06-20T23:48:06.315+0000] {dag.py:3096} INFO - Sync 3 DAGs
[2024-06-20T23:48:06.332+0000] {logging_mixin.py:188} INFO - [2024-06-20T23:48:06.332+0000] {dag.py:3954} INFO - Setting next_dagrun for example_subdag_operator to 2022-01-01 00:00:00+00:00, run_after=2022-01-01 00:00:00+00:00
[2024-06-20T23:48:06.335+0000] {logging_mixin.py:188} INFO - [2024-06-20T23:48:06.335+0000] {dag.py:3954} INFO - Setting next_dagrun for example_subdag_operator.section-1 to None, run_after=None
[2024-06-20T23:48:06.337+0000] {logging_mixin.py:188} INFO - [2024-06-20T23:48:06.336+0000] {dag.py:3954} INFO - Setting next_dagrun for example_subdag_operator.section-2 to None, run_after=None
[2024-06-20T23:48:06.342+0000] {logging_mixin.py:188} INFO - [2024-06-20T23:48:06.342+0000] {dag.py:3096} INFO - Sync 2 DAGs
[2024-06-20T23:48:06.347+0000] {logging_mixin.py:188} INFO - [2024-06-20T23:48:06.346+0000] {dag.py:3954} INFO - Setting next_dagrun for example_subdag_operator.section-1 to None, run_after=None
[2024-06-20T23:48:06.347+0000] {logging_mixin.py:188} INFO - [2024-06-20T23:48:06.347+0000] {dag.py:3954} INFO - Setting next_dagrun for example_subdag_operator.section-2 to None, run_after=None
[2024-06-20T23:48:06.358+0000] {processor.py:183} INFO - Processing /home/airflow/.local/lib/python3.12/site-packages/airflow/example_dags/example_subdag_operator.py took 0.081 seconds
[2024-06-20T23:48:36.817+0000] {processor.py:161} INFO - Started process (PID=870) to work on /home/airflow/.local/lib/python3.12/site-packages/airflow/example_dags/example_subdag_operator.py
[2024-06-20T23:48:36.818+0000] {processor.py:830} INFO - Processing file /home/airflow/.local/lib/python3.12/site-packages/airflow/example_dags/example_subdag_operator.py for tasks to queue
[2024-06-20T23:48:36.820+0000] {logging_mixin.py:188} INFO - [2024-06-20T23:48:36.820+0000] {dagbag.py:545} INFO - Filling up the DagBag from /home/airflow/.local/lib/python3.12/site-packages/airflow/example_dags/example_subdag_operator.py
[2024-06-20T23:48:36.838+0000] {processor.py:840} INFO - DAG(s) 'example_subdag_operator.section-1', 'example_subdag_operator.section-2', 'example_subdag_operator' retrieved from /home/airflow/.local/lib/python3.12/site-packages/airflow/example_dags/example_subdag_operator.py
[2024-06-20T23:48:36.849+0000] {logging_mixin.py:188} INFO - [2024-06-20T23:48:36.849+0000] {dag.py:3096} INFO - Sync 3 DAGs
[2024-06-20T23:48:36.868+0000] {logging_mixin.py:188} INFO - [2024-06-20T23:48:36.867+0000] {dag.py:3954} INFO - Setting next_dagrun for example_subdag_operator to 2022-01-01 00:00:00+00:00, run_after=2022-01-01 00:00:00+00:00
[2024-06-20T23:48:36.871+0000] {logging_mixin.py:188} INFO - [2024-06-20T23:48:36.871+0000] {dag.py:3954} INFO - Setting next_dagrun for example_subdag_operator.section-1 to None, run_after=None
[2024-06-20T23:48:36.872+0000] {logging_mixin.py:188} INFO - [2024-06-20T23:48:36.872+0000] {dag.py:3954} INFO - Setting next_dagrun for example_subdag_operator.section-2 to None, run_after=None
[2024-06-20T23:48:36.879+0000] {logging_mixin.py:188} INFO - [2024-06-20T23:48:36.879+0000] {dag.py:3096} INFO - Sync 2 DAGs
[2024-06-20T23:48:36.884+0000] {logging_mixin.py:188} INFO - [2024-06-20T23:48:36.884+0000] {dag.py:3954} INFO - Setting next_dagrun for example_subdag_operator.section-1 to None, run_after=None
[2024-06-20T23:48:36.885+0000] {logging_mixin.py:188} INFO - [2024-06-20T23:48:36.885+0000] {dag.py:3954} INFO - Setting next_dagrun for example_subdag_operator.section-2 to None, run_after=None
[2024-06-20T23:48:36.894+0000] {processor.py:183} INFO - Processing /home/airflow/.local/lib/python3.12/site-packages/airflow/example_dags/example_subdag_operator.py took 0.081 seconds
[2024-06-20T23:49:07.220+0000] {processor.py:161} INFO - Started process (PID=928) to work on /home/airflow/.local/lib/python3.12/site-packages/airflow/example_dags/example_subdag_operator.py
[2024-06-20T23:49:07.221+0000] {processor.py:830} INFO - Processing file /home/airflow/.local/lib/python3.12/site-packages/airflow/example_dags/example_subdag_operator.py for tasks to queue
[2024-06-20T23:49:07.222+0000] {logging_mixin.py:188} INFO - [2024-06-20T23:49:07.222+0000] {dagbag.py:545} INFO - Filling up the DagBag from /home/airflow/.local/lib/python3.12/site-packages/airflow/example_dags/example_subdag_operator.py
[2024-06-20T23:49:07.241+0000] {processor.py:840} INFO - DAG(s) 'example_subdag_operator.section-1', 'example_subdag_operator.section-2', 'example_subdag_operator' retrieved from /home/airflow/.local/lib/python3.12/site-packages/airflow/example_dags/example_subdag_operator.py
[2024-06-20T23:49:07.253+0000] {logging_mixin.py:188} INFO - [2024-06-20T23:49:07.252+0000] {dag.py:3096} INFO - Sync 3 DAGs
[2024-06-20T23:49:07.271+0000] {logging_mixin.py:188} INFO - [2024-06-20T23:49:07.271+0000] {dag.py:3954} INFO - Setting next_dagrun for example_subdag_operator to 2022-01-01 00:00:00+00:00, run_after=2022-01-01 00:00:00+00:00
[2024-06-20T23:49:07.276+0000] {logging_mixin.py:188} INFO - [2024-06-20T23:49:07.276+0000] {dag.py:3954} INFO - Setting next_dagrun for example_subdag_operator.section-1 to None, run_after=None
[2024-06-20T23:49:07.277+0000] {logging_mixin.py:188} INFO - [2024-06-20T23:49:07.277+0000] {dag.py:3954} INFO - Setting next_dagrun for example_subdag_operator.section-2 to None, run_after=None
[2024-06-20T23:49:07.283+0000] {logging_mixin.py:188} INFO - [2024-06-20T23:49:07.283+0000] {dag.py:3096} INFO - Sync 2 DAGs
[2024-06-20T23:49:07.287+0000] {logging_mixin.py:188} INFO - [2024-06-20T23:49:07.287+0000] {dag.py:3954} INFO - Setting next_dagrun for example_subdag_operator.section-1 to None, run_after=None
[2024-06-20T23:49:07.287+0000] {logging_mixin.py:188} INFO - [2024-06-20T23:49:07.287+0000] {dag.py:3954} INFO - Setting next_dagrun for example_subdag_operator.section-2 to None, run_after=None
[2024-06-20T23:49:07.296+0000] {processor.py:183} INFO - Processing /home/airflow/.local/lib/python3.12/site-packages/airflow/example_dags/example_subdag_operator.py took 0.080 seconds
[2024-06-20T23:49:38.005+0000] {processor.py:161} INFO - Started process (PID=986) to work on /home/airflow/.local/lib/python3.12/site-packages/airflow/example_dags/example_subdag_operator.py
[2024-06-20T23:49:38.006+0000] {processor.py:830} INFO - Processing file /home/airflow/.local/lib/python3.12/site-packages/airflow/example_dags/example_subdag_operator.py for tasks to queue
[2024-06-20T23:49:38.008+0000] {logging_mixin.py:188} INFO - [2024-06-20T23:49:38.008+0000] {dagbag.py:545} INFO - Filling up the DagBag from /home/airflow/.local/lib/python3.12/site-packages/airflow/example_dags/example_subdag_operator.py
[2024-06-20T23:49:38.031+0000] {processor.py:840} INFO - DAG(s) 'example_subdag_operator.section-1', 'example_subdag_operator.section-2', 'example_subdag_operator' retrieved from /home/airflow/.local/lib/python3.12/site-packages/airflow/example_dags/example_subdag_operator.py
[2024-06-20T23:49:38.048+0000] {logging_mixin.py:188} INFO - [2024-06-20T23:49:38.048+0000] {dag.py:3096} INFO - Sync 3 DAGs
[2024-06-20T23:49:38.069+0000] {logging_mixin.py:188} INFO - [2024-06-20T23:49:38.069+0000] {dag.py:3954} INFO - Setting next_dagrun for example_subdag_operator to 2022-01-01 00:00:00+00:00, run_after=2022-01-01 00:00:00+00:00
[2024-06-20T23:49:38.072+0000] {logging_mixin.py:188} INFO - [2024-06-20T23:49:38.072+0000] {dag.py:3954} INFO - Setting next_dagrun for example_subdag_operator.section-1 to None, run_after=None
[2024-06-20T23:49:38.073+0000] {logging_mixin.py:188} INFO - [2024-06-20T23:49:38.073+0000] {dag.py:3954} INFO - Setting next_dagrun for example_subdag_operator.section-2 to None, run_after=None
[2024-06-20T23:49:38.080+0000] {logging_mixin.py:188} INFO - [2024-06-20T23:49:38.080+0000] {dag.py:3096} INFO - Sync 2 DAGs
[2024-06-20T23:49:38.084+0000] {logging_mixin.py:188} INFO - [2024-06-20T23:49:38.084+0000] {dag.py:3954} INFO - Setting next_dagrun for example_subdag_operator.section-1 to None, run_after=None
[2024-06-20T23:49:38.085+0000] {logging_mixin.py:188} INFO - [2024-06-20T23:49:38.085+0000] {dag.py:3954} INFO - Setting next_dagrun for example_subdag_operator.section-2 to None, run_after=None
[2024-06-20T23:49:38.096+0000] {processor.py:183} INFO - Processing /home/airflow/.local/lib/python3.12/site-packages/airflow/example_dags/example_subdag_operator.py took 0.098 seconds
[2024-06-20T23:50:08.637+0000] {processor.py:161} INFO - Started process (PID=1044) to work on /home/airflow/.local/lib/python3.12/site-packages/airflow/example_dags/example_subdag_operator.py
[2024-06-20T23:50:08.638+0000] {processor.py:830} INFO - Processing file /home/airflow/.local/lib/python3.12/site-packages/airflow/example_dags/example_subdag_operator.py for tasks to queue
[2024-06-20T23:50:08.639+0000] {logging_mixin.py:188} INFO - [2024-06-20T23:50:08.639+0000] {dagbag.py:545} INFO - Filling up the DagBag from /home/airflow/.local/lib/python3.12/site-packages/airflow/example_dags/example_subdag_operator.py
[2024-06-20T23:50:08.661+0000] {processor.py:840} INFO - DAG(s) 'example_subdag_operator.section-1', 'example_subdag_operator.section-2', 'example_subdag_operator' retrieved from /home/airflow/.local/lib/python3.12/site-packages/airflow/example_dags/example_subdag_operator.py
[2024-06-20T23:50:08.674+0000] {logging_mixin.py:188} INFO - [2024-06-20T23:50:08.674+0000] {dag.py:3096} INFO - Sync 3 DAGs
[2024-06-20T23:50:08.690+0000] {logging_mixin.py:188} INFO - [2024-06-20T23:50:08.690+0000] {dag.py:3954} INFO - Setting next_dagrun for example_subdag_operator to 2022-01-01 00:00:00+00:00, run_after=2022-01-01 00:00:00+00:00
[2024-06-20T23:50:08.694+0000] {logging_mixin.py:188} INFO - [2024-06-20T23:50:08.694+0000] {dag.py:3954} INFO - Setting next_dagrun for example_subdag_operator.section-1 to None, run_after=None
[2024-06-20T23:50:08.695+0000] {logging_mixin.py:188} INFO - [2024-06-20T23:50:08.695+0000] {dag.py:3954} INFO - Setting next_dagrun for example_subdag_operator.section-2 to None, run_after=None
[2024-06-20T23:50:08.701+0000] {logging_mixin.py:188} INFO - [2024-06-20T23:50:08.701+0000] {dag.py:3096} INFO - Sync 2 DAGs
[2024-06-20T23:50:08.705+0000] {logging_mixin.py:188} INFO - [2024-06-20T23:50:08.705+0000] {dag.py:3954} INFO - Setting next_dagrun for example_subdag_operator.section-1 to None, run_after=None
[2024-06-20T23:50:08.706+0000] {logging_mixin.py:188} INFO - [2024-06-20T23:50:08.706+0000] {dag.py:3954} INFO - Setting next_dagrun for example_subdag_operator.section-2 to None, run_after=None
[2024-06-20T23:50:08.718+0000] {processor.py:183} INFO - Processing /home/airflow/.local/lib/python3.12/site-packages/airflow/example_dags/example_subdag_operator.py took 0.086 seconds
[2024-06-20T23:50:39.341+0000] {processor.py:161} INFO - Started process (PID=1102) to work on /home/airflow/.local/lib/python3.12/site-packages/airflow/example_dags/example_subdag_operator.py
[2024-06-20T23:50:39.342+0000] {processor.py:830} INFO - Processing file /home/airflow/.local/lib/python3.12/site-packages/airflow/example_dags/example_subdag_operator.py for tasks to queue
[2024-06-20T23:50:39.344+0000] {logging_mixin.py:188} INFO - [2024-06-20T23:50:39.343+0000] {dagbag.py:545} INFO - Filling up the DagBag from /home/airflow/.local/lib/python3.12/site-packages/airflow/example_dags/example_subdag_operator.py
[2024-06-20T23:50:39.363+0000] {processor.py:840} INFO - DAG(s) 'example_subdag_operator.section-1', 'example_subdag_operator.section-2', 'example_subdag_operator' retrieved from /home/airflow/.local/lib/python3.12/site-packages/airflow/example_dags/example_subdag_operator.py
[2024-06-20T23:50:39.376+0000] {logging_mixin.py:188} INFO - [2024-06-20T23:50:39.375+0000] {dag.py:3096} INFO - Sync 3 DAGs
[2024-06-20T23:50:39.393+0000] {logging_mixin.py:188} INFO - [2024-06-20T23:50:39.393+0000] {dag.py:3954} INFO - Setting next_dagrun for example_subdag_operator to 2022-01-01 00:00:00+00:00, run_after=2022-01-01 00:00:00+00:00
[2024-06-20T23:50:39.396+0000] {logging_mixin.py:188} INFO - [2024-06-20T23:50:39.396+0000] {dag.py:3954} INFO - Setting next_dagrun for example_subdag_operator.section-1 to None, run_after=None
[2024-06-20T23:50:39.398+0000] {logging_mixin.py:188} INFO - [2024-06-20T23:50:39.397+0000] {dag.py:3954} INFO - Setting next_dagrun for example_subdag_operator.section-2 to None, run_after=None
[2024-06-20T23:50:39.403+0000] {logging_mixin.py:188} INFO - [2024-06-20T23:50:39.403+0000] {dag.py:3096} INFO - Sync 2 DAGs
[2024-06-20T23:50:39.407+0000] {logging_mixin.py:188} INFO - [2024-06-20T23:50:39.406+0000] {dag.py:3954} INFO - Setting next_dagrun for example_subdag_operator.section-1 to None, run_after=None
[2024-06-20T23:50:39.407+0000] {logging_mixin.py:188} INFO - [2024-06-20T23:50:39.407+0000] {dag.py:3954} INFO - Setting next_dagrun for example_subdag_operator.section-2 to None, run_after=None
[2024-06-20T23:50:39.417+0000] {processor.py:183} INFO - Processing /home/airflow/.local/lib/python3.12/site-packages/airflow/example_dags/example_subdag_operator.py took 0.081 seconds
[2024-06-20T23:51:09.452+0000] {processor.py:161} INFO - Started process (PID=1160) to work on /home/airflow/.local/lib/python3.12/site-packages/airflow/example_dags/example_subdag_operator.py
[2024-06-20T23:51:09.453+0000] {processor.py:830} INFO - Processing file /home/airflow/.local/lib/python3.12/site-packages/airflow/example_dags/example_subdag_operator.py for tasks to queue
[2024-06-20T23:51:09.454+0000] {logging_mixin.py:188} INFO - [2024-06-20T23:51:09.454+0000] {dagbag.py:545} INFO - Filling up the DagBag from /home/airflow/.local/lib/python3.12/site-packages/airflow/example_dags/example_subdag_operator.py
[2024-06-20T23:51:09.473+0000] {processor.py:840} INFO - DAG(s) 'example_subdag_operator.section-1', 'example_subdag_operator.section-2', 'example_subdag_operator' retrieved from /home/airflow/.local/lib/python3.12/site-packages/airflow/example_dags/example_subdag_operator.py
[2024-06-20T23:51:09.486+0000] {logging_mixin.py:188} INFO - [2024-06-20T23:51:09.485+0000] {dag.py:3096} INFO - Sync 3 DAGs
[2024-06-20T23:51:09.503+0000] {logging_mixin.py:188} INFO - [2024-06-20T23:51:09.503+0000] {dag.py:3954} INFO - Setting next_dagrun for example_subdag_operator to 2022-01-01 00:00:00+00:00, run_after=2022-01-01 00:00:00+00:00
[2024-06-20T23:51:09.506+0000] {logging_mixin.py:188} INFO - [2024-06-20T23:51:09.506+0000] {dag.py:3954} INFO - Setting next_dagrun for example_subdag_operator.section-1 to None, run_after=None
[2024-06-20T23:51:09.507+0000] {logging_mixin.py:188} INFO - [2024-06-20T23:51:09.507+0000] {dag.py:3954} INFO - Setting next_dagrun for example_subdag_operator.section-2 to None, run_after=None
[2024-06-20T23:51:09.513+0000] {logging_mixin.py:188} INFO - [2024-06-20T23:51:09.512+0000] {dag.py:3096} INFO - Sync 2 DAGs
[2024-06-20T23:51:09.517+0000] {logging_mixin.py:188} INFO - [2024-06-20T23:51:09.517+0000] {dag.py:3954} INFO - Setting next_dagrun for example_subdag_operator.section-1 to None, run_after=None
[2024-06-20T23:51:09.518+0000] {logging_mixin.py:188} INFO - [2024-06-20T23:51:09.518+0000] {dag.py:3954} INFO - Setting next_dagrun for example_subdag_operator.section-2 to None, run_after=None
[2024-06-20T23:51:09.527+0000] {processor.py:183} INFO - Processing /home/airflow/.local/lib/python3.12/site-packages/airflow/example_dags/example_subdag_operator.py took 0.080 seconds
[2024-06-20T23:51:39.610+0000] {processor.py:161} INFO - Started process (PID=1217) to work on /home/airflow/.local/lib/python3.12/site-packages/airflow/example_dags/example_subdag_operator.py
[2024-06-20T23:51:39.611+0000] {processor.py:830} INFO - Processing file /home/airflow/.local/lib/python3.12/site-packages/airflow/example_dags/example_subdag_operator.py for tasks to queue
[2024-06-20T23:51:39.613+0000] {logging_mixin.py:188} INFO - [2024-06-20T23:51:39.612+0000] {dagbag.py:545} INFO - Filling up the DagBag from /home/airflow/.local/lib/python3.12/site-packages/airflow/example_dags/example_subdag_operator.py
[2024-06-20T23:51:39.632+0000] {processor.py:840} INFO - DAG(s) 'example_subdag_operator.section-1', 'example_subdag_operator.section-2', 'example_subdag_operator' retrieved from /home/airflow/.local/lib/python3.12/site-packages/airflow/example_dags/example_subdag_operator.py
[2024-06-20T23:51:39.646+0000] {logging_mixin.py:188} INFO - [2024-06-20T23:51:39.646+0000] {dag.py:3096} INFO - Sync 3 DAGs
[2024-06-20T23:51:39.664+0000] {logging_mixin.py:188} INFO - [2024-06-20T23:51:39.664+0000] {dag.py:3954} INFO - Setting next_dagrun for example_subdag_operator to 2022-01-01 00:00:00+00:00, run_after=2022-01-01 00:00:00+00:00
[2024-06-20T23:51:39.667+0000] {logging_mixin.py:188} INFO - [2024-06-20T23:51:39.667+0000] {dag.py:3954} INFO - Setting next_dagrun for example_subdag_operator.section-1 to None, run_after=None
[2024-06-20T23:51:39.669+0000] {logging_mixin.py:188} INFO - [2024-06-20T23:51:39.668+0000] {dag.py:3954} INFO - Setting next_dagrun for example_subdag_operator.section-2 to None, run_after=None
[2024-06-20T23:51:39.675+0000] {logging_mixin.py:188} INFO - [2024-06-20T23:51:39.675+0000] {dag.py:3096} INFO - Sync 2 DAGs
[2024-06-20T23:51:39.679+0000] {logging_mixin.py:188} INFO - [2024-06-20T23:51:39.679+0000] {dag.py:3954} INFO - Setting next_dagrun for example_subdag_operator.section-1 to None, run_after=None
[2024-06-20T23:51:39.680+0000] {logging_mixin.py:188} INFO - [2024-06-20T23:51:39.680+0000] {dag.py:3954} INFO - Setting next_dagrun for example_subdag_operator.section-2 to None, run_after=None
[2024-06-20T23:51:39.689+0000] {processor.py:183} INFO - Processing /home/airflow/.local/lib/python3.12/site-packages/airflow/example_dags/example_subdag_operator.py took 0.084 seconds
[2024-06-20T23:52:09.808+0000] {processor.py:161} INFO - Started process (PID=1275) to work on /home/airflow/.local/lib/python3.12/site-packages/airflow/example_dags/example_subdag_operator.py
[2024-06-20T23:52:09.809+0000] {processor.py:830} INFO - Processing file /home/airflow/.local/lib/python3.12/site-packages/airflow/example_dags/example_subdag_operator.py for tasks to queue
[2024-06-20T23:52:09.810+0000] {logging_mixin.py:188} INFO - [2024-06-20T23:52:09.810+0000] {dagbag.py:545} INFO - Filling up the DagBag from /home/airflow/.local/lib/python3.12/site-packages/airflow/example_dags/example_subdag_operator.py
[2024-06-20T23:52:09.828+0000] {processor.py:840} INFO - DAG(s) 'example_subdag_operator.section-1', 'example_subdag_operator.section-2', 'example_subdag_operator' retrieved from /home/airflow/.local/lib/python3.12/site-packages/airflow/example_dags/example_subdag_operator.py
[2024-06-20T23:52:09.840+0000] {logging_mixin.py:188} INFO - [2024-06-20T23:52:09.840+0000] {dag.py:3096} INFO - Sync 3 DAGs
[2024-06-20T23:52:09.856+0000] {logging_mixin.py:188} INFO - [2024-06-20T23:52:09.856+0000] {dag.py:3954} INFO - Setting next_dagrun for example_subdag_operator to 2022-01-01 00:00:00+00:00, run_after=2022-01-01 00:00:00+00:00
[2024-06-20T23:52:09.859+0000] {logging_mixin.py:188} INFO - [2024-06-20T23:52:09.859+0000] {dag.py:3954} INFO - Setting next_dagrun for example_subdag_operator.section-1 to None, run_after=None
[2024-06-20T23:52:09.861+0000] {logging_mixin.py:188} INFO - [2024-06-20T23:52:09.861+0000] {dag.py:3954} INFO - Setting next_dagrun for example_subdag_operator.section-2 to None, run_after=None
[2024-06-20T23:52:09.867+0000] {logging_mixin.py:188} INFO - [2024-06-20T23:52:09.867+0000] {dag.py:3096} INFO - Sync 2 DAGs
[2024-06-20T23:52:09.871+0000] {logging_mixin.py:188} INFO - [2024-06-20T23:52:09.871+0000] {dag.py:3954} INFO - Setting next_dagrun for example_subdag_operator.section-1 to None, run_after=None
[2024-06-20T23:52:09.872+0000] {logging_mixin.py:188} INFO - [2024-06-20T23:52:09.872+0000] {dag.py:3954} INFO - Setting next_dagrun for example_subdag_operator.section-2 to None, run_after=None
[2024-06-20T23:52:09.882+0000] {processor.py:183} INFO - Processing /home/airflow/.local/lib/python3.12/site-packages/airflow/example_dags/example_subdag_operator.py took 0.078 seconds
[2024-06-20T23:52:40.310+0000] {processor.py:161} INFO - Started process (PID=1333) to work on /home/airflow/.local/lib/python3.12/site-packages/airflow/example_dags/example_subdag_operator.py
[2024-06-20T23:52:40.311+0000] {processor.py:830} INFO - Processing file /home/airflow/.local/lib/python3.12/site-packages/airflow/example_dags/example_subdag_operator.py for tasks to queue
[2024-06-20T23:52:40.313+0000] {logging_mixin.py:188} INFO - [2024-06-20T23:52:40.312+0000] {dagbag.py:545} INFO - Filling up the DagBag from /home/airflow/.local/lib/python3.12/site-packages/airflow/example_dags/example_subdag_operator.py
[2024-06-20T23:52:40.332+0000] {processor.py:840} INFO - DAG(s) 'example_subdag_operator.section-1', 'example_subdag_operator.section-2', 'example_subdag_operator' retrieved from /home/airflow/.local/lib/python3.12/site-packages/airflow/example_dags/example_subdag_operator.py
[2024-06-20T23:52:40.344+0000] {logging_mixin.py:188} INFO - [2024-06-20T23:52:40.344+0000] {dag.py:3096} INFO - Sync 3 DAGs
[2024-06-20T23:52:40.360+0000] {logging_mixin.py:188} INFO - [2024-06-20T23:52:40.360+0000] {dag.py:3954} INFO - Setting next_dagrun for example_subdag_operator to 2022-01-01 00:00:00+00:00, run_after=2022-01-01 00:00:00+00:00
[2024-06-20T23:52:40.363+0000] {logging_mixin.py:188} INFO - [2024-06-20T23:52:40.363+0000] {dag.py:3954} INFO - Setting next_dagrun for example_subdag_operator.section-1 to None, run_after=None
[2024-06-20T23:52:40.364+0000] {logging_mixin.py:188} INFO - [2024-06-20T23:52:40.364+0000] {dag.py:3954} INFO - Setting next_dagrun for example_subdag_operator.section-2 to None, run_after=None
[2024-06-20T23:52:40.370+0000] {logging_mixin.py:188} INFO - [2024-06-20T23:52:40.370+0000] {dag.py:3096} INFO - Sync 2 DAGs
[2024-06-20T23:52:40.375+0000] {logging_mixin.py:188} INFO - [2024-06-20T23:52:40.374+0000] {dag.py:3954} INFO - Setting next_dagrun for example_subdag_operator.section-1 to None, run_after=None
[2024-06-20T23:52:40.375+0000] {logging_mixin.py:188} INFO - [2024-06-20T23:52:40.375+0000] {dag.py:3954} INFO - Setting next_dagrun for example_subdag_operator.section-2 to None, run_after=None
[2024-06-20T23:52:40.385+0000] {processor.py:183} INFO - Processing /home/airflow/.local/lib/python3.12/site-packages/airflow/example_dags/example_subdag_operator.py took 0.079 seconds
[2024-06-20T23:53:10.513+0000] {processor.py:161} INFO - Started process (PID=1391) to work on /home/airflow/.local/lib/python3.12/site-packages/airflow/example_dags/example_subdag_operator.py
[2024-06-20T23:53:10.514+0000] {processor.py:830} INFO - Processing file /home/airflow/.local/lib/python3.12/site-packages/airflow/example_dags/example_subdag_operator.py for tasks to queue
[2024-06-20T23:53:10.516+0000] {logging_mixin.py:188} INFO - [2024-06-20T23:53:10.516+0000] {dagbag.py:545} INFO - Filling up the DagBag from /home/airflow/.local/lib/python3.12/site-packages/airflow/example_dags/example_subdag_operator.py
[2024-06-20T23:53:10.534+0000] {processor.py:840} INFO - DAG(s) 'example_subdag_operator.section-1', 'example_subdag_operator.section-2', 'example_subdag_operator' retrieved from /home/airflow/.local/lib/python3.12/site-packages/airflow/example_dags/example_subdag_operator.py
[2024-06-20T23:53:10.548+0000] {logging_mixin.py:188} INFO - [2024-06-20T23:53:10.548+0000] {dag.py:3096} INFO - Sync 3 DAGs
[2024-06-20T23:53:10.566+0000] {logging_mixin.py:188} INFO - [2024-06-20T23:53:10.565+0000] {dag.py:3954} INFO - Setting next_dagrun for example_subdag_operator to 2022-01-01 00:00:00+00:00, run_after=2022-01-01 00:00:00+00:00
[2024-06-20T23:53:10.570+0000] {logging_mixin.py:188} INFO - [2024-06-20T23:53:10.570+0000] {dag.py:3954} INFO - Setting next_dagrun for example_subdag_operator.section-1 to None, run_after=None
[2024-06-20T23:53:10.571+0000] {logging_mixin.py:188} INFO - [2024-06-20T23:53:10.571+0000] {dag.py:3954} INFO - Setting next_dagrun for example_subdag_operator.section-2 to None, run_after=None
[2024-06-20T23:53:10.578+0000] {logging_mixin.py:188} INFO - [2024-06-20T23:53:10.577+0000] {dag.py:3096} INFO - Sync 2 DAGs
[2024-06-20T23:53:10.582+0000] {logging_mixin.py:188} INFO - [2024-06-20T23:53:10.581+0000] {dag.py:3954} INFO - Setting next_dagrun for example_subdag_operator.section-1 to None, run_after=None
[2024-06-20T23:53:10.582+0000] {logging_mixin.py:188} INFO - [2024-06-20T23:53:10.582+0000] {dag.py:3954} INFO - Setting next_dagrun for example_subdag_operator.section-2 to None, run_after=None
[2024-06-20T23:53:10.593+0000] {processor.py:183} INFO - Processing /home/airflow/.local/lib/python3.12/site-packages/airflow/example_dags/example_subdag_operator.py took 0.084 seconds
[2024-06-20T23:53:40.699+0000] {processor.py:161} INFO - Started process (PID=1449) to work on /home/airflow/.local/lib/python3.12/site-packages/airflow/example_dags/example_subdag_operator.py
[2024-06-20T23:53:40.700+0000] {processor.py:830} INFO - Processing file /home/airflow/.local/lib/python3.12/site-packages/airflow/example_dags/example_subdag_operator.py for tasks to queue
[2024-06-20T23:53:40.702+0000] {logging_mixin.py:188} INFO - [2024-06-20T23:53:40.702+0000] {dagbag.py:545} INFO - Filling up the DagBag from /home/airflow/.local/lib/python3.12/site-packages/airflow/example_dags/example_subdag_operator.py
[2024-06-20T23:53:40.723+0000] {processor.py:840} INFO - DAG(s) 'example_subdag_operator.section-1', 'example_subdag_operator.section-2', 'example_subdag_operator' retrieved from /home/airflow/.local/lib/python3.12/site-packages/airflow/example_dags/example_subdag_operator.py
[2024-06-20T23:53:40.738+0000] {logging_mixin.py:188} INFO - [2024-06-20T23:53:40.738+0000] {dag.py:3096} INFO - Sync 3 DAGs
[2024-06-20T23:53:40.763+0000] {logging_mixin.py:188} INFO - [2024-06-20T23:53:40.763+0000] {dag.py:3954} INFO - Setting next_dagrun for example_subdag_operator to 2022-01-01 00:00:00+00:00, run_after=2022-01-01 00:00:00+00:00
[2024-06-20T23:53:40.767+0000] {logging_mixin.py:188} INFO - [2024-06-20T23:53:40.766+0000] {dag.py:3954} INFO - Setting next_dagrun for example_subdag_operator.section-1 to None, run_after=None
[2024-06-20T23:53:40.768+0000] {logging_mixin.py:188} INFO - [2024-06-20T23:53:40.768+0000] {dag.py:3954} INFO - Setting next_dagrun for example_subdag_operator.section-2 to None, run_after=None
[2024-06-20T23:53:40.776+0000] {logging_mixin.py:188} INFO - [2024-06-20T23:53:40.776+0000] {dag.py:3096} INFO - Sync 2 DAGs
[2024-06-20T23:53:40.782+0000] {logging_mixin.py:188} INFO - [2024-06-20T23:53:40.782+0000] {dag.py:3954} INFO - Setting next_dagrun for example_subdag_operator.section-1 to None, run_after=None
[2024-06-20T23:53:40.783+0000] {logging_mixin.py:188} INFO - [2024-06-20T23:53:40.783+0000] {dag.py:3954} INFO - Setting next_dagrun for example_subdag_operator.section-2 to None, run_after=None
[2024-06-20T23:53:40.793+0000] {processor.py:183} INFO - Processing /home/airflow/.local/lib/python3.12/site-packages/airflow/example_dags/example_subdag_operator.py took 0.099 seconds
[2024-06-20T23:54:10.893+0000] {processor.py:161} INFO - Started process (PID=1507) to work on /home/airflow/.local/lib/python3.12/site-packages/airflow/example_dags/example_subdag_operator.py
[2024-06-20T23:54:10.893+0000] {processor.py:830} INFO - Processing file /home/airflow/.local/lib/python3.12/site-packages/airflow/example_dags/example_subdag_operator.py for tasks to queue
[2024-06-20T23:54:10.895+0000] {logging_mixin.py:188} INFO - [2024-06-20T23:54:10.895+0000] {dagbag.py:545} INFO - Filling up the DagBag from /home/airflow/.local/lib/python3.12/site-packages/airflow/example_dags/example_subdag_operator.py
[2024-06-20T23:54:10.917+0000] {processor.py:840} INFO - DAG(s) 'example_subdag_operator.section-1', 'example_subdag_operator.section-2', 'example_subdag_operator' retrieved from /home/airflow/.local/lib/python3.12/site-packages/airflow/example_dags/example_subdag_operator.py
[2024-06-20T23:54:10.931+0000] {logging_mixin.py:188} INFO - [2024-06-20T23:54:10.931+0000] {dag.py:3096} INFO - Sync 3 DAGs
[2024-06-20T23:54:10.950+0000] {logging_mixin.py:188} INFO - [2024-06-20T23:54:10.950+0000] {dag.py:3954} INFO - Setting next_dagrun for example_subdag_operator to 2022-01-01 00:00:00+00:00, run_after=2022-01-01 00:00:00+00:00
[2024-06-20T23:54:10.954+0000] {logging_mixin.py:188} INFO - [2024-06-20T23:54:10.954+0000] {dag.py:3954} INFO - Setting next_dagrun for example_subdag_operator.section-1 to None, run_after=None
[2024-06-20T23:54:10.955+0000] {logging_mixin.py:188} INFO - [2024-06-20T23:54:10.955+0000] {dag.py:3954} INFO - Setting next_dagrun for example_subdag_operator.section-2 to None, run_after=None
[2024-06-20T23:54:10.962+0000] {logging_mixin.py:188} INFO - [2024-06-20T23:54:10.962+0000] {dag.py:3096} INFO - Sync 2 DAGs
[2024-06-20T23:54:10.967+0000] {logging_mixin.py:188} INFO - [2024-06-20T23:54:10.967+0000] {dag.py:3954} INFO - Setting next_dagrun for example_subdag_operator.section-1 to None, run_after=None
[2024-06-20T23:54:10.968+0000] {logging_mixin.py:188} INFO - [2024-06-20T23:54:10.968+0000] {dag.py:3954} INFO - Setting next_dagrun for example_subdag_operator.section-2 to None, run_after=None
[2024-06-20T23:54:10.978+0000] {processor.py:183} INFO - Processing /home/airflow/.local/lib/python3.12/site-packages/airflow/example_dags/example_subdag_operator.py took 0.091 seconds
[2024-06-20T23:54:41.096+0000] {processor.py:161} INFO - Started process (PID=1565) to work on /home/airflow/.local/lib/python3.12/site-packages/airflow/example_dags/example_subdag_operator.py
[2024-06-20T23:54:41.097+0000] {processor.py:830} INFO - Processing file /home/airflow/.local/lib/python3.12/site-packages/airflow/example_dags/example_subdag_operator.py for tasks to queue
[2024-06-20T23:54:41.099+0000] {logging_mixin.py:188} INFO - [2024-06-20T23:54:41.099+0000] {dagbag.py:545} INFO - Filling up the DagBag from /home/airflow/.local/lib/python3.12/site-packages/airflow/example_dags/example_subdag_operator.py
[2024-06-20T23:54:41.119+0000] {processor.py:840} INFO - DAG(s) 'example_subdag_operator.section-1', 'example_subdag_operator.section-2', 'example_subdag_operator' retrieved from /home/airflow/.local/lib/python3.12/site-packages/airflow/example_dags/example_subdag_operator.py
[2024-06-20T23:54:41.133+0000] {logging_mixin.py:188} INFO - [2024-06-20T23:54:41.133+0000] {dag.py:3096} INFO - Sync 3 DAGs
[2024-06-20T23:54:41.153+0000] {logging_mixin.py:188} INFO - [2024-06-20T23:54:41.152+0000] {dag.py:3954} INFO - Setting next_dagrun for example_subdag_operator to 2022-01-01 00:00:00+00:00, run_after=2022-01-01 00:00:00+00:00
[2024-06-20T23:54:41.156+0000] {logging_mixin.py:188} INFO - [2024-06-20T23:54:41.156+0000] {dag.py:3954} INFO - Setting next_dagrun for example_subdag_operator.section-1 to None, run_after=None
[2024-06-20T23:54:41.157+0000] {logging_mixin.py:188} INFO - [2024-06-20T23:54:41.157+0000] {dag.py:3954} INFO - Setting next_dagrun for example_subdag_operator.section-2 to None, run_after=None
[2024-06-20T23:54:41.163+0000] {logging_mixin.py:188} INFO - [2024-06-20T23:54:41.163+0000] {dag.py:3096} INFO - Sync 2 DAGs
[2024-06-20T23:54:41.167+0000] {logging_mixin.py:188} INFO - [2024-06-20T23:54:41.167+0000] {dag.py:3954} INFO - Setting next_dagrun for example_subdag_operator.section-1 to None, run_after=None
[2024-06-20T23:54:41.168+0000] {logging_mixin.py:188} INFO - [2024-06-20T23:54:41.168+0000] {dag.py:3954} INFO - Setting next_dagrun for example_subdag_operator.section-2 to None, run_after=None
[2024-06-20T23:54:41.177+0000] {processor.py:183} INFO - Processing /home/airflow/.local/lib/python3.12/site-packages/airflow/example_dags/example_subdag_operator.py took 0.086 seconds
[2024-06-20T23:55:11.414+0000] {processor.py:161} INFO - Started process (PID=1623) to work on /home/airflow/.local/lib/python3.12/site-packages/airflow/example_dags/example_subdag_operator.py
[2024-06-20T23:55:11.414+0000] {processor.py:830} INFO - Processing file /home/airflow/.local/lib/python3.12/site-packages/airflow/example_dags/example_subdag_operator.py for tasks to queue
[2024-06-20T23:55:11.416+0000] {logging_mixin.py:188} INFO - [2024-06-20T23:55:11.416+0000] {dagbag.py:545} INFO - Filling up the DagBag from /home/airflow/.local/lib/python3.12/site-packages/airflow/example_dags/example_subdag_operator.py
[2024-06-20T23:55:11.436+0000] {processor.py:840} INFO - DAG(s) 'example_subdag_operator.section-1', 'example_subdag_operator.section-2', 'example_subdag_operator' retrieved from /home/airflow/.local/lib/python3.12/site-packages/airflow/example_dags/example_subdag_operator.py
[2024-06-20T23:55:11.451+0000] {logging_mixin.py:188} INFO - [2024-06-20T23:55:11.450+0000] {dag.py:3096} INFO - Sync 3 DAGs
[2024-06-20T23:55:11.471+0000] {logging_mixin.py:188} INFO - [2024-06-20T23:55:11.471+0000] {dag.py:3954} INFO - Setting next_dagrun for example_subdag_operator to 2022-01-01 00:00:00+00:00, run_after=2022-01-01 00:00:00+00:00
[2024-06-20T23:55:11.476+0000] {logging_mixin.py:188} INFO - [2024-06-20T23:55:11.476+0000] {dag.py:3954} INFO - Setting next_dagrun for example_subdag_operator.section-1 to None, run_after=None
[2024-06-20T23:55:11.478+0000] {logging_mixin.py:188} INFO - [2024-06-20T23:55:11.477+0000] {dag.py:3954} INFO - Setting next_dagrun for example_subdag_operator.section-2 to None, run_after=None
[2024-06-20T23:55:11.485+0000] {logging_mixin.py:188} INFO - [2024-06-20T23:55:11.485+0000] {dag.py:3096} INFO - Sync 2 DAGs
[2024-06-20T23:55:11.491+0000] {logging_mixin.py:188} INFO - [2024-06-20T23:55:11.491+0000] {dag.py:3954} INFO - Setting next_dagrun for example_subdag_operator.section-1 to None, run_after=None
[2024-06-20T23:55:11.492+0000] {logging_mixin.py:188} INFO - [2024-06-20T23:55:11.492+0000] {dag.py:3954} INFO - Setting next_dagrun for example_subdag_operator.section-2 to None, run_after=None
[2024-06-20T23:55:11.502+0000] {processor.py:183} INFO - Processing /home/airflow/.local/lib/python3.12/site-packages/airflow/example_dags/example_subdag_operator.py took 0.094 seconds
[2024-06-20T23:55:41.736+0000] {processor.py:161} INFO - Started process (PID=1681) to work on /home/airflow/.local/lib/python3.12/site-packages/airflow/example_dags/example_subdag_operator.py
[2024-06-20T23:55:41.737+0000] {processor.py:830} INFO - Processing file /home/airflow/.local/lib/python3.12/site-packages/airflow/example_dags/example_subdag_operator.py for tasks to queue
[2024-06-20T23:55:41.739+0000] {logging_mixin.py:188} INFO - [2024-06-20T23:55:41.739+0000] {dagbag.py:545} INFO - Filling up the DagBag from /home/airflow/.local/lib/python3.12/site-packages/airflow/example_dags/example_subdag_operator.py
[2024-06-20T23:55:41.759+0000] {processor.py:840} INFO - DAG(s) 'example_subdag_operator.section-1', 'example_subdag_operator.section-2', 'example_subdag_operator' retrieved from /home/airflow/.local/lib/python3.12/site-packages/airflow/example_dags/example_subdag_operator.py
[2024-06-20T23:55:41.771+0000] {logging_mixin.py:188} INFO - [2024-06-20T23:55:41.771+0000] {dag.py:3096} INFO - Sync 3 DAGs
[2024-06-20T23:55:41.788+0000] {logging_mixin.py:188} INFO - [2024-06-20T23:55:41.788+0000] {dag.py:3954} INFO - Setting next_dagrun for example_subdag_operator to 2022-01-01 00:00:00+00:00, run_after=2022-01-01 00:00:00+00:00
[2024-06-20T23:55:41.792+0000] {logging_mixin.py:188} INFO - [2024-06-20T23:55:41.792+0000] {dag.py:3954} INFO - Setting next_dagrun for example_subdag_operator.section-1 to None, run_after=None
[2024-06-20T23:55:41.793+0000] {logging_mixin.py:188} INFO - [2024-06-20T23:55:41.793+0000] {dag.py:3954} INFO - Setting next_dagrun for example_subdag_operator.section-2 to None, run_after=None
[2024-06-20T23:55:41.799+0000] {logging_mixin.py:188} INFO - [2024-06-20T23:55:41.799+0000] {dag.py:3096} INFO - Sync 2 DAGs
[2024-06-20T23:55:41.804+0000] {logging_mixin.py:188} INFO - [2024-06-20T23:55:41.803+0000] {dag.py:3954} INFO - Setting next_dagrun for example_subdag_operator.section-1 to None, run_after=None
[2024-06-20T23:55:41.805+0000] {logging_mixin.py:188} INFO - [2024-06-20T23:55:41.804+0000] {dag.py:3954} INFO - Setting next_dagrun for example_subdag_operator.section-2 to None, run_after=None
[2024-06-20T23:55:41.815+0000] {processor.py:183} INFO - Processing /home/airflow/.local/lib/python3.12/site-packages/airflow/example_dags/example_subdag_operator.py took 0.083 seconds
[2024-06-20T23:56:12.002+0000] {processor.py:161} INFO - Started process (PID=1739) to work on /home/airflow/.local/lib/python3.12/site-packages/airflow/example_dags/example_subdag_operator.py
[2024-06-20T23:56:12.003+0000] {processor.py:830} INFO - Processing file /home/airflow/.local/lib/python3.12/site-packages/airflow/example_dags/example_subdag_operator.py for tasks to queue
[2024-06-20T23:56:12.005+0000] {logging_mixin.py:188} INFO - [2024-06-20T23:56:12.005+0000] {dagbag.py:545} INFO - Filling up the DagBag from /home/airflow/.local/lib/python3.12/site-packages/airflow/example_dags/example_subdag_operator.py
[2024-06-20T23:56:12.026+0000] {processor.py:840} INFO - DAG(s) 'example_subdag_operator.section-1', 'example_subdag_operator.section-2', 'example_subdag_operator' retrieved from /home/airflow/.local/lib/python3.12/site-packages/airflow/example_dags/example_subdag_operator.py
[2024-06-20T23:56:12.040+0000] {logging_mixin.py:188} INFO - [2024-06-20T23:56:12.040+0000] {dag.py:3096} INFO - Sync 3 DAGs
[2024-06-20T23:56:12.059+0000] {logging_mixin.py:188} INFO - [2024-06-20T23:56:12.059+0000] {dag.py:3954} INFO - Setting next_dagrun for example_subdag_operator to 2022-01-01 00:00:00+00:00, run_after=2022-01-01 00:00:00+00:00
[2024-06-20T23:56:12.063+0000] {logging_mixin.py:188} INFO - [2024-06-20T23:56:12.063+0000] {dag.py:3954} INFO - Setting next_dagrun for example_subdag_operator.section-1 to None, run_after=None
[2024-06-20T23:56:12.065+0000] {logging_mixin.py:188} INFO - [2024-06-20T23:56:12.065+0000] {dag.py:3954} INFO - Setting next_dagrun for example_subdag_operator.section-2 to None, run_after=None
[2024-06-20T23:56:12.072+0000] {logging_mixin.py:188} INFO - [2024-06-20T23:56:12.071+0000] {dag.py:3096} INFO - Sync 2 DAGs
[2024-06-20T23:56:12.076+0000] {logging_mixin.py:188} INFO - [2024-06-20T23:56:12.076+0000] {dag.py:3954} INFO - Setting next_dagrun for example_subdag_operator.section-1 to None, run_after=None
[2024-06-20T23:56:12.077+0000] {logging_mixin.py:188} INFO - [2024-06-20T23:56:12.077+0000] {dag.py:3954} INFO - Setting next_dagrun for example_subdag_operator.section-2 to None, run_after=None
[2024-06-20T23:56:12.086+0000] {processor.py:183} INFO - Processing /home/airflow/.local/lib/python3.12/site-packages/airflow/example_dags/example_subdag_operator.py took 0.089 seconds
[2024-06-20T23:56:42.422+0000] {processor.py:161} INFO - Started process (PID=1797) to work on /home/airflow/.local/lib/python3.12/site-packages/airflow/example_dags/example_subdag_operator.py
[2024-06-20T23:56:42.423+0000] {processor.py:830} INFO - Processing file /home/airflow/.local/lib/python3.12/site-packages/airflow/example_dags/example_subdag_operator.py for tasks to queue
[2024-06-20T23:56:42.425+0000] {logging_mixin.py:188} INFO - [2024-06-20T23:56:42.424+0000] {dagbag.py:545} INFO - Filling up the DagBag from /home/airflow/.local/lib/python3.12/site-packages/airflow/example_dags/example_subdag_operator.py
[2024-06-20T23:56:42.443+0000] {processor.py:840} INFO - DAG(s) 'example_subdag_operator.section-1', 'example_subdag_operator.section-2', 'example_subdag_operator' retrieved from /home/airflow/.local/lib/python3.12/site-packages/airflow/example_dags/example_subdag_operator.py
[2024-06-20T23:56:42.456+0000] {logging_mixin.py:188} INFO - [2024-06-20T23:56:42.456+0000] {dag.py:3096} INFO - Sync 3 DAGs
[2024-06-20T23:56:42.473+0000] {logging_mixin.py:188} INFO - [2024-06-20T23:56:42.473+0000] {dag.py:3954} INFO - Setting next_dagrun for example_subdag_operator to 2022-01-01 00:00:00+00:00, run_after=2022-01-01 00:00:00+00:00
[2024-06-20T23:56:42.476+0000] {logging_mixin.py:188} INFO - [2024-06-20T23:56:42.476+0000] {dag.py:3954} INFO - Setting next_dagrun for example_subdag_operator.section-1 to None, run_after=None
[2024-06-20T23:56:42.478+0000] {logging_mixin.py:188} INFO - [2024-06-20T23:56:42.477+0000] {dag.py:3954} INFO - Setting next_dagrun for example_subdag_operator.section-2 to None, run_after=None
[2024-06-20T23:56:42.484+0000] {logging_mixin.py:188} INFO - [2024-06-20T23:56:42.483+0000] {dag.py:3096} INFO - Sync 2 DAGs
[2024-06-20T23:56:42.488+0000] {logging_mixin.py:188} INFO - [2024-06-20T23:56:42.488+0000] {dag.py:3954} INFO - Setting next_dagrun for example_subdag_operator.section-1 to None, run_after=None
[2024-06-20T23:56:42.489+0000] {logging_mixin.py:188} INFO - [2024-06-20T23:56:42.489+0000] {dag.py:3954} INFO - Setting next_dagrun for example_subdag_operator.section-2 to None, run_after=None
[2024-06-20T23:56:42.498+0000] {processor.py:183} INFO - Processing /home/airflow/.local/lib/python3.12/site-packages/airflow/example_dags/example_subdag_operator.py took 0.081 seconds
[2024-06-20T23:57:12.625+0000] {processor.py:161} INFO - Started process (PID=1855) to work on /home/airflow/.local/lib/python3.12/site-packages/airflow/example_dags/example_subdag_operator.py
[2024-06-20T23:57:12.626+0000] {processor.py:830} INFO - Processing file /home/airflow/.local/lib/python3.12/site-packages/airflow/example_dags/example_subdag_operator.py for tasks to queue
[2024-06-20T23:57:12.627+0000] {logging_mixin.py:188} INFO - [2024-06-20T23:57:12.627+0000] {dagbag.py:545} INFO - Filling up the DagBag from /home/airflow/.local/lib/python3.12/site-packages/airflow/example_dags/example_subdag_operator.py
[2024-06-20T23:57:12.648+0000] {processor.py:840} INFO - DAG(s) 'example_subdag_operator.section-1', 'example_subdag_operator.section-2', 'example_subdag_operator' retrieved from /home/airflow/.local/lib/python3.12/site-packages/airflow/example_dags/example_subdag_operator.py
[2024-06-20T23:57:12.659+0000] {logging_mixin.py:188} INFO - [2024-06-20T23:57:12.659+0000] {dag.py:3096} INFO - Sync 3 DAGs
[2024-06-20T23:57:12.676+0000] {logging_mixin.py:188} INFO - [2024-06-20T23:57:12.675+0000] {dag.py:3954} INFO - Setting next_dagrun for example_subdag_operator to 2022-01-01 00:00:00+00:00, run_after=2022-01-01 00:00:00+00:00
[2024-06-20T23:57:12.679+0000] {logging_mixin.py:188} INFO - [2024-06-20T23:57:12.679+0000] {dag.py:3954} INFO - Setting next_dagrun for example_subdag_operator.section-1 to None, run_after=None
[2024-06-20T23:57:12.680+0000] {logging_mixin.py:188} INFO - [2024-06-20T23:57:12.680+0000] {dag.py:3954} INFO - Setting next_dagrun for example_subdag_operator.section-2 to None, run_after=None
[2024-06-20T23:57:12.686+0000] {logging_mixin.py:188} INFO - [2024-06-20T23:57:12.685+0000] {dag.py:3096} INFO - Sync 2 DAGs
[2024-06-20T23:57:12.689+0000] {logging_mixin.py:188} INFO - [2024-06-20T23:57:12.689+0000] {dag.py:3954} INFO - Setting next_dagrun for example_subdag_operator.section-1 to None, run_after=None
[2024-06-20T23:57:12.690+0000] {logging_mixin.py:188} INFO - [2024-06-20T23:57:12.690+0000] {dag.py:3954} INFO - Setting next_dagrun for example_subdag_operator.section-2 to None, run_after=None
[2024-06-20T23:57:12.698+0000] {processor.py:183} INFO - Processing /home/airflow/.local/lib/python3.12/site-packages/airflow/example_dags/example_subdag_operator.py took 0.078 seconds
[2024-06-20T23:57:43.183+0000] {processor.py:161} INFO - Started process (PID=1913) to work on /home/airflow/.local/lib/python3.12/site-packages/airflow/example_dags/example_subdag_operator.py
[2024-06-20T23:57:43.184+0000] {processor.py:830} INFO - Processing file /home/airflow/.local/lib/python3.12/site-packages/airflow/example_dags/example_subdag_operator.py for tasks to queue
[2024-06-20T23:57:43.186+0000] {logging_mixin.py:188} INFO - [2024-06-20T23:57:43.186+0000] {dagbag.py:545} INFO - Filling up the DagBag from /home/airflow/.local/lib/python3.12/site-packages/airflow/example_dags/example_subdag_operator.py
[2024-06-20T23:57:43.205+0000] {processor.py:840} INFO - DAG(s) 'example_subdag_operator.section-1', 'example_subdag_operator.section-2', 'example_subdag_operator' retrieved from /home/airflow/.local/lib/python3.12/site-packages/airflow/example_dags/example_subdag_operator.py
[2024-06-20T23:57:43.217+0000] {logging_mixin.py:188} INFO - [2024-06-20T23:57:43.217+0000] {dag.py:3096} INFO - Sync 3 DAGs
[2024-06-20T23:57:43.233+0000] {logging_mixin.py:188} INFO - [2024-06-20T23:57:43.233+0000] {dag.py:3954} INFO - Setting next_dagrun for example_subdag_operator to 2022-01-01 00:00:00+00:00, run_after=2022-01-01 00:00:00+00:00
[2024-06-20T23:57:43.236+0000] {logging_mixin.py:188} INFO - [2024-06-20T23:57:43.236+0000] {dag.py:3954} INFO - Setting next_dagrun for example_subdag_operator.section-1 to None, run_after=None
[2024-06-20T23:57:43.237+0000] {logging_mixin.py:188} INFO - [2024-06-20T23:57:43.237+0000] {dag.py:3954} INFO - Setting next_dagrun for example_subdag_operator.section-2 to None, run_after=None
[2024-06-20T23:57:43.243+0000] {logging_mixin.py:188} INFO - [2024-06-20T23:57:43.243+0000] {dag.py:3096} INFO - Sync 2 DAGs
[2024-06-20T23:57:43.247+0000] {logging_mixin.py:188} INFO - [2024-06-20T23:57:43.247+0000] {dag.py:3954} INFO - Setting next_dagrun for example_subdag_operator.section-1 to None, run_after=None
[2024-06-20T23:57:43.248+0000] {logging_mixin.py:188} INFO - [2024-06-20T23:57:43.248+0000] {dag.py:3954} INFO - Setting next_dagrun for example_subdag_operator.section-2 to None, run_after=None
[2024-06-20T23:57:43.256+0000] {processor.py:183} INFO - Processing /home/airflow/.local/lib/python3.12/site-packages/airflow/example_dags/example_subdag_operator.py took 0.078 seconds
[2024-06-20T23:58:14.451+0000] {processor.py:161} INFO - Started process (PID=1971) to work on /home/airflow/.local/lib/python3.12/site-packages/airflow/example_dags/example_subdag_operator.py
[2024-06-20T23:58:14.452+0000] {processor.py:830} INFO - Processing file /home/airflow/.local/lib/python3.12/site-packages/airflow/example_dags/example_subdag_operator.py for tasks to queue
[2024-06-20T23:58:14.453+0000] {logging_mixin.py:188} INFO - [2024-06-20T23:58:14.453+0000] {dagbag.py:545} INFO - Filling up the DagBag from /home/airflow/.local/lib/python3.12/site-packages/airflow/example_dags/example_subdag_operator.py
[2024-06-20T23:58:14.474+0000] {processor.py:840} INFO - DAG(s) 'example_subdag_operator.section-1', 'example_subdag_operator.section-2', 'example_subdag_operator' retrieved from /home/airflow/.local/lib/python3.12/site-packages/airflow/example_dags/example_subdag_operator.py
[2024-06-20T23:58:14.614+0000] {logging_mixin.py:188} INFO - [2024-06-20T23:58:14.613+0000] {dag.py:3096} INFO - Sync 3 DAGs
[2024-06-20T23:58:14.630+0000] {logging_mixin.py:188} INFO - [2024-06-20T23:58:14.629+0000] {dag.py:3954} INFO - Setting next_dagrun for example_subdag_operator to 2022-01-01 00:00:00+00:00, run_after=2022-01-01 00:00:00+00:00
[2024-06-20T23:58:14.633+0000] {logging_mixin.py:188} INFO - [2024-06-20T23:58:14.632+0000] {dag.py:3954} INFO - Setting next_dagrun for example_subdag_operator.section-1 to None, run_after=None
[2024-06-20T23:58:14.634+0000] {logging_mixin.py:188} INFO - [2024-06-20T23:58:14.634+0000] {dag.py:3954} INFO - Setting next_dagrun for example_subdag_operator.section-2 to None, run_after=None
[2024-06-20T23:58:14.639+0000] {logging_mixin.py:188} INFO - [2024-06-20T23:58:14.639+0000] {dag.py:3096} INFO - Sync 2 DAGs
[2024-06-20T23:58:14.643+0000] {logging_mixin.py:188} INFO - [2024-06-20T23:58:14.643+0000] {dag.py:3954} INFO - Setting next_dagrun for example_subdag_operator.section-1 to None, run_after=None
[2024-06-20T23:58:14.643+0000] {logging_mixin.py:188} INFO - [2024-06-20T23:58:14.643+0000] {dag.py:3954} INFO - Setting next_dagrun for example_subdag_operator.section-2 to None, run_after=None
[2024-06-20T23:58:14.651+0000] {processor.py:183} INFO - Processing /home/airflow/.local/lib/python3.12/site-packages/airflow/example_dags/example_subdag_operator.py took 0.205 seconds
[2024-06-20T23:58:44.756+0000] {processor.py:161} INFO - Started process (PID=2029) to work on /home/airflow/.local/lib/python3.12/site-packages/airflow/example_dags/example_subdag_operator.py
[2024-06-20T23:58:44.757+0000] {processor.py:830} INFO - Processing file /home/airflow/.local/lib/python3.12/site-packages/airflow/example_dags/example_subdag_operator.py for tasks to queue
[2024-06-20T23:58:44.759+0000] {logging_mixin.py:188} INFO - [2024-06-20T23:58:44.758+0000] {dagbag.py:545} INFO - Filling up the DagBag from /home/airflow/.local/lib/python3.12/site-packages/airflow/example_dags/example_subdag_operator.py
[2024-06-20T23:58:44.777+0000] {processor.py:840} INFO - DAG(s) 'example_subdag_operator.section-1', 'example_subdag_operator.section-2', 'example_subdag_operator' retrieved from /home/airflow/.local/lib/python3.12/site-packages/airflow/example_dags/example_subdag_operator.py
[2024-06-20T23:58:44.789+0000] {logging_mixin.py:188} INFO - [2024-06-20T23:58:44.789+0000] {dag.py:3096} INFO - Sync 3 DAGs
[2024-06-20T23:58:44.919+0000] {logging_mixin.py:188} INFO - [2024-06-20T23:58:44.918+0000] {dag.py:3954} INFO - Setting next_dagrun for example_subdag_operator to 2022-01-01 00:00:00+00:00, run_after=2022-01-01 00:00:00+00:00
[2024-06-20T23:58:44.922+0000] {logging_mixin.py:188} INFO - [2024-06-20T23:58:44.922+0000] {dag.py:3954} INFO - Setting next_dagrun for example_subdag_operator.section-1 to None, run_after=None
[2024-06-20T23:58:44.924+0000] {logging_mixin.py:188} INFO - [2024-06-20T23:58:44.924+0000] {dag.py:3954} INFO - Setting next_dagrun for example_subdag_operator.section-2 to None, run_after=None
[2024-06-20T23:58:44.929+0000] {logging_mixin.py:188} INFO - [2024-06-20T23:58:44.929+0000] {dag.py:3096} INFO - Sync 2 DAGs
[2024-06-20T23:58:44.933+0000] {logging_mixin.py:188} INFO - [2024-06-20T23:58:44.933+0000] {dag.py:3954} INFO - Setting next_dagrun for example_subdag_operator.section-1 to None, run_after=None
[2024-06-20T23:58:44.934+0000] {logging_mixin.py:188} INFO - [2024-06-20T23:58:44.933+0000] {dag.py:3954} INFO - Setting next_dagrun for example_subdag_operator.section-2 to None, run_after=None
[2024-06-20T23:58:44.942+0000] {processor.py:183} INFO - Processing /home/airflow/.local/lib/python3.12/site-packages/airflow/example_dags/example_subdag_operator.py took 0.191 seconds
[2024-06-20T23:59:15.652+0000] {processor.py:161} INFO - Started process (PID=2087) to work on /home/airflow/.local/lib/python3.12/site-packages/airflow/example_dags/example_subdag_operator.py
[2024-06-20T23:59:15.653+0000] {processor.py:830} INFO - Processing file /home/airflow/.local/lib/python3.12/site-packages/airflow/example_dags/example_subdag_operator.py for tasks to queue
[2024-06-20T23:59:15.655+0000] {logging_mixin.py:188} INFO - [2024-06-20T23:59:15.655+0000] {dagbag.py:545} INFO - Filling up the DagBag from /home/airflow/.local/lib/python3.12/site-packages/airflow/example_dags/example_subdag_operator.py
[2024-06-20T23:59:15.675+0000] {processor.py:840} INFO - DAG(s) 'example_subdag_operator.section-1', 'example_subdag_operator.section-2', 'example_subdag_operator' retrieved from /home/airflow/.local/lib/python3.12/site-packages/airflow/example_dags/example_subdag_operator.py
[2024-06-20T23:59:15.689+0000] {logging_mixin.py:188} INFO - [2024-06-20T23:59:15.689+0000] {dag.py:3096} INFO - Sync 3 DAGs
[2024-06-20T23:59:15.707+0000] {logging_mixin.py:188} INFO - [2024-06-20T23:59:15.706+0000] {dag.py:3954} INFO - Setting next_dagrun for example_subdag_operator to 2022-01-01 00:00:00+00:00, run_after=2022-01-01 00:00:00+00:00
[2024-06-20T23:59:15.710+0000] {logging_mixin.py:188} INFO - [2024-06-20T23:59:15.709+0000] {dag.py:3954} INFO - Setting next_dagrun for example_subdag_operator.section-1 to None, run_after=None
[2024-06-20T23:59:15.711+0000] {logging_mixin.py:188} INFO - [2024-06-20T23:59:15.711+0000] {dag.py:3954} INFO - Setting next_dagrun for example_subdag_operator.section-2 to None, run_after=None
[2024-06-20T23:59:15.716+0000] {logging_mixin.py:188} INFO - [2024-06-20T23:59:15.716+0000] {dag.py:3096} INFO - Sync 2 DAGs
[2024-06-20T23:59:15.720+0000] {logging_mixin.py:188} INFO - [2024-06-20T23:59:15.720+0000] {dag.py:3954} INFO - Setting next_dagrun for example_subdag_operator.section-1 to None, run_after=None
[2024-06-20T23:59:15.721+0000] {logging_mixin.py:188} INFO - [2024-06-20T23:59:15.721+0000] {dag.py:3954} INFO - Setting next_dagrun for example_subdag_operator.section-2 to None, run_after=None
[2024-06-20T23:59:15.730+0000] {processor.py:183} INFO - Processing /home/airflow/.local/lib/python3.12/site-packages/airflow/example_dags/example_subdag_operator.py took 0.083 seconds
[2024-06-20T23:59:46.299+0000] {processor.py:161} INFO - Started process (PID=2145) to work on /home/airflow/.local/lib/python3.12/site-packages/airflow/example_dags/example_subdag_operator.py
[2024-06-20T23:59:46.300+0000] {processor.py:830} INFO - Processing file /home/airflow/.local/lib/python3.12/site-packages/airflow/example_dags/example_subdag_operator.py for tasks to queue
[2024-06-20T23:59:46.302+0000] {logging_mixin.py:188} INFO - [2024-06-20T23:59:46.302+0000] {dagbag.py:545} INFO - Filling up the DagBag from /home/airflow/.local/lib/python3.12/site-packages/airflow/example_dags/example_subdag_operator.py
[2024-06-20T23:59:46.322+0000] {processor.py:840} INFO - DAG(s) 'example_subdag_operator.section-1', 'example_subdag_operator.section-2', 'example_subdag_operator' retrieved from /home/airflow/.local/lib/python3.12/site-packages/airflow/example_dags/example_subdag_operator.py
[2024-06-20T23:59:46.335+0000] {logging_mixin.py:188} INFO - [2024-06-20T23:59:46.335+0000] {dag.py:3096} INFO - Sync 3 DAGs
[2024-06-20T23:59:46.354+0000] {logging_mixin.py:188} INFO - [2024-06-20T23:59:46.354+0000] {dag.py:3954} INFO - Setting next_dagrun for example_subdag_operator to 2022-01-01 00:00:00+00:00, run_after=2022-01-01 00:00:00+00:00
[2024-06-20T23:59:46.358+0000] {logging_mixin.py:188} INFO - [2024-06-20T23:59:46.358+0000] {dag.py:3954} INFO - Setting next_dagrun for example_subdag_operator.section-1 to None, run_after=None
[2024-06-20T23:59:46.360+0000] {logging_mixin.py:188} INFO - [2024-06-20T23:59:46.360+0000] {dag.py:3954} INFO - Setting next_dagrun for example_subdag_operator.section-2 to None, run_after=None
[2024-06-20T23:59:46.365+0000] {logging_mixin.py:188} INFO - [2024-06-20T23:59:46.365+0000] {dag.py:3096} INFO - Sync 2 DAGs
[2024-06-20T23:59:46.370+0000] {logging_mixin.py:188} INFO - [2024-06-20T23:59:46.370+0000] {dag.py:3954} INFO - Setting next_dagrun for example_subdag_operator.section-1 to None, run_after=None
[2024-06-20T23:59:46.371+0000] {logging_mixin.py:188} INFO - [2024-06-20T23:59:46.371+0000] {dag.py:3954} INFO - Setting next_dagrun for example_subdag_operator.section-2 to None, run_after=None
[2024-06-20T23:59:46.382+0000] {processor.py:183} INFO - Processing /home/airflow/.local/lib/python3.12/site-packages/airflow/example_dags/example_subdag_operator.py took 0.088 seconds
