[2024-06-20T23:40:59.692+0000] {processor.py:161} INFO - Started process (PID=42) to work on /home/airflow/.local/lib/python3.12/site-packages/airflow/example_dags/example_short_circuit_operator.py
[2024-06-20T23:40:59.693+0000] {processor.py:830} INFO - Processing file /home/airflow/.local/lib/python3.12/site-packages/airflow/example_dags/example_short_circuit_operator.py for tasks to queue
[2024-06-20T23:40:59.695+0000] {logging_mixin.py:188} INFO - [2024-06-20T23:40:59.694+0000] {dagbag.py:545} INFO - Filling up the DagBag from /home/airflow/.local/lib/python3.12/site-packages/airflow/example_dags/example_short_circuit_operator.py
[2024-06-20T23:40:59.706+0000] {processor.py:840} INFO - DAG(s) 'example_short_circuit_operator' retrieved from /home/airflow/.local/lib/python3.12/site-packages/airflow/example_dags/example_short_circuit_operator.py
[2024-06-20T23:40:59.719+0000] {logging_mixin.py:188} INFO - [2024-06-20T23:40:59.719+0000] {dag.py:3096} INFO - Sync 1 DAGs
[2024-06-20T23:40:59.741+0000] {logging_mixin.py:188} INFO - [2024-06-20T23:40:59.740+0000] {dag.py:3954} INFO - Setting next_dagrun for example_short_circuit_operator to 2024-06-19 00:00:00+00:00, run_after=2024-06-20 00:00:00+00:00
[2024-06-20T23:40:59.762+0000] {processor.py:183} INFO - Processing /home/airflow/.local/lib/python3.12/site-packages/airflow/example_dags/example_short_circuit_operator.py took 0.075 seconds
[2024-06-20T23:41:27.724+0000] {processor.py:161} INFO - Started process (PID=42) to work on /home/airflow/.local/lib/python3.12/site-packages/airflow/example_dags/example_short_circuit_operator.py
[2024-06-20T23:41:27.726+0000] {processor.py:830} INFO - Processing file /home/airflow/.local/lib/python3.12/site-packages/airflow/example_dags/example_short_circuit_operator.py for tasks to queue
[2024-06-20T23:41:27.727+0000] {logging_mixin.py:188} INFO - [2024-06-20T23:41:27.727+0000] {dagbag.py:545} INFO - Filling up the DagBag from /home/airflow/.local/lib/python3.12/site-packages/airflow/example_dags/example_short_circuit_operator.py
[2024-06-20T23:41:27.736+0000] {processor.py:840} INFO - DAG(s) 'example_short_circuit_operator' retrieved from /home/airflow/.local/lib/python3.12/site-packages/airflow/example_dags/example_short_circuit_operator.py
[2024-06-20T23:41:27.865+0000] {logging_mixin.py:188} INFO - [2024-06-20T23:41:27.865+0000] {dag.py:3096} INFO - Sync 1 DAGs
[2024-06-20T23:41:27.887+0000] {logging_mixin.py:188} INFO - [2024-06-20T23:41:27.887+0000] {dag.py:3954} INFO - Setting next_dagrun for example_short_circuit_operator to 2024-06-19 00:00:00+00:00, run_after=2024-06-20 00:00:00+00:00
[2024-06-20T23:41:27.909+0000] {processor.py:183} INFO - Processing /home/airflow/.local/lib/python3.12/site-packages/airflow/example_dags/example_short_circuit_operator.py took 0.190 seconds
[2024-06-20T23:41:58.741+0000] {processor.py:161} INFO - Started process (PID=100) to work on /home/airflow/.local/lib/python3.12/site-packages/airflow/example_dags/example_short_circuit_operator.py
[2024-06-20T23:41:58.741+0000] {processor.py:830} INFO - Processing file /home/airflow/.local/lib/python3.12/site-packages/airflow/example_dags/example_short_circuit_operator.py for tasks to queue
[2024-06-20T23:41:58.743+0000] {logging_mixin.py:188} INFO - [2024-06-20T23:41:58.743+0000] {dagbag.py:545} INFO - Filling up the DagBag from /home/airflow/.local/lib/python3.12/site-packages/airflow/example_dags/example_short_circuit_operator.py
[2024-06-20T23:41:58.749+0000] {processor.py:840} INFO - DAG(s) 'example_short_circuit_operator' retrieved from /home/airflow/.local/lib/python3.12/site-packages/airflow/example_dags/example_short_circuit_operator.py
[2024-06-20T23:41:58.768+0000] {logging_mixin.py:188} INFO - [2024-06-20T23:41:58.768+0000] {dag.py:3096} INFO - Sync 1 DAGs
[2024-06-20T23:41:58.786+0000] {logging_mixin.py:188} INFO - [2024-06-20T23:41:58.786+0000] {dag.py:3954} INFO - Setting next_dagrun for example_short_circuit_operator to 2024-06-19 00:00:00+00:00, run_after=2024-06-20 00:00:00+00:00
[2024-06-20T23:41:58.801+0000] {processor.py:183} INFO - Processing /home/airflow/.local/lib/python3.12/site-packages/airflow/example_dags/example_short_circuit_operator.py took 0.065 seconds
[2024-06-20T23:42:29.260+0000] {processor.py:161} INFO - Started process (PID=158) to work on /home/airflow/.local/lib/python3.12/site-packages/airflow/example_dags/example_short_circuit_operator.py
[2024-06-20T23:42:29.261+0000] {processor.py:830} INFO - Processing file /home/airflow/.local/lib/python3.12/site-packages/airflow/example_dags/example_short_circuit_operator.py for tasks to queue
[2024-06-20T23:42:29.263+0000] {logging_mixin.py:188} INFO - [2024-06-20T23:42:29.263+0000] {dagbag.py:545} INFO - Filling up the DagBag from /home/airflow/.local/lib/python3.12/site-packages/airflow/example_dags/example_short_circuit_operator.py
[2024-06-20T23:42:29.269+0000] {processor.py:840} INFO - DAG(s) 'example_short_circuit_operator' retrieved from /home/airflow/.local/lib/python3.12/site-packages/airflow/example_dags/example_short_circuit_operator.py
[2024-06-20T23:42:29.290+0000] {logging_mixin.py:188} INFO - [2024-06-20T23:42:29.289+0000] {dag.py:3096} INFO - Sync 1 DAGs
[2024-06-20T23:42:29.307+0000] {logging_mixin.py:188} INFO - [2024-06-20T23:42:29.307+0000] {dag.py:3954} INFO - Setting next_dagrun for example_short_circuit_operator to 2024-06-19 00:00:00+00:00, run_after=2024-06-20 00:00:00+00:00
[2024-06-20T23:42:29.324+0000] {processor.py:183} INFO - Processing /home/airflow/.local/lib/python3.12/site-packages/airflow/example_dags/example_short_circuit_operator.py took 0.068 seconds
[2024-06-20T23:42:59.349+0000] {processor.py:161} INFO - Started process (PID=216) to work on /home/airflow/.local/lib/python3.12/site-packages/airflow/example_dags/example_short_circuit_operator.py
[2024-06-20T23:42:59.350+0000] {processor.py:830} INFO - Processing file /home/airflow/.local/lib/python3.12/site-packages/airflow/example_dags/example_short_circuit_operator.py for tasks to queue
[2024-06-20T23:42:59.351+0000] {logging_mixin.py:188} INFO - [2024-06-20T23:42:59.351+0000] {dagbag.py:545} INFO - Filling up the DagBag from /home/airflow/.local/lib/python3.12/site-packages/airflow/example_dags/example_short_circuit_operator.py
[2024-06-20T23:42:59.357+0000] {processor.py:840} INFO - DAG(s) 'example_short_circuit_operator' retrieved from /home/airflow/.local/lib/python3.12/site-packages/airflow/example_dags/example_short_circuit_operator.py
[2024-06-20T23:42:59.376+0000] {logging_mixin.py:188} INFO - [2024-06-20T23:42:59.376+0000] {dag.py:3096} INFO - Sync 1 DAGs
[2024-06-20T23:42:59.392+0000] {logging_mixin.py:188} INFO - [2024-06-20T23:42:59.392+0000] {dag.py:3954} INFO - Setting next_dagrun for example_short_circuit_operator to 2024-06-19 00:00:00+00:00, run_after=2024-06-20 00:00:00+00:00
[2024-06-20T23:42:59.410+0000] {processor.py:183} INFO - Processing /home/airflow/.local/lib/python3.12/site-packages/airflow/example_dags/example_short_circuit_operator.py took 0.066 seconds
[2024-06-20T23:43:29.636+0000] {processor.py:161} INFO - Started process (PID=274) to work on /home/airflow/.local/lib/python3.12/site-packages/airflow/example_dags/example_short_circuit_operator.py
[2024-06-20T23:43:29.637+0000] {processor.py:830} INFO - Processing file /home/airflow/.local/lib/python3.12/site-packages/airflow/example_dags/example_short_circuit_operator.py for tasks to queue
[2024-06-20T23:43:29.638+0000] {logging_mixin.py:188} INFO - [2024-06-20T23:43:29.638+0000] {dagbag.py:545} INFO - Filling up the DagBag from /home/airflow/.local/lib/python3.12/site-packages/airflow/example_dags/example_short_circuit_operator.py
[2024-06-20T23:43:29.644+0000] {processor.py:840} INFO - DAG(s) 'example_short_circuit_operator' retrieved from /home/airflow/.local/lib/python3.12/site-packages/airflow/example_dags/example_short_circuit_operator.py
[2024-06-20T23:43:29.663+0000] {logging_mixin.py:188} INFO - [2024-06-20T23:43:29.662+0000] {dag.py:3096} INFO - Sync 1 DAGs
[2024-06-20T23:43:29.679+0000] {logging_mixin.py:188} INFO - [2024-06-20T23:43:29.678+0000] {dag.py:3954} INFO - Setting next_dagrun for example_short_circuit_operator to 2024-06-19 00:00:00+00:00, run_after=2024-06-20 00:00:00+00:00
[2024-06-20T23:43:29.696+0000] {processor.py:183} INFO - Processing /home/airflow/.local/lib/python3.12/site-packages/airflow/example_dags/example_short_circuit_operator.py took 0.064 seconds
[2024-06-20T23:44:00.365+0000] {processor.py:161} INFO - Started process (PID=332) to work on /home/airflow/.local/lib/python3.12/site-packages/airflow/example_dags/example_short_circuit_operator.py
[2024-06-20T23:44:00.366+0000] {processor.py:830} INFO - Processing file /home/airflow/.local/lib/python3.12/site-packages/airflow/example_dags/example_short_circuit_operator.py for tasks to queue
[2024-06-20T23:44:00.369+0000] {logging_mixin.py:188} INFO - [2024-06-20T23:44:00.369+0000] {dagbag.py:545} INFO - Filling up the DagBag from /home/airflow/.local/lib/python3.12/site-packages/airflow/example_dags/example_short_circuit_operator.py
[2024-06-20T23:44:00.377+0000] {processor.py:840} INFO - DAG(s) 'example_short_circuit_operator' retrieved from /home/airflow/.local/lib/python3.12/site-packages/airflow/example_dags/example_short_circuit_operator.py
[2024-06-20T23:44:00.398+0000] {logging_mixin.py:188} INFO - [2024-06-20T23:44:00.398+0000] {dag.py:3096} INFO - Sync 1 DAGs
[2024-06-20T23:44:00.418+0000] {logging_mixin.py:188} INFO - [2024-06-20T23:44:00.418+0000] {dag.py:3954} INFO - Setting next_dagrun for example_short_circuit_operator to 2024-06-19 00:00:00+00:00, run_after=2024-06-20 00:00:00+00:00
[2024-06-20T23:44:00.435+0000] {processor.py:183} INFO - Processing /home/airflow/.local/lib/python3.12/site-packages/airflow/example_dags/example_short_circuit_operator.py took 0.077 seconds
[2024-06-20T23:44:30.864+0000] {processor.py:161} INFO - Started process (PID=390) to work on /home/airflow/.local/lib/python3.12/site-packages/airflow/example_dags/example_short_circuit_operator.py
[2024-06-20T23:44:30.865+0000] {processor.py:830} INFO - Processing file /home/airflow/.local/lib/python3.12/site-packages/airflow/example_dags/example_short_circuit_operator.py for tasks to queue
[2024-06-20T23:44:30.866+0000] {logging_mixin.py:188} INFO - [2024-06-20T23:44:30.866+0000] {dagbag.py:545} INFO - Filling up the DagBag from /home/airflow/.local/lib/python3.12/site-packages/airflow/example_dags/example_short_circuit_operator.py
[2024-06-20T23:44:30.873+0000] {processor.py:840} INFO - DAG(s) 'example_short_circuit_operator' retrieved from /home/airflow/.local/lib/python3.12/site-packages/airflow/example_dags/example_short_circuit_operator.py
[2024-06-20T23:44:30.893+0000] {logging_mixin.py:188} INFO - [2024-06-20T23:44:30.893+0000] {dag.py:3096} INFO - Sync 1 DAGs
[2024-06-20T23:44:30.912+0000] {logging_mixin.py:188} INFO - [2024-06-20T23:44:30.912+0000] {dag.py:3954} INFO - Setting next_dagrun for example_short_circuit_operator to 2024-06-19 00:00:00+00:00, run_after=2024-06-20 00:00:00+00:00
[2024-06-20T23:44:30.928+0000] {processor.py:183} INFO - Processing /home/airflow/.local/lib/python3.12/site-packages/airflow/example_dags/example_short_circuit_operator.py took 0.069 seconds
[2024-06-20T23:45:01.532+0000] {processor.py:161} INFO - Started process (PID=448) to work on /home/airflow/.local/lib/python3.12/site-packages/airflow/example_dags/example_short_circuit_operator.py
[2024-06-20T23:45:01.533+0000] {processor.py:830} INFO - Processing file /home/airflow/.local/lib/python3.12/site-packages/airflow/example_dags/example_short_circuit_operator.py for tasks to queue
[2024-06-20T23:45:01.535+0000] {logging_mixin.py:188} INFO - [2024-06-20T23:45:01.534+0000] {dagbag.py:545} INFO - Filling up the DagBag from /home/airflow/.local/lib/python3.12/site-packages/airflow/example_dags/example_short_circuit_operator.py
[2024-06-20T23:45:01.541+0000] {processor.py:840} INFO - DAG(s) 'example_short_circuit_operator' retrieved from /home/airflow/.local/lib/python3.12/site-packages/airflow/example_dags/example_short_circuit_operator.py
[2024-06-20T23:45:01.559+0000] {logging_mixin.py:188} INFO - [2024-06-20T23:45:01.559+0000] {dag.py:3096} INFO - Sync 1 DAGs
[2024-06-20T23:45:01.576+0000] {logging_mixin.py:188} INFO - [2024-06-20T23:45:01.576+0000] {dag.py:3954} INFO - Setting next_dagrun for example_short_circuit_operator to 2024-06-19 00:00:00+00:00, run_after=2024-06-20 00:00:00+00:00
[2024-06-20T23:45:01.591+0000] {processor.py:183} INFO - Processing /home/airflow/.local/lib/python3.12/site-packages/airflow/example_dags/example_short_circuit_operator.py took 0.064 seconds
[2024-06-20T23:45:32.107+0000] {processor.py:161} INFO - Started process (PID=506) to work on /home/airflow/.local/lib/python3.12/site-packages/airflow/example_dags/example_short_circuit_operator.py
[2024-06-20T23:45:32.108+0000] {processor.py:830} INFO - Processing file /home/airflow/.local/lib/python3.12/site-packages/airflow/example_dags/example_short_circuit_operator.py for tasks to queue
[2024-06-20T23:45:32.110+0000] {logging_mixin.py:188} INFO - [2024-06-20T23:45:32.110+0000] {dagbag.py:545} INFO - Filling up the DagBag from /home/airflow/.local/lib/python3.12/site-packages/airflow/example_dags/example_short_circuit_operator.py
[2024-06-20T23:45:32.115+0000] {processor.py:840} INFO - DAG(s) 'example_short_circuit_operator' retrieved from /home/airflow/.local/lib/python3.12/site-packages/airflow/example_dags/example_short_circuit_operator.py
[2024-06-20T23:45:32.133+0000] {logging_mixin.py:188} INFO - [2024-06-20T23:45:32.133+0000] {dag.py:3096} INFO - Sync 1 DAGs
[2024-06-20T23:45:32.152+0000] {logging_mixin.py:188} INFO - [2024-06-20T23:45:32.152+0000] {dag.py:3954} INFO - Setting next_dagrun for example_short_circuit_operator to 2024-06-19 00:00:00+00:00, run_after=2024-06-20 00:00:00+00:00
[2024-06-20T23:45:32.173+0000] {processor.py:183} INFO - Processing /home/airflow/.local/lib/python3.12/site-packages/airflow/example_dags/example_short_circuit_operator.py took 0.070 seconds
[2024-06-20T23:46:02.203+0000] {processor.py:161} INFO - Started process (PID=564) to work on /home/airflow/.local/lib/python3.12/site-packages/airflow/example_dags/example_short_circuit_operator.py
[2024-06-20T23:46:02.204+0000] {processor.py:830} INFO - Processing file /home/airflow/.local/lib/python3.12/site-packages/airflow/example_dags/example_short_circuit_operator.py for tasks to queue
[2024-06-20T23:46:02.206+0000] {logging_mixin.py:188} INFO - [2024-06-20T23:46:02.206+0000] {dagbag.py:545} INFO - Filling up the DagBag from /home/airflow/.local/lib/python3.12/site-packages/airflow/example_dags/example_short_circuit_operator.py
[2024-06-20T23:46:02.212+0000] {processor.py:840} INFO - DAG(s) 'example_short_circuit_operator' retrieved from /home/airflow/.local/lib/python3.12/site-packages/airflow/example_dags/example_short_circuit_operator.py
[2024-06-20T23:46:02.231+0000] {logging_mixin.py:188} INFO - [2024-06-20T23:46:02.231+0000] {dag.py:3096} INFO - Sync 1 DAGs
[2024-06-20T23:46:02.247+0000] {logging_mixin.py:188} INFO - [2024-06-20T23:46:02.247+0000] {dag.py:3954} INFO - Setting next_dagrun for example_short_circuit_operator to 2024-06-19 00:00:00+00:00, run_after=2024-06-20 00:00:00+00:00
[2024-06-20T23:46:02.263+0000] {processor.py:183} INFO - Processing /home/airflow/.local/lib/python3.12/site-packages/airflow/example_dags/example_short_circuit_operator.py took 0.065 seconds
[2024-06-20T23:46:32.663+0000] {processor.py:161} INFO - Started process (PID=622) to work on /home/airflow/.local/lib/python3.12/site-packages/airflow/example_dags/example_short_circuit_operator.py
[2024-06-20T23:46:32.663+0000] {processor.py:830} INFO - Processing file /home/airflow/.local/lib/python3.12/site-packages/airflow/example_dags/example_short_circuit_operator.py for tasks to queue
[2024-06-20T23:46:32.665+0000] {logging_mixin.py:188} INFO - [2024-06-20T23:46:32.665+0000] {dagbag.py:545} INFO - Filling up the DagBag from /home/airflow/.local/lib/python3.12/site-packages/airflow/example_dags/example_short_circuit_operator.py
[2024-06-20T23:46:32.671+0000] {processor.py:840} INFO - DAG(s) 'example_short_circuit_operator' retrieved from /home/airflow/.local/lib/python3.12/site-packages/airflow/example_dags/example_short_circuit_operator.py
[2024-06-20T23:46:32.691+0000] {logging_mixin.py:188} INFO - [2024-06-20T23:46:32.691+0000] {dag.py:3096} INFO - Sync 1 DAGs
[2024-06-20T23:46:32.708+0000] {logging_mixin.py:188} INFO - [2024-06-20T23:46:32.707+0000] {dag.py:3954} INFO - Setting next_dagrun for example_short_circuit_operator to 2024-06-19 00:00:00+00:00, run_after=2024-06-20 00:00:00+00:00
[2024-06-20T23:46:32.722+0000] {processor.py:183} INFO - Processing /home/airflow/.local/lib/python3.12/site-packages/airflow/example_dags/example_short_circuit_operator.py took 0.065 seconds
[2024-06-20T23:47:03.279+0000] {processor.py:161} INFO - Started process (PID=680) to work on /home/airflow/.local/lib/python3.12/site-packages/airflow/example_dags/example_short_circuit_operator.py
[2024-06-20T23:47:03.280+0000] {processor.py:830} INFO - Processing file /home/airflow/.local/lib/python3.12/site-packages/airflow/example_dags/example_short_circuit_operator.py for tasks to queue
[2024-06-20T23:47:03.282+0000] {logging_mixin.py:188} INFO - [2024-06-20T23:47:03.282+0000] {dagbag.py:545} INFO - Filling up the DagBag from /home/airflow/.local/lib/python3.12/site-packages/airflow/example_dags/example_short_circuit_operator.py
[2024-06-20T23:47:03.287+0000] {processor.py:840} INFO - DAG(s) 'example_short_circuit_operator' retrieved from /home/airflow/.local/lib/python3.12/site-packages/airflow/example_dags/example_short_circuit_operator.py
[2024-06-20T23:47:03.307+0000] {logging_mixin.py:188} INFO - [2024-06-20T23:47:03.307+0000] {dag.py:3096} INFO - Sync 1 DAGs
[2024-06-20T23:47:03.323+0000] {logging_mixin.py:188} INFO - [2024-06-20T23:47:03.323+0000] {dag.py:3954} INFO - Setting next_dagrun for example_short_circuit_operator to 2024-06-19 00:00:00+00:00, run_after=2024-06-20 00:00:00+00:00
[2024-06-20T23:47:03.339+0000] {processor.py:183} INFO - Processing /home/airflow/.local/lib/python3.12/site-packages/airflow/example_dags/example_short_circuit_operator.py took 0.065 seconds
[2024-06-20T23:47:33.860+0000] {processor.py:161} INFO - Started process (PID=738) to work on /home/airflow/.local/lib/python3.12/site-packages/airflow/example_dags/example_short_circuit_operator.py
[2024-06-20T23:47:33.861+0000] {processor.py:830} INFO - Processing file /home/airflow/.local/lib/python3.12/site-packages/airflow/example_dags/example_short_circuit_operator.py for tasks to queue
[2024-06-20T23:47:33.863+0000] {logging_mixin.py:188} INFO - [2024-06-20T23:47:33.862+0000] {dagbag.py:545} INFO - Filling up the DagBag from /home/airflow/.local/lib/python3.12/site-packages/airflow/example_dags/example_short_circuit_operator.py
[2024-06-20T23:47:33.868+0000] {processor.py:840} INFO - DAG(s) 'example_short_circuit_operator' retrieved from /home/airflow/.local/lib/python3.12/site-packages/airflow/example_dags/example_short_circuit_operator.py
[2024-06-20T23:47:33.886+0000] {logging_mixin.py:188} INFO - [2024-06-20T23:47:33.886+0000] {dag.py:3096} INFO - Sync 1 DAGs
[2024-06-20T23:47:33.903+0000] {logging_mixin.py:188} INFO - [2024-06-20T23:47:33.902+0000] {dag.py:3954} INFO - Setting next_dagrun for example_short_circuit_operator to 2024-06-19 00:00:00+00:00, run_after=2024-06-20 00:00:00+00:00
[2024-06-20T23:47:33.918+0000] {processor.py:183} INFO - Processing /home/airflow/.local/lib/python3.12/site-packages/airflow/example_dags/example_short_circuit_operator.py took 0.062 seconds
[2024-06-20T23:48:04.405+0000] {processor.py:161} INFO - Started process (PID=796) to work on /home/airflow/.local/lib/python3.12/site-packages/airflow/example_dags/example_short_circuit_operator.py
[2024-06-20T23:48:04.406+0000] {processor.py:830} INFO - Processing file /home/airflow/.local/lib/python3.12/site-packages/airflow/example_dags/example_short_circuit_operator.py for tasks to queue
[2024-06-20T23:48:04.407+0000] {logging_mixin.py:188} INFO - [2024-06-20T23:48:04.407+0000] {dagbag.py:545} INFO - Filling up the DagBag from /home/airflow/.local/lib/python3.12/site-packages/airflow/example_dags/example_short_circuit_operator.py
[2024-06-20T23:48:04.413+0000] {processor.py:840} INFO - DAG(s) 'example_short_circuit_operator' retrieved from /home/airflow/.local/lib/python3.12/site-packages/airflow/example_dags/example_short_circuit_operator.py
[2024-06-20T23:48:04.433+0000] {logging_mixin.py:188} INFO - [2024-06-20T23:48:04.432+0000] {dag.py:3096} INFO - Sync 1 DAGs
[2024-06-20T23:48:04.449+0000] {logging_mixin.py:188} INFO - [2024-06-20T23:48:04.449+0000] {dag.py:3954} INFO - Setting next_dagrun for example_short_circuit_operator to 2024-06-19 00:00:00+00:00, run_after=2024-06-20 00:00:00+00:00
[2024-06-20T23:48:04.464+0000] {processor.py:183} INFO - Processing /home/airflow/.local/lib/python3.12/site-packages/airflow/example_dags/example_short_circuit_operator.py took 0.064 seconds
[2024-06-20T23:48:34.986+0000] {processor.py:161} INFO - Started process (PID=854) to work on /home/airflow/.local/lib/python3.12/site-packages/airflow/example_dags/example_short_circuit_operator.py
[2024-06-20T23:48:34.987+0000] {processor.py:830} INFO - Processing file /home/airflow/.local/lib/python3.12/site-packages/airflow/example_dags/example_short_circuit_operator.py for tasks to queue
[2024-06-20T23:48:34.988+0000] {logging_mixin.py:188} INFO - [2024-06-20T23:48:34.988+0000] {dagbag.py:545} INFO - Filling up the DagBag from /home/airflow/.local/lib/python3.12/site-packages/airflow/example_dags/example_short_circuit_operator.py
[2024-06-20T23:48:34.994+0000] {processor.py:840} INFO - DAG(s) 'example_short_circuit_operator' retrieved from /home/airflow/.local/lib/python3.12/site-packages/airflow/example_dags/example_short_circuit_operator.py
[2024-06-20T23:48:35.013+0000] {logging_mixin.py:188} INFO - [2024-06-20T23:48:35.013+0000] {dag.py:3096} INFO - Sync 1 DAGs
[2024-06-20T23:48:35.028+0000] {logging_mixin.py:188} INFO - [2024-06-20T23:48:35.028+0000] {dag.py:3954} INFO - Setting next_dagrun for example_short_circuit_operator to 2024-06-19 00:00:00+00:00, run_after=2024-06-20 00:00:00+00:00
[2024-06-20T23:48:35.045+0000] {processor.py:183} INFO - Processing /home/airflow/.local/lib/python3.12/site-packages/airflow/example_dags/example_short_circuit_operator.py took 0.064 seconds
[2024-06-20T23:49:05.475+0000] {processor.py:161} INFO - Started process (PID=912) to work on /home/airflow/.local/lib/python3.12/site-packages/airflow/example_dags/example_short_circuit_operator.py
[2024-06-20T23:49:05.476+0000] {processor.py:830} INFO - Processing file /home/airflow/.local/lib/python3.12/site-packages/airflow/example_dags/example_short_circuit_operator.py for tasks to queue
[2024-06-20T23:49:05.478+0000] {logging_mixin.py:188} INFO - [2024-06-20T23:49:05.478+0000] {dagbag.py:545} INFO - Filling up the DagBag from /home/airflow/.local/lib/python3.12/site-packages/airflow/example_dags/example_short_circuit_operator.py
[2024-06-20T23:49:05.483+0000] {processor.py:840} INFO - DAG(s) 'example_short_circuit_operator' retrieved from /home/airflow/.local/lib/python3.12/site-packages/airflow/example_dags/example_short_circuit_operator.py
[2024-06-20T23:49:05.501+0000] {logging_mixin.py:188} INFO - [2024-06-20T23:49:05.501+0000] {dag.py:3096} INFO - Sync 1 DAGs
[2024-06-20T23:49:05.518+0000] {logging_mixin.py:188} INFO - [2024-06-20T23:49:05.518+0000] {dag.py:3954} INFO - Setting next_dagrun for example_short_circuit_operator to 2024-06-19 00:00:00+00:00, run_after=2024-06-20 00:00:00+00:00
[2024-06-20T23:49:05.532+0000] {processor.py:183} INFO - Processing /home/airflow/.local/lib/python3.12/site-packages/airflow/example_dags/example_short_circuit_operator.py took 0.061 seconds
[2024-06-20T23:49:36.089+0000] {processor.py:161} INFO - Started process (PID=970) to work on /home/airflow/.local/lib/python3.12/site-packages/airflow/example_dags/example_short_circuit_operator.py
[2024-06-20T23:49:36.090+0000] {processor.py:830} INFO - Processing file /home/airflow/.local/lib/python3.12/site-packages/airflow/example_dags/example_short_circuit_operator.py for tasks to queue
[2024-06-20T23:49:36.092+0000] {logging_mixin.py:188} INFO - [2024-06-20T23:49:36.091+0000] {dagbag.py:545} INFO - Filling up the DagBag from /home/airflow/.local/lib/python3.12/site-packages/airflow/example_dags/example_short_circuit_operator.py
[2024-06-20T23:49:36.097+0000] {processor.py:840} INFO - DAG(s) 'example_short_circuit_operator' retrieved from /home/airflow/.local/lib/python3.12/site-packages/airflow/example_dags/example_short_circuit_operator.py
[2024-06-20T23:49:36.116+0000] {logging_mixin.py:188} INFO - [2024-06-20T23:49:36.116+0000] {dag.py:3096} INFO - Sync 1 DAGs
[2024-06-20T23:49:36.132+0000] {logging_mixin.py:188} INFO - [2024-06-20T23:49:36.132+0000] {dag.py:3954} INFO - Setting next_dagrun for example_short_circuit_operator to 2024-06-19 00:00:00+00:00, run_after=2024-06-20 00:00:00+00:00
[2024-06-20T23:49:36.147+0000] {processor.py:183} INFO - Processing /home/airflow/.local/lib/python3.12/site-packages/airflow/example_dags/example_short_circuit_operator.py took 0.063 seconds
[2024-06-20T23:50:06.731+0000] {processor.py:161} INFO - Started process (PID=1028) to work on /home/airflow/.local/lib/python3.12/site-packages/airflow/example_dags/example_short_circuit_operator.py
[2024-06-20T23:50:06.732+0000] {processor.py:830} INFO - Processing file /home/airflow/.local/lib/python3.12/site-packages/airflow/example_dags/example_short_circuit_operator.py for tasks to queue
[2024-06-20T23:50:06.733+0000] {logging_mixin.py:188} INFO - [2024-06-20T23:50:06.733+0000] {dagbag.py:545} INFO - Filling up the DagBag from /home/airflow/.local/lib/python3.12/site-packages/airflow/example_dags/example_short_circuit_operator.py
[2024-06-20T23:50:06.739+0000] {processor.py:840} INFO - DAG(s) 'example_short_circuit_operator' retrieved from /home/airflow/.local/lib/python3.12/site-packages/airflow/example_dags/example_short_circuit_operator.py
[2024-06-20T23:50:06.757+0000] {logging_mixin.py:188} INFO - [2024-06-20T23:50:06.757+0000] {dag.py:3096} INFO - Sync 1 DAGs
[2024-06-20T23:50:06.773+0000] {logging_mixin.py:188} INFO - [2024-06-20T23:50:06.773+0000] {dag.py:3954} INFO - Setting next_dagrun for example_short_circuit_operator to 2024-06-19 00:00:00+00:00, run_after=2024-06-20 00:00:00+00:00
[2024-06-20T23:50:06.789+0000] {processor.py:183} INFO - Processing /home/airflow/.local/lib/python3.12/site-packages/airflow/example_dags/example_short_circuit_operator.py took 0.062 seconds
[2024-06-20T23:50:37.367+0000] {processor.py:161} INFO - Started process (PID=1086) to work on /home/airflow/.local/lib/python3.12/site-packages/airflow/example_dags/example_short_circuit_operator.py
[2024-06-20T23:50:37.368+0000] {processor.py:830} INFO - Processing file /home/airflow/.local/lib/python3.12/site-packages/airflow/example_dags/example_short_circuit_operator.py for tasks to queue
[2024-06-20T23:50:37.369+0000] {logging_mixin.py:188} INFO - [2024-06-20T23:50:37.369+0000] {dagbag.py:545} INFO - Filling up the DagBag from /home/airflow/.local/lib/python3.12/site-packages/airflow/example_dags/example_short_circuit_operator.py
[2024-06-20T23:50:37.376+0000] {processor.py:840} INFO - DAG(s) 'example_short_circuit_operator' retrieved from /home/airflow/.local/lib/python3.12/site-packages/airflow/example_dags/example_short_circuit_operator.py
[2024-06-20T23:50:37.395+0000] {logging_mixin.py:188} INFO - [2024-06-20T23:50:37.395+0000] {dag.py:3096} INFO - Sync 1 DAGs
[2024-06-20T23:50:37.415+0000] {logging_mixin.py:188} INFO - [2024-06-20T23:50:37.415+0000] {dag.py:3954} INFO - Setting next_dagrun for example_short_circuit_operator to 2024-06-19 00:00:00+00:00, run_after=2024-06-20 00:00:00+00:00
[2024-06-20T23:50:37.432+0000] {processor.py:183} INFO - Processing /home/airflow/.local/lib/python3.12/site-packages/airflow/example_dags/example_short_circuit_operator.py took 0.070 seconds
[2024-06-20T23:51:07.514+0000] {processor.py:161} INFO - Started process (PID=1144) to work on /home/airflow/.local/lib/python3.12/site-packages/airflow/example_dags/example_short_circuit_operator.py
[2024-06-20T23:51:07.515+0000] {processor.py:830} INFO - Processing file /home/airflow/.local/lib/python3.12/site-packages/airflow/example_dags/example_short_circuit_operator.py for tasks to queue
[2024-06-20T23:51:07.517+0000] {logging_mixin.py:188} INFO - [2024-06-20T23:51:07.516+0000] {dagbag.py:545} INFO - Filling up the DagBag from /home/airflow/.local/lib/python3.12/site-packages/airflow/example_dags/example_short_circuit_operator.py
[2024-06-20T23:51:07.523+0000] {processor.py:840} INFO - DAG(s) 'example_short_circuit_operator' retrieved from /home/airflow/.local/lib/python3.12/site-packages/airflow/example_dags/example_short_circuit_operator.py
[2024-06-20T23:51:07.545+0000] {logging_mixin.py:188} INFO - [2024-06-20T23:51:07.545+0000] {dag.py:3096} INFO - Sync 1 DAGs
[2024-06-20T23:51:07.564+0000] {logging_mixin.py:188} INFO - [2024-06-20T23:51:07.564+0000] {dag.py:3954} INFO - Setting next_dagrun for example_short_circuit_operator to 2024-06-19 00:00:00+00:00, run_after=2024-06-20 00:00:00+00:00
[2024-06-20T23:51:07.581+0000] {processor.py:183} INFO - Processing /home/airflow/.local/lib/python3.12/site-packages/airflow/example_dags/example_short_circuit_operator.py took 0.072 seconds
[2024-06-20T23:51:37.767+0000] {processor.py:161} INFO - Started process (PID=1202) to work on /home/airflow/.local/lib/python3.12/site-packages/airflow/example_dags/example_short_circuit_operator.py
[2024-06-20T23:51:37.768+0000] {processor.py:830} INFO - Processing file /home/airflow/.local/lib/python3.12/site-packages/airflow/example_dags/example_short_circuit_operator.py for tasks to queue
[2024-06-20T23:51:37.769+0000] {logging_mixin.py:188} INFO - [2024-06-20T23:51:37.769+0000] {dagbag.py:545} INFO - Filling up the DagBag from /home/airflow/.local/lib/python3.12/site-packages/airflow/example_dags/example_short_circuit_operator.py
[2024-06-20T23:51:37.776+0000] {processor.py:840} INFO - DAG(s) 'example_short_circuit_operator' retrieved from /home/airflow/.local/lib/python3.12/site-packages/airflow/example_dags/example_short_circuit_operator.py
[2024-06-20T23:51:37.797+0000] {logging_mixin.py:188} INFO - [2024-06-20T23:51:37.797+0000] {dag.py:3096} INFO - Sync 1 DAGs
[2024-06-20T23:51:37.816+0000] {logging_mixin.py:188} INFO - [2024-06-20T23:51:37.816+0000] {dag.py:3954} INFO - Setting next_dagrun for example_short_circuit_operator to 2024-06-19 00:00:00+00:00, run_after=2024-06-20 00:00:00+00:00
[2024-06-20T23:51:37.835+0000] {processor.py:183} INFO - Processing /home/airflow/.local/lib/python3.12/site-packages/airflow/example_dags/example_short_circuit_operator.py took 0.073 seconds
[2024-06-20T23:52:08.054+0000] {processor.py:161} INFO - Started process (PID=1260) to work on /home/airflow/.local/lib/python3.12/site-packages/airflow/example_dags/example_short_circuit_operator.py
[2024-06-20T23:52:08.054+0000] {processor.py:830} INFO - Processing file /home/airflow/.local/lib/python3.12/site-packages/airflow/example_dags/example_short_circuit_operator.py for tasks to queue
[2024-06-20T23:52:08.056+0000] {logging_mixin.py:188} INFO - [2024-06-20T23:52:08.056+0000] {dagbag.py:545} INFO - Filling up the DagBag from /home/airflow/.local/lib/python3.12/site-packages/airflow/example_dags/example_short_circuit_operator.py
[2024-06-20T23:52:08.064+0000] {processor.py:840} INFO - DAG(s) 'example_short_circuit_operator' retrieved from /home/airflow/.local/lib/python3.12/site-packages/airflow/example_dags/example_short_circuit_operator.py
[2024-06-20T23:52:08.085+0000] {logging_mixin.py:188} INFO - [2024-06-20T23:52:08.084+0000] {dag.py:3096} INFO - Sync 1 DAGs
[2024-06-20T23:52:08.106+0000] {logging_mixin.py:188} INFO - [2024-06-20T23:52:08.106+0000] {dag.py:3954} INFO - Setting next_dagrun for example_short_circuit_operator to 2024-06-19 00:00:00+00:00, run_after=2024-06-20 00:00:00+00:00
[2024-06-20T23:52:08.124+0000] {processor.py:183} INFO - Processing /home/airflow/.local/lib/python3.12/site-packages/airflow/example_dags/example_short_circuit_operator.py took 0.075 seconds
[2024-06-20T23:52:38.541+0000] {processor.py:161} INFO - Started process (PID=1318) to work on /home/airflow/.local/lib/python3.12/site-packages/airflow/example_dags/example_short_circuit_operator.py
[2024-06-20T23:52:38.542+0000] {processor.py:830} INFO - Processing file /home/airflow/.local/lib/python3.12/site-packages/airflow/example_dags/example_short_circuit_operator.py for tasks to queue
[2024-06-20T23:52:38.544+0000] {logging_mixin.py:188} INFO - [2024-06-20T23:52:38.544+0000] {dagbag.py:545} INFO - Filling up the DagBag from /home/airflow/.local/lib/python3.12/site-packages/airflow/example_dags/example_short_circuit_operator.py
[2024-06-20T23:52:38.556+0000] {processor.py:840} INFO - DAG(s) 'example_short_circuit_operator' retrieved from /home/airflow/.local/lib/python3.12/site-packages/airflow/example_dags/example_short_circuit_operator.py
[2024-06-20T23:52:38.580+0000] {logging_mixin.py:188} INFO - [2024-06-20T23:52:38.580+0000] {dag.py:3096} INFO - Sync 1 DAGs
[2024-06-20T23:52:38.604+0000] {logging_mixin.py:188} INFO - [2024-06-20T23:52:38.604+0000] {dag.py:3954} INFO - Setting next_dagrun for example_short_circuit_operator to 2024-06-19 00:00:00+00:00, run_after=2024-06-20 00:00:00+00:00
[2024-06-20T23:52:38.620+0000] {processor.py:183} INFO - Processing /home/airflow/.local/lib/python3.12/site-packages/airflow/example_dags/example_short_circuit_operator.py took 0.085 seconds
[2024-06-20T23:53:08.677+0000] {processor.py:161} INFO - Started process (PID=1376) to work on /home/airflow/.local/lib/python3.12/site-packages/airflow/example_dags/example_short_circuit_operator.py
[2024-06-20T23:53:08.678+0000] {processor.py:830} INFO - Processing file /home/airflow/.local/lib/python3.12/site-packages/airflow/example_dags/example_short_circuit_operator.py for tasks to queue
[2024-06-20T23:53:08.680+0000] {logging_mixin.py:188} INFO - [2024-06-20T23:53:08.680+0000] {dagbag.py:545} INFO - Filling up the DagBag from /home/airflow/.local/lib/python3.12/site-packages/airflow/example_dags/example_short_circuit_operator.py
[2024-06-20T23:53:08.686+0000] {processor.py:840} INFO - DAG(s) 'example_short_circuit_operator' retrieved from /home/airflow/.local/lib/python3.12/site-packages/airflow/example_dags/example_short_circuit_operator.py
[2024-06-20T23:53:08.706+0000] {logging_mixin.py:188} INFO - [2024-06-20T23:53:08.706+0000] {dag.py:3096} INFO - Sync 1 DAGs
[2024-06-20T23:53:08.725+0000] {logging_mixin.py:188} INFO - [2024-06-20T23:53:08.724+0000] {dag.py:3954} INFO - Setting next_dagrun for example_short_circuit_operator to 2024-06-19 00:00:00+00:00, run_after=2024-06-20 00:00:00+00:00
[2024-06-20T23:53:08.740+0000] {processor.py:183} INFO - Processing /home/airflow/.local/lib/python3.12/site-packages/airflow/example_dags/example_short_circuit_operator.py took 0.068 seconds
[2024-06-20T23:53:38.867+0000] {processor.py:161} INFO - Started process (PID=1434) to work on /home/airflow/.local/lib/python3.12/site-packages/airflow/example_dags/example_short_circuit_operator.py
[2024-06-20T23:53:38.868+0000] {processor.py:830} INFO - Processing file /home/airflow/.local/lib/python3.12/site-packages/airflow/example_dags/example_short_circuit_operator.py for tasks to queue
[2024-06-20T23:53:38.870+0000] {logging_mixin.py:188} INFO - [2024-06-20T23:53:38.870+0000] {dagbag.py:545} INFO - Filling up the DagBag from /home/airflow/.local/lib/python3.12/site-packages/airflow/example_dags/example_short_circuit_operator.py
[2024-06-20T23:53:38.876+0000] {processor.py:840} INFO - DAG(s) 'example_short_circuit_operator' retrieved from /home/airflow/.local/lib/python3.12/site-packages/airflow/example_dags/example_short_circuit_operator.py
[2024-06-20T23:53:38.894+0000] {logging_mixin.py:188} INFO - [2024-06-20T23:53:38.894+0000] {dag.py:3096} INFO - Sync 1 DAGs
[2024-06-20T23:53:38.912+0000] {logging_mixin.py:188} INFO - [2024-06-20T23:53:38.911+0000] {dag.py:3954} INFO - Setting next_dagrun for example_short_circuit_operator to 2024-06-19 00:00:00+00:00, run_after=2024-06-20 00:00:00+00:00
[2024-06-20T23:53:38.928+0000] {processor.py:183} INFO - Processing /home/airflow/.local/lib/python3.12/site-packages/airflow/example_dags/example_short_circuit_operator.py took 0.065 seconds
[2024-06-20T23:54:09.033+0000] {processor.py:161} INFO - Started process (PID=1492) to work on /home/airflow/.local/lib/python3.12/site-packages/airflow/example_dags/example_short_circuit_operator.py
[2024-06-20T23:54:09.034+0000] {processor.py:830} INFO - Processing file /home/airflow/.local/lib/python3.12/site-packages/airflow/example_dags/example_short_circuit_operator.py for tasks to queue
[2024-06-20T23:54:09.036+0000] {logging_mixin.py:188} INFO - [2024-06-20T23:54:09.036+0000] {dagbag.py:545} INFO - Filling up the DagBag from /home/airflow/.local/lib/python3.12/site-packages/airflow/example_dags/example_short_circuit_operator.py
[2024-06-20T23:54:09.042+0000] {processor.py:840} INFO - DAG(s) 'example_short_circuit_operator' retrieved from /home/airflow/.local/lib/python3.12/site-packages/airflow/example_dags/example_short_circuit_operator.py
[2024-06-20T23:54:09.060+0000] {logging_mixin.py:188} INFO - [2024-06-20T23:54:09.060+0000] {dag.py:3096} INFO - Sync 1 DAGs
[2024-06-20T23:54:09.077+0000] {logging_mixin.py:188} INFO - [2024-06-20T23:54:09.077+0000] {dag.py:3954} INFO - Setting next_dagrun for example_short_circuit_operator to 2024-06-19 00:00:00+00:00, run_after=2024-06-20 00:00:00+00:00
[2024-06-20T23:54:09.093+0000] {processor.py:183} INFO - Processing /home/airflow/.local/lib/python3.12/site-packages/airflow/example_dags/example_short_circuit_operator.py took 0.064 seconds
[2024-06-20T23:54:39.238+0000] {processor.py:161} INFO - Started process (PID=1550) to work on /home/airflow/.local/lib/python3.12/site-packages/airflow/example_dags/example_short_circuit_operator.py
[2024-06-20T23:54:39.239+0000] {processor.py:830} INFO - Processing file /home/airflow/.local/lib/python3.12/site-packages/airflow/example_dags/example_short_circuit_operator.py for tasks to queue
[2024-06-20T23:54:39.241+0000] {logging_mixin.py:188} INFO - [2024-06-20T23:54:39.240+0000] {dagbag.py:545} INFO - Filling up the DagBag from /home/airflow/.local/lib/python3.12/site-packages/airflow/example_dags/example_short_circuit_operator.py
[2024-06-20T23:54:39.249+0000] {processor.py:840} INFO - DAG(s) 'example_short_circuit_operator' retrieved from /home/airflow/.local/lib/python3.12/site-packages/airflow/example_dags/example_short_circuit_operator.py
[2024-06-20T23:54:39.271+0000] {logging_mixin.py:188} INFO - [2024-06-20T23:54:39.271+0000] {dag.py:3096} INFO - Sync 1 DAGs
[2024-06-20T23:54:39.291+0000] {logging_mixin.py:188} INFO - [2024-06-20T23:54:39.291+0000] {dag.py:3954} INFO - Setting next_dagrun for example_short_circuit_operator to 2024-06-19 00:00:00+00:00, run_after=2024-06-20 00:00:00+00:00
[2024-06-20T23:54:39.308+0000] {processor.py:183} INFO - Processing /home/airflow/.local/lib/python3.12/site-packages/airflow/example_dags/example_short_circuit_operator.py took 0.075 seconds
[2024-06-20T23:55:09.541+0000] {processor.py:161} INFO - Started process (PID=1608) to work on /home/airflow/.local/lib/python3.12/site-packages/airflow/example_dags/example_short_circuit_operator.py
[2024-06-20T23:55:09.542+0000] {processor.py:830} INFO - Processing file /home/airflow/.local/lib/python3.12/site-packages/airflow/example_dags/example_short_circuit_operator.py for tasks to queue
[2024-06-20T23:55:09.544+0000] {logging_mixin.py:188} INFO - [2024-06-20T23:55:09.543+0000] {dagbag.py:545} INFO - Filling up the DagBag from /home/airflow/.local/lib/python3.12/site-packages/airflow/example_dags/example_short_circuit_operator.py
[2024-06-20T23:55:09.550+0000] {processor.py:840} INFO - DAG(s) 'example_short_circuit_operator' retrieved from /home/airflow/.local/lib/python3.12/site-packages/airflow/example_dags/example_short_circuit_operator.py
[2024-06-20T23:55:09.569+0000] {logging_mixin.py:188} INFO - [2024-06-20T23:55:09.568+0000] {dag.py:3096} INFO - Sync 1 DAGs
[2024-06-20T23:55:09.587+0000] {logging_mixin.py:188} INFO - [2024-06-20T23:55:09.587+0000] {dag.py:3954} INFO - Setting next_dagrun for example_short_circuit_operator to 2024-06-19 00:00:00+00:00, run_after=2024-06-20 00:00:00+00:00
[2024-06-20T23:55:09.605+0000] {processor.py:183} INFO - Processing /home/airflow/.local/lib/python3.12/site-packages/airflow/example_dags/example_short_circuit_operator.py took 0.069 seconds
[2024-06-20T23:55:39.883+0000] {processor.py:161} INFO - Started process (PID=1666) to work on /home/airflow/.local/lib/python3.12/site-packages/airflow/example_dags/example_short_circuit_operator.py
[2024-06-20T23:55:39.884+0000] {processor.py:830} INFO - Processing file /home/airflow/.local/lib/python3.12/site-packages/airflow/example_dags/example_short_circuit_operator.py for tasks to queue
[2024-06-20T23:55:39.886+0000] {logging_mixin.py:188} INFO - [2024-06-20T23:55:39.885+0000] {dagbag.py:545} INFO - Filling up the DagBag from /home/airflow/.local/lib/python3.12/site-packages/airflow/example_dags/example_short_circuit_operator.py
[2024-06-20T23:55:39.891+0000] {processor.py:840} INFO - DAG(s) 'example_short_circuit_operator' retrieved from /home/airflow/.local/lib/python3.12/site-packages/airflow/example_dags/example_short_circuit_operator.py
[2024-06-20T23:55:39.908+0000] {logging_mixin.py:188} INFO - [2024-06-20T23:55:39.908+0000] {dag.py:3096} INFO - Sync 1 DAGs
[2024-06-20T23:55:39.924+0000] {logging_mixin.py:188} INFO - [2024-06-20T23:55:39.924+0000] {dag.py:3954} INFO - Setting next_dagrun for example_short_circuit_operator to 2024-06-19 00:00:00+00:00, run_after=2024-06-20 00:00:00+00:00
[2024-06-20T23:55:39.939+0000] {processor.py:183} INFO - Processing /home/airflow/.local/lib/python3.12/site-packages/airflow/example_dags/example_short_circuit_operator.py took 0.060 seconds
[2024-06-20T23:56:10.179+0000] {processor.py:161} INFO - Started process (PID=1724) to work on /home/airflow/.local/lib/python3.12/site-packages/airflow/example_dags/example_short_circuit_operator.py
[2024-06-20T23:56:10.180+0000] {processor.py:830} INFO - Processing file /home/airflow/.local/lib/python3.12/site-packages/airflow/example_dags/example_short_circuit_operator.py for tasks to queue
[2024-06-20T23:56:10.181+0000] {logging_mixin.py:188} INFO - [2024-06-20T23:56:10.181+0000] {dagbag.py:545} INFO - Filling up the DagBag from /home/airflow/.local/lib/python3.12/site-packages/airflow/example_dags/example_short_circuit_operator.py
[2024-06-20T23:56:10.188+0000] {processor.py:840} INFO - DAG(s) 'example_short_circuit_operator' retrieved from /home/airflow/.local/lib/python3.12/site-packages/airflow/example_dags/example_short_circuit_operator.py
[2024-06-20T23:56:10.209+0000] {logging_mixin.py:188} INFO - [2024-06-20T23:56:10.209+0000] {dag.py:3096} INFO - Sync 1 DAGs
[2024-06-20T23:56:10.227+0000] {logging_mixin.py:188} INFO - [2024-06-20T23:56:10.227+0000] {dag.py:3954} INFO - Setting next_dagrun for example_short_circuit_operator to 2024-06-19 00:00:00+00:00, run_after=2024-06-20 00:00:00+00:00
[2024-06-20T23:56:10.244+0000] {processor.py:183} INFO - Processing /home/airflow/.local/lib/python3.12/site-packages/airflow/example_dags/example_short_circuit_operator.py took 0.070 seconds
[2024-06-20T23:56:40.635+0000] {processor.py:161} INFO - Started process (PID=1782) to work on /home/airflow/.local/lib/python3.12/site-packages/airflow/example_dags/example_short_circuit_operator.py
[2024-06-20T23:56:40.636+0000] {processor.py:830} INFO - Processing file /home/airflow/.local/lib/python3.12/site-packages/airflow/example_dags/example_short_circuit_operator.py for tasks to queue
[2024-06-20T23:56:40.637+0000] {logging_mixin.py:188} INFO - [2024-06-20T23:56:40.637+0000] {dagbag.py:545} INFO - Filling up the DagBag from /home/airflow/.local/lib/python3.12/site-packages/airflow/example_dags/example_short_circuit_operator.py
[2024-06-20T23:56:40.643+0000] {processor.py:840} INFO - DAG(s) 'example_short_circuit_operator' retrieved from /home/airflow/.local/lib/python3.12/site-packages/airflow/example_dags/example_short_circuit_operator.py
[2024-06-20T23:56:40.661+0000] {logging_mixin.py:188} INFO - [2024-06-20T23:56:40.661+0000] {dag.py:3096} INFO - Sync 1 DAGs
[2024-06-20T23:56:40.678+0000] {logging_mixin.py:188} INFO - [2024-06-20T23:56:40.678+0000] {dag.py:3954} INFO - Setting next_dagrun for example_short_circuit_operator to 2024-06-19 00:00:00+00:00, run_after=2024-06-20 00:00:00+00:00
[2024-06-20T23:56:40.693+0000] {processor.py:183} INFO - Processing /home/airflow/.local/lib/python3.12/site-packages/airflow/example_dags/example_short_circuit_operator.py took 0.063 seconds
[2024-06-20T23:57:10.791+0000] {processor.py:161} INFO - Started process (PID=1840) to work on /home/airflow/.local/lib/python3.12/site-packages/airflow/example_dags/example_short_circuit_operator.py
[2024-06-20T23:57:10.792+0000] {processor.py:830} INFO - Processing file /home/airflow/.local/lib/python3.12/site-packages/airflow/example_dags/example_short_circuit_operator.py for tasks to queue
[2024-06-20T23:57:10.794+0000] {logging_mixin.py:188} INFO - [2024-06-20T23:57:10.793+0000] {dagbag.py:545} INFO - Filling up the DagBag from /home/airflow/.local/lib/python3.12/site-packages/airflow/example_dags/example_short_circuit_operator.py
[2024-06-20T23:57:10.799+0000] {processor.py:840} INFO - DAG(s) 'example_short_circuit_operator' retrieved from /home/airflow/.local/lib/python3.12/site-packages/airflow/example_dags/example_short_circuit_operator.py
[2024-06-20T23:57:10.818+0000] {logging_mixin.py:188} INFO - [2024-06-20T23:57:10.818+0000] {dag.py:3096} INFO - Sync 1 DAGs
[2024-06-20T23:57:10.835+0000] {logging_mixin.py:188} INFO - [2024-06-20T23:57:10.835+0000] {dag.py:3954} INFO - Setting next_dagrun for example_short_circuit_operator to 2024-06-19 00:00:00+00:00, run_after=2024-06-20 00:00:00+00:00
[2024-06-20T23:57:10.851+0000] {processor.py:183} INFO - Processing /home/airflow/.local/lib/python3.12/site-packages/airflow/example_dags/example_short_circuit_operator.py took 0.065 seconds
[2024-06-20T23:57:41.090+0000] {processor.py:161} INFO - Started process (PID=1898) to work on /home/airflow/.local/lib/python3.12/site-packages/airflow/example_dags/example_short_circuit_operator.py
[2024-06-20T23:57:41.091+0000] {processor.py:830} INFO - Processing file /home/airflow/.local/lib/python3.12/site-packages/airflow/example_dags/example_short_circuit_operator.py for tasks to queue
[2024-06-20T23:57:41.092+0000] {logging_mixin.py:188} INFO - [2024-06-20T23:57:41.092+0000] {dagbag.py:545} INFO - Filling up the DagBag from /home/airflow/.local/lib/python3.12/site-packages/airflow/example_dags/example_short_circuit_operator.py
[2024-06-20T23:57:41.098+0000] {processor.py:840} INFO - DAG(s) 'example_short_circuit_operator' retrieved from /home/airflow/.local/lib/python3.12/site-packages/airflow/example_dags/example_short_circuit_operator.py
[2024-06-20T23:57:41.119+0000] {logging_mixin.py:188} INFO - [2024-06-20T23:57:41.119+0000] {dag.py:3096} INFO - Sync 1 DAGs
[2024-06-20T23:57:41.267+0000] {logging_mixin.py:188} INFO - [2024-06-20T23:57:41.267+0000] {dag.py:3954} INFO - Setting next_dagrun for example_short_circuit_operator to 2024-06-19 00:00:00+00:00, run_after=2024-06-20 00:00:00+00:00
[2024-06-20T23:57:41.286+0000] {processor.py:183} INFO - Processing /home/airflow/.local/lib/python3.12/site-packages/airflow/example_dags/example_short_circuit_operator.py took 0.200 seconds
[2024-06-20T23:58:11.530+0000] {processor.py:161} INFO - Started process (PID=1956) to work on /home/airflow/.local/lib/python3.12/site-packages/airflow/example_dags/example_short_circuit_operator.py
[2024-06-20T23:58:11.531+0000] {processor.py:830} INFO - Processing file /home/airflow/.local/lib/python3.12/site-packages/airflow/example_dags/example_short_circuit_operator.py for tasks to queue
[2024-06-20T23:58:11.533+0000] {logging_mixin.py:188} INFO - [2024-06-20T23:58:11.533+0000] {dagbag.py:545} INFO - Filling up the DagBag from /home/airflow/.local/lib/python3.12/site-packages/airflow/example_dags/example_short_circuit_operator.py
[2024-06-20T23:58:11.539+0000] {processor.py:840} INFO - DAG(s) 'example_short_circuit_operator' retrieved from /home/airflow/.local/lib/python3.12/site-packages/airflow/example_dags/example_short_circuit_operator.py
[2024-06-20T23:58:11.558+0000] {logging_mixin.py:188} INFO - [2024-06-20T23:58:11.558+0000] {dag.py:3096} INFO - Sync 1 DAGs
[2024-06-20T23:58:11.697+0000] {logging_mixin.py:188} INFO - [2024-06-20T23:58:11.697+0000] {dag.py:3954} INFO - Setting next_dagrun for example_short_circuit_operator to 2024-06-19 00:00:00+00:00, run_after=2024-06-20 00:00:00+00:00
[2024-06-20T23:58:11.715+0000] {processor.py:183} INFO - Processing /home/airflow/.local/lib/python3.12/site-packages/airflow/example_dags/example_short_circuit_operator.py took 0.190 seconds
[2024-06-20T23:58:41.848+0000] {processor.py:161} INFO - Started process (PID=2014) to work on /home/airflow/.local/lib/python3.12/site-packages/airflow/example_dags/example_short_circuit_operator.py
[2024-06-20T23:58:41.849+0000] {processor.py:830} INFO - Processing file /home/airflow/.local/lib/python3.12/site-packages/airflow/example_dags/example_short_circuit_operator.py for tasks to queue
[2024-06-20T23:58:41.850+0000] {logging_mixin.py:188} INFO - [2024-06-20T23:58:41.850+0000] {dagbag.py:545} INFO - Filling up the DagBag from /home/airflow/.local/lib/python3.12/site-packages/airflow/example_dags/example_short_circuit_operator.py
[2024-06-20T23:58:41.857+0000] {processor.py:840} INFO - DAG(s) 'example_short_circuit_operator' retrieved from /home/airflow/.local/lib/python3.12/site-packages/airflow/example_dags/example_short_circuit_operator.py
[2024-06-20T23:58:41.875+0000] {logging_mixin.py:188} INFO - [2024-06-20T23:58:41.875+0000] {dag.py:3096} INFO - Sync 1 DAGs
[2024-06-20T23:58:42.001+0000] {logging_mixin.py:188} INFO - [2024-06-20T23:58:42.001+0000] {dag.py:3954} INFO - Setting next_dagrun for example_short_circuit_operator to 2024-06-19 00:00:00+00:00, run_after=2024-06-20 00:00:00+00:00
[2024-06-20T23:58:42.021+0000] {processor.py:183} INFO - Processing /home/airflow/.local/lib/python3.12/site-packages/airflow/example_dags/example_short_circuit_operator.py took 0.178 seconds
[2024-06-20T23:59:12.845+0000] {processor.py:161} INFO - Started process (PID=2072) to work on /home/airflow/.local/lib/python3.12/site-packages/airflow/example_dags/example_short_circuit_operator.py
[2024-06-20T23:59:12.846+0000] {processor.py:830} INFO - Processing file /home/airflow/.local/lib/python3.12/site-packages/airflow/example_dags/example_short_circuit_operator.py for tasks to queue
[2024-06-20T23:59:12.847+0000] {logging_mixin.py:188} INFO - [2024-06-20T23:59:12.847+0000] {dagbag.py:545} INFO - Filling up the DagBag from /home/airflow/.local/lib/python3.12/site-packages/airflow/example_dags/example_short_circuit_operator.py
[2024-06-20T23:59:12.853+0000] {processor.py:840} INFO - DAG(s) 'example_short_circuit_operator' retrieved from /home/airflow/.local/lib/python3.12/site-packages/airflow/example_dags/example_short_circuit_operator.py
[2024-06-20T23:59:12.874+0000] {logging_mixin.py:188} INFO - [2024-06-20T23:59:12.874+0000] {dag.py:3096} INFO - Sync 1 DAGs
[2024-06-20T23:59:12.893+0000] {logging_mixin.py:188} INFO - [2024-06-20T23:59:12.892+0000] {dag.py:3954} INFO - Setting next_dagrun for example_short_circuit_operator to 2024-06-19 00:00:00+00:00, run_after=2024-06-20 00:00:00+00:00
[2024-06-20T23:59:12.912+0000] {processor.py:183} INFO - Processing /home/airflow/.local/lib/python3.12/site-packages/airflow/example_dags/example_short_circuit_operator.py took 0.073 seconds
[2024-06-20T23:59:43.517+0000] {processor.py:161} INFO - Started process (PID=2130) to work on /home/airflow/.local/lib/python3.12/site-packages/airflow/example_dags/example_short_circuit_operator.py
[2024-06-20T23:59:43.518+0000] {processor.py:830} INFO - Processing file /home/airflow/.local/lib/python3.12/site-packages/airflow/example_dags/example_short_circuit_operator.py for tasks to queue
[2024-06-20T23:59:43.520+0000] {logging_mixin.py:188} INFO - [2024-06-20T23:59:43.520+0000] {dagbag.py:545} INFO - Filling up the DagBag from /home/airflow/.local/lib/python3.12/site-packages/airflow/example_dags/example_short_circuit_operator.py
[2024-06-20T23:59:43.527+0000] {processor.py:840} INFO - DAG(s) 'example_short_circuit_operator' retrieved from /home/airflow/.local/lib/python3.12/site-packages/airflow/example_dags/example_short_circuit_operator.py
[2024-06-20T23:59:43.548+0000] {logging_mixin.py:188} INFO - [2024-06-20T23:59:43.547+0000] {dag.py:3096} INFO - Sync 1 DAGs
[2024-06-20T23:59:43.572+0000] {logging_mixin.py:188} INFO - [2024-06-20T23:59:43.572+0000] {dag.py:3954} INFO - Setting next_dagrun for example_short_circuit_operator to 2024-06-19 00:00:00+00:00, run_after=2024-06-20 00:00:00+00:00
[2024-06-20T23:59:43.590+0000] {processor.py:183} INFO - Processing /home/airflow/.local/lib/python3.12/site-packages/airflow/example_dags/example_short_circuit_operator.py took 0.078 seconds
