[2024-06-20T23:41:00.976+0000] {processor.py:161} INFO - Started process (PID=62) to work on /home/airflow/.local/lib/python3.12/site-packages/airflow/example_dags/example_trigger_target_dag.py
[2024-06-20T23:41:00.977+0000] {processor.py:830} INFO - Processing file /home/airflow/.local/lib/python3.12/site-packages/airflow/example_dags/example_trigger_target_dag.py for tasks to queue
[2024-06-20T23:41:00.980+0000] {logging_mixin.py:188} INFO - [2024-06-20T23:41:00.980+0000] {dagbag.py:545} INFO - Filling up the DagBag from /home/airflow/.local/lib/python3.12/site-packages/airflow/example_dags/example_trigger_target_dag.py
[2024-06-20T23:41:00.987+0000] {processor.py:840} INFO - DAG(s) 'example_trigger_target_dag' retrieved from /home/airflow/.local/lib/python3.12/site-packages/airflow/example_dags/example_trigger_target_dag.py
[2024-06-20T23:41:01.001+0000] {logging_mixin.py:188} INFO - [2024-06-20T23:41:01.000+0000] {dag.py:3096} INFO - Sync 1 DAGs
[2024-06-20T23:41:01.017+0000] {logging_mixin.py:188} INFO - [2024-06-20T23:41:01.016+0000] {dag.py:3954} INFO - Setting next_dagrun for example_trigger_target_dag to None, run_after=None
[2024-06-20T23:41:01.038+0000] {processor.py:183} INFO - Processing /home/airflow/.local/lib/python3.12/site-packages/airflow/example_dags/example_trigger_target_dag.py took 0.071 seconds
[2024-06-20T23:41:29.730+0000] {processor.py:161} INFO - Started process (PID=62) to work on /home/airflow/.local/lib/python3.12/site-packages/airflow/example_dags/example_trigger_target_dag.py
[2024-06-20T23:41:29.731+0000] {processor.py:830} INFO - Processing file /home/airflow/.local/lib/python3.12/site-packages/airflow/example_dags/example_trigger_target_dag.py for tasks to queue
[2024-06-20T23:41:29.733+0000] {logging_mixin.py:188} INFO - [2024-06-20T23:41:29.733+0000] {dagbag.py:545} INFO - Filling up the DagBag from /home/airflow/.local/lib/python3.12/site-packages/airflow/example_dags/example_trigger_target_dag.py
[2024-06-20T23:41:29.738+0000] {processor.py:840} INFO - DAG(s) 'example_trigger_target_dag' retrieved from /home/airflow/.local/lib/python3.12/site-packages/airflow/example_dags/example_trigger_target_dag.py
[2024-06-20T23:41:29.824+0000] {logging_mixin.py:188} INFO - [2024-06-20T23:41:29.824+0000] {dag.py:3096} INFO - Sync 1 DAGs
[2024-06-20T23:41:29.834+0000] {logging_mixin.py:188} INFO - [2024-06-20T23:41:29.834+0000] {dag.py:3954} INFO - Setting next_dagrun for example_trigger_target_dag to None, run_after=None
[2024-06-20T23:41:29.859+0000] {processor.py:183} INFO - Processing /home/airflow/.local/lib/python3.12/site-packages/airflow/example_dags/example_trigger_target_dag.py took 0.134 seconds
[2024-06-20T23:41:59.913+0000] {processor.py:161} INFO - Started process (PID=120) to work on /home/airflow/.local/lib/python3.12/site-packages/airflow/example_dags/example_trigger_target_dag.py
[2024-06-20T23:41:59.914+0000] {processor.py:830} INFO - Processing file /home/airflow/.local/lib/python3.12/site-packages/airflow/example_dags/example_trigger_target_dag.py for tasks to queue
[2024-06-20T23:41:59.916+0000] {logging_mixin.py:188} INFO - [2024-06-20T23:41:59.916+0000] {dagbag.py:545} INFO - Filling up the DagBag from /home/airflow/.local/lib/python3.12/site-packages/airflow/example_dags/example_trigger_target_dag.py
[2024-06-20T23:41:59.922+0000] {processor.py:840} INFO - DAG(s) 'example_trigger_target_dag' retrieved from /home/airflow/.local/lib/python3.12/site-packages/airflow/example_dags/example_trigger_target_dag.py
[2024-06-20T23:41:59.940+0000] {logging_mixin.py:188} INFO - [2024-06-20T23:41:59.940+0000] {dag.py:3096} INFO - Sync 1 DAGs
[2024-06-20T23:41:59.951+0000] {logging_mixin.py:188} INFO - [2024-06-20T23:41:59.951+0000] {dag.py:3954} INFO - Setting next_dagrun for example_trigger_target_dag to None, run_after=None
[2024-06-20T23:41:59.968+0000] {processor.py:183} INFO - Processing /home/airflow/.local/lib/python3.12/site-packages/airflow/example_dags/example_trigger_target_dag.py took 0.060 seconds
[2024-06-20T23:42:30.419+0000] {processor.py:161} INFO - Started process (PID=178) to work on /home/airflow/.local/lib/python3.12/site-packages/airflow/example_dags/example_trigger_target_dag.py
[2024-06-20T23:42:30.420+0000] {processor.py:830} INFO - Processing file /home/airflow/.local/lib/python3.12/site-packages/airflow/example_dags/example_trigger_target_dag.py for tasks to queue
[2024-06-20T23:42:30.422+0000] {logging_mixin.py:188} INFO - [2024-06-20T23:42:30.422+0000] {dagbag.py:545} INFO - Filling up the DagBag from /home/airflow/.local/lib/python3.12/site-packages/airflow/example_dags/example_trigger_target_dag.py
[2024-06-20T23:42:30.427+0000] {processor.py:840} INFO - DAG(s) 'example_trigger_target_dag' retrieved from /home/airflow/.local/lib/python3.12/site-packages/airflow/example_dags/example_trigger_target_dag.py
[2024-06-20T23:42:30.443+0000] {logging_mixin.py:188} INFO - [2024-06-20T23:42:30.443+0000] {dag.py:3096} INFO - Sync 1 DAGs
[2024-06-20T23:42:30.454+0000] {logging_mixin.py:188} INFO - [2024-06-20T23:42:30.453+0000] {dag.py:3954} INFO - Setting next_dagrun for example_trigger_target_dag to None, run_after=None
[2024-06-20T23:42:30.469+0000] {processor.py:183} INFO - Processing /home/airflow/.local/lib/python3.12/site-packages/airflow/example_dags/example_trigger_target_dag.py took 0.055 seconds
[2024-06-20T23:43:00.559+0000] {processor.py:161} INFO - Started process (PID=236) to work on /home/airflow/.local/lib/python3.12/site-packages/airflow/example_dags/example_trigger_target_dag.py
[2024-06-20T23:43:00.560+0000] {processor.py:830} INFO - Processing file /home/airflow/.local/lib/python3.12/site-packages/airflow/example_dags/example_trigger_target_dag.py for tasks to queue
[2024-06-20T23:43:00.562+0000] {logging_mixin.py:188} INFO - [2024-06-20T23:43:00.562+0000] {dagbag.py:545} INFO - Filling up the DagBag from /home/airflow/.local/lib/python3.12/site-packages/airflow/example_dags/example_trigger_target_dag.py
[2024-06-20T23:43:00.567+0000] {processor.py:840} INFO - DAG(s) 'example_trigger_target_dag' retrieved from /home/airflow/.local/lib/python3.12/site-packages/airflow/example_dags/example_trigger_target_dag.py
[2024-06-20T23:43:00.584+0000] {logging_mixin.py:188} INFO - [2024-06-20T23:43:00.583+0000] {dag.py:3096} INFO - Sync 1 DAGs
[2024-06-20T23:43:00.596+0000] {logging_mixin.py:188} INFO - [2024-06-20T23:43:00.595+0000] {dag.py:3954} INFO - Setting next_dagrun for example_trigger_target_dag to None, run_after=None
[2024-06-20T23:43:00.612+0000] {processor.py:183} INFO - Processing /home/airflow/.local/lib/python3.12/site-packages/airflow/example_dags/example_trigger_target_dag.py took 0.058 seconds
[2024-06-20T23:43:30.841+0000] {processor.py:161} INFO - Started process (PID=294) to work on /home/airflow/.local/lib/python3.12/site-packages/airflow/example_dags/example_trigger_target_dag.py
[2024-06-20T23:43:30.842+0000] {processor.py:830} INFO - Processing file /home/airflow/.local/lib/python3.12/site-packages/airflow/example_dags/example_trigger_target_dag.py for tasks to queue
[2024-06-20T23:43:30.844+0000] {logging_mixin.py:188} INFO - [2024-06-20T23:43:30.843+0000] {dagbag.py:545} INFO - Filling up the DagBag from /home/airflow/.local/lib/python3.12/site-packages/airflow/example_dags/example_trigger_target_dag.py
[2024-06-20T23:43:30.849+0000] {processor.py:840} INFO - DAG(s) 'example_trigger_target_dag' retrieved from /home/airflow/.local/lib/python3.12/site-packages/airflow/example_dags/example_trigger_target_dag.py
[2024-06-20T23:43:30.865+0000] {logging_mixin.py:188} INFO - [2024-06-20T23:43:30.865+0000] {dag.py:3096} INFO - Sync 1 DAGs
[2024-06-20T23:43:30.876+0000] {logging_mixin.py:188} INFO - [2024-06-20T23:43:30.876+0000] {dag.py:3954} INFO - Setting next_dagrun for example_trigger_target_dag to None, run_after=None
[2024-06-20T23:43:30.894+0000] {processor.py:183} INFO - Processing /home/airflow/.local/lib/python3.12/site-packages/airflow/example_dags/example_trigger_target_dag.py took 0.058 seconds
[2024-06-20T23:44:01.356+0000] {processor.py:161} INFO - Started process (PID=352) to work on /home/airflow/.local/lib/python3.12/site-packages/airflow/example_dags/example_trigger_target_dag.py
[2024-06-20T23:44:01.357+0000] {processor.py:830} INFO - Processing file /home/airflow/.local/lib/python3.12/site-packages/airflow/example_dags/example_trigger_target_dag.py for tasks to queue
[2024-06-20T23:44:01.359+0000] {logging_mixin.py:188} INFO - [2024-06-20T23:44:01.359+0000] {dagbag.py:545} INFO - Filling up the DagBag from /home/airflow/.local/lib/python3.12/site-packages/airflow/example_dags/example_trigger_target_dag.py
[2024-06-20T23:44:01.364+0000] {processor.py:840} INFO - DAG(s) 'example_trigger_target_dag' retrieved from /home/airflow/.local/lib/python3.12/site-packages/airflow/example_dags/example_trigger_target_dag.py
[2024-06-20T23:44:01.379+0000] {logging_mixin.py:188} INFO - [2024-06-20T23:44:01.379+0000] {dag.py:3096} INFO - Sync 1 DAGs
[2024-06-20T23:44:01.389+0000] {logging_mixin.py:188} INFO - [2024-06-20T23:44:01.389+0000] {dag.py:3954} INFO - Setting next_dagrun for example_trigger_target_dag to None, run_after=None
[2024-06-20T23:44:01.404+0000] {processor.py:183} INFO - Processing /home/airflow/.local/lib/python3.12/site-packages/airflow/example_dags/example_trigger_target_dag.py took 0.053 seconds
[2024-06-20T23:44:31.920+0000] {processor.py:161} INFO - Started process (PID=410) to work on /home/airflow/.local/lib/python3.12/site-packages/airflow/example_dags/example_trigger_target_dag.py
[2024-06-20T23:44:31.921+0000] {processor.py:830} INFO - Processing file /home/airflow/.local/lib/python3.12/site-packages/airflow/example_dags/example_trigger_target_dag.py for tasks to queue
[2024-06-20T23:44:31.923+0000] {logging_mixin.py:188} INFO - [2024-06-20T23:44:31.923+0000] {dagbag.py:545} INFO - Filling up the DagBag from /home/airflow/.local/lib/python3.12/site-packages/airflow/example_dags/example_trigger_target_dag.py
[2024-06-20T23:44:31.928+0000] {processor.py:840} INFO - DAG(s) 'example_trigger_target_dag' retrieved from /home/airflow/.local/lib/python3.12/site-packages/airflow/example_dags/example_trigger_target_dag.py
[2024-06-20T23:44:31.944+0000] {logging_mixin.py:188} INFO - [2024-06-20T23:44:31.944+0000] {dag.py:3096} INFO - Sync 1 DAGs
[2024-06-20T23:44:31.955+0000] {logging_mixin.py:188} INFO - [2024-06-20T23:44:31.954+0000] {dag.py:3954} INFO - Setting next_dagrun for example_trigger_target_dag to None, run_after=None
[2024-06-20T23:44:31.971+0000] {processor.py:183} INFO - Processing /home/airflow/.local/lib/python3.12/site-packages/airflow/example_dags/example_trigger_target_dag.py took 0.055 seconds
[2024-06-20T23:45:02.614+0000] {processor.py:161} INFO - Started process (PID=468) to work on /home/airflow/.local/lib/python3.12/site-packages/airflow/example_dags/example_trigger_target_dag.py
[2024-06-20T23:45:02.615+0000] {processor.py:830} INFO - Processing file /home/airflow/.local/lib/python3.12/site-packages/airflow/example_dags/example_trigger_target_dag.py for tasks to queue
[2024-06-20T23:45:02.617+0000] {logging_mixin.py:188} INFO - [2024-06-20T23:45:02.616+0000] {dagbag.py:545} INFO - Filling up the DagBag from /home/airflow/.local/lib/python3.12/site-packages/airflow/example_dags/example_trigger_target_dag.py
[2024-06-20T23:45:02.622+0000] {processor.py:840} INFO - DAG(s) 'example_trigger_target_dag' retrieved from /home/airflow/.local/lib/python3.12/site-packages/airflow/example_dags/example_trigger_target_dag.py
[2024-06-20T23:45:02.638+0000] {logging_mixin.py:188} INFO - [2024-06-20T23:45:02.638+0000] {dag.py:3096} INFO - Sync 1 DAGs
[2024-06-20T23:45:02.649+0000] {logging_mixin.py:188} INFO - [2024-06-20T23:45:02.649+0000] {dag.py:3954} INFO - Setting next_dagrun for example_trigger_target_dag to None, run_after=None
[2024-06-20T23:45:02.666+0000] {processor.py:183} INFO - Processing /home/airflow/.local/lib/python3.12/site-packages/airflow/example_dags/example_trigger_target_dag.py took 0.057 seconds
[2024-06-20T23:45:33.252+0000] {processor.py:161} INFO - Started process (PID=526) to work on /home/airflow/.local/lib/python3.12/site-packages/airflow/example_dags/example_trigger_target_dag.py
[2024-06-20T23:45:33.253+0000] {processor.py:830} INFO - Processing file /home/airflow/.local/lib/python3.12/site-packages/airflow/example_dags/example_trigger_target_dag.py for tasks to queue
[2024-06-20T23:45:33.254+0000] {logging_mixin.py:188} INFO - [2024-06-20T23:45:33.254+0000] {dagbag.py:545} INFO - Filling up the DagBag from /home/airflow/.local/lib/python3.12/site-packages/airflow/example_dags/example_trigger_target_dag.py
[2024-06-20T23:45:33.261+0000] {processor.py:840} INFO - DAG(s) 'example_trigger_target_dag' retrieved from /home/airflow/.local/lib/python3.12/site-packages/airflow/example_dags/example_trigger_target_dag.py
[2024-06-20T23:45:33.283+0000] {logging_mixin.py:188} INFO - [2024-06-20T23:45:33.283+0000] {dag.py:3096} INFO - Sync 1 DAGs
[2024-06-20T23:45:33.296+0000] {logging_mixin.py:188} INFO - [2024-06-20T23:45:33.295+0000] {dag.py:3954} INFO - Setting next_dagrun for example_trigger_target_dag to None, run_after=None
[2024-06-20T23:45:33.313+0000] {processor.py:183} INFO - Processing /home/airflow/.local/lib/python3.12/site-packages/airflow/example_dags/example_trigger_target_dag.py took 0.067 seconds
[2024-06-20T23:46:04.153+0000] {processor.py:161} INFO - Started process (PID=584) to work on /home/airflow/.local/lib/python3.12/site-packages/airflow/example_dags/example_trigger_target_dag.py
[2024-06-20T23:46:04.154+0000] {processor.py:830} INFO - Processing file /home/airflow/.local/lib/python3.12/site-packages/airflow/example_dags/example_trigger_target_dag.py for tasks to queue
[2024-06-20T23:46:04.155+0000] {logging_mixin.py:188} INFO - [2024-06-20T23:46:04.155+0000] {dagbag.py:545} INFO - Filling up the DagBag from /home/airflow/.local/lib/python3.12/site-packages/airflow/example_dags/example_trigger_target_dag.py
[2024-06-20T23:46:04.161+0000] {processor.py:840} INFO - DAG(s) 'example_trigger_target_dag' retrieved from /home/airflow/.local/lib/python3.12/site-packages/airflow/example_dags/example_trigger_target_dag.py
[2024-06-20T23:46:04.176+0000] {logging_mixin.py:188} INFO - [2024-06-20T23:46:04.176+0000] {dag.py:3096} INFO - Sync 1 DAGs
[2024-06-20T23:46:04.186+0000] {logging_mixin.py:188} INFO - [2024-06-20T23:46:04.186+0000] {dag.py:3954} INFO - Setting next_dagrun for example_trigger_target_dag to None, run_after=None
[2024-06-20T23:46:04.201+0000] {processor.py:183} INFO - Processing /home/airflow/.local/lib/python3.12/site-packages/airflow/example_dags/example_trigger_target_dag.py took 0.053 seconds
[2024-06-20T23:46:34.825+0000] {processor.py:161} INFO - Started process (PID=642) to work on /home/airflow/.local/lib/python3.12/site-packages/airflow/example_dags/example_trigger_target_dag.py
[2024-06-20T23:46:34.826+0000] {processor.py:830} INFO - Processing file /home/airflow/.local/lib/python3.12/site-packages/airflow/example_dags/example_trigger_target_dag.py for tasks to queue
[2024-06-20T23:46:34.827+0000] {logging_mixin.py:188} INFO - [2024-06-20T23:46:34.827+0000] {dagbag.py:545} INFO - Filling up the DagBag from /home/airflow/.local/lib/python3.12/site-packages/airflow/example_dags/example_trigger_target_dag.py
[2024-06-20T23:46:34.832+0000] {processor.py:840} INFO - DAG(s) 'example_trigger_target_dag' retrieved from /home/airflow/.local/lib/python3.12/site-packages/airflow/example_dags/example_trigger_target_dag.py
[2024-06-20T23:46:34.848+0000] {logging_mixin.py:188} INFO - [2024-06-20T23:46:34.848+0000] {dag.py:3096} INFO - Sync 1 DAGs
[2024-06-20T23:46:34.857+0000] {logging_mixin.py:188} INFO - [2024-06-20T23:46:34.857+0000] {dag.py:3954} INFO - Setting next_dagrun for example_trigger_target_dag to None, run_after=None
[2024-06-20T23:46:34.875+0000] {processor.py:183} INFO - Processing /home/airflow/.local/lib/python3.12/site-packages/airflow/example_dags/example_trigger_target_dag.py took 0.055 seconds
[2024-06-20T23:47:05.273+0000] {processor.py:161} INFO - Started process (PID=700) to work on /home/airflow/.local/lib/python3.12/site-packages/airflow/example_dags/example_trigger_target_dag.py
[2024-06-20T23:47:05.274+0000] {processor.py:830} INFO - Processing file /home/airflow/.local/lib/python3.12/site-packages/airflow/example_dags/example_trigger_target_dag.py for tasks to queue
[2024-06-20T23:47:05.276+0000] {logging_mixin.py:188} INFO - [2024-06-20T23:47:05.276+0000] {dagbag.py:545} INFO - Filling up the DagBag from /home/airflow/.local/lib/python3.12/site-packages/airflow/example_dags/example_trigger_target_dag.py
[2024-06-20T23:47:05.281+0000] {processor.py:840} INFO - DAG(s) 'example_trigger_target_dag' retrieved from /home/airflow/.local/lib/python3.12/site-packages/airflow/example_dags/example_trigger_target_dag.py
[2024-06-20T23:47:05.298+0000] {logging_mixin.py:188} INFO - [2024-06-20T23:47:05.298+0000] {dag.py:3096} INFO - Sync 1 DAGs
[2024-06-20T23:47:05.309+0000] {logging_mixin.py:188} INFO - [2024-06-20T23:47:05.308+0000] {dag.py:3954} INFO - Setting next_dagrun for example_trigger_target_dag to None, run_after=None
[2024-06-20T23:47:05.324+0000] {processor.py:183} INFO - Processing /home/airflow/.local/lib/python3.12/site-packages/airflow/example_dags/example_trigger_target_dag.py took 0.055 seconds
[2024-06-20T23:47:35.818+0000] {processor.py:161} INFO - Started process (PID=758) to work on /home/airflow/.local/lib/python3.12/site-packages/airflow/example_dags/example_trigger_target_dag.py
[2024-06-20T23:47:35.819+0000] {processor.py:830} INFO - Processing file /home/airflow/.local/lib/python3.12/site-packages/airflow/example_dags/example_trigger_target_dag.py for tasks to queue
[2024-06-20T23:47:35.820+0000] {logging_mixin.py:188} INFO - [2024-06-20T23:47:35.820+0000] {dagbag.py:545} INFO - Filling up the DagBag from /home/airflow/.local/lib/python3.12/site-packages/airflow/example_dags/example_trigger_target_dag.py
[2024-06-20T23:47:35.825+0000] {processor.py:840} INFO - DAG(s) 'example_trigger_target_dag' retrieved from /home/airflow/.local/lib/python3.12/site-packages/airflow/example_dags/example_trigger_target_dag.py
[2024-06-20T23:47:35.841+0000] {logging_mixin.py:188} INFO - [2024-06-20T23:47:35.841+0000] {dag.py:3096} INFO - Sync 1 DAGs
[2024-06-20T23:47:35.852+0000] {logging_mixin.py:188} INFO - [2024-06-20T23:47:35.852+0000] {dag.py:3954} INFO - Setting next_dagrun for example_trigger_target_dag to None, run_after=None
[2024-06-20T23:47:35.867+0000] {processor.py:183} INFO - Processing /home/airflow/.local/lib/python3.12/site-packages/airflow/example_dags/example_trigger_target_dag.py took 0.054 seconds
[2024-06-20T23:48:06.466+0000] {processor.py:161} INFO - Started process (PID=816) to work on /home/airflow/.local/lib/python3.12/site-packages/airflow/example_dags/example_trigger_target_dag.py
[2024-06-20T23:48:06.467+0000] {processor.py:830} INFO - Processing file /home/airflow/.local/lib/python3.12/site-packages/airflow/example_dags/example_trigger_target_dag.py for tasks to queue
[2024-06-20T23:48:06.469+0000] {logging_mixin.py:188} INFO - [2024-06-20T23:48:06.469+0000] {dagbag.py:545} INFO - Filling up the DagBag from /home/airflow/.local/lib/python3.12/site-packages/airflow/example_dags/example_trigger_target_dag.py
[2024-06-20T23:48:06.473+0000] {processor.py:840} INFO - DAG(s) 'example_trigger_target_dag' retrieved from /home/airflow/.local/lib/python3.12/site-packages/airflow/example_dags/example_trigger_target_dag.py
[2024-06-20T23:48:06.488+0000] {logging_mixin.py:188} INFO - [2024-06-20T23:48:06.488+0000] {dag.py:3096} INFO - Sync 1 DAGs
[2024-06-20T23:48:06.498+0000] {logging_mixin.py:188} INFO - [2024-06-20T23:48:06.498+0000] {dag.py:3954} INFO - Setting next_dagrun for example_trigger_target_dag to None, run_after=None
[2024-06-20T23:48:06.514+0000] {processor.py:183} INFO - Processing /home/airflow/.local/lib/python3.12/site-packages/airflow/example_dags/example_trigger_target_dag.py took 0.052 seconds
[2024-06-20T23:48:36.999+0000] {processor.py:161} INFO - Started process (PID=874) to work on /home/airflow/.local/lib/python3.12/site-packages/airflow/example_dags/example_trigger_target_dag.py
[2024-06-20T23:48:37.000+0000] {processor.py:830} INFO - Processing file /home/airflow/.local/lib/python3.12/site-packages/airflow/example_dags/example_trigger_target_dag.py for tasks to queue
[2024-06-20T23:48:37.001+0000] {logging_mixin.py:188} INFO - [2024-06-20T23:48:37.001+0000] {dagbag.py:545} INFO - Filling up the DagBag from /home/airflow/.local/lib/python3.12/site-packages/airflow/example_dags/example_trigger_target_dag.py
[2024-06-20T23:48:37.006+0000] {processor.py:840} INFO - DAG(s) 'example_trigger_target_dag' retrieved from /home/airflow/.local/lib/python3.12/site-packages/airflow/example_dags/example_trigger_target_dag.py
[2024-06-20T23:48:37.022+0000] {logging_mixin.py:188} INFO - [2024-06-20T23:48:37.022+0000] {dag.py:3096} INFO - Sync 1 DAGs
[2024-06-20T23:48:37.032+0000] {logging_mixin.py:188} INFO - [2024-06-20T23:48:37.032+0000] {dag.py:3954} INFO - Setting next_dagrun for example_trigger_target_dag to None, run_after=None
[2024-06-20T23:48:37.049+0000] {processor.py:183} INFO - Processing /home/airflow/.local/lib/python3.12/site-packages/airflow/example_dags/example_trigger_target_dag.py took 0.055 seconds
[2024-06-20T23:49:07.564+0000] {processor.py:161} INFO - Started process (PID=932) to work on /home/airflow/.local/lib/python3.12/site-packages/airflow/example_dags/example_trigger_target_dag.py
[2024-06-20T23:49:07.565+0000] {processor.py:830} INFO - Processing file /home/airflow/.local/lib/python3.12/site-packages/airflow/example_dags/example_trigger_target_dag.py for tasks to queue
[2024-06-20T23:49:07.567+0000] {logging_mixin.py:188} INFO - [2024-06-20T23:49:07.566+0000] {dagbag.py:545} INFO - Filling up the DagBag from /home/airflow/.local/lib/python3.12/site-packages/airflow/example_dags/example_trigger_target_dag.py
[2024-06-20T23:49:07.572+0000] {processor.py:840} INFO - DAG(s) 'example_trigger_target_dag' retrieved from /home/airflow/.local/lib/python3.12/site-packages/airflow/example_dags/example_trigger_target_dag.py
[2024-06-20T23:49:07.587+0000] {logging_mixin.py:188} INFO - [2024-06-20T23:49:07.587+0000] {dag.py:3096} INFO - Sync 1 DAGs
[2024-06-20T23:49:07.597+0000] {logging_mixin.py:188} INFO - [2024-06-20T23:49:07.596+0000] {dag.py:3954} INFO - Setting next_dagrun for example_trigger_target_dag to None, run_after=None
[2024-06-20T23:49:07.614+0000] {processor.py:183} INFO - Processing /home/airflow/.local/lib/python3.12/site-packages/airflow/example_dags/example_trigger_target_dag.py took 0.055 seconds
[2024-06-20T23:49:38.204+0000] {processor.py:161} INFO - Started process (PID=990) to work on /home/airflow/.local/lib/python3.12/site-packages/airflow/example_dags/example_trigger_target_dag.py
[2024-06-20T23:49:38.205+0000] {processor.py:830} INFO - Processing file /home/airflow/.local/lib/python3.12/site-packages/airflow/example_dags/example_trigger_target_dag.py for tasks to queue
[2024-06-20T23:49:38.207+0000] {logging_mixin.py:188} INFO - [2024-06-20T23:49:38.207+0000] {dagbag.py:545} INFO - Filling up the DagBag from /home/airflow/.local/lib/python3.12/site-packages/airflow/example_dags/example_trigger_target_dag.py
[2024-06-20T23:49:38.212+0000] {processor.py:840} INFO - DAG(s) 'example_trigger_target_dag' retrieved from /home/airflow/.local/lib/python3.12/site-packages/airflow/example_dags/example_trigger_target_dag.py
[2024-06-20T23:49:38.230+0000] {logging_mixin.py:188} INFO - [2024-06-20T23:49:38.230+0000] {dag.py:3096} INFO - Sync 1 DAGs
[2024-06-20T23:49:38.242+0000] {logging_mixin.py:188} INFO - [2024-06-20T23:49:38.242+0000] {dag.py:3954} INFO - Setting next_dagrun for example_trigger_target_dag to None, run_after=None
[2024-06-20T23:49:38.260+0000] {processor.py:183} INFO - Processing /home/airflow/.local/lib/python3.12/site-packages/airflow/example_dags/example_trigger_target_dag.py took 0.061 seconds
[2024-06-20T23:50:08.920+0000] {processor.py:161} INFO - Started process (PID=1048) to work on /home/airflow/.local/lib/python3.12/site-packages/airflow/example_dags/example_trigger_target_dag.py
[2024-06-20T23:50:08.921+0000] {processor.py:830} INFO - Processing file /home/airflow/.local/lib/python3.12/site-packages/airflow/example_dags/example_trigger_target_dag.py for tasks to queue
[2024-06-20T23:50:08.922+0000] {logging_mixin.py:188} INFO - [2024-06-20T23:50:08.922+0000] {dagbag.py:545} INFO - Filling up the DagBag from /home/airflow/.local/lib/python3.12/site-packages/airflow/example_dags/example_trigger_target_dag.py
[2024-06-20T23:50:08.927+0000] {processor.py:840} INFO - DAG(s) 'example_trigger_target_dag' retrieved from /home/airflow/.local/lib/python3.12/site-packages/airflow/example_dags/example_trigger_target_dag.py
[2024-06-20T23:50:08.942+0000] {logging_mixin.py:188} INFO - [2024-06-20T23:50:08.942+0000] {dag.py:3096} INFO - Sync 1 DAGs
[2024-06-20T23:50:08.952+0000] {logging_mixin.py:188} INFO - [2024-06-20T23:50:08.952+0000] {dag.py:3954} INFO - Setting next_dagrun for example_trigger_target_dag to None, run_after=None
[2024-06-20T23:50:08.967+0000] {processor.py:183} INFO - Processing /home/airflow/.local/lib/python3.12/site-packages/airflow/example_dags/example_trigger_target_dag.py took 0.051 seconds
[2024-06-20T23:50:39.550+0000] {processor.py:161} INFO - Started process (PID=1106) to work on /home/airflow/.local/lib/python3.12/site-packages/airflow/example_dags/example_trigger_target_dag.py
[2024-06-20T23:50:39.552+0000] {processor.py:830} INFO - Processing file /home/airflow/.local/lib/python3.12/site-packages/airflow/example_dags/example_trigger_target_dag.py for tasks to queue
[2024-06-20T23:50:39.554+0000] {logging_mixin.py:188} INFO - [2024-06-20T23:50:39.554+0000] {dagbag.py:545} INFO - Filling up the DagBag from /home/airflow/.local/lib/python3.12/site-packages/airflow/example_dags/example_trigger_target_dag.py
[2024-06-20T23:50:39.562+0000] {processor.py:840} INFO - DAG(s) 'example_trigger_target_dag' retrieved from /home/airflow/.local/lib/python3.12/site-packages/airflow/example_dags/example_trigger_target_dag.py
[2024-06-20T23:50:39.581+0000] {logging_mixin.py:188} INFO - [2024-06-20T23:50:39.581+0000] {dag.py:3096} INFO - Sync 1 DAGs
[2024-06-20T23:50:39.593+0000] {logging_mixin.py:188} INFO - [2024-06-20T23:50:39.593+0000] {dag.py:3954} INFO - Setting next_dagrun for example_trigger_target_dag to None, run_after=None
[2024-06-20T23:50:39.611+0000] {processor.py:183} INFO - Processing /home/airflow/.local/lib/python3.12/site-packages/airflow/example_dags/example_trigger_target_dag.py took 0.069 seconds
[2024-06-20T23:51:09.787+0000] {processor.py:161} INFO - Started process (PID=1164) to work on /home/airflow/.local/lib/python3.12/site-packages/airflow/example_dags/example_trigger_target_dag.py
[2024-06-20T23:51:09.788+0000] {processor.py:830} INFO - Processing file /home/airflow/.local/lib/python3.12/site-packages/airflow/example_dags/example_trigger_target_dag.py for tasks to queue
[2024-06-20T23:51:09.790+0000] {logging_mixin.py:188} INFO - [2024-06-20T23:51:09.790+0000] {dagbag.py:545} INFO - Filling up the DagBag from /home/airflow/.local/lib/python3.12/site-packages/airflow/example_dags/example_trigger_target_dag.py
[2024-06-20T23:51:09.796+0000] {processor.py:840} INFO - DAG(s) 'example_trigger_target_dag' retrieved from /home/airflow/.local/lib/python3.12/site-packages/airflow/example_dags/example_trigger_target_dag.py
[2024-06-20T23:51:09.812+0000] {logging_mixin.py:188} INFO - [2024-06-20T23:51:09.812+0000] {dag.py:3096} INFO - Sync 1 DAGs
[2024-06-20T23:51:09.823+0000] {logging_mixin.py:188} INFO - [2024-06-20T23:51:09.823+0000] {dag.py:3954} INFO - Setting next_dagrun for example_trigger_target_dag to None, run_after=None
[2024-06-20T23:51:09.837+0000] {processor.py:183} INFO - Processing /home/airflow/.local/lib/python3.12/site-packages/airflow/example_dags/example_trigger_target_dag.py took 0.055 seconds
[2024-06-20T23:51:39.978+0000] {processor.py:161} INFO - Started process (PID=1222) to work on /home/airflow/.local/lib/python3.12/site-packages/airflow/example_dags/example_trigger_target_dag.py
[2024-06-20T23:51:39.980+0000] {processor.py:830} INFO - Processing file /home/airflow/.local/lib/python3.12/site-packages/airflow/example_dags/example_trigger_target_dag.py for tasks to queue
[2024-06-20T23:51:39.982+0000] {logging_mixin.py:188} INFO - [2024-06-20T23:51:39.981+0000] {dagbag.py:545} INFO - Filling up the DagBag from /home/airflow/.local/lib/python3.12/site-packages/airflow/example_dags/example_trigger_target_dag.py
[2024-06-20T23:51:39.989+0000] {processor.py:840} INFO - DAG(s) 'example_trigger_target_dag' retrieved from /home/airflow/.local/lib/python3.12/site-packages/airflow/example_dags/example_trigger_target_dag.py
[2024-06-20T23:51:40.009+0000] {logging_mixin.py:188} INFO - [2024-06-20T23:51:40.008+0000] {dag.py:3096} INFO - Sync 1 DAGs
[2024-06-20T23:51:40.022+0000] {logging_mixin.py:188} INFO - [2024-06-20T23:51:40.022+0000] {dag.py:3954} INFO - Setting next_dagrun for example_trigger_target_dag to None, run_after=None
[2024-06-20T23:51:40.044+0000] {processor.py:183} INFO - Processing /home/airflow/.local/lib/python3.12/site-packages/airflow/example_dags/example_trigger_target_dag.py took 0.071 seconds
[2024-06-20T23:52:10.996+0000] {processor.py:161} INFO - Started process (PID=1280) to work on /home/airflow/.local/lib/python3.12/site-packages/airflow/example_dags/example_trigger_target_dag.py
[2024-06-20T23:52:10.997+0000] {processor.py:830} INFO - Processing file /home/airflow/.local/lib/python3.12/site-packages/airflow/example_dags/example_trigger_target_dag.py for tasks to queue
[2024-06-20T23:52:10.999+0000] {logging_mixin.py:188} INFO - [2024-06-20T23:52:10.999+0000] {dagbag.py:545} INFO - Filling up the DagBag from /home/airflow/.local/lib/python3.12/site-packages/airflow/example_dags/example_trigger_target_dag.py
[2024-06-20T23:52:11.004+0000] {processor.py:840} INFO - DAG(s) 'example_trigger_target_dag' retrieved from /home/airflow/.local/lib/python3.12/site-packages/airflow/example_dags/example_trigger_target_dag.py
[2024-06-20T23:52:11.021+0000] {logging_mixin.py:188} INFO - [2024-06-20T23:52:11.021+0000] {dag.py:3096} INFO - Sync 1 DAGs
[2024-06-20T23:52:11.033+0000] {logging_mixin.py:188} INFO - [2024-06-20T23:52:11.033+0000] {dag.py:3954} INFO - Setting next_dagrun for example_trigger_target_dag to None, run_after=None
[2024-06-20T23:52:11.052+0000] {processor.py:183} INFO - Processing /home/airflow/.local/lib/python3.12/site-packages/airflow/example_dags/example_trigger_target_dag.py took 0.060 seconds
[2024-06-20T23:52:41.513+0000] {processor.py:161} INFO - Started process (PID=1338) to work on /home/airflow/.local/lib/python3.12/site-packages/airflow/example_dags/example_trigger_target_dag.py
[2024-06-20T23:52:41.513+0000] {processor.py:830} INFO - Processing file /home/airflow/.local/lib/python3.12/site-packages/airflow/example_dags/example_trigger_target_dag.py for tasks to queue
[2024-06-20T23:52:41.515+0000] {logging_mixin.py:188} INFO - [2024-06-20T23:52:41.515+0000] {dagbag.py:545} INFO - Filling up the DagBag from /home/airflow/.local/lib/python3.12/site-packages/airflow/example_dags/example_trigger_target_dag.py
[2024-06-20T23:52:41.520+0000] {processor.py:840} INFO - DAG(s) 'example_trigger_target_dag' retrieved from /home/airflow/.local/lib/python3.12/site-packages/airflow/example_dags/example_trigger_target_dag.py
[2024-06-20T23:52:41.536+0000] {logging_mixin.py:188} INFO - [2024-06-20T23:52:41.536+0000] {dag.py:3096} INFO - Sync 1 DAGs
[2024-06-20T23:52:41.545+0000] {logging_mixin.py:188} INFO - [2024-06-20T23:52:41.545+0000] {dag.py:3954} INFO - Setting next_dagrun for example_trigger_target_dag to None, run_after=None
[2024-06-20T23:52:41.568+0000] {processor.py:183} INFO - Processing /home/airflow/.local/lib/python3.12/site-packages/airflow/example_dags/example_trigger_target_dag.py took 0.060 seconds
[2024-06-20T23:53:11.718+0000] {processor.py:161} INFO - Started process (PID=1395) to work on /home/airflow/.local/lib/python3.12/site-packages/airflow/example_dags/example_trigger_target_dag.py
[2024-06-20T23:53:11.719+0000] {processor.py:830} INFO - Processing file /home/airflow/.local/lib/python3.12/site-packages/airflow/example_dags/example_trigger_target_dag.py for tasks to queue
[2024-06-20T23:53:11.721+0000] {logging_mixin.py:188} INFO - [2024-06-20T23:53:11.720+0000] {dagbag.py:545} INFO - Filling up the DagBag from /home/airflow/.local/lib/python3.12/site-packages/airflow/example_dags/example_trigger_target_dag.py
[2024-06-20T23:53:11.725+0000] {processor.py:840} INFO - DAG(s) 'example_trigger_target_dag' retrieved from /home/airflow/.local/lib/python3.12/site-packages/airflow/example_dags/example_trigger_target_dag.py
[2024-06-20T23:53:11.741+0000] {logging_mixin.py:188} INFO - [2024-06-20T23:53:11.741+0000] {dag.py:3096} INFO - Sync 1 DAGs
[2024-06-20T23:53:11.751+0000] {logging_mixin.py:188} INFO - [2024-06-20T23:53:11.751+0000] {dag.py:3954} INFO - Setting next_dagrun for example_trigger_target_dag to None, run_after=None
[2024-06-20T23:53:11.773+0000] {processor.py:183} INFO - Processing /home/airflow/.local/lib/python3.12/site-packages/airflow/example_dags/example_trigger_target_dag.py took 0.059 seconds
[2024-06-20T23:53:41.907+0000] {processor.py:161} INFO - Started process (PID=1453) to work on /home/airflow/.local/lib/python3.12/site-packages/airflow/example_dags/example_trigger_target_dag.py
[2024-06-20T23:53:41.908+0000] {processor.py:830} INFO - Processing file /home/airflow/.local/lib/python3.12/site-packages/airflow/example_dags/example_trigger_target_dag.py for tasks to queue
[2024-06-20T23:53:41.909+0000] {logging_mixin.py:188} INFO - [2024-06-20T23:53:41.909+0000] {dagbag.py:545} INFO - Filling up the DagBag from /home/airflow/.local/lib/python3.12/site-packages/airflow/example_dags/example_trigger_target_dag.py
[2024-06-20T23:53:41.915+0000] {processor.py:840} INFO - DAG(s) 'example_trigger_target_dag' retrieved from /home/airflow/.local/lib/python3.12/site-packages/airflow/example_dags/example_trigger_target_dag.py
[2024-06-20T23:53:41.933+0000] {logging_mixin.py:188} INFO - [2024-06-20T23:53:41.933+0000] {dag.py:3096} INFO - Sync 1 DAGs
[2024-06-20T23:53:41.946+0000] {logging_mixin.py:188} INFO - [2024-06-20T23:53:41.946+0000] {dag.py:3954} INFO - Setting next_dagrun for example_trigger_target_dag to None, run_after=None
[2024-06-20T23:53:41.966+0000] {processor.py:183} INFO - Processing /home/airflow/.local/lib/python3.12/site-packages/airflow/example_dags/example_trigger_target_dag.py took 0.065 seconds
[2024-06-20T23:54:12.083+0000] {processor.py:161} INFO - Started process (PID=1511) to work on /home/airflow/.local/lib/python3.12/site-packages/airflow/example_dags/example_trigger_target_dag.py
[2024-06-20T23:54:12.084+0000] {processor.py:830} INFO - Processing file /home/airflow/.local/lib/python3.12/site-packages/airflow/example_dags/example_trigger_target_dag.py for tasks to queue
[2024-06-20T23:54:12.085+0000] {logging_mixin.py:188} INFO - [2024-06-20T23:54:12.085+0000] {dagbag.py:545} INFO - Filling up the DagBag from /home/airflow/.local/lib/python3.12/site-packages/airflow/example_dags/example_trigger_target_dag.py
[2024-06-20T23:54:12.090+0000] {processor.py:840} INFO - DAG(s) 'example_trigger_target_dag' retrieved from /home/airflow/.local/lib/python3.12/site-packages/airflow/example_dags/example_trigger_target_dag.py
[2024-06-20T23:54:12.106+0000] {logging_mixin.py:188} INFO - [2024-06-20T23:54:12.106+0000] {dag.py:3096} INFO - Sync 1 DAGs
[2024-06-20T23:54:12.116+0000] {logging_mixin.py:188} INFO - [2024-06-20T23:54:12.116+0000] {dag.py:3954} INFO - Setting next_dagrun for example_trigger_target_dag to None, run_after=None
[2024-06-20T23:54:12.138+0000] {processor.py:183} INFO - Processing /home/airflow/.local/lib/python3.12/site-packages/airflow/example_dags/example_trigger_target_dag.py took 0.060 seconds
[2024-06-20T23:54:42.298+0000] {processor.py:161} INFO - Started process (PID=1569) to work on /home/airflow/.local/lib/python3.12/site-packages/airflow/example_dags/example_trigger_target_dag.py
[2024-06-20T23:54:42.299+0000] {processor.py:830} INFO - Processing file /home/airflow/.local/lib/python3.12/site-packages/airflow/example_dags/example_trigger_target_dag.py for tasks to queue
[2024-06-20T23:54:42.301+0000] {logging_mixin.py:188} INFO - [2024-06-20T23:54:42.301+0000] {dagbag.py:545} INFO - Filling up the DagBag from /home/airflow/.local/lib/python3.12/site-packages/airflow/example_dags/example_trigger_target_dag.py
[2024-06-20T23:54:42.306+0000] {processor.py:840} INFO - DAG(s) 'example_trigger_target_dag' retrieved from /home/airflow/.local/lib/python3.12/site-packages/airflow/example_dags/example_trigger_target_dag.py
[2024-06-20T23:54:42.323+0000] {logging_mixin.py:188} INFO - [2024-06-20T23:54:42.323+0000] {dag.py:3096} INFO - Sync 1 DAGs
[2024-06-20T23:54:42.334+0000] {logging_mixin.py:188} INFO - [2024-06-20T23:54:42.334+0000] {dag.py:3954} INFO - Setting next_dagrun for example_trigger_target_dag to None, run_after=None
[2024-06-20T23:54:42.352+0000] {processor.py:183} INFO - Processing /home/airflow/.local/lib/python3.12/site-packages/airflow/example_dags/example_trigger_target_dag.py took 0.059 seconds
[2024-06-20T23:55:12.633+0000] {processor.py:161} INFO - Started process (PID=1627) to work on /home/airflow/.local/lib/python3.12/site-packages/airflow/example_dags/example_trigger_target_dag.py
[2024-06-20T23:55:12.634+0000] {processor.py:830} INFO - Processing file /home/airflow/.local/lib/python3.12/site-packages/airflow/example_dags/example_trigger_target_dag.py for tasks to queue
[2024-06-20T23:55:12.636+0000] {logging_mixin.py:188} INFO - [2024-06-20T23:55:12.635+0000] {dagbag.py:545} INFO - Filling up the DagBag from /home/airflow/.local/lib/python3.12/site-packages/airflow/example_dags/example_trigger_target_dag.py
[2024-06-20T23:55:12.641+0000] {processor.py:840} INFO - DAG(s) 'example_trigger_target_dag' retrieved from /home/airflow/.local/lib/python3.12/site-packages/airflow/example_dags/example_trigger_target_dag.py
[2024-06-20T23:55:12.658+0000] {logging_mixin.py:188} INFO - [2024-06-20T23:55:12.658+0000] {dag.py:3096} INFO - Sync 1 DAGs
[2024-06-20T23:55:12.668+0000] {logging_mixin.py:188} INFO - [2024-06-20T23:55:12.668+0000] {dag.py:3954} INFO - Setting next_dagrun for example_trigger_target_dag to None, run_after=None
[2024-06-20T23:55:12.685+0000] {processor.py:183} INFO - Processing /home/airflow/.local/lib/python3.12/site-packages/airflow/example_dags/example_trigger_target_dag.py took 0.056 seconds
[2024-06-20T23:55:42.935+0000] {processor.py:161} INFO - Started process (PID=1685) to work on /home/airflow/.local/lib/python3.12/site-packages/airflow/example_dags/example_trigger_target_dag.py
[2024-06-20T23:55:42.936+0000] {processor.py:830} INFO - Processing file /home/airflow/.local/lib/python3.12/site-packages/airflow/example_dags/example_trigger_target_dag.py for tasks to queue
[2024-06-20T23:55:42.938+0000] {logging_mixin.py:188} INFO - [2024-06-20T23:55:42.937+0000] {dagbag.py:545} INFO - Filling up the DagBag from /home/airflow/.local/lib/python3.12/site-packages/airflow/example_dags/example_trigger_target_dag.py
[2024-06-20T23:55:42.942+0000] {processor.py:840} INFO - DAG(s) 'example_trigger_target_dag' retrieved from /home/airflow/.local/lib/python3.12/site-packages/airflow/example_dags/example_trigger_target_dag.py
[2024-06-20T23:55:42.960+0000] {logging_mixin.py:188} INFO - [2024-06-20T23:55:42.960+0000] {dag.py:3096} INFO - Sync 1 DAGs
[2024-06-20T23:55:42.971+0000] {logging_mixin.py:188} INFO - [2024-06-20T23:55:42.971+0000] {dag.py:3954} INFO - Setting next_dagrun for example_trigger_target_dag to None, run_after=None
[2024-06-20T23:55:42.990+0000] {processor.py:183} INFO - Processing /home/airflow/.local/lib/python3.12/site-packages/airflow/example_dags/example_trigger_target_dag.py took 0.061 seconds
[2024-06-20T23:56:13.217+0000] {processor.py:161} INFO - Started process (PID=1743) to work on /home/airflow/.local/lib/python3.12/site-packages/airflow/example_dags/example_trigger_target_dag.py
[2024-06-20T23:56:13.218+0000] {processor.py:830} INFO - Processing file /home/airflow/.local/lib/python3.12/site-packages/airflow/example_dags/example_trigger_target_dag.py for tasks to queue
[2024-06-20T23:56:13.220+0000] {logging_mixin.py:188} INFO - [2024-06-20T23:56:13.220+0000] {dagbag.py:545} INFO - Filling up the DagBag from /home/airflow/.local/lib/python3.12/site-packages/airflow/example_dags/example_trigger_target_dag.py
[2024-06-20T23:56:13.226+0000] {processor.py:840} INFO - DAG(s) 'example_trigger_target_dag' retrieved from /home/airflow/.local/lib/python3.12/site-packages/airflow/example_dags/example_trigger_target_dag.py
[2024-06-20T23:56:13.243+0000] {logging_mixin.py:188} INFO - [2024-06-20T23:56:13.243+0000] {dag.py:3096} INFO - Sync 1 DAGs
[2024-06-20T23:56:13.254+0000] {logging_mixin.py:188} INFO - [2024-06-20T23:56:13.254+0000] {dag.py:3954} INFO - Setting next_dagrun for example_trigger_target_dag to None, run_after=None
[2024-06-20T23:56:13.277+0000] {processor.py:183} INFO - Processing /home/airflow/.local/lib/python3.12/site-packages/airflow/example_dags/example_trigger_target_dag.py took 0.065 seconds
[2024-06-20T23:56:43.614+0000] {processor.py:161} INFO - Started process (PID=1801) to work on /home/airflow/.local/lib/python3.12/site-packages/airflow/example_dags/example_trigger_target_dag.py
[2024-06-20T23:56:43.615+0000] {processor.py:830} INFO - Processing file /home/airflow/.local/lib/python3.12/site-packages/airflow/example_dags/example_trigger_target_dag.py for tasks to queue
[2024-06-20T23:56:43.617+0000] {logging_mixin.py:188} INFO - [2024-06-20T23:56:43.616+0000] {dagbag.py:545} INFO - Filling up the DagBag from /home/airflow/.local/lib/python3.12/site-packages/airflow/example_dags/example_trigger_target_dag.py
[2024-06-20T23:56:43.622+0000] {processor.py:840} INFO - DAG(s) 'example_trigger_target_dag' retrieved from /home/airflow/.local/lib/python3.12/site-packages/airflow/example_dags/example_trigger_target_dag.py
[2024-06-20T23:56:43.638+0000] {logging_mixin.py:188} INFO - [2024-06-20T23:56:43.637+0000] {dag.py:3096} INFO - Sync 1 DAGs
[2024-06-20T23:56:43.648+0000] {logging_mixin.py:188} INFO - [2024-06-20T23:56:43.648+0000] {dag.py:3954} INFO - Setting next_dagrun for example_trigger_target_dag to None, run_after=None
[2024-06-20T23:56:43.665+0000] {processor.py:183} INFO - Processing /home/airflow/.local/lib/python3.12/site-packages/airflow/example_dags/example_trigger_target_dag.py took 0.056 seconds
[2024-06-20T23:57:13.831+0000] {processor.py:161} INFO - Started process (PID=1859) to work on /home/airflow/.local/lib/python3.12/site-packages/airflow/example_dags/example_trigger_target_dag.py
[2024-06-20T23:57:13.832+0000] {processor.py:830} INFO - Processing file /home/airflow/.local/lib/python3.12/site-packages/airflow/example_dags/example_trigger_target_dag.py for tasks to queue
[2024-06-20T23:57:13.834+0000] {logging_mixin.py:188} INFO - [2024-06-20T23:57:13.834+0000] {dagbag.py:545} INFO - Filling up the DagBag from /home/airflow/.local/lib/python3.12/site-packages/airflow/example_dags/example_trigger_target_dag.py
[2024-06-20T23:57:13.839+0000] {processor.py:840} INFO - DAG(s) 'example_trigger_target_dag' retrieved from /home/airflow/.local/lib/python3.12/site-packages/airflow/example_dags/example_trigger_target_dag.py
[2024-06-20T23:57:13.857+0000] {logging_mixin.py:188} INFO - [2024-06-20T23:57:13.857+0000] {dag.py:3096} INFO - Sync 1 DAGs
[2024-06-20T23:57:13.868+0000] {logging_mixin.py:188} INFO - [2024-06-20T23:57:13.867+0000] {dag.py:3954} INFO - Setting next_dagrun for example_trigger_target_dag to None, run_after=None
[2024-06-20T23:57:13.883+0000] {processor.py:183} INFO - Processing /home/airflow/.local/lib/python3.12/site-packages/airflow/example_dags/example_trigger_target_dag.py took 0.056 seconds
[2024-06-20T23:57:44.386+0000] {processor.py:161} INFO - Started process (PID=1917) to work on /home/airflow/.local/lib/python3.12/site-packages/airflow/example_dags/example_trigger_target_dag.py
[2024-06-20T23:57:44.387+0000] {processor.py:830} INFO - Processing file /home/airflow/.local/lib/python3.12/site-packages/airflow/example_dags/example_trigger_target_dag.py for tasks to queue
[2024-06-20T23:57:44.388+0000] {logging_mixin.py:188} INFO - [2024-06-20T23:57:44.388+0000] {dagbag.py:545} INFO - Filling up the DagBag from /home/airflow/.local/lib/python3.12/site-packages/airflow/example_dags/example_trigger_target_dag.py
[2024-06-20T23:57:44.393+0000] {processor.py:840} INFO - DAG(s) 'example_trigger_target_dag' retrieved from /home/airflow/.local/lib/python3.12/site-packages/airflow/example_dags/example_trigger_target_dag.py
[2024-06-20T23:57:44.409+0000] {logging_mixin.py:188} INFO - [2024-06-20T23:57:44.409+0000] {dag.py:3096} INFO - Sync 1 DAGs
[2024-06-20T23:57:44.418+0000] {logging_mixin.py:188} INFO - [2024-06-20T23:57:44.418+0000] {dag.py:3954} INFO - Setting next_dagrun for example_trigger_target_dag to None, run_after=None
[2024-06-20T23:57:44.439+0000] {processor.py:183} INFO - Processing /home/airflow/.local/lib/python3.12/site-packages/airflow/example_dags/example_trigger_target_dag.py took 0.057 seconds
[2024-06-20T23:58:14.766+0000] {processor.py:161} INFO - Started process (PID=1975) to work on /home/airflow/.local/lib/python3.12/site-packages/airflow/example_dags/example_trigger_target_dag.py
[2024-06-20T23:58:14.767+0000] {processor.py:830} INFO - Processing file /home/airflow/.local/lib/python3.12/site-packages/airflow/example_dags/example_trigger_target_dag.py for tasks to queue
[2024-06-20T23:58:14.769+0000] {logging_mixin.py:188} INFO - [2024-06-20T23:58:14.768+0000] {dagbag.py:545} INFO - Filling up the DagBag from /home/airflow/.local/lib/python3.12/site-packages/airflow/example_dags/example_trigger_target_dag.py
[2024-06-20T23:58:14.774+0000] {processor.py:840} INFO - DAG(s) 'example_trigger_target_dag' retrieved from /home/airflow/.local/lib/python3.12/site-packages/airflow/example_dags/example_trigger_target_dag.py
[2024-06-20T23:58:14.790+0000] {logging_mixin.py:188} INFO - [2024-06-20T23:58:14.789+0000] {dag.py:3096} INFO - Sync 1 DAGs
[2024-06-20T23:58:14.802+0000] {logging_mixin.py:188} INFO - [2024-06-20T23:58:14.802+0000] {dag.py:3954} INFO - Setting next_dagrun for example_trigger_target_dag to None, run_after=None
[2024-06-20T23:58:14.820+0000] {processor.py:183} INFO - Processing /home/airflow/.local/lib/python3.12/site-packages/airflow/example_dags/example_trigger_target_dag.py took 0.060 seconds
[2024-06-20T23:58:45.386+0000] {processor.py:161} INFO - Started process (PID=2033) to work on /home/airflow/.local/lib/python3.12/site-packages/airflow/example_dags/example_trigger_target_dag.py
[2024-06-20T23:58:45.387+0000] {processor.py:830} INFO - Processing file /home/airflow/.local/lib/python3.12/site-packages/airflow/example_dags/example_trigger_target_dag.py for tasks to queue
[2024-06-20T23:58:45.389+0000] {logging_mixin.py:188} INFO - [2024-06-20T23:58:45.389+0000] {dagbag.py:545} INFO - Filling up the DagBag from /home/airflow/.local/lib/python3.12/site-packages/airflow/example_dags/example_trigger_target_dag.py
[2024-06-20T23:58:45.394+0000] {processor.py:840} INFO - DAG(s) 'example_trigger_target_dag' retrieved from /home/airflow/.local/lib/python3.12/site-packages/airflow/example_dags/example_trigger_target_dag.py
[2024-06-20T23:58:45.411+0000] {logging_mixin.py:188} INFO - [2024-06-20T23:58:45.410+0000] {dag.py:3096} INFO - Sync 1 DAGs
[2024-06-20T23:58:45.526+0000] {logging_mixin.py:188} INFO - [2024-06-20T23:58:45.525+0000] {dag.py:3954} INFO - Setting next_dagrun for example_trigger_target_dag to None, run_after=None
[2024-06-20T23:58:45.540+0000] {processor.py:183} INFO - Processing /home/airflow/.local/lib/python3.12/site-packages/airflow/example_dags/example_trigger_target_dag.py took 0.158 seconds
[2024-06-20T23:59:15.943+0000] {processor.py:161} INFO - Started process (PID=2091) to work on /home/airflow/.local/lib/python3.12/site-packages/airflow/example_dags/example_trigger_target_dag.py
[2024-06-20T23:59:15.944+0000] {processor.py:830} INFO - Processing file /home/airflow/.local/lib/python3.12/site-packages/airflow/example_dags/example_trigger_target_dag.py for tasks to queue
[2024-06-20T23:59:15.945+0000] {logging_mixin.py:188} INFO - [2024-06-20T23:59:15.945+0000] {dagbag.py:545} INFO - Filling up the DagBag from /home/airflow/.local/lib/python3.12/site-packages/airflow/example_dags/example_trigger_target_dag.py
[2024-06-20T23:59:15.950+0000] {processor.py:840} INFO - DAG(s) 'example_trigger_target_dag' retrieved from /home/airflow/.local/lib/python3.12/site-packages/airflow/example_dags/example_trigger_target_dag.py
[2024-06-20T23:59:15.966+0000] {logging_mixin.py:188} INFO - [2024-06-20T23:59:15.966+0000] {dag.py:3096} INFO - Sync 1 DAGs
[2024-06-20T23:59:15.977+0000] {logging_mixin.py:188} INFO - [2024-06-20T23:59:15.976+0000] {dag.py:3954} INFO - Setting next_dagrun for example_trigger_target_dag to None, run_after=None
[2024-06-20T23:59:15.992+0000] {processor.py:183} INFO - Processing /home/airflow/.local/lib/python3.12/site-packages/airflow/example_dags/example_trigger_target_dag.py took 0.055 seconds
[2024-06-20T23:59:46.615+0000] {processor.py:161} INFO - Started process (PID=2149) to work on /home/airflow/.local/lib/python3.12/site-packages/airflow/example_dags/example_trigger_target_dag.py
[2024-06-20T23:59:46.616+0000] {processor.py:830} INFO - Processing file /home/airflow/.local/lib/python3.12/site-packages/airflow/example_dags/example_trigger_target_dag.py for tasks to queue
[2024-06-20T23:59:46.618+0000] {logging_mixin.py:188} INFO - [2024-06-20T23:59:46.618+0000] {dagbag.py:545} INFO - Filling up the DagBag from /home/airflow/.local/lib/python3.12/site-packages/airflow/example_dags/example_trigger_target_dag.py
[2024-06-20T23:59:46.623+0000] {processor.py:840} INFO - DAG(s) 'example_trigger_target_dag' retrieved from /home/airflow/.local/lib/python3.12/site-packages/airflow/example_dags/example_trigger_target_dag.py
[2024-06-20T23:59:46.641+0000] {logging_mixin.py:188} INFO - [2024-06-20T23:59:46.641+0000] {dag.py:3096} INFO - Sync 1 DAGs
[2024-06-20T23:59:46.653+0000] {logging_mixin.py:188} INFO - [2024-06-20T23:59:46.653+0000] {dag.py:3954} INFO - Setting next_dagrun for example_trigger_target_dag to None, run_after=None
[2024-06-20T23:59:46.670+0000] {processor.py:183} INFO - Processing /home/airflow/.local/lib/python3.12/site-packages/airflow/example_dags/example_trigger_target_dag.py took 0.062 seconds
