[2024-06-20T23:41:02.191+0000] {processor.py:161} INFO - Started process (PID=82) to work on /home/airflow/.local/lib/python3.12/site-packages/airflow/example_dags/example_sla_dag.py
[2024-06-20T23:41:02.192+0000] {processor.py:830} INFO - Processing file /home/airflow/.local/lib/python3.12/site-packages/airflow/example_dags/example_sla_dag.py for tasks to queue
[2024-06-20T23:41:02.194+0000] {logging_mixin.py:188} INFO - [2024-06-20T23:41:02.194+0000] {dagbag.py:545} INFO - Filling up the DagBag from /home/airflow/.local/lib/python3.12/site-packages/airflow/example_dags/example_sla_dag.py
[2024-06-20T23:41:02.203+0000] {processor.py:840} INFO - DAG(s) 'example_sla_dag' retrieved from /home/airflow/.local/lib/python3.12/site-packages/airflow/example_dags/example_sla_dag.py
[2024-06-20T23:41:02.213+0000] {logging_mixin.py:188} INFO - [2024-06-20T23:41:02.213+0000] {dag.py:3096} INFO - Sync 1 DAGs
[2024-06-20T23:41:02.241+0000] {logging_mixin.py:188} INFO - [2024-06-20T23:41:02.240+0000] {dag.py:3954} INFO - Setting next_dagrun for example_sla_dag to 2024-06-20 23:38:00+00:00, run_after=2024-06-20 23:40:00+00:00
[2024-06-20T23:41:02.260+0000] {processor.py:183} INFO - Processing /home/airflow/.local/lib/python3.12/site-packages/airflow/example_dags/example_sla_dag.py took 0.074 seconds
[2024-06-20T23:41:31.571+0000] {processor.py:161} INFO - Started process (PID=82) to work on /home/airflow/.local/lib/python3.12/site-packages/airflow/example_dags/example_sla_dag.py
[2024-06-20T23:41:31.572+0000] {processor.py:830} INFO - Processing file /home/airflow/.local/lib/python3.12/site-packages/airflow/example_dags/example_sla_dag.py for tasks to queue
[2024-06-20T23:41:31.574+0000] {logging_mixin.py:188} INFO - [2024-06-20T23:41:31.573+0000] {dagbag.py:545} INFO - Filling up the DagBag from /home/airflow/.local/lib/python3.12/site-packages/airflow/example_dags/example_sla_dag.py
[2024-06-20T23:41:31.581+0000] {processor.py:840} INFO - DAG(s) 'example_sla_dag' retrieved from /home/airflow/.local/lib/python3.12/site-packages/airflow/example_dags/example_sla_dag.py
[2024-06-20T23:41:31.680+0000] {logging_mixin.py:188} INFO - [2024-06-20T23:41:31.677+0000] {dag.py:3096} INFO - Sync 1 DAGs
[2024-06-20T23:41:31.706+0000] {logging_mixin.py:188} INFO - [2024-06-20T23:41:31.706+0000] {dag.py:3954} INFO - Setting next_dagrun for example_sla_dag to 2024-06-20 23:38:00+00:00, run_after=2024-06-20 23:40:00+00:00
[2024-06-20T23:41:31.733+0000] {processor.py:183} INFO - Processing /home/airflow/.local/lib/python3.12/site-packages/airflow/example_dags/example_sla_dag.py took 0.167 seconds
[2024-06-20T23:42:02.151+0000] {processor.py:161} INFO - Started process (PID=140) to work on /home/airflow/.local/lib/python3.12/site-packages/airflow/example_dags/example_sla_dag.py
[2024-06-20T23:42:02.152+0000] {processor.py:830} INFO - Processing file /home/airflow/.local/lib/python3.12/site-packages/airflow/example_dags/example_sla_dag.py for tasks to queue
[2024-06-20T23:42:02.154+0000] {logging_mixin.py:188} INFO - [2024-06-20T23:42:02.154+0000] {dagbag.py:545} INFO - Filling up the DagBag from /home/airflow/.local/lib/python3.12/site-packages/airflow/example_dags/example_sla_dag.py
[2024-06-20T23:42:02.162+0000] {processor.py:840} INFO - DAG(s) 'example_sla_dag' retrieved from /home/airflow/.local/lib/python3.12/site-packages/airflow/example_dags/example_sla_dag.py
[2024-06-20T23:42:02.180+0000] {logging_mixin.py:188} INFO - [2024-06-20T23:42:02.180+0000] {dag.py:3096} INFO - Sync 1 DAGs
[2024-06-20T23:42:02.202+0000] {logging_mixin.py:188} INFO - [2024-06-20T23:42:02.202+0000] {dag.py:3954} INFO - Setting next_dagrun for example_sla_dag to 2024-06-20 23:40:00+00:00, run_after=2024-06-20 23:42:00+00:00
[2024-06-20T23:42:02.219+0000] {processor.py:183} INFO - Processing /home/airflow/.local/lib/python3.12/site-packages/airflow/example_dags/example_sla_dag.py took 0.073 seconds
[2024-06-20T23:42:32.552+0000] {processor.py:161} INFO - Started process (PID=198) to work on /home/airflow/.local/lib/python3.12/site-packages/airflow/example_dags/example_sla_dag.py
[2024-06-20T23:42:32.553+0000] {processor.py:830} INFO - Processing file /home/airflow/.local/lib/python3.12/site-packages/airflow/example_dags/example_sla_dag.py for tasks to queue
[2024-06-20T23:42:32.555+0000] {logging_mixin.py:188} INFO - [2024-06-20T23:42:32.554+0000] {dagbag.py:545} INFO - Filling up the DagBag from /home/airflow/.local/lib/python3.12/site-packages/airflow/example_dags/example_sla_dag.py
[2024-06-20T23:42:32.561+0000] {processor.py:840} INFO - DAG(s) 'example_sla_dag' retrieved from /home/airflow/.local/lib/python3.12/site-packages/airflow/example_dags/example_sla_dag.py
[2024-06-20T23:42:32.579+0000] {logging_mixin.py:188} INFO - [2024-06-20T23:42:32.578+0000] {dag.py:3096} INFO - Sync 1 DAGs
[2024-06-20T23:42:32.597+0000] {logging_mixin.py:188} INFO - [2024-06-20T23:42:32.596+0000] {dag.py:3954} INFO - Setting next_dagrun for example_sla_dag to 2024-06-20 23:40:00+00:00, run_after=2024-06-20 23:42:00+00:00
[2024-06-20T23:42:32.612+0000] {processor.py:183} INFO - Processing /home/airflow/.local/lib/python3.12/site-packages/airflow/example_dags/example_sla_dag.py took 0.064 seconds
[2024-06-20T23:43:02.679+0000] {processor.py:161} INFO - Started process (PID=256) to work on /home/airflow/.local/lib/python3.12/site-packages/airflow/example_dags/example_sla_dag.py
[2024-06-20T23:43:02.680+0000] {processor.py:830} INFO - Processing file /home/airflow/.local/lib/python3.12/site-packages/airflow/example_dags/example_sla_dag.py for tasks to queue
[2024-06-20T23:43:02.682+0000] {logging_mixin.py:188} INFO - [2024-06-20T23:43:02.681+0000] {dagbag.py:545} INFO - Filling up the DagBag from /home/airflow/.local/lib/python3.12/site-packages/airflow/example_dags/example_sla_dag.py
[2024-06-20T23:43:02.688+0000] {processor.py:840} INFO - DAG(s) 'example_sla_dag' retrieved from /home/airflow/.local/lib/python3.12/site-packages/airflow/example_dags/example_sla_dag.py
[2024-06-20T23:43:02.705+0000] {logging_mixin.py:188} INFO - [2024-06-20T23:43:02.705+0000] {dag.py:3096} INFO - Sync 1 DAGs
[2024-06-20T23:43:02.724+0000] {logging_mixin.py:188} INFO - [2024-06-20T23:43:02.724+0000] {dag.py:3954} INFO - Setting next_dagrun for example_sla_dag to 2024-06-20 23:40:00+00:00, run_after=2024-06-20 23:42:00+00:00
[2024-06-20T23:43:02.741+0000] {processor.py:183} INFO - Processing /home/airflow/.local/lib/python3.12/site-packages/airflow/example_dags/example_sla_dag.py took 0.067 seconds
[2024-06-20T23:43:32.818+0000] {processor.py:161} INFO - Started process (PID=314) to work on /home/airflow/.local/lib/python3.12/site-packages/airflow/example_dags/example_sla_dag.py
[2024-06-20T23:43:32.819+0000] {processor.py:830} INFO - Processing file /home/airflow/.local/lib/python3.12/site-packages/airflow/example_dags/example_sla_dag.py for tasks to queue
[2024-06-20T23:43:32.820+0000] {logging_mixin.py:188} INFO - [2024-06-20T23:43:32.820+0000] {dagbag.py:545} INFO - Filling up the DagBag from /home/airflow/.local/lib/python3.12/site-packages/airflow/example_dags/example_sla_dag.py
[2024-06-20T23:43:32.827+0000] {processor.py:840} INFO - DAG(s) 'example_sla_dag' retrieved from /home/airflow/.local/lib/python3.12/site-packages/airflow/example_dags/example_sla_dag.py
[2024-06-20T23:43:32.843+0000] {logging_mixin.py:188} INFO - [2024-06-20T23:43:32.843+0000] {dag.py:3096} INFO - Sync 1 DAGs
[2024-06-20T23:43:32.862+0000] {logging_mixin.py:188} INFO - [2024-06-20T23:43:32.862+0000] {dag.py:3954} INFO - Setting next_dagrun for example_sla_dag to 2024-06-20 23:40:00+00:00, run_after=2024-06-20 23:42:00+00:00
[2024-06-20T23:43:32.878+0000] {processor.py:183} INFO - Processing /home/airflow/.local/lib/python3.12/site-packages/airflow/example_dags/example_sla_dag.py took 0.065 seconds
[2024-06-20T23:44:03.302+0000] {processor.py:161} INFO - Started process (PID=372) to work on /home/airflow/.local/lib/python3.12/site-packages/airflow/example_dags/example_sla_dag.py
[2024-06-20T23:44:03.303+0000] {processor.py:830} INFO - Processing file /home/airflow/.local/lib/python3.12/site-packages/airflow/example_dags/example_sla_dag.py for tasks to queue
[2024-06-20T23:44:03.305+0000] {logging_mixin.py:188} INFO - [2024-06-20T23:44:03.304+0000] {dagbag.py:545} INFO - Filling up the DagBag from /home/airflow/.local/lib/python3.12/site-packages/airflow/example_dags/example_sla_dag.py
[2024-06-20T23:44:03.312+0000] {processor.py:840} INFO - DAG(s) 'example_sla_dag' retrieved from /home/airflow/.local/lib/python3.12/site-packages/airflow/example_dags/example_sla_dag.py
[2024-06-20T23:44:03.327+0000] {logging_mixin.py:188} INFO - [2024-06-20T23:44:03.327+0000] {dag.py:3096} INFO - Sync 1 DAGs
[2024-06-20T23:44:03.346+0000] {logging_mixin.py:188} INFO - [2024-06-20T23:44:03.346+0000] {dag.py:3954} INFO - Setting next_dagrun for example_sla_dag to 2024-06-20 23:42:00+00:00, run_after=2024-06-20 23:44:00+00:00
[2024-06-20T23:44:03.361+0000] {processor.py:183} INFO - Processing /home/airflow/.local/lib/python3.12/site-packages/airflow/example_dags/example_sla_dag.py took 0.064 seconds
[2024-06-20T23:44:33.973+0000] {processor.py:161} INFO - Started process (PID=430) to work on /home/airflow/.local/lib/python3.12/site-packages/airflow/example_dags/example_sla_dag.py
[2024-06-20T23:44:33.974+0000] {processor.py:830} INFO - Processing file /home/airflow/.local/lib/python3.12/site-packages/airflow/example_dags/example_sla_dag.py for tasks to queue
[2024-06-20T23:44:33.976+0000] {logging_mixin.py:188} INFO - [2024-06-20T23:44:33.976+0000] {dagbag.py:545} INFO - Filling up the DagBag from /home/airflow/.local/lib/python3.12/site-packages/airflow/example_dags/example_sla_dag.py
[2024-06-20T23:44:33.982+0000] {processor.py:840} INFO - DAG(s) 'example_sla_dag' retrieved from /home/airflow/.local/lib/python3.12/site-packages/airflow/example_dags/example_sla_dag.py
[2024-06-20T23:44:34.001+0000] {logging_mixin.py:188} INFO - [2024-06-20T23:44:34.000+0000] {dag.py:3096} INFO - Sync 1 DAGs
[2024-06-20T23:44:34.019+0000] {logging_mixin.py:188} INFO - [2024-06-20T23:44:34.019+0000] {dag.py:3954} INFO - Setting next_dagrun for example_sla_dag to 2024-06-20 23:42:00+00:00, run_after=2024-06-20 23:44:00+00:00
[2024-06-20T23:44:34.035+0000] {processor.py:183} INFO - Processing /home/airflow/.local/lib/python3.12/site-packages/airflow/example_dags/example_sla_dag.py took 0.066 seconds
[2024-06-20T23:45:04.576+0000] {processor.py:161} INFO - Started process (PID=488) to work on /home/airflow/.local/lib/python3.12/site-packages/airflow/example_dags/example_sla_dag.py
[2024-06-20T23:45:04.577+0000] {processor.py:830} INFO - Processing file /home/airflow/.local/lib/python3.12/site-packages/airflow/example_dags/example_sla_dag.py for tasks to queue
[2024-06-20T23:45:04.578+0000] {logging_mixin.py:188} INFO - [2024-06-20T23:45:04.578+0000] {dagbag.py:545} INFO - Filling up the DagBag from /home/airflow/.local/lib/python3.12/site-packages/airflow/example_dags/example_sla_dag.py
[2024-06-20T23:45:04.585+0000] {processor.py:840} INFO - DAG(s) 'example_sla_dag' retrieved from /home/airflow/.local/lib/python3.12/site-packages/airflow/example_dags/example_sla_dag.py
[2024-06-20T23:45:04.601+0000] {logging_mixin.py:188} INFO - [2024-06-20T23:45:04.601+0000] {dag.py:3096} INFO - Sync 1 DAGs
[2024-06-20T23:45:04.619+0000] {logging_mixin.py:188} INFO - [2024-06-20T23:45:04.619+0000] {dag.py:3954} INFO - Setting next_dagrun for example_sla_dag to 2024-06-20 23:42:00+00:00, run_after=2024-06-20 23:44:00+00:00
[2024-06-20T23:45:04.635+0000] {processor.py:183} INFO - Processing /home/airflow/.local/lib/python3.12/site-packages/airflow/example_dags/example_sla_dag.py took 0.063 seconds
[2024-06-20T23:45:35.324+0000] {processor.py:161} INFO - Started process (PID=546) to work on /home/airflow/.local/lib/python3.12/site-packages/airflow/example_dags/example_sla_dag.py
[2024-06-20T23:45:35.325+0000] {processor.py:830} INFO - Processing file /home/airflow/.local/lib/python3.12/site-packages/airflow/example_dags/example_sla_dag.py for tasks to queue
[2024-06-20T23:45:35.327+0000] {logging_mixin.py:188} INFO - [2024-06-20T23:45:35.327+0000] {dagbag.py:545} INFO - Filling up the DagBag from /home/airflow/.local/lib/python3.12/site-packages/airflow/example_dags/example_sla_dag.py
[2024-06-20T23:45:35.334+0000] {processor.py:840} INFO - DAG(s) 'example_sla_dag' retrieved from /home/airflow/.local/lib/python3.12/site-packages/airflow/example_dags/example_sla_dag.py
[2024-06-20T23:45:35.351+0000] {logging_mixin.py:188} INFO - [2024-06-20T23:45:35.350+0000] {dag.py:3096} INFO - Sync 1 DAGs
[2024-06-20T23:45:35.370+0000] {logging_mixin.py:188} INFO - [2024-06-20T23:45:35.369+0000] {dag.py:3954} INFO - Setting next_dagrun for example_sla_dag to 2024-06-20 23:42:00+00:00, run_after=2024-06-20 23:44:00+00:00
[2024-06-20T23:45:35.388+0000] {processor.py:183} INFO - Processing /home/airflow/.local/lib/python3.12/site-packages/airflow/example_dags/example_sla_dag.py took 0.068 seconds
[2024-06-20T23:46:06.116+0000] {processor.py:161} INFO - Started process (PID=604) to work on /home/airflow/.local/lib/python3.12/site-packages/airflow/example_dags/example_sla_dag.py
[2024-06-20T23:46:06.117+0000] {processor.py:830} INFO - Processing file /home/airflow/.local/lib/python3.12/site-packages/airflow/example_dags/example_sla_dag.py for tasks to queue
[2024-06-20T23:46:06.118+0000] {logging_mixin.py:188} INFO - [2024-06-20T23:46:06.118+0000] {dagbag.py:545} INFO - Filling up the DagBag from /home/airflow/.local/lib/python3.12/site-packages/airflow/example_dags/example_sla_dag.py
[2024-06-20T23:46:06.126+0000] {processor.py:840} INFO - DAG(s) 'example_sla_dag' retrieved from /home/airflow/.local/lib/python3.12/site-packages/airflow/example_dags/example_sla_dag.py
[2024-06-20T23:46:06.142+0000] {logging_mixin.py:188} INFO - [2024-06-20T23:46:06.142+0000] {dag.py:3096} INFO - Sync 1 DAGs
[2024-06-20T23:46:06.162+0000] {logging_mixin.py:188} INFO - [2024-06-20T23:46:06.162+0000] {dag.py:3954} INFO - Setting next_dagrun for example_sla_dag to 2024-06-20 23:44:00+00:00, run_after=2024-06-20 23:46:00+00:00
[2024-06-20T23:46:06.177+0000] {processor.py:183} INFO - Processing /home/airflow/.local/lib/python3.12/site-packages/airflow/example_dags/example_sla_dag.py took 0.066 seconds
[2024-06-20T23:46:36.818+0000] {processor.py:161} INFO - Started process (PID=662) to work on /home/airflow/.local/lib/python3.12/site-packages/airflow/example_dags/example_sla_dag.py
[2024-06-20T23:46:36.818+0000] {processor.py:830} INFO - Processing file /home/airflow/.local/lib/python3.12/site-packages/airflow/example_dags/example_sla_dag.py for tasks to queue
[2024-06-20T23:46:36.820+0000] {logging_mixin.py:188} INFO - [2024-06-20T23:46:36.820+0000] {dagbag.py:545} INFO - Filling up the DagBag from /home/airflow/.local/lib/python3.12/site-packages/airflow/example_dags/example_sla_dag.py
[2024-06-20T23:46:36.827+0000] {processor.py:840} INFO - DAG(s) 'example_sla_dag' retrieved from /home/airflow/.local/lib/python3.12/site-packages/airflow/example_dags/example_sla_dag.py
[2024-06-20T23:46:36.844+0000] {logging_mixin.py:188} INFO - [2024-06-20T23:46:36.844+0000] {dag.py:3096} INFO - Sync 1 DAGs
[2024-06-20T23:46:36.863+0000] {logging_mixin.py:188} INFO - [2024-06-20T23:46:36.863+0000] {dag.py:3954} INFO - Setting next_dagrun for example_sla_dag to 2024-06-20 23:44:00+00:00, run_after=2024-06-20 23:46:00+00:00
[2024-06-20T23:46:36.880+0000] {processor.py:183} INFO - Processing /home/airflow/.local/lib/python3.12/site-packages/airflow/example_dags/example_sla_dag.py took 0.067 seconds
[2024-06-20T23:47:07.335+0000] {processor.py:161} INFO - Started process (PID=720) to work on /home/airflow/.local/lib/python3.12/site-packages/airflow/example_dags/example_sla_dag.py
[2024-06-20T23:47:07.336+0000] {processor.py:830} INFO - Processing file /home/airflow/.local/lib/python3.12/site-packages/airflow/example_dags/example_sla_dag.py for tasks to queue
[2024-06-20T23:47:07.337+0000] {logging_mixin.py:188} INFO - [2024-06-20T23:47:07.337+0000] {dagbag.py:545} INFO - Filling up the DagBag from /home/airflow/.local/lib/python3.12/site-packages/airflow/example_dags/example_sla_dag.py
[2024-06-20T23:47:07.344+0000] {processor.py:840} INFO - DAG(s) 'example_sla_dag' retrieved from /home/airflow/.local/lib/python3.12/site-packages/airflow/example_dags/example_sla_dag.py
[2024-06-20T23:47:07.360+0000] {logging_mixin.py:188} INFO - [2024-06-20T23:47:07.360+0000] {dag.py:3096} INFO - Sync 1 DAGs
[2024-06-20T23:47:07.379+0000] {logging_mixin.py:188} INFO - [2024-06-20T23:47:07.379+0000] {dag.py:3954} INFO - Setting next_dagrun for example_sla_dag to 2024-06-20 23:44:00+00:00, run_after=2024-06-20 23:46:00+00:00
[2024-06-20T23:47:07.395+0000] {processor.py:183} INFO - Processing /home/airflow/.local/lib/python3.12/site-packages/airflow/example_dags/example_sla_dag.py took 0.065 seconds
[2024-06-20T23:47:37.874+0000] {processor.py:161} INFO - Started process (PID=778) to work on /home/airflow/.local/lib/python3.12/site-packages/airflow/example_dags/example_sla_dag.py
[2024-06-20T23:47:37.875+0000] {processor.py:830} INFO - Processing file /home/airflow/.local/lib/python3.12/site-packages/airflow/example_dags/example_sla_dag.py for tasks to queue
[2024-06-20T23:47:37.877+0000] {logging_mixin.py:188} INFO - [2024-06-20T23:47:37.877+0000] {dagbag.py:545} INFO - Filling up the DagBag from /home/airflow/.local/lib/python3.12/site-packages/airflow/example_dags/example_sla_dag.py
[2024-06-20T23:47:37.886+0000] {processor.py:840} INFO - DAG(s) 'example_sla_dag' retrieved from /home/airflow/.local/lib/python3.12/site-packages/airflow/example_dags/example_sla_dag.py
[2024-06-20T23:47:37.904+0000] {logging_mixin.py:188} INFO - [2024-06-20T23:47:37.904+0000] {dag.py:3096} INFO - Sync 1 DAGs
[2024-06-20T23:47:37.926+0000] {logging_mixin.py:188} INFO - [2024-06-20T23:47:37.926+0000] {dag.py:3954} INFO - Setting next_dagrun for example_sla_dag to 2024-06-20 23:44:00+00:00, run_after=2024-06-20 23:46:00+00:00
[2024-06-20T23:47:37.943+0000] {processor.py:183} INFO - Processing /home/airflow/.local/lib/python3.12/site-packages/airflow/example_dags/example_sla_dag.py took 0.075 seconds
[2024-06-20T23:48:08.539+0000] {processor.py:161} INFO - Started process (PID=836) to work on /home/airflow/.local/lib/python3.12/site-packages/airflow/example_dags/example_sla_dag.py
[2024-06-20T23:48:08.540+0000] {processor.py:830} INFO - Processing file /home/airflow/.local/lib/python3.12/site-packages/airflow/example_dags/example_sla_dag.py for tasks to queue
[2024-06-20T23:48:08.541+0000] {logging_mixin.py:188} INFO - [2024-06-20T23:48:08.541+0000] {dagbag.py:545} INFO - Filling up the DagBag from /home/airflow/.local/lib/python3.12/site-packages/airflow/example_dags/example_sla_dag.py
[2024-06-20T23:48:08.548+0000] {processor.py:840} INFO - DAG(s) 'example_sla_dag' retrieved from /home/airflow/.local/lib/python3.12/site-packages/airflow/example_dags/example_sla_dag.py
[2024-06-20T23:48:08.565+0000] {logging_mixin.py:188} INFO - [2024-06-20T23:48:08.565+0000] {dag.py:3096} INFO - Sync 1 DAGs
[2024-06-20T23:48:08.584+0000] {logging_mixin.py:188} INFO - [2024-06-20T23:48:08.584+0000] {dag.py:3954} INFO - Setting next_dagrun for example_sla_dag to 2024-06-20 23:46:00+00:00, run_after=2024-06-20 23:48:00+00:00
[2024-06-20T23:48:08.600+0000] {processor.py:183} INFO - Processing /home/airflow/.local/lib/python3.12/site-packages/airflow/example_dags/example_sla_dag.py took 0.066 seconds
[2024-06-20T23:48:38.987+0000] {processor.py:161} INFO - Started process (PID=894) to work on /home/airflow/.local/lib/python3.12/site-packages/airflow/example_dags/example_sla_dag.py
[2024-06-20T23:48:38.988+0000] {processor.py:830} INFO - Processing file /home/airflow/.local/lib/python3.12/site-packages/airflow/example_dags/example_sla_dag.py for tasks to queue
[2024-06-20T23:48:38.989+0000] {logging_mixin.py:188} INFO - [2024-06-20T23:48:38.989+0000] {dagbag.py:545} INFO - Filling up the DagBag from /home/airflow/.local/lib/python3.12/site-packages/airflow/example_dags/example_sla_dag.py
[2024-06-20T23:48:38.997+0000] {processor.py:840} INFO - DAG(s) 'example_sla_dag' retrieved from /home/airflow/.local/lib/python3.12/site-packages/airflow/example_dags/example_sla_dag.py
[2024-06-20T23:48:39.014+0000] {logging_mixin.py:188} INFO - [2024-06-20T23:48:39.014+0000] {dag.py:3096} INFO - Sync 1 DAGs
[2024-06-20T23:48:39.033+0000] {logging_mixin.py:188} INFO - [2024-06-20T23:48:39.033+0000] {dag.py:3954} INFO - Setting next_dagrun for example_sla_dag to 2024-06-20 23:46:00+00:00, run_after=2024-06-20 23:48:00+00:00
[2024-06-20T23:48:39.048+0000] {processor.py:183} INFO - Processing /home/airflow/.local/lib/python3.12/site-packages/airflow/example_dags/example_sla_dag.py took 0.066 seconds
[2024-06-20T23:49:09.647+0000] {processor.py:161} INFO - Started process (PID=952) to work on /home/airflow/.local/lib/python3.12/site-packages/airflow/example_dags/example_sla_dag.py
[2024-06-20T23:49:09.648+0000] {processor.py:830} INFO - Processing file /home/airflow/.local/lib/python3.12/site-packages/airflow/example_dags/example_sla_dag.py for tasks to queue
[2024-06-20T23:49:09.649+0000] {logging_mixin.py:188} INFO - [2024-06-20T23:49:09.649+0000] {dagbag.py:545} INFO - Filling up the DagBag from /home/airflow/.local/lib/python3.12/site-packages/airflow/example_dags/example_sla_dag.py
[2024-06-20T23:49:09.656+0000] {processor.py:840} INFO - DAG(s) 'example_sla_dag' retrieved from /home/airflow/.local/lib/python3.12/site-packages/airflow/example_dags/example_sla_dag.py
[2024-06-20T23:49:09.673+0000] {logging_mixin.py:188} INFO - [2024-06-20T23:49:09.672+0000] {dag.py:3096} INFO - Sync 1 DAGs
[2024-06-20T23:49:09.691+0000] {logging_mixin.py:188} INFO - [2024-06-20T23:49:09.690+0000] {dag.py:3954} INFO - Setting next_dagrun for example_sla_dag to 2024-06-20 23:46:00+00:00, run_after=2024-06-20 23:48:00+00:00
[2024-06-20T23:49:09.707+0000] {processor.py:183} INFO - Processing /home/airflow/.local/lib/python3.12/site-packages/airflow/example_dags/example_sla_dag.py took 0.065 seconds
[2024-06-20T23:49:40.259+0000] {processor.py:161} INFO - Started process (PID=1010) to work on /home/airflow/.local/lib/python3.12/site-packages/airflow/example_dags/example_sla_dag.py
[2024-06-20T23:49:40.260+0000] {processor.py:830} INFO - Processing file /home/airflow/.local/lib/python3.12/site-packages/airflow/example_dags/example_sla_dag.py for tasks to queue
[2024-06-20T23:49:40.261+0000] {logging_mixin.py:188} INFO - [2024-06-20T23:49:40.261+0000] {dagbag.py:545} INFO - Filling up the DagBag from /home/airflow/.local/lib/python3.12/site-packages/airflow/example_dags/example_sla_dag.py
[2024-06-20T23:49:40.269+0000] {processor.py:840} INFO - DAG(s) 'example_sla_dag' retrieved from /home/airflow/.local/lib/python3.12/site-packages/airflow/example_dags/example_sla_dag.py
[2024-06-20T23:49:40.287+0000] {logging_mixin.py:188} INFO - [2024-06-20T23:49:40.287+0000] {dag.py:3096} INFO - Sync 1 DAGs
[2024-06-20T23:49:40.307+0000] {logging_mixin.py:188} INFO - [2024-06-20T23:49:40.307+0000] {dag.py:3954} INFO - Setting next_dagrun for example_sla_dag to 2024-06-20 23:46:00+00:00, run_after=2024-06-20 23:48:00+00:00
[2024-06-20T23:49:40.322+0000] {processor.py:183} INFO - Processing /home/airflow/.local/lib/python3.12/site-packages/airflow/example_dags/example_sla_dag.py took 0.068 seconds
[2024-06-20T23:50:10.826+0000] {processor.py:161} INFO - Started process (PID=1068) to work on /home/airflow/.local/lib/python3.12/site-packages/airflow/example_dags/example_sla_dag.py
[2024-06-20T23:50:10.827+0000] {processor.py:830} INFO - Processing file /home/airflow/.local/lib/python3.12/site-packages/airflow/example_dags/example_sla_dag.py for tasks to queue
[2024-06-20T23:50:10.829+0000] {logging_mixin.py:188} INFO - [2024-06-20T23:50:10.828+0000] {dagbag.py:545} INFO - Filling up the DagBag from /home/airflow/.local/lib/python3.12/site-packages/airflow/example_dags/example_sla_dag.py
[2024-06-20T23:50:10.836+0000] {processor.py:840} INFO - DAG(s) 'example_sla_dag' retrieved from /home/airflow/.local/lib/python3.12/site-packages/airflow/example_dags/example_sla_dag.py
[2024-06-20T23:50:10.852+0000] {logging_mixin.py:188} INFO - [2024-06-20T23:50:10.852+0000] {dag.py:3096} INFO - Sync 1 DAGs
[2024-06-20T23:50:10.871+0000] {logging_mixin.py:188} INFO - [2024-06-20T23:50:10.871+0000] {dag.py:3954} INFO - Setting next_dagrun for example_sla_dag to 2024-06-20 23:48:00+00:00, run_after=2024-06-20 23:50:00+00:00
[2024-06-20T23:50:10.887+0000] {processor.py:183} INFO - Processing /home/airflow/.local/lib/python3.12/site-packages/airflow/example_dags/example_sla_dag.py took 0.066 seconds
[2024-06-20T23:50:41.669+0000] {processor.py:161} INFO - Started process (PID=1126) to work on /home/airflow/.local/lib/python3.12/site-packages/airflow/example_dags/example_sla_dag.py
[2024-06-20T23:50:41.670+0000] {processor.py:830} INFO - Processing file /home/airflow/.local/lib/python3.12/site-packages/airflow/example_dags/example_sla_dag.py for tasks to queue
[2024-06-20T23:50:41.671+0000] {logging_mixin.py:188} INFO - [2024-06-20T23:50:41.671+0000] {dagbag.py:545} INFO - Filling up the DagBag from /home/airflow/.local/lib/python3.12/site-packages/airflow/example_dags/example_sla_dag.py
[2024-06-20T23:50:41.678+0000] {processor.py:840} INFO - DAG(s) 'example_sla_dag' retrieved from /home/airflow/.local/lib/python3.12/site-packages/airflow/example_dags/example_sla_dag.py
[2024-06-20T23:50:41.695+0000] {logging_mixin.py:188} INFO - [2024-06-20T23:50:41.694+0000] {dag.py:3096} INFO - Sync 1 DAGs
[2024-06-20T23:50:41.715+0000] {logging_mixin.py:188} INFO - [2024-06-20T23:50:41.715+0000] {dag.py:3954} INFO - Setting next_dagrun for example_sla_dag to 2024-06-20 23:48:00+00:00, run_after=2024-06-20 23:50:00+00:00
[2024-06-20T23:50:41.732+0000] {processor.py:183} INFO - Processing /home/airflow/.local/lib/python3.12/site-packages/airflow/example_dags/example_sla_dag.py took 0.067 seconds
[2024-06-20T23:51:11.817+0000] {processor.py:161} INFO - Started process (PID=1184) to work on /home/airflow/.local/lib/python3.12/site-packages/airflow/example_dags/example_sla_dag.py
[2024-06-20T23:51:11.818+0000] {processor.py:830} INFO - Processing file /home/airflow/.local/lib/python3.12/site-packages/airflow/example_dags/example_sla_dag.py for tasks to queue
[2024-06-20T23:51:11.820+0000] {logging_mixin.py:188} INFO - [2024-06-20T23:51:11.819+0000] {dagbag.py:545} INFO - Filling up the DagBag from /home/airflow/.local/lib/python3.12/site-packages/airflow/example_dags/example_sla_dag.py
[2024-06-20T23:51:11.827+0000] {processor.py:840} INFO - DAG(s) 'example_sla_dag' retrieved from /home/airflow/.local/lib/python3.12/site-packages/airflow/example_dags/example_sla_dag.py
[2024-06-20T23:51:11.844+0000] {logging_mixin.py:188} INFO - [2024-06-20T23:51:11.844+0000] {dag.py:3096} INFO - Sync 1 DAGs
[2024-06-20T23:51:11.864+0000] {logging_mixin.py:188} INFO - [2024-06-20T23:51:11.863+0000] {dag.py:3954} INFO - Setting next_dagrun for example_sla_dag to 2024-06-20 23:48:00+00:00, run_after=2024-06-20 23:50:00+00:00
[2024-06-20T23:51:11.880+0000] {processor.py:183} INFO - Processing /home/airflow/.local/lib/python3.12/site-packages/airflow/example_dags/example_sla_dag.py took 0.067 seconds
[2024-06-20T23:51:42.226+0000] {processor.py:161} INFO - Started process (PID=1242) to work on /home/airflow/.local/lib/python3.12/site-packages/airflow/example_dags/example_sla_dag.py
[2024-06-20T23:51:42.227+0000] {processor.py:830} INFO - Processing file /home/airflow/.local/lib/python3.12/site-packages/airflow/example_dags/example_sla_dag.py for tasks to queue
[2024-06-20T23:51:42.228+0000] {logging_mixin.py:188} INFO - [2024-06-20T23:51:42.228+0000] {dagbag.py:545} INFO - Filling up the DagBag from /home/airflow/.local/lib/python3.12/site-packages/airflow/example_dags/example_sla_dag.py
[2024-06-20T23:51:42.236+0000] {processor.py:840} INFO - DAG(s) 'example_sla_dag' retrieved from /home/airflow/.local/lib/python3.12/site-packages/airflow/example_dags/example_sla_dag.py
[2024-06-20T23:51:42.252+0000] {logging_mixin.py:188} INFO - [2024-06-20T23:51:42.252+0000] {dag.py:3096} INFO - Sync 1 DAGs
[2024-06-20T23:51:42.273+0000] {logging_mixin.py:188} INFO - [2024-06-20T23:51:42.273+0000] {dag.py:3954} INFO - Setting next_dagrun for example_sla_dag to 2024-06-20 23:48:00+00:00, run_after=2024-06-20 23:50:00+00:00
[2024-06-20T23:51:42.290+0000] {processor.py:183} INFO - Processing /home/airflow/.local/lib/python3.12/site-packages/airflow/example_dags/example_sla_dag.py took 0.069 seconds
[2024-06-20T23:52:13.092+0000] {processor.py:161} INFO - Started process (PID=1300) to work on /home/airflow/.local/lib/python3.12/site-packages/airflow/example_dags/example_sla_dag.py
[2024-06-20T23:52:13.093+0000] {processor.py:830} INFO - Processing file /home/airflow/.local/lib/python3.12/site-packages/airflow/example_dags/example_sla_dag.py for tasks to queue
[2024-06-20T23:52:13.095+0000] {logging_mixin.py:188} INFO - [2024-06-20T23:52:13.094+0000] {dagbag.py:545} INFO - Filling up the DagBag from /home/airflow/.local/lib/python3.12/site-packages/airflow/example_dags/example_sla_dag.py
[2024-06-20T23:52:13.101+0000] {processor.py:840} INFO - DAG(s) 'example_sla_dag' retrieved from /home/airflow/.local/lib/python3.12/site-packages/airflow/example_dags/example_sla_dag.py
[2024-06-20T23:52:13.117+0000] {logging_mixin.py:188} INFO - [2024-06-20T23:52:13.116+0000] {dag.py:3096} INFO - Sync 1 DAGs
[2024-06-20T23:52:13.136+0000] {logging_mixin.py:188} INFO - [2024-06-20T23:52:13.136+0000] {dag.py:3954} INFO - Setting next_dagrun for example_sla_dag to 2024-06-20 23:50:00+00:00, run_after=2024-06-20 23:52:00+00:00
[2024-06-20T23:52:13.152+0000] {processor.py:183} INFO - Processing /home/airflow/.local/lib/python3.12/site-packages/airflow/example_dags/example_sla_dag.py took 0.065 seconds
[2024-06-20T23:52:43.834+0000] {processor.py:161} INFO - Started process (PID=1358) to work on /home/airflow/.local/lib/python3.12/site-packages/airflow/example_dags/example_sla_dag.py
[2024-06-20T23:52:43.835+0000] {processor.py:830} INFO - Processing file /home/airflow/.local/lib/python3.12/site-packages/airflow/example_dags/example_sla_dag.py for tasks to queue
[2024-06-20T23:52:43.837+0000] {logging_mixin.py:188} INFO - [2024-06-20T23:52:43.836+0000] {dagbag.py:545} INFO - Filling up the DagBag from /home/airflow/.local/lib/python3.12/site-packages/airflow/example_dags/example_sla_dag.py
[2024-06-20T23:52:43.844+0000] {processor.py:840} INFO - DAG(s) 'example_sla_dag' retrieved from /home/airflow/.local/lib/python3.12/site-packages/airflow/example_dags/example_sla_dag.py
[2024-06-20T23:52:43.861+0000] {logging_mixin.py:188} INFO - [2024-06-20T23:52:43.861+0000] {dag.py:3096} INFO - Sync 1 DAGs
[2024-06-20T23:52:43.882+0000] {logging_mixin.py:188} INFO - [2024-06-20T23:52:43.882+0000] {dag.py:3954} INFO - Setting next_dagrun for example_sla_dag to 2024-06-20 23:50:00+00:00, run_after=2024-06-20 23:52:00+00:00
[2024-06-20T23:52:43.897+0000] {processor.py:183} INFO - Processing /home/airflow/.local/lib/python3.12/site-packages/airflow/example_dags/example_sla_dag.py took 0.068 seconds
[2024-06-20T23:53:13.976+0000] {processor.py:161} INFO - Started process (PID=1416) to work on /home/airflow/.local/lib/python3.12/site-packages/airflow/example_dags/example_sla_dag.py
[2024-06-20T23:53:13.977+0000] {processor.py:830} INFO - Processing file /home/airflow/.local/lib/python3.12/site-packages/airflow/example_dags/example_sla_dag.py for tasks to queue
[2024-06-20T23:53:13.979+0000] {logging_mixin.py:188} INFO - [2024-06-20T23:53:13.978+0000] {dagbag.py:545} INFO - Filling up the DagBag from /home/airflow/.local/lib/python3.12/site-packages/airflow/example_dags/example_sla_dag.py
[2024-06-20T23:53:13.986+0000] {processor.py:840} INFO - DAG(s) 'example_sla_dag' retrieved from /home/airflow/.local/lib/python3.12/site-packages/airflow/example_dags/example_sla_dag.py
[2024-06-20T23:53:14.003+0000] {logging_mixin.py:188} INFO - [2024-06-20T23:53:14.003+0000] {dag.py:3096} INFO - Sync 1 DAGs
[2024-06-20T23:53:14.025+0000] {logging_mixin.py:188} INFO - [2024-06-20T23:53:14.024+0000] {dag.py:3954} INFO - Setting next_dagrun for example_sla_dag to 2024-06-20 23:50:00+00:00, run_after=2024-06-20 23:52:00+00:00
[2024-06-20T23:53:14.040+0000] {processor.py:183} INFO - Processing /home/airflow/.local/lib/python3.12/site-packages/airflow/example_dags/example_sla_dag.py took 0.070 seconds
[2024-06-20T23:53:44.095+0000] {processor.py:161} INFO - Started process (PID=1474) to work on /home/airflow/.local/lib/python3.12/site-packages/airflow/example_dags/example_sla_dag.py
[2024-06-20T23:53:44.096+0000] {processor.py:830} INFO - Processing file /home/airflow/.local/lib/python3.12/site-packages/airflow/example_dags/example_sla_dag.py for tasks to queue
[2024-06-20T23:53:44.098+0000] {logging_mixin.py:188} INFO - [2024-06-20T23:53:44.098+0000] {dagbag.py:545} INFO - Filling up the DagBag from /home/airflow/.local/lib/python3.12/site-packages/airflow/example_dags/example_sla_dag.py
[2024-06-20T23:53:44.104+0000] {processor.py:840} INFO - DAG(s) 'example_sla_dag' retrieved from /home/airflow/.local/lib/python3.12/site-packages/airflow/example_dags/example_sla_dag.py
[2024-06-20T23:53:44.121+0000] {logging_mixin.py:188} INFO - [2024-06-20T23:53:44.121+0000] {dag.py:3096} INFO - Sync 1 DAGs
[2024-06-20T23:53:44.140+0000] {logging_mixin.py:188} INFO - [2024-06-20T23:53:44.140+0000] {dag.py:3954} INFO - Setting next_dagrun for example_sla_dag to 2024-06-20 23:50:00+00:00, run_after=2024-06-20 23:52:00+00:00
[2024-06-20T23:53:44.156+0000] {processor.py:183} INFO - Processing /home/airflow/.local/lib/python3.12/site-packages/airflow/example_dags/example_sla_dag.py took 0.065 seconds
[2024-06-20T23:54:14.275+0000] {processor.py:161} INFO - Started process (PID=1531) to work on /home/airflow/.local/lib/python3.12/site-packages/airflow/example_dags/example_sla_dag.py
[2024-06-20T23:54:14.275+0000] {processor.py:830} INFO - Processing file /home/airflow/.local/lib/python3.12/site-packages/airflow/example_dags/example_sla_dag.py for tasks to queue
[2024-06-20T23:54:14.277+0000] {logging_mixin.py:188} INFO - [2024-06-20T23:54:14.277+0000] {dagbag.py:545} INFO - Filling up the DagBag from /home/airflow/.local/lib/python3.12/site-packages/airflow/example_dags/example_sla_dag.py
[2024-06-20T23:54:14.283+0000] {processor.py:840} INFO - DAG(s) 'example_sla_dag' retrieved from /home/airflow/.local/lib/python3.12/site-packages/airflow/example_dags/example_sla_dag.py
[2024-06-20T23:54:14.298+0000] {logging_mixin.py:188} INFO - [2024-06-20T23:54:14.298+0000] {dag.py:3096} INFO - Sync 1 DAGs
[2024-06-20T23:54:14.317+0000] {logging_mixin.py:188} INFO - [2024-06-20T23:54:14.316+0000] {dag.py:3954} INFO - Setting next_dagrun for example_sla_dag to 2024-06-20 23:52:00+00:00, run_after=2024-06-20 23:54:00+00:00
[2024-06-20T23:54:14.332+0000] {processor.py:183} INFO - Processing /home/airflow/.local/lib/python3.12/site-packages/airflow/example_dags/example_sla_dag.py took 0.062 seconds
[2024-06-20T23:54:44.618+0000] {processor.py:161} INFO - Started process (PID=1590) to work on /home/airflow/.local/lib/python3.12/site-packages/airflow/example_dags/example_sla_dag.py
[2024-06-20T23:54:44.619+0000] {processor.py:830} INFO - Processing file /home/airflow/.local/lib/python3.12/site-packages/airflow/example_dags/example_sla_dag.py for tasks to queue
[2024-06-20T23:54:44.620+0000] {logging_mixin.py:188} INFO - [2024-06-20T23:54:44.620+0000] {dagbag.py:545} INFO - Filling up the DagBag from /home/airflow/.local/lib/python3.12/site-packages/airflow/example_dags/example_sla_dag.py
[2024-06-20T23:54:44.627+0000] {processor.py:840} INFO - DAG(s) 'example_sla_dag' retrieved from /home/airflow/.local/lib/python3.12/site-packages/airflow/example_dags/example_sla_dag.py
[2024-06-20T23:54:44.644+0000] {logging_mixin.py:188} INFO - [2024-06-20T23:54:44.643+0000] {dag.py:3096} INFO - Sync 1 DAGs
[2024-06-20T23:54:44.665+0000] {logging_mixin.py:188} INFO - [2024-06-20T23:54:44.665+0000] {dag.py:3954} INFO - Setting next_dagrun for example_sla_dag to 2024-06-20 23:52:00+00:00, run_after=2024-06-20 23:54:00+00:00
[2024-06-20T23:54:44.682+0000] {processor.py:183} INFO - Processing /home/airflow/.local/lib/python3.12/site-packages/airflow/example_dags/example_sla_dag.py took 0.069 seconds
[2024-06-20T23:55:15.055+0000] {processor.py:161} INFO - Started process (PID=1648) to work on /home/airflow/.local/lib/python3.12/site-packages/airflow/example_dags/example_sla_dag.py
[2024-06-20T23:55:15.056+0000] {processor.py:830} INFO - Processing file /home/airflow/.local/lib/python3.12/site-packages/airflow/example_dags/example_sla_dag.py for tasks to queue
[2024-06-20T23:55:15.057+0000] {logging_mixin.py:188} INFO - [2024-06-20T23:55:15.057+0000] {dagbag.py:545} INFO - Filling up the DagBag from /home/airflow/.local/lib/python3.12/site-packages/airflow/example_dags/example_sla_dag.py
[2024-06-20T23:55:15.064+0000] {processor.py:840} INFO - DAG(s) 'example_sla_dag' retrieved from /home/airflow/.local/lib/python3.12/site-packages/airflow/example_dags/example_sla_dag.py
[2024-06-20T23:55:15.080+0000] {logging_mixin.py:188} INFO - [2024-06-20T23:55:15.080+0000] {dag.py:3096} INFO - Sync 1 DAGs
[2024-06-20T23:55:15.098+0000] {logging_mixin.py:188} INFO - [2024-06-20T23:55:15.098+0000] {dag.py:3954} INFO - Setting next_dagrun for example_sla_dag to 2024-06-20 23:52:00+00:00, run_after=2024-06-20 23:54:00+00:00
[2024-06-20T23:55:15.115+0000] {processor.py:183} INFO - Processing /home/airflow/.local/lib/python3.12/site-packages/airflow/example_dags/example_sla_dag.py took 0.065 seconds
[2024-06-20T23:55:45.704+0000] {processor.py:161} INFO - Started process (PID=1706) to work on /home/airflow/.local/lib/python3.12/site-packages/airflow/example_dags/example_sla_dag.py
[2024-06-20T23:55:45.704+0000] {processor.py:830} INFO - Processing file /home/airflow/.local/lib/python3.12/site-packages/airflow/example_dags/example_sla_dag.py for tasks to queue
[2024-06-20T23:55:45.706+0000] {logging_mixin.py:188} INFO - [2024-06-20T23:55:45.706+0000] {dagbag.py:545} INFO - Filling up the DagBag from /home/airflow/.local/lib/python3.12/site-packages/airflow/example_dags/example_sla_dag.py
[2024-06-20T23:55:45.713+0000] {processor.py:840} INFO - DAG(s) 'example_sla_dag' retrieved from /home/airflow/.local/lib/python3.12/site-packages/airflow/example_dags/example_sla_dag.py
[2024-06-20T23:55:45.729+0000] {logging_mixin.py:188} INFO - [2024-06-20T23:55:45.729+0000] {dag.py:3096} INFO - Sync 1 DAGs
[2024-06-20T23:55:45.750+0000] {logging_mixin.py:188} INFO - [2024-06-20T23:55:45.750+0000] {dag.py:3954} INFO - Setting next_dagrun for example_sla_dag to 2024-06-20 23:52:00+00:00, run_after=2024-06-20 23:54:00+00:00
[2024-06-20T23:55:45.765+0000] {processor.py:183} INFO - Processing /home/airflow/.local/lib/python3.12/site-packages/airflow/example_dags/example_sla_dag.py took 0.066 seconds
[2024-06-20T23:56:16.475+0000] {processor.py:161} INFO - Started process (PID=1764) to work on /home/airflow/.local/lib/python3.12/site-packages/airflow/example_dags/example_sla_dag.py
[2024-06-20T23:56:16.475+0000] {processor.py:830} INFO - Processing file /home/airflow/.local/lib/python3.12/site-packages/airflow/example_dags/example_sla_dag.py for tasks to queue
[2024-06-20T23:56:16.477+0000] {logging_mixin.py:188} INFO - [2024-06-20T23:56:16.477+0000] {dagbag.py:545} INFO - Filling up the DagBag from /home/airflow/.local/lib/python3.12/site-packages/airflow/example_dags/example_sla_dag.py
[2024-06-20T23:56:16.484+0000] {processor.py:840} INFO - DAG(s) 'example_sla_dag' retrieved from /home/airflow/.local/lib/python3.12/site-packages/airflow/example_dags/example_sla_dag.py
[2024-06-20T23:56:16.501+0000] {logging_mixin.py:188} INFO - [2024-06-20T23:56:16.500+0000] {dag.py:3096} INFO - Sync 1 DAGs
[2024-06-20T23:56:16.522+0000] {logging_mixin.py:188} INFO - [2024-06-20T23:56:16.522+0000] {dag.py:3954} INFO - Setting next_dagrun for example_sla_dag to 2024-06-20 23:54:00+00:00, run_after=2024-06-20 23:56:00+00:00
[2024-06-20T23:56:16.682+0000] {processor.py:183} INFO - Processing /home/airflow/.local/lib/python3.12/site-packages/airflow/example_dags/example_sla_dag.py took 0.212 seconds
[2024-06-20T23:56:46.998+0000] {processor.py:161} INFO - Started process (PID=1822) to work on /home/airflow/.local/lib/python3.12/site-packages/airflow/example_dags/example_sla_dag.py
[2024-06-20T23:56:46.999+0000] {processor.py:830} INFO - Processing file /home/airflow/.local/lib/python3.12/site-packages/airflow/example_dags/example_sla_dag.py for tasks to queue
[2024-06-20T23:56:47.002+0000] {logging_mixin.py:188} INFO - [2024-06-20T23:56:47.001+0000] {dagbag.py:545} INFO - Filling up the DagBag from /home/airflow/.local/lib/python3.12/site-packages/airflow/example_dags/example_sla_dag.py
[2024-06-20T23:56:47.012+0000] {processor.py:840} INFO - DAG(s) 'example_sla_dag' retrieved from /home/airflow/.local/lib/python3.12/site-packages/airflow/example_dags/example_sla_dag.py
[2024-06-20T23:56:47.037+0000] {logging_mixin.py:188} INFO - [2024-06-20T23:56:47.036+0000] {dag.py:3096} INFO - Sync 1 DAGs
[2024-06-20T23:56:47.072+0000] {logging_mixin.py:188} INFO - [2024-06-20T23:56:47.072+0000] {dag.py:3954} INFO - Setting next_dagrun for example_sla_dag to 2024-06-20 23:54:00+00:00, run_after=2024-06-20 23:56:00+00:00
[2024-06-20T23:56:47.235+0000] {processor.py:183} INFO - Processing /home/airflow/.local/lib/python3.12/site-packages/airflow/example_dags/example_sla_dag.py took 0.243 seconds
[2024-06-20T23:57:17.427+0000] {processor.py:161} INFO - Started process (PID=1886) to work on /home/airflow/.local/lib/python3.12/site-packages/airflow/example_dags/example_sla_dag.py
[2024-06-20T23:57:17.428+0000] {processor.py:830} INFO - Processing file /home/airflow/.local/lib/python3.12/site-packages/airflow/example_dags/example_sla_dag.py for tasks to queue
[2024-06-20T23:57:17.429+0000] {logging_mixin.py:188} INFO - [2024-06-20T23:57:17.429+0000] {dagbag.py:545} INFO - Filling up the DagBag from /home/airflow/.local/lib/python3.12/site-packages/airflow/example_dags/example_sla_dag.py
[2024-06-20T23:57:17.436+0000] {processor.py:840} INFO - DAG(s) 'example_sla_dag' retrieved from /home/airflow/.local/lib/python3.12/site-packages/airflow/example_dags/example_sla_dag.py
[2024-06-20T23:57:17.452+0000] {logging_mixin.py:188} INFO - [2024-06-20T23:57:17.452+0000] {dag.py:3096} INFO - Sync 1 DAGs
[2024-06-20T23:57:17.471+0000] {logging_mixin.py:188} INFO - [2024-06-20T23:57:17.471+0000] {dag.py:3954} INFO - Setting next_dagrun for example_sla_dag to 2024-06-20 23:54:00+00:00, run_after=2024-06-20 23:56:00+00:00
[2024-06-20T23:57:17.601+0000] {processor.py:183} INFO - Processing /home/airflow/.local/lib/python3.12/site-packages/airflow/example_dags/example_sla_dag.py took 0.179 seconds
[2024-06-20T23:57:47.723+0000] {processor.py:161} INFO - Started process (PID=1944) to work on /home/airflow/.local/lib/python3.12/site-packages/airflow/example_dags/example_sla_dag.py
[2024-06-20T23:57:47.724+0000] {processor.py:830} INFO - Processing file /home/airflow/.local/lib/python3.12/site-packages/airflow/example_dags/example_sla_dag.py for tasks to queue
[2024-06-20T23:57:47.725+0000] {logging_mixin.py:188} INFO - [2024-06-20T23:57:47.725+0000] {dagbag.py:545} INFO - Filling up the DagBag from /home/airflow/.local/lib/python3.12/site-packages/airflow/example_dags/example_sla_dag.py
[2024-06-20T23:57:47.732+0000] {processor.py:840} INFO - DAG(s) 'example_sla_dag' retrieved from /home/airflow/.local/lib/python3.12/site-packages/airflow/example_dags/example_sla_dag.py
[2024-06-20T23:57:47.748+0000] {logging_mixin.py:188} INFO - [2024-06-20T23:57:47.748+0000] {dag.py:3096} INFO - Sync 1 DAGs
[2024-06-20T23:57:47.768+0000] {logging_mixin.py:188} INFO - [2024-06-20T23:57:47.767+0000] {dag.py:3954} INFO - Setting next_dagrun for example_sla_dag to 2024-06-20 23:54:00+00:00, run_after=2024-06-20 23:56:00+00:00
[2024-06-20T23:57:47.784+0000] {processor.py:183} INFO - Processing /home/airflow/.local/lib/python3.12/site-packages/airflow/example_dags/example_sla_dag.py took 0.066 seconds
[2024-06-20T23:58:18.096+0000] {processor.py:161} INFO - Started process (PID=2002) to work on /home/airflow/.local/lib/python3.12/site-packages/airflow/example_dags/example_sla_dag.py
[2024-06-20T23:58:18.097+0000] {processor.py:830} INFO - Processing file /home/airflow/.local/lib/python3.12/site-packages/airflow/example_dags/example_sla_dag.py for tasks to queue
[2024-06-20T23:58:18.099+0000] {logging_mixin.py:188} INFO - [2024-06-20T23:58:18.099+0000] {dagbag.py:545} INFO - Filling up the DagBag from /home/airflow/.local/lib/python3.12/site-packages/airflow/example_dags/example_sla_dag.py
[2024-06-20T23:58:18.106+0000] {processor.py:840} INFO - DAG(s) 'example_sla_dag' retrieved from /home/airflow/.local/lib/python3.12/site-packages/airflow/example_dags/example_sla_dag.py
[2024-06-20T23:58:18.121+0000] {logging_mixin.py:188} INFO - [2024-06-20T23:58:18.120+0000] {dag.py:3096} INFO - Sync 1 DAGs
[2024-06-20T23:58:18.142+0000] {logging_mixin.py:188} INFO - [2024-06-20T23:58:18.142+0000] {dag.py:3954} INFO - Setting next_dagrun for example_sla_dag to 2024-06-20 23:56:00+00:00, run_after=2024-06-20 23:58:00+00:00
[2024-06-20T23:58:18.158+0000] {processor.py:183} INFO - Processing /home/airflow/.local/lib/python3.12/site-packages/airflow/example_dags/example_sla_dag.py took 0.066 seconds
[2024-06-20T23:58:48.238+0000] {processor.py:161} INFO - Started process (PID=2060) to work on /home/airflow/.local/lib/python3.12/site-packages/airflow/example_dags/example_sla_dag.py
[2024-06-20T23:58:48.239+0000] {processor.py:830} INFO - Processing file /home/airflow/.local/lib/python3.12/site-packages/airflow/example_dags/example_sla_dag.py for tasks to queue
[2024-06-20T23:58:48.241+0000] {logging_mixin.py:188} INFO - [2024-06-20T23:58:48.240+0000] {dagbag.py:545} INFO - Filling up the DagBag from /home/airflow/.local/lib/python3.12/site-packages/airflow/example_dags/example_sla_dag.py
[2024-06-20T23:58:48.248+0000] {processor.py:840} INFO - DAG(s) 'example_sla_dag' retrieved from /home/airflow/.local/lib/python3.12/site-packages/airflow/example_dags/example_sla_dag.py
[2024-06-20T23:58:48.266+0000] {logging_mixin.py:188} INFO - [2024-06-20T23:58:48.266+0000] {dag.py:3096} INFO - Sync 1 DAGs
[2024-06-20T23:58:48.284+0000] {logging_mixin.py:188} INFO - [2024-06-20T23:58:48.284+0000] {dag.py:3954} INFO - Setting next_dagrun for example_sla_dag to 2024-06-20 23:56:00+00:00, run_after=2024-06-20 23:58:00+00:00
[2024-06-20T23:58:48.299+0000] {processor.py:183} INFO - Processing /home/airflow/.local/lib/python3.12/site-packages/airflow/example_dags/example_sla_dag.py took 0.066 seconds
[2024-06-20T23:59:18.889+0000] {processor.py:161} INFO - Started process (PID=2117) to work on /home/airflow/.local/lib/python3.12/site-packages/airflow/example_dags/example_sla_dag.py
[2024-06-20T23:59:18.890+0000] {processor.py:830} INFO - Processing file /home/airflow/.local/lib/python3.12/site-packages/airflow/example_dags/example_sla_dag.py for tasks to queue
[2024-06-20T23:59:18.892+0000] {logging_mixin.py:188} INFO - [2024-06-20T23:59:18.892+0000] {dagbag.py:545} INFO - Filling up the DagBag from /home/airflow/.local/lib/python3.12/site-packages/airflow/example_dags/example_sla_dag.py
[2024-06-20T23:59:18.900+0000] {processor.py:840} INFO - DAG(s) 'example_sla_dag' retrieved from /home/airflow/.local/lib/python3.12/site-packages/airflow/example_dags/example_sla_dag.py
[2024-06-20T23:59:18.919+0000] {logging_mixin.py:188} INFO - [2024-06-20T23:59:18.919+0000] {dag.py:3096} INFO - Sync 1 DAGs
[2024-06-20T23:59:18.941+0000] {logging_mixin.py:188} INFO - [2024-06-20T23:59:18.941+0000] {dag.py:3954} INFO - Setting next_dagrun for example_sla_dag to 2024-06-20 23:56:00+00:00, run_after=2024-06-20 23:58:00+00:00
[2024-06-20T23:59:18.958+0000] {processor.py:183} INFO - Processing /home/airflow/.local/lib/python3.12/site-packages/airflow/example_dags/example_sla_dag.py took 0.075 seconds
[2024-06-20T23:59:49.877+0000] {processor.py:161} INFO - Started process (PID=2176) to work on /home/airflow/.local/lib/python3.12/site-packages/airflow/example_dags/example_sla_dag.py
[2024-06-20T23:59:49.877+0000] {processor.py:830} INFO - Processing file /home/airflow/.local/lib/python3.12/site-packages/airflow/example_dags/example_sla_dag.py for tasks to queue
[2024-06-20T23:59:49.879+0000] {logging_mixin.py:188} INFO - [2024-06-20T23:59:49.879+0000] {dagbag.py:545} INFO - Filling up the DagBag from /home/airflow/.local/lib/python3.12/site-packages/airflow/example_dags/example_sla_dag.py
[2024-06-20T23:59:49.888+0000] {processor.py:840} INFO - DAG(s) 'example_sla_dag' retrieved from /home/airflow/.local/lib/python3.12/site-packages/airflow/example_dags/example_sla_dag.py
[2024-06-20T23:59:49.906+0000] {logging_mixin.py:188} INFO - [2024-06-20T23:59:49.906+0000] {dag.py:3096} INFO - Sync 1 DAGs
[2024-06-20T23:59:49.926+0000] {logging_mixin.py:188} INFO - [2024-06-20T23:59:49.926+0000] {dag.py:3954} INFO - Setting next_dagrun for example_sla_dag to 2024-06-20 23:56:00+00:00, run_after=2024-06-20 23:58:00+00:00
[2024-06-20T23:59:49.941+0000] {processor.py:183} INFO - Processing /home/airflow/.local/lib/python3.12/site-packages/airflow/example_dags/example_sla_dag.py took 0.070 seconds
