[2024-06-20T23:40:59.598+0000] {processor.py:161} INFO - Started process (PID=40) to work on /home/airflow/.local/lib/python3.12/site-packages/airflow/example_dags/example_latest_only.py
[2024-06-20T23:40:59.599+0000] {processor.py:830} INFO - Processing file /home/airflow/.local/lib/python3.12/site-packages/airflow/example_dags/example_latest_only.py for tasks to queue
[2024-06-20T23:40:59.601+0000] {logging_mixin.py:188} INFO - [2024-06-20T23:40:59.600+0000] {dagbag.py:545} INFO - Filling up the DagBag from /home/airflow/.local/lib/python3.12/site-packages/airflow/example_dags/example_latest_only.py
[2024-06-20T23:40:59.607+0000] {processor.py:840} INFO - DAG(s) 'latest_only' retrieved from /home/airflow/.local/lib/python3.12/site-packages/airflow/example_dags/example_latest_only.py
[2024-06-20T23:40:59.617+0000] {logging_mixin.py:188} INFO - [2024-06-20T23:40:59.616+0000] {dag.py:3096} INFO - Sync 1 DAGs
[2024-06-20T23:40:59.634+0000] {logging_mixin.py:188} INFO - [2024-06-20T23:40:59.634+0000] {dag.py:3954} INFO - Setting next_dagrun for latest_only to 2024-06-20 16:00:00+00:00, run_after=2024-06-20 20:00:00+00:00
[2024-06-20T23:40:59.656+0000] {processor.py:183} INFO - Processing /home/airflow/.local/lib/python3.12/site-packages/airflow/example_dags/example_latest_only.py took 0.063 seconds
[2024-06-20T23:41:27.531+0000] {processor.py:161} INFO - Started process (PID=40) to work on /home/airflow/.local/lib/python3.12/site-packages/airflow/example_dags/example_latest_only.py
[2024-06-20T23:41:27.532+0000] {processor.py:830} INFO - Processing file /home/airflow/.local/lib/python3.12/site-packages/airflow/example_dags/example_latest_only.py for tasks to queue
[2024-06-20T23:41:27.534+0000] {logging_mixin.py:188} INFO - [2024-06-20T23:41:27.534+0000] {dagbag.py:545} INFO - Filling up the DagBag from /home/airflow/.local/lib/python3.12/site-packages/airflow/example_dags/example_latest_only.py
[2024-06-20T23:41:27.541+0000] {processor.py:840} INFO - DAG(s) 'latest_only' retrieved from /home/airflow/.local/lib/python3.12/site-packages/airflow/example_dags/example_latest_only.py
[2024-06-20T23:41:27.658+0000] {logging_mixin.py:188} INFO - [2024-06-20T23:41:27.658+0000] {dag.py:3096} INFO - Sync 1 DAGs
[2024-06-20T23:41:27.678+0000] {logging_mixin.py:188} INFO - [2024-06-20T23:41:27.678+0000] {dag.py:3954} INFO - Setting next_dagrun for latest_only to 2024-06-20 16:00:00+00:00, run_after=2024-06-20 20:00:00+00:00
[2024-06-20T23:41:27.696+0000] {processor.py:183} INFO - Processing /home/airflow/.local/lib/python3.12/site-packages/airflow/example_dags/example_latest_only.py took 0.170 seconds
[2024-06-20T23:41:58.652+0000] {processor.py:161} INFO - Started process (PID=98) to work on /home/airflow/.local/lib/python3.12/site-packages/airflow/example_dags/example_latest_only.py
[2024-06-20T23:41:58.653+0000] {processor.py:830} INFO - Processing file /home/airflow/.local/lib/python3.12/site-packages/airflow/example_dags/example_latest_only.py for tasks to queue
[2024-06-20T23:41:58.654+0000] {logging_mixin.py:188} INFO - [2024-06-20T23:41:58.654+0000] {dagbag.py:545} INFO - Filling up the DagBag from /home/airflow/.local/lib/python3.12/site-packages/airflow/example_dags/example_latest_only.py
[2024-06-20T23:41:58.658+0000] {processor.py:840} INFO - DAG(s) 'latest_only' retrieved from /home/airflow/.local/lib/python3.12/site-packages/airflow/example_dags/example_latest_only.py
[2024-06-20T23:41:58.677+0000] {logging_mixin.py:188} INFO - [2024-06-20T23:41:58.676+0000] {dag.py:3096} INFO - Sync 1 DAGs
[2024-06-20T23:41:58.697+0000] {logging_mixin.py:188} INFO - [2024-06-20T23:41:58.696+0000] {dag.py:3954} INFO - Setting next_dagrun for latest_only to 2024-06-20 16:00:00+00:00, run_after=2024-06-20 20:00:00+00:00
[2024-06-20T23:41:58.712+0000] {processor.py:183} INFO - Processing /home/airflow/.local/lib/python3.12/site-packages/airflow/example_dags/example_latest_only.py took 0.065 seconds
[2024-06-20T23:42:29.169+0000] {processor.py:161} INFO - Started process (PID=156) to work on /home/airflow/.local/lib/python3.12/site-packages/airflow/example_dags/example_latest_only.py
[2024-06-20T23:42:29.170+0000] {processor.py:830} INFO - Processing file /home/airflow/.local/lib/python3.12/site-packages/airflow/example_dags/example_latest_only.py for tasks to queue
[2024-06-20T23:42:29.172+0000] {logging_mixin.py:188} INFO - [2024-06-20T23:42:29.171+0000] {dagbag.py:545} INFO - Filling up the DagBag from /home/airflow/.local/lib/python3.12/site-packages/airflow/example_dags/example_latest_only.py
[2024-06-20T23:42:29.176+0000] {processor.py:840} INFO - DAG(s) 'latest_only' retrieved from /home/airflow/.local/lib/python3.12/site-packages/airflow/example_dags/example_latest_only.py
[2024-06-20T23:42:29.196+0000] {logging_mixin.py:188} INFO - [2024-06-20T23:42:29.196+0000] {dag.py:3096} INFO - Sync 1 DAGs
[2024-06-20T23:42:29.215+0000] {logging_mixin.py:188} INFO - [2024-06-20T23:42:29.215+0000] {dag.py:3954} INFO - Setting next_dagrun for latest_only to 2024-06-20 16:00:00+00:00, run_after=2024-06-20 20:00:00+00:00
[2024-06-20T23:42:29.230+0000] {processor.py:183} INFO - Processing /home/airflow/.local/lib/python3.12/site-packages/airflow/example_dags/example_latest_only.py took 0.065 seconds
[2024-06-20T23:42:59.263+0000] {processor.py:161} INFO - Started process (PID=214) to work on /home/airflow/.local/lib/python3.12/site-packages/airflow/example_dags/example_latest_only.py
[2024-06-20T23:42:59.264+0000] {processor.py:830} INFO - Processing file /home/airflow/.local/lib/python3.12/site-packages/airflow/example_dags/example_latest_only.py for tasks to queue
[2024-06-20T23:42:59.265+0000] {logging_mixin.py:188} INFO - [2024-06-20T23:42:59.265+0000] {dagbag.py:545} INFO - Filling up the DagBag from /home/airflow/.local/lib/python3.12/site-packages/airflow/example_dags/example_latest_only.py
[2024-06-20T23:42:59.269+0000] {processor.py:840} INFO - DAG(s) 'latest_only' retrieved from /home/airflow/.local/lib/python3.12/site-packages/airflow/example_dags/example_latest_only.py
[2024-06-20T23:42:59.285+0000] {logging_mixin.py:188} INFO - [2024-06-20T23:42:59.285+0000] {dag.py:3096} INFO - Sync 1 DAGs
[2024-06-20T23:42:59.302+0000] {logging_mixin.py:188} INFO - [2024-06-20T23:42:59.302+0000] {dag.py:3954} INFO - Setting next_dagrun for latest_only to 2024-06-20 16:00:00+00:00, run_after=2024-06-20 20:00:00+00:00
[2024-06-20T23:42:59.320+0000] {processor.py:183} INFO - Processing /home/airflow/.local/lib/python3.12/site-packages/airflow/example_dags/example_latest_only.py took 0.062 seconds
[2024-06-20T23:43:29.550+0000] {processor.py:161} INFO - Started process (PID=272) to work on /home/airflow/.local/lib/python3.12/site-packages/airflow/example_dags/example_latest_only.py
[2024-06-20T23:43:29.551+0000] {processor.py:830} INFO - Processing file /home/airflow/.local/lib/python3.12/site-packages/airflow/example_dags/example_latest_only.py for tasks to queue
[2024-06-20T23:43:29.552+0000] {logging_mixin.py:188} INFO - [2024-06-20T23:43:29.552+0000] {dagbag.py:545} INFO - Filling up the DagBag from /home/airflow/.local/lib/python3.12/site-packages/airflow/example_dags/example_latest_only.py
[2024-06-20T23:43:29.556+0000] {processor.py:840} INFO - DAG(s) 'latest_only' retrieved from /home/airflow/.local/lib/python3.12/site-packages/airflow/example_dags/example_latest_only.py
[2024-06-20T23:43:29.575+0000] {logging_mixin.py:188} INFO - [2024-06-20T23:43:29.575+0000] {dag.py:3096} INFO - Sync 1 DAGs
[2024-06-20T23:43:29.592+0000] {logging_mixin.py:188} INFO - [2024-06-20T23:43:29.592+0000] {dag.py:3954} INFO - Setting next_dagrun for latest_only to 2024-06-20 16:00:00+00:00, run_after=2024-06-20 20:00:00+00:00
[2024-06-20T23:43:29.608+0000] {processor.py:183} INFO - Processing /home/airflow/.local/lib/python3.12/site-packages/airflow/example_dags/example_latest_only.py took 0.063 seconds
[2024-06-20T23:44:00.272+0000] {processor.py:161} INFO - Started process (PID=330) to work on /home/airflow/.local/lib/python3.12/site-packages/airflow/example_dags/example_latest_only.py
[2024-06-20T23:44:00.273+0000] {processor.py:830} INFO - Processing file /home/airflow/.local/lib/python3.12/site-packages/airflow/example_dags/example_latest_only.py for tasks to queue
[2024-06-20T23:44:00.275+0000] {logging_mixin.py:188} INFO - [2024-06-20T23:44:00.274+0000] {dagbag.py:545} INFO - Filling up the DagBag from /home/airflow/.local/lib/python3.12/site-packages/airflow/example_dags/example_latest_only.py
[2024-06-20T23:44:00.279+0000] {processor.py:840} INFO - DAG(s) 'latest_only' retrieved from /home/airflow/.local/lib/python3.12/site-packages/airflow/example_dags/example_latest_only.py
[2024-06-20T23:44:00.297+0000] {logging_mixin.py:188} INFO - [2024-06-20T23:44:00.296+0000] {dag.py:3096} INFO - Sync 1 DAGs
[2024-06-20T23:44:00.317+0000] {logging_mixin.py:188} INFO - [2024-06-20T23:44:00.317+0000] {dag.py:3954} INFO - Setting next_dagrun for latest_only to 2024-06-20 16:00:00+00:00, run_after=2024-06-20 20:00:00+00:00
[2024-06-20T23:44:00.336+0000] {processor.py:183} INFO - Processing /home/airflow/.local/lib/python3.12/site-packages/airflow/example_dags/example_latest_only.py took 0.069 seconds
[2024-06-20T23:44:30.773+0000] {processor.py:161} INFO - Started process (PID=388) to work on /home/airflow/.local/lib/python3.12/site-packages/airflow/example_dags/example_latest_only.py
[2024-06-20T23:44:30.774+0000] {processor.py:830} INFO - Processing file /home/airflow/.local/lib/python3.12/site-packages/airflow/example_dags/example_latest_only.py for tasks to queue
[2024-06-20T23:44:30.776+0000] {logging_mixin.py:188} INFO - [2024-06-20T23:44:30.776+0000] {dagbag.py:545} INFO - Filling up the DagBag from /home/airflow/.local/lib/python3.12/site-packages/airflow/example_dags/example_latest_only.py
[2024-06-20T23:44:30.780+0000] {processor.py:840} INFO - DAG(s) 'latest_only' retrieved from /home/airflow/.local/lib/python3.12/site-packages/airflow/example_dags/example_latest_only.py
[2024-06-20T23:44:30.797+0000] {logging_mixin.py:188} INFO - [2024-06-20T23:44:30.797+0000] {dag.py:3096} INFO - Sync 1 DAGs
[2024-06-20T23:44:30.816+0000] {logging_mixin.py:188} INFO - [2024-06-20T23:44:30.815+0000] {dag.py:3954} INFO - Setting next_dagrun for latest_only to 2024-06-20 16:00:00+00:00, run_after=2024-06-20 20:00:00+00:00
[2024-06-20T23:44:30.834+0000] {processor.py:183} INFO - Processing /home/airflow/.local/lib/python3.12/site-packages/airflow/example_dags/example_latest_only.py took 0.065 seconds
[2024-06-20T23:45:01.440+0000] {processor.py:161} INFO - Started process (PID=446) to work on /home/airflow/.local/lib/python3.12/site-packages/airflow/example_dags/example_latest_only.py
[2024-06-20T23:45:01.441+0000] {processor.py:830} INFO - Processing file /home/airflow/.local/lib/python3.12/site-packages/airflow/example_dags/example_latest_only.py for tasks to queue
[2024-06-20T23:45:01.442+0000] {logging_mixin.py:188} INFO - [2024-06-20T23:45:01.442+0000] {dagbag.py:545} INFO - Filling up the DagBag from /home/airflow/.local/lib/python3.12/site-packages/airflow/example_dags/example_latest_only.py
[2024-06-20T23:45:01.446+0000] {processor.py:840} INFO - DAG(s) 'latest_only' retrieved from /home/airflow/.local/lib/python3.12/site-packages/airflow/example_dags/example_latest_only.py
[2024-06-20T23:45:01.464+0000] {logging_mixin.py:188} INFO - [2024-06-20T23:45:01.464+0000] {dag.py:3096} INFO - Sync 1 DAGs
[2024-06-20T23:45:01.483+0000] {logging_mixin.py:188} INFO - [2024-06-20T23:45:01.483+0000] {dag.py:3954} INFO - Setting next_dagrun for latest_only to 2024-06-20 16:00:00+00:00, run_after=2024-06-20 20:00:00+00:00
[2024-06-20T23:45:01.500+0000] {processor.py:183} INFO - Processing /home/airflow/.local/lib/python3.12/site-packages/airflow/example_dags/example_latest_only.py took 0.065 seconds
[2024-06-20T23:45:32.019+0000] {processor.py:161} INFO - Started process (PID=504) to work on /home/airflow/.local/lib/python3.12/site-packages/airflow/example_dags/example_latest_only.py
[2024-06-20T23:45:32.020+0000] {processor.py:830} INFO - Processing file /home/airflow/.local/lib/python3.12/site-packages/airflow/example_dags/example_latest_only.py for tasks to queue
[2024-06-20T23:45:32.022+0000] {logging_mixin.py:188} INFO - [2024-06-20T23:45:32.022+0000] {dagbag.py:545} INFO - Filling up the DagBag from /home/airflow/.local/lib/python3.12/site-packages/airflow/example_dags/example_latest_only.py
[2024-06-20T23:45:32.026+0000] {processor.py:840} INFO - DAG(s) 'latest_only' retrieved from /home/airflow/.local/lib/python3.12/site-packages/airflow/example_dags/example_latest_only.py
[2024-06-20T23:45:32.045+0000] {logging_mixin.py:188} INFO - [2024-06-20T23:45:32.045+0000] {dag.py:3096} INFO - Sync 1 DAGs
[2024-06-20T23:45:32.064+0000] {logging_mixin.py:188} INFO - [2024-06-20T23:45:32.063+0000] {dag.py:3954} INFO - Setting next_dagrun for latest_only to 2024-06-20 16:00:00+00:00, run_after=2024-06-20 20:00:00+00:00
[2024-06-20T23:45:32.081+0000] {processor.py:183} INFO - Processing /home/airflow/.local/lib/python3.12/site-packages/airflow/example_dags/example_latest_only.py took 0.067 seconds
[2024-06-20T23:46:02.116+0000] {processor.py:161} INFO - Started process (PID=562) to work on /home/airflow/.local/lib/python3.12/site-packages/airflow/example_dags/example_latest_only.py
[2024-06-20T23:46:02.117+0000] {processor.py:830} INFO - Processing file /home/airflow/.local/lib/python3.12/site-packages/airflow/example_dags/example_latest_only.py for tasks to queue
[2024-06-20T23:46:02.118+0000] {logging_mixin.py:188} INFO - [2024-06-20T23:46:02.118+0000] {dagbag.py:545} INFO - Filling up the DagBag from /home/airflow/.local/lib/python3.12/site-packages/airflow/example_dags/example_latest_only.py
[2024-06-20T23:46:02.123+0000] {processor.py:840} INFO - DAG(s) 'latest_only' retrieved from /home/airflow/.local/lib/python3.12/site-packages/airflow/example_dags/example_latest_only.py
[2024-06-20T23:46:02.142+0000] {logging_mixin.py:188} INFO - [2024-06-20T23:46:02.142+0000] {dag.py:3096} INFO - Sync 1 DAGs
[2024-06-20T23:46:02.160+0000] {logging_mixin.py:188} INFO - [2024-06-20T23:46:02.159+0000] {dag.py:3954} INFO - Setting next_dagrun for latest_only to 2024-06-20 16:00:00+00:00, run_after=2024-06-20 20:00:00+00:00
[2024-06-20T23:46:02.175+0000] {processor.py:183} INFO - Processing /home/airflow/.local/lib/python3.12/site-packages/airflow/example_dags/example_latest_only.py took 0.065 seconds
[2024-06-20T23:46:32.568+0000] {processor.py:161} INFO - Started process (PID=620) to work on /home/airflow/.local/lib/python3.12/site-packages/airflow/example_dags/example_latest_only.py
[2024-06-20T23:46:32.569+0000] {processor.py:830} INFO - Processing file /home/airflow/.local/lib/python3.12/site-packages/airflow/example_dags/example_latest_only.py for tasks to queue
[2024-06-20T23:46:32.571+0000] {logging_mixin.py:188} INFO - [2024-06-20T23:46:32.571+0000] {dagbag.py:545} INFO - Filling up the DagBag from /home/airflow/.local/lib/python3.12/site-packages/airflow/example_dags/example_latest_only.py
[2024-06-20T23:46:32.575+0000] {processor.py:840} INFO - DAG(s) 'latest_only' retrieved from /home/airflow/.local/lib/python3.12/site-packages/airflow/example_dags/example_latest_only.py
[2024-06-20T23:46:32.592+0000] {logging_mixin.py:188} INFO - [2024-06-20T23:46:32.592+0000] {dag.py:3096} INFO - Sync 1 DAGs
[2024-06-20T23:46:32.609+0000] {logging_mixin.py:188} INFO - [2024-06-20T23:46:32.609+0000] {dag.py:3954} INFO - Setting next_dagrun for latest_only to 2024-06-20 16:00:00+00:00, run_after=2024-06-20 20:00:00+00:00
[2024-06-20T23:46:32.629+0000] {processor.py:183} INFO - Processing /home/airflow/.local/lib/python3.12/site-packages/airflow/example_dags/example_latest_only.py took 0.065 seconds
[2024-06-20T23:47:03.188+0000] {processor.py:161} INFO - Started process (PID=678) to work on /home/airflow/.local/lib/python3.12/site-packages/airflow/example_dags/example_latest_only.py
[2024-06-20T23:47:03.189+0000] {processor.py:830} INFO - Processing file /home/airflow/.local/lib/python3.12/site-packages/airflow/example_dags/example_latest_only.py for tasks to queue
[2024-06-20T23:47:03.191+0000] {logging_mixin.py:188} INFO - [2024-06-20T23:47:03.190+0000] {dagbag.py:545} INFO - Filling up the DagBag from /home/airflow/.local/lib/python3.12/site-packages/airflow/example_dags/example_latest_only.py
[2024-06-20T23:47:03.194+0000] {processor.py:840} INFO - DAG(s) 'latest_only' retrieved from /home/airflow/.local/lib/python3.12/site-packages/airflow/example_dags/example_latest_only.py
[2024-06-20T23:47:03.211+0000] {logging_mixin.py:188} INFO - [2024-06-20T23:47:03.211+0000] {dag.py:3096} INFO - Sync 1 DAGs
[2024-06-20T23:47:03.228+0000] {logging_mixin.py:188} INFO - [2024-06-20T23:47:03.228+0000] {dag.py:3954} INFO - Setting next_dagrun for latest_only to 2024-06-20 16:00:00+00:00, run_after=2024-06-20 20:00:00+00:00
[2024-06-20T23:47:03.250+0000] {processor.py:183} INFO - Processing /home/airflow/.local/lib/python3.12/site-packages/airflow/example_dags/example_latest_only.py took 0.066 seconds
[2024-06-20T23:47:33.781+0000] {processor.py:161} INFO - Started process (PID=736) to work on /home/airflow/.local/lib/python3.12/site-packages/airflow/example_dags/example_latest_only.py
[2024-06-20T23:47:33.782+0000] {processor.py:830} INFO - Processing file /home/airflow/.local/lib/python3.12/site-packages/airflow/example_dags/example_latest_only.py for tasks to queue
[2024-06-20T23:47:33.783+0000] {logging_mixin.py:188} INFO - [2024-06-20T23:47:33.783+0000] {dagbag.py:545} INFO - Filling up the DagBag from /home/airflow/.local/lib/python3.12/site-packages/airflow/example_dags/example_latest_only.py
[2024-06-20T23:47:33.787+0000] {processor.py:840} INFO - DAG(s) 'latest_only' retrieved from /home/airflow/.local/lib/python3.12/site-packages/airflow/example_dags/example_latest_only.py
[2024-06-20T23:47:33.804+0000] {logging_mixin.py:188} INFO - [2024-06-20T23:47:33.804+0000] {dag.py:3096} INFO - Sync 1 DAGs
[2024-06-20T23:47:33.820+0000] {logging_mixin.py:188} INFO - [2024-06-20T23:47:33.820+0000] {dag.py:3954} INFO - Setting next_dagrun for latest_only to 2024-06-20 16:00:00+00:00, run_after=2024-06-20 20:00:00+00:00
[2024-06-20T23:47:33.835+0000] {processor.py:183} INFO - Processing /home/airflow/.local/lib/python3.12/site-packages/airflow/example_dags/example_latest_only.py took 0.059 seconds
[2024-06-20T23:48:04.313+0000] {processor.py:161} INFO - Started process (PID=794) to work on /home/airflow/.local/lib/python3.12/site-packages/airflow/example_dags/example_latest_only.py
[2024-06-20T23:48:04.314+0000] {processor.py:830} INFO - Processing file /home/airflow/.local/lib/python3.12/site-packages/airflow/example_dags/example_latest_only.py for tasks to queue
[2024-06-20T23:48:04.316+0000] {logging_mixin.py:188} INFO - [2024-06-20T23:48:04.315+0000] {dagbag.py:545} INFO - Filling up the DagBag from /home/airflow/.local/lib/python3.12/site-packages/airflow/example_dags/example_latest_only.py
[2024-06-20T23:48:04.319+0000] {processor.py:840} INFO - DAG(s) 'latest_only' retrieved from /home/airflow/.local/lib/python3.12/site-packages/airflow/example_dags/example_latest_only.py
[2024-06-20T23:48:04.335+0000] {logging_mixin.py:188} INFO - [2024-06-20T23:48:04.335+0000] {dag.py:3096} INFO - Sync 1 DAGs
[2024-06-20T23:48:04.353+0000] {logging_mixin.py:188} INFO - [2024-06-20T23:48:04.352+0000] {dag.py:3954} INFO - Setting next_dagrun for latest_only to 2024-06-20 16:00:00+00:00, run_after=2024-06-20 20:00:00+00:00
[2024-06-20T23:48:04.374+0000] {processor.py:183} INFO - Processing /home/airflow/.local/lib/python3.12/site-packages/airflow/example_dags/example_latest_only.py took 0.065 seconds
[2024-06-20T23:48:34.906+0000] {processor.py:161} INFO - Started process (PID=852) to work on /home/airflow/.local/lib/python3.12/site-packages/airflow/example_dags/example_latest_only.py
[2024-06-20T23:48:34.907+0000] {processor.py:830} INFO - Processing file /home/airflow/.local/lib/python3.12/site-packages/airflow/example_dags/example_latest_only.py for tasks to queue
[2024-06-20T23:48:34.909+0000] {logging_mixin.py:188} INFO - [2024-06-20T23:48:34.909+0000] {dagbag.py:545} INFO - Filling up the DagBag from /home/airflow/.local/lib/python3.12/site-packages/airflow/example_dags/example_latest_only.py
[2024-06-20T23:48:34.912+0000] {processor.py:840} INFO - DAG(s) 'latest_only' retrieved from /home/airflow/.local/lib/python3.12/site-packages/airflow/example_dags/example_latest_only.py
[2024-06-20T23:48:34.929+0000] {logging_mixin.py:188} INFO - [2024-06-20T23:48:34.928+0000] {dag.py:3096} INFO - Sync 1 DAGs
[2024-06-20T23:48:34.944+0000] {logging_mixin.py:188} INFO - [2024-06-20T23:48:34.944+0000] {dag.py:3954} INFO - Setting next_dagrun for latest_only to 2024-06-20 16:00:00+00:00, run_after=2024-06-20 20:00:00+00:00
[2024-06-20T23:48:34.961+0000] {processor.py:183} INFO - Processing /home/airflow/.local/lib/python3.12/site-packages/airflow/example_dags/example_latest_only.py took 0.059 seconds
[2024-06-20T23:49:05.394+0000] {processor.py:161} INFO - Started process (PID=910) to work on /home/airflow/.local/lib/python3.12/site-packages/airflow/example_dags/example_latest_only.py
[2024-06-20T23:49:05.395+0000] {processor.py:830} INFO - Processing file /home/airflow/.local/lib/python3.12/site-packages/airflow/example_dags/example_latest_only.py for tasks to queue
[2024-06-20T23:49:05.396+0000] {logging_mixin.py:188} INFO - [2024-06-20T23:49:05.396+0000] {dagbag.py:545} INFO - Filling up the DagBag from /home/airflow/.local/lib/python3.12/site-packages/airflow/example_dags/example_latest_only.py
[2024-06-20T23:49:05.400+0000] {processor.py:840} INFO - DAG(s) 'latest_only' retrieved from /home/airflow/.local/lib/python3.12/site-packages/airflow/example_dags/example_latest_only.py
[2024-06-20T23:49:05.418+0000] {logging_mixin.py:188} INFO - [2024-06-20T23:49:05.418+0000] {dag.py:3096} INFO - Sync 1 DAGs
[2024-06-20T23:49:05.437+0000] {logging_mixin.py:188} INFO - [2024-06-20T23:49:05.437+0000] {dag.py:3954} INFO - Setting next_dagrun for latest_only to 2024-06-20 16:00:00+00:00, run_after=2024-06-20 20:00:00+00:00
[2024-06-20T23:49:05.452+0000] {processor.py:183} INFO - Processing /home/airflow/.local/lib/python3.12/site-packages/airflow/example_dags/example_latest_only.py took 0.062 seconds
[2024-06-20T23:49:36.001+0000] {processor.py:161} INFO - Started process (PID=968) to work on /home/airflow/.local/lib/python3.12/site-packages/airflow/example_dags/example_latest_only.py
[2024-06-20T23:49:36.002+0000] {processor.py:830} INFO - Processing file /home/airflow/.local/lib/python3.12/site-packages/airflow/example_dags/example_latest_only.py for tasks to queue
[2024-06-20T23:49:36.003+0000] {logging_mixin.py:188} INFO - [2024-06-20T23:49:36.003+0000] {dagbag.py:545} INFO - Filling up the DagBag from /home/airflow/.local/lib/python3.12/site-packages/airflow/example_dags/example_latest_only.py
[2024-06-20T23:49:36.007+0000] {processor.py:840} INFO - DAG(s) 'latest_only' retrieved from /home/airflow/.local/lib/python3.12/site-packages/airflow/example_dags/example_latest_only.py
[2024-06-20T23:49:36.023+0000] {logging_mixin.py:188} INFO - [2024-06-20T23:49:36.023+0000] {dag.py:3096} INFO - Sync 1 DAGs
[2024-06-20T23:49:36.040+0000] {logging_mixin.py:188} INFO - [2024-06-20T23:49:36.040+0000] {dag.py:3954} INFO - Setting next_dagrun for latest_only to 2024-06-20 16:00:00+00:00, run_after=2024-06-20 20:00:00+00:00
[2024-06-20T23:49:36.061+0000] {processor.py:183} INFO - Processing /home/airflow/.local/lib/python3.12/site-packages/airflow/example_dags/example_latest_only.py took 0.065 seconds
[2024-06-20T23:50:06.634+0000] {processor.py:161} INFO - Started process (PID=1026) to work on /home/airflow/.local/lib/python3.12/site-packages/airflow/example_dags/example_latest_only.py
[2024-06-20T23:50:06.635+0000] {processor.py:830} INFO - Processing file /home/airflow/.local/lib/python3.12/site-packages/airflow/example_dags/example_latest_only.py for tasks to queue
[2024-06-20T23:50:06.637+0000] {logging_mixin.py:188} INFO - [2024-06-20T23:50:06.636+0000] {dagbag.py:545} INFO - Filling up the DagBag from /home/airflow/.local/lib/python3.12/site-packages/airflow/example_dags/example_latest_only.py
[2024-06-20T23:50:06.641+0000] {processor.py:840} INFO - DAG(s) 'latest_only' retrieved from /home/airflow/.local/lib/python3.12/site-packages/airflow/example_dags/example_latest_only.py
[2024-06-20T23:50:06.660+0000] {logging_mixin.py:188} INFO - [2024-06-20T23:50:06.659+0000] {dag.py:3096} INFO - Sync 1 DAGs
[2024-06-20T23:50:06.679+0000] {logging_mixin.py:188} INFO - [2024-06-20T23:50:06.679+0000] {dag.py:3954} INFO - Setting next_dagrun for latest_only to 2024-06-20 16:00:00+00:00, run_after=2024-06-20 20:00:00+00:00
[2024-06-20T23:50:06.701+0000] {processor.py:183} INFO - Processing /home/airflow/.local/lib/python3.12/site-packages/airflow/example_dags/example_latest_only.py took 0.072 seconds
[2024-06-20T23:50:37.269+0000] {processor.py:161} INFO - Started process (PID=1084) to work on /home/airflow/.local/lib/python3.12/site-packages/airflow/example_dags/example_latest_only.py
[2024-06-20T23:50:37.270+0000] {processor.py:830} INFO - Processing file /home/airflow/.local/lib/python3.12/site-packages/airflow/example_dags/example_latest_only.py for tasks to queue
[2024-06-20T23:50:37.272+0000] {logging_mixin.py:188} INFO - [2024-06-20T23:50:37.272+0000] {dagbag.py:545} INFO - Filling up the DagBag from /home/airflow/.local/lib/python3.12/site-packages/airflow/example_dags/example_latest_only.py
[2024-06-20T23:50:37.277+0000] {processor.py:840} INFO - DAG(s) 'latest_only' retrieved from /home/airflow/.local/lib/python3.12/site-packages/airflow/example_dags/example_latest_only.py
[2024-06-20T23:50:37.295+0000] {logging_mixin.py:188} INFO - [2024-06-20T23:50:37.295+0000] {dag.py:3096} INFO - Sync 1 DAGs
[2024-06-20T23:50:37.314+0000] {logging_mixin.py:188} INFO - [2024-06-20T23:50:37.314+0000] {dag.py:3954} INFO - Setting next_dagrun for latest_only to 2024-06-20 16:00:00+00:00, run_after=2024-06-20 20:00:00+00:00
[2024-06-20T23:50:37.336+0000] {processor.py:183} INFO - Processing /home/airflow/.local/lib/python3.12/site-packages/airflow/example_dags/example_latest_only.py took 0.071 seconds
[2024-06-20T23:51:07.415+0000] {processor.py:161} INFO - Started process (PID=1142) to work on /home/airflow/.local/lib/python3.12/site-packages/airflow/example_dags/example_latest_only.py
[2024-06-20T23:51:07.416+0000] {processor.py:830} INFO - Processing file /home/airflow/.local/lib/python3.12/site-packages/airflow/example_dags/example_latest_only.py for tasks to queue
[2024-06-20T23:51:07.418+0000] {logging_mixin.py:188} INFO - [2024-06-20T23:51:07.417+0000] {dagbag.py:545} INFO - Filling up the DagBag from /home/airflow/.local/lib/python3.12/site-packages/airflow/example_dags/example_latest_only.py
[2024-06-20T23:51:07.422+0000] {processor.py:840} INFO - DAG(s) 'latest_only' retrieved from /home/airflow/.local/lib/python3.12/site-packages/airflow/example_dags/example_latest_only.py
[2024-06-20T23:51:07.439+0000] {logging_mixin.py:188} INFO - [2024-06-20T23:51:07.438+0000] {dag.py:3096} INFO - Sync 1 DAGs
[2024-06-20T23:51:07.456+0000] {logging_mixin.py:188} INFO - [2024-06-20T23:51:07.456+0000] {dag.py:3954} INFO - Setting next_dagrun for latest_only to 2024-06-20 16:00:00+00:00, run_after=2024-06-20 20:00:00+00:00
[2024-06-20T23:51:07.482+0000] {processor.py:183} INFO - Processing /home/airflow/.local/lib/python3.12/site-packages/airflow/example_dags/example_latest_only.py took 0.072 seconds
[2024-06-20T23:51:37.668+0000] {processor.py:161} INFO - Started process (PID=1200) to work on /home/airflow/.local/lib/python3.12/site-packages/airflow/example_dags/example_latest_only.py
[2024-06-20T23:51:37.669+0000] {processor.py:830} INFO - Processing file /home/airflow/.local/lib/python3.12/site-packages/airflow/example_dags/example_latest_only.py for tasks to queue
[2024-06-20T23:51:37.671+0000] {logging_mixin.py:188} INFO - [2024-06-20T23:51:37.670+0000] {dagbag.py:545} INFO - Filling up the DagBag from /home/airflow/.local/lib/python3.12/site-packages/airflow/example_dags/example_latest_only.py
[2024-06-20T23:51:37.675+0000] {processor.py:840} INFO - DAG(s) 'latest_only' retrieved from /home/airflow/.local/lib/python3.12/site-packages/airflow/example_dags/example_latest_only.py
[2024-06-20T23:51:37.694+0000] {logging_mixin.py:188} INFO - [2024-06-20T23:51:37.694+0000] {dag.py:3096} INFO - Sync 1 DAGs
[2024-06-20T23:51:37.713+0000] {logging_mixin.py:188} INFO - [2024-06-20T23:51:37.713+0000] {dag.py:3954} INFO - Setting next_dagrun for latest_only to 2024-06-20 16:00:00+00:00, run_after=2024-06-20 20:00:00+00:00
[2024-06-20T23:51:37.735+0000] {processor.py:183} INFO - Processing /home/airflow/.local/lib/python3.12/site-packages/airflow/example_dags/example_latest_only.py took 0.072 seconds
[2024-06-20T23:52:07.963+0000] {processor.py:161} INFO - Started process (PID=1258) to work on /home/airflow/.local/lib/python3.12/site-packages/airflow/example_dags/example_latest_only.py
[2024-06-20T23:52:07.964+0000] {processor.py:830} INFO - Processing file /home/airflow/.local/lib/python3.12/site-packages/airflow/example_dags/example_latest_only.py for tasks to queue
[2024-06-20T23:52:07.965+0000] {logging_mixin.py:188} INFO - [2024-06-20T23:52:07.965+0000] {dagbag.py:545} INFO - Filling up the DagBag from /home/airflow/.local/lib/python3.12/site-packages/airflow/example_dags/example_latest_only.py
[2024-06-20T23:52:07.969+0000] {processor.py:840} INFO - DAG(s) 'latest_only' retrieved from /home/airflow/.local/lib/python3.12/site-packages/airflow/example_dags/example_latest_only.py
[2024-06-20T23:52:07.987+0000] {logging_mixin.py:188} INFO - [2024-06-20T23:52:07.987+0000] {dag.py:3096} INFO - Sync 1 DAGs
[2024-06-20T23:52:08.005+0000] {logging_mixin.py:188} INFO - [2024-06-20T23:52:08.005+0000] {dag.py:3954} INFO - Setting next_dagrun for latest_only to 2024-06-20 16:00:00+00:00, run_after=2024-06-20 20:00:00+00:00
[2024-06-20T23:52:08.022+0000] {processor.py:183} INFO - Processing /home/airflow/.local/lib/python3.12/site-packages/airflow/example_dags/example_latest_only.py took 0.063 seconds
[2024-06-20T23:52:38.443+0000] {processor.py:161} INFO - Started process (PID=1316) to work on /home/airflow/.local/lib/python3.12/site-packages/airflow/example_dags/example_latest_only.py
[2024-06-20T23:52:38.444+0000] {processor.py:830} INFO - Processing file /home/airflow/.local/lib/python3.12/site-packages/airflow/example_dags/example_latest_only.py for tasks to queue
[2024-06-20T23:52:38.446+0000] {logging_mixin.py:188} INFO - [2024-06-20T23:52:38.445+0000] {dagbag.py:545} INFO - Filling up the DagBag from /home/airflow/.local/lib/python3.12/site-packages/airflow/example_dags/example_latest_only.py
[2024-06-20T23:52:38.450+0000] {processor.py:840} INFO - DAG(s) 'latest_only' retrieved from /home/airflow/.local/lib/python3.12/site-packages/airflow/example_dags/example_latest_only.py
[2024-06-20T23:52:38.469+0000] {logging_mixin.py:188} INFO - [2024-06-20T23:52:38.468+0000] {dag.py:3096} INFO - Sync 1 DAGs
[2024-06-20T23:52:38.490+0000] {logging_mixin.py:188} INFO - [2024-06-20T23:52:38.490+0000] {dag.py:3954} INFO - Setting next_dagrun for latest_only to 2024-06-20 16:00:00+00:00, run_after=2024-06-20 20:00:00+00:00
[2024-06-20T23:52:38.509+0000] {processor.py:183} INFO - Processing /home/airflow/.local/lib/python3.12/site-packages/airflow/example_dags/example_latest_only.py took 0.071 seconds
[2024-06-20T23:53:08.550+0000] {processor.py:161} INFO - Started process (PID=1374) to work on /home/airflow/.local/lib/python3.12/site-packages/airflow/example_dags/example_latest_only.py
[2024-06-20T23:53:08.551+0000] {processor.py:830} INFO - Processing file /home/airflow/.local/lib/python3.12/site-packages/airflow/example_dags/example_latest_only.py for tasks to queue
[2024-06-20T23:53:08.552+0000] {logging_mixin.py:188} INFO - [2024-06-20T23:53:08.552+0000] {dagbag.py:545} INFO - Filling up the DagBag from /home/airflow/.local/lib/python3.12/site-packages/airflow/example_dags/example_latest_only.py
[2024-06-20T23:53:08.556+0000] {processor.py:840} INFO - DAG(s) 'latest_only' retrieved from /home/airflow/.local/lib/python3.12/site-packages/airflow/example_dags/example_latest_only.py
[2024-06-20T23:53:08.574+0000] {logging_mixin.py:188} INFO - [2024-06-20T23:53:08.573+0000] {dag.py:3096} INFO - Sync 1 DAGs
[2024-06-20T23:53:08.592+0000] {logging_mixin.py:188} INFO - [2024-06-20T23:53:08.592+0000] {dag.py:3954} INFO - Setting next_dagrun for latest_only to 2024-06-20 16:00:00+00:00, run_after=2024-06-20 20:00:00+00:00
[2024-06-20T23:53:08.617+0000] {processor.py:183} INFO - Processing /home/airflow/.local/lib/python3.12/site-packages/airflow/example_dags/example_latest_only.py took 0.072 seconds
[2024-06-20T23:53:38.777+0000] {processor.py:161} INFO - Started process (PID=1432) to work on /home/airflow/.local/lib/python3.12/site-packages/airflow/example_dags/example_latest_only.py
[2024-06-20T23:53:38.778+0000] {processor.py:830} INFO - Processing file /home/airflow/.local/lib/python3.12/site-packages/airflow/example_dags/example_latest_only.py for tasks to queue
[2024-06-20T23:53:38.780+0000] {logging_mixin.py:188} INFO - [2024-06-20T23:53:38.780+0000] {dagbag.py:545} INFO - Filling up the DagBag from /home/airflow/.local/lib/python3.12/site-packages/airflow/example_dags/example_latest_only.py
[2024-06-20T23:53:38.784+0000] {processor.py:840} INFO - DAG(s) 'latest_only' retrieved from /home/airflow/.local/lib/python3.12/site-packages/airflow/example_dags/example_latest_only.py
[2024-06-20T23:53:38.803+0000] {logging_mixin.py:188} INFO - [2024-06-20T23:53:38.802+0000] {dag.py:3096} INFO - Sync 1 DAGs
[2024-06-20T23:53:38.823+0000] {logging_mixin.py:188} INFO - [2024-06-20T23:53:38.823+0000] {dag.py:3954} INFO - Setting next_dagrun for latest_only to 2024-06-20 16:00:00+00:00, run_after=2024-06-20 20:00:00+00:00
[2024-06-20T23:53:38.841+0000] {processor.py:183} INFO - Processing /home/airflow/.local/lib/python3.12/site-packages/airflow/example_dags/example_latest_only.py took 0.069 seconds
[2024-06-20T23:54:08.947+0000] {processor.py:161} INFO - Started process (PID=1490) to work on /home/airflow/.local/lib/python3.12/site-packages/airflow/example_dags/example_latest_only.py
[2024-06-20T23:54:08.948+0000] {processor.py:830} INFO - Processing file /home/airflow/.local/lib/python3.12/site-packages/airflow/example_dags/example_latest_only.py for tasks to queue
[2024-06-20T23:54:08.949+0000] {logging_mixin.py:188} INFO - [2024-06-20T23:54:08.949+0000] {dagbag.py:545} INFO - Filling up the DagBag from /home/airflow/.local/lib/python3.12/site-packages/airflow/example_dags/example_latest_only.py
[2024-06-20T23:54:08.953+0000] {processor.py:840} INFO - DAG(s) 'latest_only' retrieved from /home/airflow/.local/lib/python3.12/site-packages/airflow/example_dags/example_latest_only.py
[2024-06-20T23:54:08.971+0000] {logging_mixin.py:188} INFO - [2024-06-20T23:54:08.970+0000] {dag.py:3096} INFO - Sync 1 DAGs
[2024-06-20T23:54:08.989+0000] {logging_mixin.py:188} INFO - [2024-06-20T23:54:08.989+0000] {dag.py:3954} INFO - Setting next_dagrun for latest_only to 2024-06-20 16:00:00+00:00, run_after=2024-06-20 20:00:00+00:00
[2024-06-20T23:54:09.007+0000] {processor.py:183} INFO - Processing /home/airflow/.local/lib/python3.12/site-packages/airflow/example_dags/example_latest_only.py took 0.065 seconds
[2024-06-20T23:54:39.144+0000] {processor.py:161} INFO - Started process (PID=1548) to work on /home/airflow/.local/lib/python3.12/site-packages/airflow/example_dags/example_latest_only.py
[2024-06-20T23:54:39.146+0000] {processor.py:830} INFO - Processing file /home/airflow/.local/lib/python3.12/site-packages/airflow/example_dags/example_latest_only.py for tasks to queue
[2024-06-20T23:54:39.148+0000] {logging_mixin.py:188} INFO - [2024-06-20T23:54:39.147+0000] {dagbag.py:545} INFO - Filling up the DagBag from /home/airflow/.local/lib/python3.12/site-packages/airflow/example_dags/example_latest_only.py
[2024-06-20T23:54:39.152+0000] {processor.py:840} INFO - DAG(s) 'latest_only' retrieved from /home/airflow/.local/lib/python3.12/site-packages/airflow/example_dags/example_latest_only.py
[2024-06-20T23:54:39.171+0000] {logging_mixin.py:188} INFO - [2024-06-20T23:54:39.171+0000] {dag.py:3096} INFO - Sync 1 DAGs
[2024-06-20T23:54:39.189+0000] {logging_mixin.py:188} INFO - [2024-06-20T23:54:39.189+0000] {dag.py:3954} INFO - Setting next_dagrun for latest_only to 2024-06-20 16:00:00+00:00, run_after=2024-06-20 20:00:00+00:00
[2024-06-20T23:54:39.208+0000] {processor.py:183} INFO - Processing /home/airflow/.local/lib/python3.12/site-packages/airflow/example_dags/example_latest_only.py took 0.069 seconds
[2024-06-20T23:55:09.452+0000] {processor.py:161} INFO - Started process (PID=1606) to work on /home/airflow/.local/lib/python3.12/site-packages/airflow/example_dags/example_latest_only.py
[2024-06-20T23:55:09.453+0000] {processor.py:830} INFO - Processing file /home/airflow/.local/lib/python3.12/site-packages/airflow/example_dags/example_latest_only.py for tasks to queue
[2024-06-20T23:55:09.455+0000] {logging_mixin.py:188} INFO - [2024-06-20T23:55:09.455+0000] {dagbag.py:545} INFO - Filling up the DagBag from /home/airflow/.local/lib/python3.12/site-packages/airflow/example_dags/example_latest_only.py
[2024-06-20T23:55:09.459+0000] {processor.py:840} INFO - DAG(s) 'latest_only' retrieved from /home/airflow/.local/lib/python3.12/site-packages/airflow/example_dags/example_latest_only.py
[2024-06-20T23:55:09.477+0000] {logging_mixin.py:188} INFO - [2024-06-20T23:55:09.477+0000] {dag.py:3096} INFO - Sync 1 DAGs
[2024-06-20T23:55:09.496+0000] {logging_mixin.py:188} INFO - [2024-06-20T23:55:09.496+0000] {dag.py:3954} INFO - Setting next_dagrun for latest_only to 2024-06-20 16:00:00+00:00, run_after=2024-06-20 20:00:00+00:00
[2024-06-20T23:55:09.512+0000] {processor.py:183} INFO - Processing /home/airflow/.local/lib/python3.12/site-packages/airflow/example_dags/example_latest_only.py took 0.064 seconds
[2024-06-20T23:55:39.799+0000] {processor.py:161} INFO - Started process (PID=1664) to work on /home/airflow/.local/lib/python3.12/site-packages/airflow/example_dags/example_latest_only.py
[2024-06-20T23:55:39.800+0000] {processor.py:830} INFO - Processing file /home/airflow/.local/lib/python3.12/site-packages/airflow/example_dags/example_latest_only.py for tasks to queue
[2024-06-20T23:55:39.802+0000] {logging_mixin.py:188} INFO - [2024-06-20T23:55:39.801+0000] {dagbag.py:545} INFO - Filling up the DagBag from /home/airflow/.local/lib/python3.12/site-packages/airflow/example_dags/example_latest_only.py
[2024-06-20T23:55:39.805+0000] {processor.py:840} INFO - DAG(s) 'latest_only' retrieved from /home/airflow/.local/lib/python3.12/site-packages/airflow/example_dags/example_latest_only.py
[2024-06-20T23:55:39.822+0000] {logging_mixin.py:188} INFO - [2024-06-20T23:55:39.822+0000] {dag.py:3096} INFO - Sync 1 DAGs
[2024-06-20T23:55:39.838+0000] {logging_mixin.py:188} INFO - [2024-06-20T23:55:39.838+0000] {dag.py:3954} INFO - Setting next_dagrun for latest_only to 2024-06-20 16:00:00+00:00, run_after=2024-06-20 20:00:00+00:00
[2024-06-20T23:55:39.855+0000] {processor.py:183} INFO - Processing /home/airflow/.local/lib/python3.12/site-packages/airflow/example_dags/example_latest_only.py took 0.061 seconds
[2024-06-20T23:56:10.082+0000] {processor.py:161} INFO - Started process (PID=1722) to work on /home/airflow/.local/lib/python3.12/site-packages/airflow/example_dags/example_latest_only.py
[2024-06-20T23:56:10.083+0000] {processor.py:830} INFO - Processing file /home/airflow/.local/lib/python3.12/site-packages/airflow/example_dags/example_latest_only.py for tasks to queue
[2024-06-20T23:56:10.085+0000] {logging_mixin.py:188} INFO - [2024-06-20T23:56:10.085+0000] {dagbag.py:545} INFO - Filling up the DagBag from /home/airflow/.local/lib/python3.12/site-packages/airflow/example_dags/example_latest_only.py
[2024-06-20T23:56:10.089+0000] {processor.py:840} INFO - DAG(s) 'latest_only' retrieved from /home/airflow/.local/lib/python3.12/site-packages/airflow/example_dags/example_latest_only.py
[2024-06-20T23:56:10.108+0000] {logging_mixin.py:188} INFO - [2024-06-20T23:56:10.108+0000] {dag.py:3096} INFO - Sync 1 DAGs
[2024-06-20T23:56:10.126+0000] {logging_mixin.py:188} INFO - [2024-06-20T23:56:10.126+0000] {dag.py:3954} INFO - Setting next_dagrun for latest_only to 2024-06-20 16:00:00+00:00, run_after=2024-06-20 20:00:00+00:00
[2024-06-20T23:56:10.148+0000] {processor.py:183} INFO - Processing /home/airflow/.local/lib/python3.12/site-packages/airflow/example_dags/example_latest_only.py took 0.070 seconds
[2024-06-20T23:56:40.552+0000] {processor.py:161} INFO - Started process (PID=1780) to work on /home/airflow/.local/lib/python3.12/site-packages/airflow/example_dags/example_latest_only.py
[2024-06-20T23:56:40.553+0000] {processor.py:830} INFO - Processing file /home/airflow/.local/lib/python3.12/site-packages/airflow/example_dags/example_latest_only.py for tasks to queue
[2024-06-20T23:56:40.555+0000] {logging_mixin.py:188} INFO - [2024-06-20T23:56:40.555+0000] {dagbag.py:545} INFO - Filling up the DagBag from /home/airflow/.local/lib/python3.12/site-packages/airflow/example_dags/example_latest_only.py
[2024-06-20T23:56:40.559+0000] {processor.py:840} INFO - DAG(s) 'latest_only' retrieved from /home/airflow/.local/lib/python3.12/site-packages/airflow/example_dags/example_latest_only.py
[2024-06-20T23:56:40.576+0000] {logging_mixin.py:188} INFO - [2024-06-20T23:56:40.576+0000] {dag.py:3096} INFO - Sync 1 DAGs
[2024-06-20T23:56:40.593+0000] {logging_mixin.py:188} INFO - [2024-06-20T23:56:40.593+0000] {dag.py:3954} INFO - Setting next_dagrun for latest_only to 2024-06-20 16:00:00+00:00, run_after=2024-06-20 20:00:00+00:00
[2024-06-20T23:56:40.609+0000] {processor.py:183} INFO - Processing /home/airflow/.local/lib/python3.12/site-packages/airflow/example_dags/example_latest_only.py took 0.061 seconds
[2024-06-20T23:57:10.693+0000] {processor.py:161} INFO - Started process (PID=1838) to work on /home/airflow/.local/lib/python3.12/site-packages/airflow/example_dags/example_latest_only.py
[2024-06-20T23:57:10.694+0000] {processor.py:830} INFO - Processing file /home/airflow/.local/lib/python3.12/site-packages/airflow/example_dags/example_latest_only.py for tasks to queue
[2024-06-20T23:57:10.696+0000] {logging_mixin.py:188} INFO - [2024-06-20T23:57:10.696+0000] {dagbag.py:545} INFO - Filling up the DagBag from /home/airflow/.local/lib/python3.12/site-packages/airflow/example_dags/example_latest_only.py
[2024-06-20T23:57:10.700+0000] {processor.py:840} INFO - DAG(s) 'latest_only' retrieved from /home/airflow/.local/lib/python3.12/site-packages/airflow/example_dags/example_latest_only.py
[2024-06-20T23:57:10.716+0000] {logging_mixin.py:188} INFO - [2024-06-20T23:57:10.716+0000] {dag.py:3096} INFO - Sync 1 DAGs
[2024-06-20T23:57:10.732+0000] {logging_mixin.py:188} INFO - [2024-06-20T23:57:10.732+0000] {dag.py:3954} INFO - Setting next_dagrun for latest_only to 2024-06-20 16:00:00+00:00, run_after=2024-06-20 20:00:00+00:00
[2024-06-20T23:57:10.756+0000] {processor.py:183} INFO - Processing /home/airflow/.local/lib/python3.12/site-packages/airflow/example_dags/example_latest_only.py took 0.067 seconds
[2024-06-20T23:57:40.873+0000] {processor.py:161} INFO - Started process (PID=1896) to work on /home/airflow/.local/lib/python3.12/site-packages/airflow/example_dags/example_latest_only.py
[2024-06-20T23:57:40.874+0000] {processor.py:830} INFO - Processing file /home/airflow/.local/lib/python3.12/site-packages/airflow/example_dags/example_latest_only.py for tasks to queue
[2024-06-20T23:57:40.876+0000] {logging_mixin.py:188} INFO - [2024-06-20T23:57:40.876+0000] {dagbag.py:545} INFO - Filling up the DagBag from /home/airflow/.local/lib/python3.12/site-packages/airflow/example_dags/example_latest_only.py
[2024-06-20T23:57:40.880+0000] {processor.py:840} INFO - DAG(s) 'latest_only' retrieved from /home/airflow/.local/lib/python3.12/site-packages/airflow/example_dags/example_latest_only.py
[2024-06-20T23:57:40.896+0000] {logging_mixin.py:188} INFO - [2024-06-20T23:57:40.896+0000] {dag.py:3096} INFO - Sync 1 DAGs
[2024-06-20T23:57:41.043+0000] {logging_mixin.py:188} INFO - [2024-06-20T23:57:41.043+0000] {dag.py:3954} INFO - Setting next_dagrun for latest_only to 2024-06-20 16:00:00+00:00, run_after=2024-06-20 20:00:00+00:00
[2024-06-20T23:57:41.059+0000] {processor.py:183} INFO - Processing /home/airflow/.local/lib/python3.12/site-packages/airflow/example_dags/example_latest_only.py took 0.190 seconds
[2024-06-20T23:58:11.316+0000] {processor.py:161} INFO - Started process (PID=1954) to work on /home/airflow/.local/lib/python3.12/site-packages/airflow/example_dags/example_latest_only.py
[2024-06-20T23:58:11.317+0000] {processor.py:830} INFO - Processing file /home/airflow/.local/lib/python3.12/site-packages/airflow/example_dags/example_latest_only.py for tasks to queue
[2024-06-20T23:58:11.319+0000] {logging_mixin.py:188} INFO - [2024-06-20T23:58:11.319+0000] {dagbag.py:545} INFO - Filling up the DagBag from /home/airflow/.local/lib/python3.12/site-packages/airflow/example_dags/example_latest_only.py
[2024-06-20T23:58:11.323+0000] {processor.py:840} INFO - DAG(s) 'latest_only' retrieved from /home/airflow/.local/lib/python3.12/site-packages/airflow/example_dags/example_latest_only.py
[2024-06-20T23:58:11.342+0000] {logging_mixin.py:188} INFO - [2024-06-20T23:58:11.342+0000] {dag.py:3096} INFO - Sync 1 DAGs
[2024-06-20T23:58:11.487+0000] {logging_mixin.py:188} INFO - [2024-06-20T23:58:11.486+0000] {dag.py:3954} INFO - Setting next_dagrun for latest_only to 2024-06-20 16:00:00+00:00, run_after=2024-06-20 20:00:00+00:00
[2024-06-20T23:58:11.502+0000] {processor.py:183} INFO - Processing /home/airflow/.local/lib/python3.12/site-packages/airflow/example_dags/example_latest_only.py took 0.190 seconds
[2024-06-20T23:58:41.637+0000] {processor.py:161} INFO - Started process (PID=2012) to work on /home/airflow/.local/lib/python3.12/site-packages/airflow/example_dags/example_latest_only.py
[2024-06-20T23:58:41.638+0000] {processor.py:830} INFO - Processing file /home/airflow/.local/lib/python3.12/site-packages/airflow/example_dags/example_latest_only.py for tasks to queue
[2024-06-20T23:58:41.639+0000] {logging_mixin.py:188} INFO - [2024-06-20T23:58:41.639+0000] {dagbag.py:545} INFO - Filling up the DagBag from /home/airflow/.local/lib/python3.12/site-packages/airflow/example_dags/example_latest_only.py
[2024-06-20T23:58:41.643+0000] {processor.py:840} INFO - DAG(s) 'latest_only' retrieved from /home/airflow/.local/lib/python3.12/site-packages/airflow/example_dags/example_latest_only.py
[2024-06-20T23:58:41.659+0000] {logging_mixin.py:188} INFO - [2024-06-20T23:58:41.659+0000] {dag.py:3096} INFO - Sync 1 DAGs
[2024-06-20T23:58:41.791+0000] {logging_mixin.py:188} INFO - [2024-06-20T23:58:41.790+0000] {dag.py:3954} INFO - Setting next_dagrun for latest_only to 2024-06-20 16:00:00+00:00, run_after=2024-06-20 20:00:00+00:00
[2024-06-20T23:58:41.811+0000] {processor.py:183} INFO - Processing /home/airflow/.local/lib/python3.12/site-packages/airflow/example_dags/example_latest_only.py took 0.179 seconds
[2024-06-20T23:59:12.749+0000] {processor.py:161} INFO - Started process (PID=2070) to work on /home/airflow/.local/lib/python3.12/site-packages/airflow/example_dags/example_latest_only.py
[2024-06-20T23:59:12.750+0000] {processor.py:830} INFO - Processing file /home/airflow/.local/lib/python3.12/site-packages/airflow/example_dags/example_latest_only.py for tasks to queue
[2024-06-20T23:59:12.752+0000] {logging_mixin.py:188} INFO - [2024-06-20T23:59:12.752+0000] {dagbag.py:545} INFO - Filling up the DagBag from /home/airflow/.local/lib/python3.12/site-packages/airflow/example_dags/example_latest_only.py
[2024-06-20T23:59:12.756+0000] {processor.py:840} INFO - DAG(s) 'latest_only' retrieved from /home/airflow/.local/lib/python3.12/site-packages/airflow/example_dags/example_latest_only.py
[2024-06-20T23:59:12.772+0000] {logging_mixin.py:188} INFO - [2024-06-20T23:59:12.772+0000] {dag.py:3096} INFO - Sync 1 DAGs
[2024-06-20T23:59:12.789+0000] {logging_mixin.py:188} INFO - [2024-06-20T23:59:12.789+0000] {dag.py:3954} INFO - Setting next_dagrun for latest_only to 2024-06-20 16:00:00+00:00, run_after=2024-06-20 20:00:00+00:00
[2024-06-20T23:59:12.812+0000] {processor.py:183} INFO - Processing /home/airflow/.local/lib/python3.12/site-packages/airflow/example_dags/example_latest_only.py took 0.067 seconds
[2024-06-20T23:59:43.424+0000] {processor.py:161} INFO - Started process (PID=2128) to work on /home/airflow/.local/lib/python3.12/site-packages/airflow/example_dags/example_latest_only.py
[2024-06-20T23:59:43.425+0000] {processor.py:830} INFO - Processing file /home/airflow/.local/lib/python3.12/site-packages/airflow/example_dags/example_latest_only.py for tasks to queue
[2024-06-20T23:59:43.427+0000] {logging_mixin.py:188} INFO - [2024-06-20T23:59:43.427+0000] {dagbag.py:545} INFO - Filling up the DagBag from /home/airflow/.local/lib/python3.12/site-packages/airflow/example_dags/example_latest_only.py
[2024-06-20T23:59:43.431+0000] {processor.py:840} INFO - DAG(s) 'latest_only' retrieved from /home/airflow/.local/lib/python3.12/site-packages/airflow/example_dags/example_latest_only.py
[2024-06-20T23:59:43.450+0000] {logging_mixin.py:188} INFO - [2024-06-20T23:59:43.449+0000] {dag.py:3096} INFO - Sync 1 DAGs
[2024-06-20T23:59:43.469+0000] {logging_mixin.py:188} INFO - [2024-06-20T23:59:43.469+0000] {dag.py:3954} INFO - Setting next_dagrun for latest_only to 2024-06-20 16:00:00+00:00, run_after=2024-06-20 20:00:00+00:00
[2024-06-20T23:59:43.487+0000] {processor.py:183} INFO - Processing /home/airflow/.local/lib/python3.12/site-packages/airflow/example_dags/example_latest_only.py took 0.068 seconds
