[2024-06-20T23:41:01.939+0000] {processor.py:161} INFO - Started process (PID=78) to work on /home/airflow/.local/lib/python3.12/site-packages/airflow/example_dags/example_complex.py
[2024-06-20T23:41:01.941+0000] {processor.py:830} INFO - Processing file /home/airflow/.local/lib/python3.12/site-packages/airflow/example_dags/example_complex.py for tasks to queue
[2024-06-20T23:41:01.944+0000] {logging_mixin.py:188} INFO - [2024-06-20T23:41:01.943+0000] {dagbag.py:545} INFO - Filling up the DagBag from /home/airflow/.local/lib/python3.12/site-packages/airflow/example_dags/example_complex.py
[2024-06-20T23:41:01.959+0000] {processor.py:840} INFO - DAG(s) 'example_complex' retrieved from /home/airflow/.local/lib/python3.12/site-packages/airflow/example_dags/example_complex.py
[2024-06-20T23:41:01.973+0000] {logging_mixin.py:188} INFO - [2024-06-20T23:41:01.972+0000] {dag.py:3096} INFO - Sync 1 DAGs
[2024-06-20T23:41:01.992+0000] {logging_mixin.py:188} INFO - [2024-06-20T23:41:01.992+0000] {dag.py:3954} INFO - Setting next_dagrun for example_complex to None, run_after=None
[2024-06-20T23:41:02.013+0000] {processor.py:183} INFO - Processing /home/airflow/.local/lib/python3.12/site-packages/airflow/example_dags/example_complex.py took 0.081 seconds
[2024-06-20T23:41:31.123+0000] {processor.py:161} INFO - Started process (PID=78) to work on /home/airflow/.local/lib/python3.12/site-packages/airflow/example_dags/example_complex.py
[2024-06-20T23:41:31.124+0000] {processor.py:830} INFO - Processing file /home/airflow/.local/lib/python3.12/site-packages/airflow/example_dags/example_complex.py for tasks to queue
[2024-06-20T23:41:31.126+0000] {logging_mixin.py:188} INFO - [2024-06-20T23:41:31.125+0000] {dagbag.py:545} INFO - Filling up the DagBag from /home/airflow/.local/lib/python3.12/site-packages/airflow/example_dags/example_complex.py
[2024-06-20T23:41:31.138+0000] {processor.py:840} INFO - DAG(s) 'example_complex' retrieved from /home/airflow/.local/lib/python3.12/site-packages/airflow/example_dags/example_complex.py
[2024-06-20T23:41:31.237+0000] {logging_mixin.py:188} INFO - [2024-06-20T23:41:31.237+0000] {dag.py:3096} INFO - Sync 1 DAGs
[2024-06-20T23:41:31.246+0000] {logging_mixin.py:188} INFO - [2024-06-20T23:41:31.246+0000] {dag.py:3954} INFO - Setting next_dagrun for example_complex to None, run_after=None
[2024-06-20T23:41:31.264+0000] {processor.py:183} INFO - Processing /home/airflow/.local/lib/python3.12/site-packages/airflow/example_dags/example_complex.py took 0.147 seconds
[2024-06-20T23:42:01.879+0000] {processor.py:161} INFO - Started process (PID=136) to work on /home/airflow/.local/lib/python3.12/site-packages/airflow/example_dags/example_complex.py
[2024-06-20T23:42:01.880+0000] {processor.py:830} INFO - Processing file /home/airflow/.local/lib/python3.12/site-packages/airflow/example_dags/example_complex.py for tasks to queue
[2024-06-20T23:42:01.882+0000] {logging_mixin.py:188} INFO - [2024-06-20T23:42:01.882+0000] {dagbag.py:545} INFO - Filling up the DagBag from /home/airflow/.local/lib/python3.12/site-packages/airflow/example_dags/example_complex.py
[2024-06-20T23:42:01.890+0000] {processor.py:840} INFO - DAG(s) 'example_complex' retrieved from /home/airflow/.local/lib/python3.12/site-packages/airflow/example_dags/example_complex.py
[2024-06-20T23:42:01.924+0000] {logging_mixin.py:188} INFO - [2024-06-20T23:42:01.924+0000] {dag.py:3096} INFO - Sync 1 DAGs
[2024-06-20T23:42:01.935+0000] {logging_mixin.py:188} INFO - [2024-06-20T23:42:01.935+0000] {dag.py:3954} INFO - Setting next_dagrun for example_complex to None, run_after=None
[2024-06-20T23:42:01.953+0000] {processor.py:183} INFO - Processing /home/airflow/.local/lib/python3.12/site-packages/airflow/example_dags/example_complex.py took 0.079 seconds
[2024-06-20T23:42:32.357+0000] {processor.py:161} INFO - Started process (PID=194) to work on /home/airflow/.local/lib/python3.12/site-packages/airflow/example_dags/example_complex.py
[2024-06-20T23:42:32.358+0000] {processor.py:830} INFO - Processing file /home/airflow/.local/lib/python3.12/site-packages/airflow/example_dags/example_complex.py for tasks to queue
[2024-06-20T23:42:32.360+0000] {logging_mixin.py:188} INFO - [2024-06-20T23:42:32.360+0000] {dagbag.py:545} INFO - Filling up the DagBag from /home/airflow/.local/lib/python3.12/site-packages/airflow/example_dags/example_complex.py
[2024-06-20T23:42:32.368+0000] {processor.py:840} INFO - DAG(s) 'example_complex' retrieved from /home/airflow/.local/lib/python3.12/site-packages/airflow/example_dags/example_complex.py
[2024-06-20T23:42:32.394+0000] {logging_mixin.py:188} INFO - [2024-06-20T23:42:32.394+0000] {dag.py:3096} INFO - Sync 1 DAGs
[2024-06-20T23:42:32.404+0000] {logging_mixin.py:188} INFO - [2024-06-20T23:42:32.404+0000] {dag.py:3954} INFO - Setting next_dagrun for example_complex to None, run_after=None
[2024-06-20T23:42:32.420+0000] {processor.py:183} INFO - Processing /home/airflow/.local/lib/python3.12/site-packages/airflow/example_dags/example_complex.py took 0.067 seconds
[2024-06-20T23:43:02.486+0000] {processor.py:161} INFO - Started process (PID=252) to work on /home/airflow/.local/lib/python3.12/site-packages/airflow/example_dags/example_complex.py
[2024-06-20T23:43:02.487+0000] {processor.py:830} INFO - Processing file /home/airflow/.local/lib/python3.12/site-packages/airflow/example_dags/example_complex.py for tasks to queue
[2024-06-20T23:43:02.488+0000] {logging_mixin.py:188} INFO - [2024-06-20T23:43:02.488+0000] {dagbag.py:545} INFO - Filling up the DagBag from /home/airflow/.local/lib/python3.12/site-packages/airflow/example_dags/example_complex.py
[2024-06-20T23:43:02.496+0000] {processor.py:840} INFO - DAG(s) 'example_complex' retrieved from /home/airflow/.local/lib/python3.12/site-packages/airflow/example_dags/example_complex.py
[2024-06-20T23:43:02.523+0000] {logging_mixin.py:188} INFO - [2024-06-20T23:43:02.523+0000] {dag.py:3096} INFO - Sync 1 DAGs
[2024-06-20T23:43:02.533+0000] {logging_mixin.py:188} INFO - [2024-06-20T23:43:02.533+0000] {dag.py:3954} INFO - Setting next_dagrun for example_complex to None, run_after=None
[2024-06-20T23:43:02.549+0000] {processor.py:183} INFO - Processing /home/airflow/.local/lib/python3.12/site-packages/airflow/example_dags/example_complex.py took 0.068 seconds
[2024-06-20T23:43:32.600+0000] {processor.py:161} INFO - Started process (PID=310) to work on /home/airflow/.local/lib/python3.12/site-packages/airflow/example_dags/example_complex.py
[2024-06-20T23:43:32.601+0000] {processor.py:830} INFO - Processing file /home/airflow/.local/lib/python3.12/site-packages/airflow/example_dags/example_complex.py for tasks to queue
[2024-06-20T23:43:32.605+0000] {logging_mixin.py:188} INFO - [2024-06-20T23:43:32.603+0000] {dagbag.py:545} INFO - Filling up the DagBag from /home/airflow/.local/lib/python3.12/site-packages/airflow/example_dags/example_complex.py
[2024-06-20T23:43:32.615+0000] {processor.py:840} INFO - DAG(s) 'example_complex' retrieved from /home/airflow/.local/lib/python3.12/site-packages/airflow/example_dags/example_complex.py
[2024-06-20T23:43:32.655+0000] {logging_mixin.py:188} INFO - [2024-06-20T23:43:32.655+0000] {dag.py:3096} INFO - Sync 1 DAGs
[2024-06-20T23:43:32.669+0000] {logging_mixin.py:188} INFO - [2024-06-20T23:43:32.669+0000] {dag.py:3954} INFO - Setting next_dagrun for example_complex to None, run_after=None
[2024-06-20T23:43:32.686+0000] {processor.py:183} INFO - Processing /home/airflow/.local/lib/python3.12/site-packages/airflow/example_dags/example_complex.py took 0.092 seconds
[2024-06-20T23:44:03.083+0000] {processor.py:161} INFO - Started process (PID=368) to work on /home/airflow/.local/lib/python3.12/site-packages/airflow/example_dags/example_complex.py
[2024-06-20T23:44:03.084+0000] {processor.py:830} INFO - Processing file /home/airflow/.local/lib/python3.12/site-packages/airflow/example_dags/example_complex.py for tasks to queue
[2024-06-20T23:44:03.085+0000] {logging_mixin.py:188} INFO - [2024-06-20T23:44:03.085+0000] {dagbag.py:545} INFO - Filling up the DagBag from /home/airflow/.local/lib/python3.12/site-packages/airflow/example_dags/example_complex.py
[2024-06-20T23:44:03.093+0000] {processor.py:840} INFO - DAG(s) 'example_complex' retrieved from /home/airflow/.local/lib/python3.12/site-packages/airflow/example_dags/example_complex.py
[2024-06-20T23:44:03.118+0000] {logging_mixin.py:188} INFO - [2024-06-20T23:44:03.118+0000] {dag.py:3096} INFO - Sync 1 DAGs
[2024-06-20T23:44:03.128+0000] {logging_mixin.py:188} INFO - [2024-06-20T23:44:03.128+0000] {dag.py:3954} INFO - Setting next_dagrun for example_complex to None, run_after=None
[2024-06-20T23:44:03.145+0000] {processor.py:183} INFO - Processing /home/airflow/.local/lib/python3.12/site-packages/airflow/example_dags/example_complex.py took 0.067 seconds
[2024-06-20T23:44:33.773+0000] {processor.py:161} INFO - Started process (PID=426) to work on /home/airflow/.local/lib/python3.12/site-packages/airflow/example_dags/example_complex.py
[2024-06-20T23:44:33.774+0000] {processor.py:830} INFO - Processing file /home/airflow/.local/lib/python3.12/site-packages/airflow/example_dags/example_complex.py for tasks to queue
[2024-06-20T23:44:33.776+0000] {logging_mixin.py:188} INFO - [2024-06-20T23:44:33.775+0000] {dagbag.py:545} INFO - Filling up the DagBag from /home/airflow/.local/lib/python3.12/site-packages/airflow/example_dags/example_complex.py
[2024-06-20T23:44:33.783+0000] {processor.py:840} INFO - DAG(s) 'example_complex' retrieved from /home/airflow/.local/lib/python3.12/site-packages/airflow/example_dags/example_complex.py
[2024-06-20T23:44:33.812+0000] {logging_mixin.py:188} INFO - [2024-06-20T23:44:33.811+0000] {dag.py:3096} INFO - Sync 1 DAGs
[2024-06-20T23:44:33.823+0000] {logging_mixin.py:188} INFO - [2024-06-20T23:44:33.823+0000] {dag.py:3954} INFO - Setting next_dagrun for example_complex to None, run_after=None
[2024-06-20T23:44:33.838+0000] {processor.py:183} INFO - Processing /home/airflow/.local/lib/python3.12/site-packages/airflow/example_dags/example_complex.py took 0.069 seconds
[2024-06-20T23:45:04.371+0000] {processor.py:161} INFO - Started process (PID=484) to work on /home/airflow/.local/lib/python3.12/site-packages/airflow/example_dags/example_complex.py
[2024-06-20T23:45:04.371+0000] {processor.py:830} INFO - Processing file /home/airflow/.local/lib/python3.12/site-packages/airflow/example_dags/example_complex.py for tasks to queue
[2024-06-20T23:45:04.373+0000] {logging_mixin.py:188} INFO - [2024-06-20T23:45:04.373+0000] {dagbag.py:545} INFO - Filling up the DagBag from /home/airflow/.local/lib/python3.12/site-packages/airflow/example_dags/example_complex.py
[2024-06-20T23:45:04.380+0000] {processor.py:840} INFO - DAG(s) 'example_complex' retrieved from /home/airflow/.local/lib/python3.12/site-packages/airflow/example_dags/example_complex.py
[2024-06-20T23:45:04.407+0000] {logging_mixin.py:188} INFO - [2024-06-20T23:45:04.407+0000] {dag.py:3096} INFO - Sync 1 DAGs
[2024-06-20T23:45:04.418+0000] {logging_mixin.py:188} INFO - [2024-06-20T23:45:04.418+0000] {dag.py:3954} INFO - Setting next_dagrun for example_complex to None, run_after=None
[2024-06-20T23:45:04.437+0000] {processor.py:183} INFO - Processing /home/airflow/.local/lib/python3.12/site-packages/airflow/example_dags/example_complex.py took 0.071 seconds
[2024-06-20T23:45:35.076+0000] {processor.py:161} INFO - Started process (PID=542) to work on /home/airflow/.local/lib/python3.12/site-packages/airflow/example_dags/example_complex.py
[2024-06-20T23:45:35.077+0000] {processor.py:830} INFO - Processing file /home/airflow/.local/lib/python3.12/site-packages/airflow/example_dags/example_complex.py for tasks to queue
[2024-06-20T23:45:35.079+0000] {logging_mixin.py:188} INFO - [2024-06-20T23:45:35.079+0000] {dagbag.py:545} INFO - Filling up the DagBag from /home/airflow/.local/lib/python3.12/site-packages/airflow/example_dags/example_complex.py
[2024-06-20T23:45:35.088+0000] {processor.py:840} INFO - DAG(s) 'example_complex' retrieved from /home/airflow/.local/lib/python3.12/site-packages/airflow/example_dags/example_complex.py
[2024-06-20T23:45:35.115+0000] {logging_mixin.py:188} INFO - [2024-06-20T23:45:35.115+0000] {dag.py:3096} INFO - Sync 1 DAGs
[2024-06-20T23:45:35.126+0000] {logging_mixin.py:188} INFO - [2024-06-20T23:45:35.126+0000] {dag.py:3954} INFO - Setting next_dagrun for example_complex to None, run_after=None
[2024-06-20T23:45:35.144+0000] {processor.py:183} INFO - Processing /home/airflow/.local/lib/python3.12/site-packages/airflow/example_dags/example_complex.py took 0.074 seconds
[2024-06-20T23:46:05.865+0000] {processor.py:161} INFO - Started process (PID=600) to work on /home/airflow/.local/lib/python3.12/site-packages/airflow/example_dags/example_complex.py
[2024-06-20T23:46:05.866+0000] {processor.py:830} INFO - Processing file /home/airflow/.local/lib/python3.12/site-packages/airflow/example_dags/example_complex.py for tasks to queue
[2024-06-20T23:46:05.868+0000] {logging_mixin.py:188} INFO - [2024-06-20T23:46:05.868+0000] {dagbag.py:545} INFO - Filling up the DagBag from /home/airflow/.local/lib/python3.12/site-packages/airflow/example_dags/example_complex.py
[2024-06-20T23:46:05.877+0000] {processor.py:840} INFO - DAG(s) 'example_complex' retrieved from /home/airflow/.local/lib/python3.12/site-packages/airflow/example_dags/example_complex.py
[2024-06-20T23:46:05.906+0000] {logging_mixin.py:188} INFO - [2024-06-20T23:46:05.906+0000] {dag.py:3096} INFO - Sync 1 DAGs
[2024-06-20T23:46:05.919+0000] {logging_mixin.py:188} INFO - [2024-06-20T23:46:05.918+0000] {dag.py:3954} INFO - Setting next_dagrun for example_complex to None, run_after=None
[2024-06-20T23:46:05.939+0000] {processor.py:183} INFO - Processing /home/airflow/.local/lib/python3.12/site-packages/airflow/example_dags/example_complex.py took 0.078 seconds
[2024-06-20T23:46:36.576+0000] {processor.py:161} INFO - Started process (PID=658) to work on /home/airflow/.local/lib/python3.12/site-packages/airflow/example_dags/example_complex.py
[2024-06-20T23:46:36.577+0000] {processor.py:830} INFO - Processing file /home/airflow/.local/lib/python3.12/site-packages/airflow/example_dags/example_complex.py for tasks to queue
[2024-06-20T23:46:36.579+0000] {logging_mixin.py:188} INFO - [2024-06-20T23:46:36.579+0000] {dagbag.py:545} INFO - Filling up the DagBag from /home/airflow/.local/lib/python3.12/site-packages/airflow/example_dags/example_complex.py
[2024-06-20T23:46:36.589+0000] {processor.py:840} INFO - DAG(s) 'example_complex' retrieved from /home/airflow/.local/lib/python3.12/site-packages/airflow/example_dags/example_complex.py
[2024-06-20T23:46:36.615+0000] {logging_mixin.py:188} INFO - [2024-06-20T23:46:36.615+0000] {dag.py:3096} INFO - Sync 1 DAGs
[2024-06-20T23:46:36.626+0000] {logging_mixin.py:188} INFO - [2024-06-20T23:46:36.626+0000] {dag.py:3954} INFO - Setting next_dagrun for example_complex to None, run_after=None
[2024-06-20T23:46:36.643+0000] {processor.py:183} INFO - Processing /home/airflow/.local/lib/python3.12/site-packages/airflow/example_dags/example_complex.py took 0.073 seconds
[2024-06-20T23:47:07.137+0000] {processor.py:161} INFO - Started process (PID=716) to work on /home/airflow/.local/lib/python3.12/site-packages/airflow/example_dags/example_complex.py
[2024-06-20T23:47:07.138+0000] {processor.py:830} INFO - Processing file /home/airflow/.local/lib/python3.12/site-packages/airflow/example_dags/example_complex.py for tasks to queue
[2024-06-20T23:47:07.140+0000] {logging_mixin.py:188} INFO - [2024-06-20T23:47:07.140+0000] {dagbag.py:545} INFO - Filling up the DagBag from /home/airflow/.local/lib/python3.12/site-packages/airflow/example_dags/example_complex.py
[2024-06-20T23:47:07.148+0000] {processor.py:840} INFO - DAG(s) 'example_complex' retrieved from /home/airflow/.local/lib/python3.12/site-packages/airflow/example_dags/example_complex.py
[2024-06-20T23:47:07.176+0000] {logging_mixin.py:188} INFO - [2024-06-20T23:47:07.175+0000] {dag.py:3096} INFO - Sync 1 DAGs
[2024-06-20T23:47:07.186+0000] {logging_mixin.py:188} INFO - [2024-06-20T23:47:07.186+0000] {dag.py:3954} INFO - Setting next_dagrun for example_complex to None, run_after=None
[2024-06-20T23:47:07.202+0000] {processor.py:183} INFO - Processing /home/airflow/.local/lib/python3.12/site-packages/airflow/example_dags/example_complex.py took 0.069 seconds
[2024-06-20T23:47:37.660+0000] {processor.py:161} INFO - Started process (PID=774) to work on /home/airflow/.local/lib/python3.12/site-packages/airflow/example_dags/example_complex.py
[2024-06-20T23:47:37.661+0000] {processor.py:830} INFO - Processing file /home/airflow/.local/lib/python3.12/site-packages/airflow/example_dags/example_complex.py for tasks to queue
[2024-06-20T23:47:37.662+0000] {logging_mixin.py:188} INFO - [2024-06-20T23:47:37.662+0000] {dagbag.py:545} INFO - Filling up the DagBag from /home/airflow/.local/lib/python3.12/site-packages/airflow/example_dags/example_complex.py
[2024-06-20T23:47:37.670+0000] {processor.py:840} INFO - DAG(s) 'example_complex' retrieved from /home/airflow/.local/lib/python3.12/site-packages/airflow/example_dags/example_complex.py
[2024-06-20T23:47:37.694+0000] {logging_mixin.py:188} INFO - [2024-06-20T23:47:37.693+0000] {dag.py:3096} INFO - Sync 1 DAGs
[2024-06-20T23:47:37.703+0000] {logging_mixin.py:188} INFO - [2024-06-20T23:47:37.703+0000] {dag.py:3954} INFO - Setting next_dagrun for example_complex to None, run_after=None
[2024-06-20T23:47:37.720+0000] {processor.py:183} INFO - Processing /home/airflow/.local/lib/python3.12/site-packages/airflow/example_dags/example_complex.py took 0.065 seconds
[2024-06-20T23:48:08.336+0000] {processor.py:161} INFO - Started process (PID=832) to work on /home/airflow/.local/lib/python3.12/site-packages/airflow/example_dags/example_complex.py
[2024-06-20T23:48:08.336+0000] {processor.py:830} INFO - Processing file /home/airflow/.local/lib/python3.12/site-packages/airflow/example_dags/example_complex.py for tasks to queue
[2024-06-20T23:48:08.338+0000] {logging_mixin.py:188} INFO - [2024-06-20T23:48:08.338+0000] {dagbag.py:545} INFO - Filling up the DagBag from /home/airflow/.local/lib/python3.12/site-packages/airflow/example_dags/example_complex.py
[2024-06-20T23:48:08.346+0000] {processor.py:840} INFO - DAG(s) 'example_complex' retrieved from /home/airflow/.local/lib/python3.12/site-packages/airflow/example_dags/example_complex.py
[2024-06-20T23:48:08.372+0000] {logging_mixin.py:188} INFO - [2024-06-20T23:48:08.372+0000] {dag.py:3096} INFO - Sync 1 DAGs
[2024-06-20T23:48:08.383+0000] {logging_mixin.py:188} INFO - [2024-06-20T23:48:08.383+0000] {dag.py:3954} INFO - Setting next_dagrun for example_complex to None, run_after=None
[2024-06-20T23:48:08.402+0000] {processor.py:183} INFO - Processing /home/airflow/.local/lib/python3.12/site-packages/airflow/example_dags/example_complex.py took 0.071 seconds
[2024-06-20T23:48:38.744+0000] {processor.py:161} INFO - Started process (PID=890) to work on /home/airflow/.local/lib/python3.12/site-packages/airflow/example_dags/example_complex.py
[2024-06-20T23:48:38.745+0000] {processor.py:830} INFO - Processing file /home/airflow/.local/lib/python3.12/site-packages/airflow/example_dags/example_complex.py for tasks to queue
[2024-06-20T23:48:38.747+0000] {logging_mixin.py:188} INFO - [2024-06-20T23:48:38.747+0000] {dagbag.py:545} INFO - Filling up the DagBag from /home/airflow/.local/lib/python3.12/site-packages/airflow/example_dags/example_complex.py
[2024-06-20T23:48:38.755+0000] {processor.py:840} INFO - DAG(s) 'example_complex' retrieved from /home/airflow/.local/lib/python3.12/site-packages/airflow/example_dags/example_complex.py
[2024-06-20T23:48:38.781+0000] {logging_mixin.py:188} INFO - [2024-06-20T23:48:38.781+0000] {dag.py:3096} INFO - Sync 1 DAGs
[2024-06-20T23:48:38.791+0000] {logging_mixin.py:188} INFO - [2024-06-20T23:48:38.791+0000] {dag.py:3954} INFO - Setting next_dagrun for example_complex to None, run_after=None
[2024-06-20T23:48:38.811+0000] {processor.py:183} INFO - Processing /home/airflow/.local/lib/python3.12/site-packages/airflow/example_dags/example_complex.py took 0.071 seconds
[2024-06-20T23:49:09.413+0000] {processor.py:161} INFO - Started process (PID=948) to work on /home/airflow/.local/lib/python3.12/site-packages/airflow/example_dags/example_complex.py
[2024-06-20T23:49:09.414+0000] {processor.py:830} INFO - Processing file /home/airflow/.local/lib/python3.12/site-packages/airflow/example_dags/example_complex.py for tasks to queue
[2024-06-20T23:49:09.415+0000] {logging_mixin.py:188} INFO - [2024-06-20T23:49:09.415+0000] {dagbag.py:545} INFO - Filling up the DagBag from /home/airflow/.local/lib/python3.12/site-packages/airflow/example_dags/example_complex.py
[2024-06-20T23:49:09.423+0000] {processor.py:840} INFO - DAG(s) 'example_complex' retrieved from /home/airflow/.local/lib/python3.12/site-packages/airflow/example_dags/example_complex.py
[2024-06-20T23:49:09.450+0000] {logging_mixin.py:188} INFO - [2024-06-20T23:49:09.449+0000] {dag.py:3096} INFO - Sync 1 DAGs
[2024-06-20T23:49:09.459+0000] {logging_mixin.py:188} INFO - [2024-06-20T23:49:09.459+0000] {dag.py:3954} INFO - Setting next_dagrun for example_complex to None, run_after=None
[2024-06-20T23:49:09.474+0000] {processor.py:183} INFO - Processing /home/airflow/.local/lib/python3.12/site-packages/airflow/example_dags/example_complex.py took 0.065 seconds
[2024-06-20T23:49:40.035+0000] {processor.py:161} INFO - Started process (PID=1006) to work on /home/airflow/.local/lib/python3.12/site-packages/airflow/example_dags/example_complex.py
[2024-06-20T23:49:40.036+0000] {processor.py:830} INFO - Processing file /home/airflow/.local/lib/python3.12/site-packages/airflow/example_dags/example_complex.py for tasks to queue
[2024-06-20T23:49:40.037+0000] {logging_mixin.py:188} INFO - [2024-06-20T23:49:40.037+0000] {dagbag.py:545} INFO - Filling up the DagBag from /home/airflow/.local/lib/python3.12/site-packages/airflow/example_dags/example_complex.py
[2024-06-20T23:49:40.045+0000] {processor.py:840} INFO - DAG(s) 'example_complex' retrieved from /home/airflow/.local/lib/python3.12/site-packages/airflow/example_dags/example_complex.py
[2024-06-20T23:49:40.073+0000] {logging_mixin.py:188} INFO - [2024-06-20T23:49:40.073+0000] {dag.py:3096} INFO - Sync 1 DAGs
[2024-06-20T23:49:40.084+0000] {logging_mixin.py:188} INFO - [2024-06-20T23:49:40.084+0000] {dag.py:3954} INFO - Setting next_dagrun for example_complex to None, run_after=None
[2024-06-20T23:49:40.099+0000] {processor.py:183} INFO - Processing /home/airflow/.local/lib/python3.12/site-packages/airflow/example_dags/example_complex.py took 0.069 seconds
[2024-06-20T23:50:10.583+0000] {processor.py:161} INFO - Started process (PID=1064) to work on /home/airflow/.local/lib/python3.12/site-packages/airflow/example_dags/example_complex.py
[2024-06-20T23:50:10.584+0000] {processor.py:830} INFO - Processing file /home/airflow/.local/lib/python3.12/site-packages/airflow/example_dags/example_complex.py for tasks to queue
[2024-06-20T23:50:10.586+0000] {logging_mixin.py:188} INFO - [2024-06-20T23:50:10.586+0000] {dagbag.py:545} INFO - Filling up the DagBag from /home/airflow/.local/lib/python3.12/site-packages/airflow/example_dags/example_complex.py
[2024-06-20T23:50:10.594+0000] {processor.py:840} INFO - DAG(s) 'example_complex' retrieved from /home/airflow/.local/lib/python3.12/site-packages/airflow/example_dags/example_complex.py
[2024-06-20T23:50:10.624+0000] {logging_mixin.py:188} INFO - [2024-06-20T23:50:10.623+0000] {dag.py:3096} INFO - Sync 1 DAGs
[2024-06-20T23:50:10.637+0000] {logging_mixin.py:188} INFO - [2024-06-20T23:50:10.636+0000] {dag.py:3954} INFO - Setting next_dagrun for example_complex to None, run_after=None
[2024-06-20T23:50:10.654+0000] {processor.py:183} INFO - Processing /home/airflow/.local/lib/python3.12/site-packages/airflow/example_dags/example_complex.py took 0.077 seconds
[2024-06-20T23:50:41.431+0000] {processor.py:161} INFO - Started process (PID=1122) to work on /home/airflow/.local/lib/python3.12/site-packages/airflow/example_dags/example_complex.py
[2024-06-20T23:50:41.432+0000] {processor.py:830} INFO - Processing file /home/airflow/.local/lib/python3.12/site-packages/airflow/example_dags/example_complex.py for tasks to queue
[2024-06-20T23:50:41.434+0000] {logging_mixin.py:188} INFO - [2024-06-20T23:50:41.433+0000] {dagbag.py:545} INFO - Filling up the DagBag from /home/airflow/.local/lib/python3.12/site-packages/airflow/example_dags/example_complex.py
[2024-06-20T23:50:41.442+0000] {processor.py:840} INFO - DAG(s) 'example_complex' retrieved from /home/airflow/.local/lib/python3.12/site-packages/airflow/example_dags/example_complex.py
[2024-06-20T23:50:41.468+0000] {logging_mixin.py:188} INFO - [2024-06-20T23:50:41.468+0000] {dag.py:3096} INFO - Sync 1 DAGs
[2024-06-20T23:50:41.481+0000] {logging_mixin.py:188} INFO - [2024-06-20T23:50:41.480+0000] {dag.py:3954} INFO - Setting next_dagrun for example_complex to None, run_after=None
[2024-06-20T23:50:41.498+0000] {processor.py:183} INFO - Processing /home/airflow/.local/lib/python3.12/site-packages/airflow/example_dags/example_complex.py took 0.071 seconds
[2024-06-20T23:51:11.576+0000] {processor.py:161} INFO - Started process (PID=1180) to work on /home/airflow/.local/lib/python3.12/site-packages/airflow/example_dags/example_complex.py
[2024-06-20T23:51:11.578+0000] {processor.py:830} INFO - Processing file /home/airflow/.local/lib/python3.12/site-packages/airflow/example_dags/example_complex.py for tasks to queue
[2024-06-20T23:51:11.580+0000] {logging_mixin.py:188} INFO - [2024-06-20T23:51:11.579+0000] {dagbag.py:545} INFO - Filling up the DagBag from /home/airflow/.local/lib/python3.12/site-packages/airflow/example_dags/example_complex.py
[2024-06-20T23:51:11.588+0000] {processor.py:840} INFO - DAG(s) 'example_complex' retrieved from /home/airflow/.local/lib/python3.12/site-packages/airflow/example_dags/example_complex.py
[2024-06-20T23:51:11.615+0000] {logging_mixin.py:188} INFO - [2024-06-20T23:51:11.615+0000] {dag.py:3096} INFO - Sync 1 DAGs
[2024-06-20T23:51:11.626+0000] {logging_mixin.py:188} INFO - [2024-06-20T23:51:11.626+0000] {dag.py:3954} INFO - Setting next_dagrun for example_complex to None, run_after=None
[2024-06-20T23:51:11.642+0000] {processor.py:183} INFO - Processing /home/airflow/.local/lib/python3.12/site-packages/airflow/example_dags/example_complex.py took 0.071 seconds
[2024-06-20T23:51:41.988+0000] {processor.py:161} INFO - Started process (PID=1238) to work on /home/airflow/.local/lib/python3.12/site-packages/airflow/example_dags/example_complex.py
[2024-06-20T23:51:41.989+0000] {processor.py:830} INFO - Processing file /home/airflow/.local/lib/python3.12/site-packages/airflow/example_dags/example_complex.py for tasks to queue
[2024-06-20T23:51:41.990+0000] {logging_mixin.py:188} INFO - [2024-06-20T23:51:41.990+0000] {dagbag.py:545} INFO - Filling up the DagBag from /home/airflow/.local/lib/python3.12/site-packages/airflow/example_dags/example_complex.py
[2024-06-20T23:51:41.999+0000] {processor.py:840} INFO - DAG(s) 'example_complex' retrieved from /home/airflow/.local/lib/python3.12/site-packages/airflow/example_dags/example_complex.py
[2024-06-20T23:51:42.028+0000] {logging_mixin.py:188} INFO - [2024-06-20T23:51:42.028+0000] {dag.py:3096} INFO - Sync 1 DAGs
[2024-06-20T23:51:42.039+0000] {logging_mixin.py:188} INFO - [2024-06-20T23:51:42.039+0000] {dag.py:3954} INFO - Setting next_dagrun for example_complex to None, run_after=None
[2024-06-20T23:51:42.054+0000] {processor.py:183} INFO - Processing /home/airflow/.local/lib/python3.12/site-packages/airflow/example_dags/example_complex.py took 0.072 seconds
[2024-06-20T23:52:12.860+0000] {processor.py:161} INFO - Started process (PID=1296) to work on /home/airflow/.local/lib/python3.12/site-packages/airflow/example_dags/example_complex.py
[2024-06-20T23:52:12.861+0000] {processor.py:830} INFO - Processing file /home/airflow/.local/lib/python3.12/site-packages/airflow/example_dags/example_complex.py for tasks to queue
[2024-06-20T23:52:12.863+0000] {logging_mixin.py:188} INFO - [2024-06-20T23:52:12.863+0000] {dagbag.py:545} INFO - Filling up the DagBag from /home/airflow/.local/lib/python3.12/site-packages/airflow/example_dags/example_complex.py
[2024-06-20T23:52:12.872+0000] {processor.py:840} INFO - DAG(s) 'example_complex' retrieved from /home/airflow/.local/lib/python3.12/site-packages/airflow/example_dags/example_complex.py
[2024-06-20T23:52:12.901+0000] {logging_mixin.py:188} INFO - [2024-06-20T23:52:12.901+0000] {dag.py:3096} INFO - Sync 1 DAGs
[2024-06-20T23:52:12.912+0000] {logging_mixin.py:188} INFO - [2024-06-20T23:52:12.912+0000] {dag.py:3954} INFO - Setting next_dagrun for example_complex to None, run_after=None
[2024-06-20T23:52:12.928+0000] {processor.py:183} INFO - Processing /home/airflow/.local/lib/python3.12/site-packages/airflow/example_dags/example_complex.py took 0.073 seconds
[2024-06-20T23:52:43.620+0000] {processor.py:161} INFO - Started process (PID=1354) to work on /home/airflow/.local/lib/python3.12/site-packages/airflow/example_dags/example_complex.py
[2024-06-20T23:52:43.621+0000] {processor.py:830} INFO - Processing file /home/airflow/.local/lib/python3.12/site-packages/airflow/example_dags/example_complex.py for tasks to queue
[2024-06-20T23:52:43.622+0000] {logging_mixin.py:188} INFO - [2024-06-20T23:52:43.622+0000] {dagbag.py:545} INFO - Filling up the DagBag from /home/airflow/.local/lib/python3.12/site-packages/airflow/example_dags/example_complex.py
[2024-06-20T23:52:43.630+0000] {processor.py:840} INFO - DAG(s) 'example_complex' retrieved from /home/airflow/.local/lib/python3.12/site-packages/airflow/example_dags/example_complex.py
[2024-06-20T23:52:43.657+0000] {logging_mixin.py:188} INFO - [2024-06-20T23:52:43.657+0000] {dag.py:3096} INFO - Sync 1 DAGs
[2024-06-20T23:52:43.668+0000] {logging_mixin.py:188} INFO - [2024-06-20T23:52:43.668+0000] {dag.py:3954} INFO - Setting next_dagrun for example_complex to None, run_after=None
[2024-06-20T23:52:43.686+0000] {processor.py:183} INFO - Processing /home/airflow/.local/lib/python3.12/site-packages/airflow/example_dags/example_complex.py took 0.071 seconds
[2024-06-20T23:53:13.778+0000] {processor.py:161} INFO - Started process (PID=1412) to work on /home/airflow/.local/lib/python3.12/site-packages/airflow/example_dags/example_complex.py
[2024-06-20T23:53:13.779+0000] {processor.py:830} INFO - Processing file /home/airflow/.local/lib/python3.12/site-packages/airflow/example_dags/example_complex.py for tasks to queue
[2024-06-20T23:53:13.780+0000] {logging_mixin.py:188} INFO - [2024-06-20T23:53:13.780+0000] {dagbag.py:545} INFO - Filling up the DagBag from /home/airflow/.local/lib/python3.12/site-packages/airflow/example_dags/example_complex.py
[2024-06-20T23:53:13.788+0000] {processor.py:840} INFO - DAG(s) 'example_complex' retrieved from /home/airflow/.local/lib/python3.12/site-packages/airflow/example_dags/example_complex.py
[2024-06-20T23:53:13.814+0000] {logging_mixin.py:188} INFO - [2024-06-20T23:53:13.814+0000] {dag.py:3096} INFO - Sync 1 DAGs
[2024-06-20T23:53:13.824+0000] {logging_mixin.py:188} INFO - [2024-06-20T23:53:13.824+0000] {dag.py:3954} INFO - Setting next_dagrun for example_complex to None, run_after=None
[2024-06-20T23:53:13.839+0000] {processor.py:183} INFO - Processing /home/airflow/.local/lib/python3.12/site-packages/airflow/example_dags/example_complex.py took 0.066 seconds
[2024-06-20T23:53:43.883+0000] {processor.py:161} INFO - Started process (PID=1470) to work on /home/airflow/.local/lib/python3.12/site-packages/airflow/example_dags/example_complex.py
[2024-06-20T23:53:43.884+0000] {processor.py:830} INFO - Processing file /home/airflow/.local/lib/python3.12/site-packages/airflow/example_dags/example_complex.py for tasks to queue
[2024-06-20T23:53:43.886+0000] {logging_mixin.py:188} INFO - [2024-06-20T23:53:43.886+0000] {dagbag.py:545} INFO - Filling up the DagBag from /home/airflow/.local/lib/python3.12/site-packages/airflow/example_dags/example_complex.py
[2024-06-20T23:53:43.894+0000] {processor.py:840} INFO - DAG(s) 'example_complex' retrieved from /home/airflow/.local/lib/python3.12/site-packages/airflow/example_dags/example_complex.py
[2024-06-20T23:53:43.920+0000] {logging_mixin.py:188} INFO - [2024-06-20T23:53:43.920+0000] {dag.py:3096} INFO - Sync 1 DAGs
[2024-06-20T23:53:43.930+0000] {logging_mixin.py:188} INFO - [2024-06-20T23:53:43.930+0000] {dag.py:3954} INFO - Setting next_dagrun for example_complex to None, run_after=None
[2024-06-20T23:53:43.946+0000] {processor.py:183} INFO - Processing /home/airflow/.local/lib/python3.12/site-packages/airflow/example_dags/example_complex.py took 0.067 seconds
[2024-06-20T23:54:14.101+0000] {processor.py:161} INFO - Started process (PID=1528) to work on /home/airflow/.local/lib/python3.12/site-packages/airflow/example_dags/example_complex.py
[2024-06-20T23:54:14.102+0000] {processor.py:830} INFO - Processing file /home/airflow/.local/lib/python3.12/site-packages/airflow/example_dags/example_complex.py for tasks to queue
[2024-06-20T23:54:14.104+0000] {logging_mixin.py:188} INFO - [2024-06-20T23:54:14.103+0000] {dagbag.py:545} INFO - Filling up the DagBag from /home/airflow/.local/lib/python3.12/site-packages/airflow/example_dags/example_complex.py
[2024-06-20T23:54:14.112+0000] {processor.py:840} INFO - DAG(s) 'example_complex' retrieved from /home/airflow/.local/lib/python3.12/site-packages/airflow/example_dags/example_complex.py
[2024-06-20T23:54:14.137+0000] {logging_mixin.py:188} INFO - [2024-06-20T23:54:14.137+0000] {dag.py:3096} INFO - Sync 1 DAGs
[2024-06-20T23:54:14.147+0000] {logging_mixin.py:188} INFO - [2024-06-20T23:54:14.147+0000] {dag.py:3954} INFO - Setting next_dagrun for example_complex to None, run_after=None
[2024-06-20T23:54:14.163+0000] {processor.py:183} INFO - Processing /home/airflow/.local/lib/python3.12/site-packages/airflow/example_dags/example_complex.py took 0.066 seconds
[2024-06-20T23:54:44.431+0000] {processor.py:161} INFO - Started process (PID=1586) to work on /home/airflow/.local/lib/python3.12/site-packages/airflow/example_dags/example_complex.py
[2024-06-20T23:54:44.432+0000] {processor.py:830} INFO - Processing file /home/airflow/.local/lib/python3.12/site-packages/airflow/example_dags/example_complex.py for tasks to queue
[2024-06-20T23:54:44.434+0000] {logging_mixin.py:188} INFO - [2024-06-20T23:54:44.433+0000] {dagbag.py:545} INFO - Filling up the DagBag from /home/airflow/.local/lib/python3.12/site-packages/airflow/example_dags/example_complex.py
[2024-06-20T23:54:44.442+0000] {processor.py:840} INFO - DAG(s) 'example_complex' retrieved from /home/airflow/.local/lib/python3.12/site-packages/airflow/example_dags/example_complex.py
[2024-06-20T23:54:44.469+0000] {logging_mixin.py:188} INFO - [2024-06-20T23:54:44.469+0000] {dag.py:3096} INFO - Sync 1 DAGs
[2024-06-20T23:54:44.480+0000] {logging_mixin.py:188} INFO - [2024-06-20T23:54:44.479+0000] {dag.py:3954} INFO - Setting next_dagrun for example_complex to None, run_after=None
[2024-06-20T23:54:44.496+0000] {processor.py:183} INFO - Processing /home/airflow/.local/lib/python3.12/site-packages/airflow/example_dags/example_complex.py took 0.070 seconds
[2024-06-20T23:55:14.831+0000] {processor.py:161} INFO - Started process (PID=1644) to work on /home/airflow/.local/lib/python3.12/site-packages/airflow/example_dags/example_complex.py
[2024-06-20T23:55:14.831+0000] {processor.py:830} INFO - Processing file /home/airflow/.local/lib/python3.12/site-packages/airflow/example_dags/example_complex.py for tasks to queue
[2024-06-20T23:55:14.833+0000] {logging_mixin.py:188} INFO - [2024-06-20T23:55:14.833+0000] {dagbag.py:545} INFO - Filling up the DagBag from /home/airflow/.local/lib/python3.12/site-packages/airflow/example_dags/example_complex.py
[2024-06-20T23:55:14.841+0000] {processor.py:840} INFO - DAG(s) 'example_complex' retrieved from /home/airflow/.local/lib/python3.12/site-packages/airflow/example_dags/example_complex.py
[2024-06-20T23:55:14.866+0000] {logging_mixin.py:188} INFO - [2024-06-20T23:55:14.866+0000] {dag.py:3096} INFO - Sync 1 DAGs
[2024-06-20T23:55:14.876+0000] {logging_mixin.py:188} INFO - [2024-06-20T23:55:14.876+0000] {dag.py:3954} INFO - Setting next_dagrun for example_complex to None, run_after=None
[2024-06-20T23:55:14.892+0000] {processor.py:183} INFO - Processing /home/airflow/.local/lib/python3.12/site-packages/airflow/example_dags/example_complex.py took 0.066 seconds
[2024-06-20T23:55:45.379+0000] {processor.py:161} INFO - Started process (PID=1702) to work on /home/airflow/.local/lib/python3.12/site-packages/airflow/example_dags/example_complex.py
[2024-06-20T23:55:45.380+0000] {processor.py:830} INFO - Processing file /home/airflow/.local/lib/python3.12/site-packages/airflow/example_dags/example_complex.py for tasks to queue
[2024-06-20T23:55:45.381+0000] {logging_mixin.py:188} INFO - [2024-06-20T23:55:45.381+0000] {dagbag.py:545} INFO - Filling up the DagBag from /home/airflow/.local/lib/python3.12/site-packages/airflow/example_dags/example_complex.py
[2024-06-20T23:55:45.389+0000] {processor.py:840} INFO - DAG(s) 'example_complex' retrieved from /home/airflow/.local/lib/python3.12/site-packages/airflow/example_dags/example_complex.py
[2024-06-20T23:55:45.418+0000] {logging_mixin.py:188} INFO - [2024-06-20T23:55:45.417+0000] {dag.py:3096} INFO - Sync 1 DAGs
[2024-06-20T23:55:45.428+0000] {logging_mixin.py:188} INFO - [2024-06-20T23:55:45.428+0000] {dag.py:3954} INFO - Setting next_dagrun for example_complex to None, run_after=None
[2024-06-20T23:55:45.445+0000] {processor.py:183} INFO - Processing /home/airflow/.local/lib/python3.12/site-packages/airflow/example_dags/example_complex.py took 0.071 seconds
[2024-06-20T23:56:16.203+0000] {processor.py:161} INFO - Started process (PID=1760) to work on /home/airflow/.local/lib/python3.12/site-packages/airflow/example_dags/example_complex.py
[2024-06-20T23:56:16.204+0000] {processor.py:830} INFO - Processing file /home/airflow/.local/lib/python3.12/site-packages/airflow/example_dags/example_complex.py for tasks to queue
[2024-06-20T23:56:16.206+0000] {logging_mixin.py:188} INFO - [2024-06-20T23:56:16.206+0000] {dagbag.py:545} INFO - Filling up the DagBag from /home/airflow/.local/lib/python3.12/site-packages/airflow/example_dags/example_complex.py
[2024-06-20T23:56:16.216+0000] {processor.py:840} INFO - DAG(s) 'example_complex' retrieved from /home/airflow/.local/lib/python3.12/site-packages/airflow/example_dags/example_complex.py
[2024-06-20T23:56:16.243+0000] {logging_mixin.py:188} INFO - [2024-06-20T23:56:16.243+0000] {dag.py:3096} INFO - Sync 1 DAGs
[2024-06-20T23:56:16.253+0000] {logging_mixin.py:188} INFO - [2024-06-20T23:56:16.253+0000] {dag.py:3954} INFO - Setting next_dagrun for example_complex to None, run_after=None
[2024-06-20T23:56:16.270+0000] {processor.py:183} INFO - Processing /home/airflow/.local/lib/python3.12/site-packages/airflow/example_dags/example_complex.py took 0.071 seconds
[2024-06-20T23:56:46.559+0000] {processor.py:161} INFO - Started process (PID=1818) to work on /home/airflow/.local/lib/python3.12/site-packages/airflow/example_dags/example_complex.py
[2024-06-20T23:56:46.560+0000] {processor.py:830} INFO - Processing file /home/airflow/.local/lib/python3.12/site-packages/airflow/example_dags/example_complex.py for tasks to queue
[2024-06-20T23:56:46.562+0000] {logging_mixin.py:188} INFO - [2024-06-20T23:56:46.561+0000] {dagbag.py:545} INFO - Filling up the DagBag from /home/airflow/.local/lib/python3.12/site-packages/airflow/example_dags/example_complex.py
[2024-06-20T23:56:46.570+0000] {processor.py:840} INFO - DAG(s) 'example_complex' retrieved from /home/airflow/.local/lib/python3.12/site-packages/airflow/example_dags/example_complex.py
[2024-06-20T23:56:46.599+0000] {logging_mixin.py:188} INFO - [2024-06-20T23:56:46.599+0000] {dag.py:3096} INFO - Sync 1 DAGs
[2024-06-20T23:56:46.610+0000] {logging_mixin.py:188} INFO - [2024-06-20T23:56:46.610+0000] {dag.py:3954} INFO - Setting next_dagrun for example_complex to None, run_after=None
[2024-06-20T23:56:46.627+0000] {processor.py:183} INFO - Processing /home/airflow/.local/lib/python3.12/site-packages/airflow/example_dags/example_complex.py took 0.074 seconds
[2024-06-20T23:57:16.666+0000] {processor.py:161} INFO - Started process (PID=1875) to work on /home/airflow/.local/lib/python3.12/site-packages/airflow/example_dags/example_complex.py
[2024-06-20T23:57:16.667+0000] {processor.py:830} INFO - Processing file /home/airflow/.local/lib/python3.12/site-packages/airflow/example_dags/example_complex.py for tasks to queue
[2024-06-20T23:57:16.668+0000] {logging_mixin.py:188} INFO - [2024-06-20T23:57:16.668+0000] {dagbag.py:545} INFO - Filling up the DagBag from /home/airflow/.local/lib/python3.12/site-packages/airflow/example_dags/example_complex.py
[2024-06-20T23:57:16.677+0000] {processor.py:840} INFO - DAG(s) 'example_complex' retrieved from /home/airflow/.local/lib/python3.12/site-packages/airflow/example_dags/example_complex.py
[2024-06-20T23:57:16.705+0000] {logging_mixin.py:188} INFO - [2024-06-20T23:57:16.705+0000] {dag.py:3096} INFO - Sync 1 DAGs
[2024-06-20T23:57:16.717+0000] {logging_mixin.py:188} INFO - [2024-06-20T23:57:16.716+0000] {dag.py:3954} INFO - Setting next_dagrun for example_complex to None, run_after=None
[2024-06-20T23:57:16.733+0000] {processor.py:183} INFO - Processing /home/airflow/.local/lib/python3.12/site-packages/airflow/example_dags/example_complex.py took 0.073 seconds
[2024-06-20T23:57:47.062+0000] {processor.py:161} INFO - Started process (PID=1933) to work on /home/airflow/.local/lib/python3.12/site-packages/airflow/example_dags/example_complex.py
[2024-06-20T23:57:47.063+0000] {processor.py:830} INFO - Processing file /home/airflow/.local/lib/python3.12/site-packages/airflow/example_dags/example_complex.py for tasks to queue
[2024-06-20T23:57:47.064+0000] {logging_mixin.py:188} INFO - [2024-06-20T23:57:47.064+0000] {dagbag.py:545} INFO - Filling up the DagBag from /home/airflow/.local/lib/python3.12/site-packages/airflow/example_dags/example_complex.py
[2024-06-20T23:57:47.072+0000] {processor.py:840} INFO - DAG(s) 'example_complex' retrieved from /home/airflow/.local/lib/python3.12/site-packages/airflow/example_dags/example_complex.py
[2024-06-20T23:57:47.099+0000] {logging_mixin.py:188} INFO - [2024-06-20T23:57:47.099+0000] {dag.py:3096} INFO - Sync 1 DAGs
[2024-06-20T23:57:47.110+0000] {logging_mixin.py:188} INFO - [2024-06-20T23:57:47.109+0000] {dag.py:3954} INFO - Setting next_dagrun for example_complex to None, run_after=None
[2024-06-20T23:57:47.124+0000] {processor.py:183} INFO - Processing /home/airflow/.local/lib/python3.12/site-packages/airflow/example_dags/example_complex.py took 0.067 seconds
[2024-06-20T23:58:17.496+0000] {processor.py:161} INFO - Started process (PID=1997) to work on /home/airflow/.local/lib/python3.12/site-packages/airflow/example_dags/example_complex.py
[2024-06-20T23:58:17.497+0000] {processor.py:830} INFO - Processing file /home/airflow/.local/lib/python3.12/site-packages/airflow/example_dags/example_complex.py for tasks to queue
[2024-06-20T23:58:17.499+0000] {logging_mixin.py:188} INFO - [2024-06-20T23:58:17.499+0000] {dagbag.py:545} INFO - Filling up the DagBag from /home/airflow/.local/lib/python3.12/site-packages/airflow/example_dags/example_complex.py
[2024-06-20T23:58:17.506+0000] {processor.py:840} INFO - DAG(s) 'example_complex' retrieved from /home/airflow/.local/lib/python3.12/site-packages/airflow/example_dags/example_complex.py
[2024-06-20T23:58:17.533+0000] {logging_mixin.py:188} INFO - [2024-06-20T23:58:17.533+0000] {dag.py:3096} INFO - Sync 1 DAGs
[2024-06-20T23:58:17.543+0000] {logging_mixin.py:188} INFO - [2024-06-20T23:58:17.543+0000] {dag.py:3954} INFO - Setting next_dagrun for example_complex to None, run_after=None
[2024-06-20T23:58:17.560+0000] {processor.py:183} INFO - Processing /home/airflow/.local/lib/python3.12/site-packages/airflow/example_dags/example_complex.py took 0.068 seconds
[2024-06-20T23:58:47.940+0000] {processor.py:161} INFO - Started process (PID=2056) to work on /home/airflow/.local/lib/python3.12/site-packages/airflow/example_dags/example_complex.py
[2024-06-20T23:58:47.941+0000] {processor.py:830} INFO - Processing file /home/airflow/.local/lib/python3.12/site-packages/airflow/example_dags/example_complex.py for tasks to queue
[2024-06-20T23:58:47.943+0000] {logging_mixin.py:188} INFO - [2024-06-20T23:58:47.942+0000] {dagbag.py:545} INFO - Filling up the DagBag from /home/airflow/.local/lib/python3.12/site-packages/airflow/example_dags/example_complex.py
[2024-06-20T23:58:47.951+0000] {processor.py:840} INFO - DAG(s) 'example_complex' retrieved from /home/airflow/.local/lib/python3.12/site-packages/airflow/example_dags/example_complex.py
[2024-06-20T23:58:47.978+0000] {logging_mixin.py:188} INFO - [2024-06-20T23:58:47.977+0000] {dag.py:3096} INFO - Sync 1 DAGs
[2024-06-20T23:58:47.988+0000] {logging_mixin.py:188} INFO - [2024-06-20T23:58:47.988+0000] {dag.py:3954} INFO - Setting next_dagrun for example_complex to None, run_after=None
[2024-06-20T23:58:48.005+0000] {processor.py:183} INFO - Processing /home/airflow/.local/lib/python3.12/site-packages/airflow/example_dags/example_complex.py took 0.069 seconds
[2024-06-20T23:59:18.724+0000] {processor.py:161} INFO - Started process (PID=2114) to work on /home/airflow/.local/lib/python3.12/site-packages/airflow/example_dags/example_complex.py
[2024-06-20T23:59:18.725+0000] {processor.py:830} INFO - Processing file /home/airflow/.local/lib/python3.12/site-packages/airflow/example_dags/example_complex.py for tasks to queue
[2024-06-20T23:59:18.728+0000] {logging_mixin.py:188} INFO - [2024-06-20T23:59:18.727+0000] {dagbag.py:545} INFO - Filling up the DagBag from /home/airflow/.local/lib/python3.12/site-packages/airflow/example_dags/example_complex.py
[2024-06-20T23:59:18.736+0000] {processor.py:840} INFO - DAG(s) 'example_complex' retrieved from /home/airflow/.local/lib/python3.12/site-packages/airflow/example_dags/example_complex.py
[2024-06-20T23:59:18.766+0000] {logging_mixin.py:188} INFO - [2024-06-20T23:59:18.765+0000] {dag.py:3096} INFO - Sync 1 DAGs
[2024-06-20T23:59:18.778+0000] {logging_mixin.py:188} INFO - [2024-06-20T23:59:18.778+0000] {dag.py:3954} INFO - Setting next_dagrun for example_complex to None, run_after=None
[2024-06-20T23:59:18.798+0000] {processor.py:183} INFO - Processing /home/airflow/.local/lib/python3.12/site-packages/airflow/example_dags/example_complex.py took 0.080 seconds
[2024-06-20T23:59:49.578+0000] {processor.py:161} INFO - Started process (PID=2172) to work on /home/airflow/.local/lib/python3.12/site-packages/airflow/example_dags/example_complex.py
[2024-06-20T23:59:49.580+0000] {processor.py:830} INFO - Processing file /home/airflow/.local/lib/python3.12/site-packages/airflow/example_dags/example_complex.py for tasks to queue
[2024-06-20T23:59:49.584+0000] {logging_mixin.py:188} INFO - [2024-06-20T23:59:49.583+0000] {dagbag.py:545} INFO - Filling up the DagBag from /home/airflow/.local/lib/python3.12/site-packages/airflow/example_dags/example_complex.py
[2024-06-20T23:59:49.598+0000] {processor.py:840} INFO - DAG(s) 'example_complex' retrieved from /home/airflow/.local/lib/python3.12/site-packages/airflow/example_dags/example_complex.py
[2024-06-20T23:59:49.633+0000] {logging_mixin.py:188} INFO - [2024-06-20T23:59:49.633+0000] {dag.py:3096} INFO - Sync 1 DAGs
[2024-06-20T23:59:49.650+0000] {logging_mixin.py:188} INFO - [2024-06-20T23:59:49.650+0000] {dag.py:3954} INFO - Setting next_dagrun for example_complex to None, run_after=None
[2024-06-20T23:59:49.674+0000] {processor.py:183} INFO - Processing /home/airflow/.local/lib/python3.12/site-packages/airflow/example_dags/example_complex.py took 0.102 seconds
