[2024-06-20T23:41:00.353+0000] {processor.py:161} INFO - Started process (PID=53) to work on /home/airflow/.local/lib/python3.12/site-packages/airflow/example_dags/example_setup_teardown.py
[2024-06-20T23:41:00.354+0000] {processor.py:830} INFO - Processing file /home/airflow/.local/lib/python3.12/site-packages/airflow/example_dags/example_setup_teardown.py for tasks to queue
[2024-06-20T23:41:00.356+0000] {logging_mixin.py:188} INFO - [2024-06-20T23:41:00.356+0000] {dagbag.py:545} INFO - Filling up the DagBag from /home/airflow/.local/lib/python3.12/site-packages/airflow/example_dags/example_setup_teardown.py
[2024-06-20T23:41:00.366+0000] {processor.py:840} INFO - DAG(s) 'example_setup_teardown' retrieved from /home/airflow/.local/lib/python3.12/site-packages/airflow/example_dags/example_setup_teardown.py
[2024-06-20T23:41:00.378+0000] {logging_mixin.py:188} INFO - [2024-06-20T23:41:00.377+0000] {dag.py:3096} INFO - Sync 1 DAGs
[2024-06-20T23:41:00.401+0000] {logging_mixin.py:188} INFO - [2024-06-20T23:41:00.401+0000] {dag.py:3954} INFO - Setting next_dagrun for example_setup_teardown to 2024-06-19 00:00:00+00:00, run_after=2024-06-20 00:00:00+00:00
[2024-06-20T23:41:00.420+0000] {processor.py:183} INFO - Processing /home/airflow/.local/lib/python3.12/site-packages/airflow/example_dags/example_setup_teardown.py took 0.072 seconds
[2024-06-20T23:41:28.945+0000] {processor.py:161} INFO - Started process (PID=53) to work on /home/airflow/.local/lib/python3.12/site-packages/airflow/example_dags/example_setup_teardown.py
[2024-06-20T23:41:28.946+0000] {processor.py:830} INFO - Processing file /home/airflow/.local/lib/python3.12/site-packages/airflow/example_dags/example_setup_teardown.py for tasks to queue
[2024-06-20T23:41:28.948+0000] {logging_mixin.py:188} INFO - [2024-06-20T23:41:28.947+0000] {dagbag.py:545} INFO - Filling up the DagBag from /home/airflow/.local/lib/python3.12/site-packages/airflow/example_dags/example_setup_teardown.py
[2024-06-20T23:41:28.955+0000] {processor.py:840} INFO - DAG(s) 'example_setup_teardown' retrieved from /home/airflow/.local/lib/python3.12/site-packages/airflow/example_dags/example_setup_teardown.py
[2024-06-20T23:41:29.047+0000] {logging_mixin.py:188} INFO - [2024-06-20T23:41:29.047+0000] {dag.py:3096} INFO - Sync 1 DAGs
[2024-06-20T23:41:29.064+0000] {logging_mixin.py:188} INFO - [2024-06-20T23:41:29.063+0000] {dag.py:3954} INFO - Setting next_dagrun for example_setup_teardown to 2024-06-19 00:00:00+00:00, run_after=2024-06-20 00:00:00+00:00
[2024-06-20T23:41:29.095+0000] {processor.py:183} INFO - Processing /home/airflow/.local/lib/python3.12/site-packages/airflow/example_dags/example_setup_teardown.py took 0.155 seconds
[2024-06-20T23:41:59.284+0000] {processor.py:161} INFO - Started process (PID=111) to work on /home/airflow/.local/lib/python3.12/site-packages/airflow/example_dags/example_setup_teardown.py
[2024-06-20T23:41:59.285+0000] {processor.py:830} INFO - Processing file /home/airflow/.local/lib/python3.12/site-packages/airflow/example_dags/example_setup_teardown.py for tasks to queue
[2024-06-20T23:41:59.286+0000] {logging_mixin.py:188} INFO - [2024-06-20T23:41:59.286+0000] {dagbag.py:545} INFO - Filling up the DagBag from /home/airflow/.local/lib/python3.12/site-packages/airflow/example_dags/example_setup_teardown.py
[2024-06-20T23:41:59.292+0000] {processor.py:840} INFO - DAG(s) 'example_setup_teardown' retrieved from /home/airflow/.local/lib/python3.12/site-packages/airflow/example_dags/example_setup_teardown.py
[2024-06-20T23:41:59.310+0000] {logging_mixin.py:188} INFO - [2024-06-20T23:41:59.310+0000] {dag.py:3096} INFO - Sync 1 DAGs
[2024-06-20T23:41:59.328+0000] {logging_mixin.py:188} INFO - [2024-06-20T23:41:59.328+0000] {dag.py:3954} INFO - Setting next_dagrun for example_setup_teardown to 2024-06-19 00:00:00+00:00, run_after=2024-06-20 00:00:00+00:00
[2024-06-20T23:41:59.344+0000] {processor.py:183} INFO - Processing /home/airflow/.local/lib/python3.12/site-packages/airflow/example_dags/example_setup_teardown.py took 0.065 seconds
[2024-06-20T23:42:29.805+0000] {processor.py:161} INFO - Started process (PID=169) to work on /home/airflow/.local/lib/python3.12/site-packages/airflow/example_dags/example_setup_teardown.py
[2024-06-20T23:42:29.806+0000] {processor.py:830} INFO - Processing file /home/airflow/.local/lib/python3.12/site-packages/airflow/example_dags/example_setup_teardown.py for tasks to queue
[2024-06-20T23:42:29.807+0000] {logging_mixin.py:188} INFO - [2024-06-20T23:42:29.807+0000] {dagbag.py:545} INFO - Filling up the DagBag from /home/airflow/.local/lib/python3.12/site-packages/airflow/example_dags/example_setup_teardown.py
[2024-06-20T23:42:29.813+0000] {processor.py:840} INFO - DAG(s) 'example_setup_teardown' retrieved from /home/airflow/.local/lib/python3.12/site-packages/airflow/example_dags/example_setup_teardown.py
[2024-06-20T23:42:29.830+0000] {logging_mixin.py:188} INFO - [2024-06-20T23:42:29.829+0000] {dag.py:3096} INFO - Sync 1 DAGs
[2024-06-20T23:42:29.846+0000] {logging_mixin.py:188} INFO - [2024-06-20T23:42:29.846+0000] {dag.py:3954} INFO - Setting next_dagrun for example_setup_teardown to 2024-06-19 00:00:00+00:00, run_after=2024-06-20 00:00:00+00:00
[2024-06-20T23:42:29.860+0000] {processor.py:183} INFO - Processing /home/airflow/.local/lib/python3.12/site-packages/airflow/example_dags/example_setup_teardown.py took 0.060 seconds
[2024-06-20T23:42:59.969+0000] {processor.py:161} INFO - Started process (PID=227) to work on /home/airflow/.local/lib/python3.12/site-packages/airflow/example_dags/example_setup_teardown.py
[2024-06-20T23:42:59.970+0000] {processor.py:830} INFO - Processing file /home/airflow/.local/lib/python3.12/site-packages/airflow/example_dags/example_setup_teardown.py for tasks to queue
[2024-06-20T23:42:59.972+0000] {logging_mixin.py:188} INFO - [2024-06-20T23:42:59.972+0000] {dagbag.py:545} INFO - Filling up the DagBag from /home/airflow/.local/lib/python3.12/site-packages/airflow/example_dags/example_setup_teardown.py
[2024-06-20T23:42:59.977+0000] {processor.py:840} INFO - DAG(s) 'example_setup_teardown' retrieved from /home/airflow/.local/lib/python3.12/site-packages/airflow/example_dags/example_setup_teardown.py
[2024-06-20T23:42:59.995+0000] {logging_mixin.py:188} INFO - [2024-06-20T23:42:59.995+0000] {dag.py:3096} INFO - Sync 1 DAGs
[2024-06-20T23:43:00.012+0000] {logging_mixin.py:188} INFO - [2024-06-20T23:43:00.012+0000] {dag.py:3954} INFO - Setting next_dagrun for example_setup_teardown to 2024-06-19 00:00:00+00:00, run_after=2024-06-20 00:00:00+00:00
[2024-06-20T23:43:00.031+0000] {processor.py:183} INFO - Processing /home/airflow/.local/lib/python3.12/site-packages/airflow/example_dags/example_setup_teardown.py took 0.065 seconds
[2024-06-20T23:43:30.271+0000] {processor.py:161} INFO - Started process (PID=285) to work on /home/airflow/.local/lib/python3.12/site-packages/airflow/example_dags/example_setup_teardown.py
[2024-06-20T23:43:30.272+0000] {processor.py:830} INFO - Processing file /home/airflow/.local/lib/python3.12/site-packages/airflow/example_dags/example_setup_teardown.py for tasks to queue
[2024-06-20T23:43:30.274+0000] {logging_mixin.py:188} INFO - [2024-06-20T23:43:30.274+0000] {dagbag.py:545} INFO - Filling up the DagBag from /home/airflow/.local/lib/python3.12/site-packages/airflow/example_dags/example_setup_teardown.py
[2024-06-20T23:43:30.280+0000] {processor.py:840} INFO - DAG(s) 'example_setup_teardown' retrieved from /home/airflow/.local/lib/python3.12/site-packages/airflow/example_dags/example_setup_teardown.py
[2024-06-20T23:43:30.300+0000] {logging_mixin.py:188} INFO - [2024-06-20T23:43:30.300+0000] {dag.py:3096} INFO - Sync 1 DAGs
[2024-06-20T23:43:30.320+0000] {logging_mixin.py:188} INFO - [2024-06-20T23:43:30.320+0000] {dag.py:3954} INFO - Setting next_dagrun for example_setup_teardown to 2024-06-19 00:00:00+00:00, run_after=2024-06-20 00:00:00+00:00
[2024-06-20T23:43:30.337+0000] {processor.py:183} INFO - Processing /home/airflow/.local/lib/python3.12/site-packages/airflow/example_dags/example_setup_teardown.py took 0.072 seconds
[2024-06-20T23:44:00.873+0000] {processor.py:161} INFO - Started process (PID=343) to work on /home/airflow/.local/lib/python3.12/site-packages/airflow/example_dags/example_setup_teardown.py
[2024-06-20T23:44:00.874+0000] {processor.py:830} INFO - Processing file /home/airflow/.local/lib/python3.12/site-packages/airflow/example_dags/example_setup_teardown.py for tasks to queue
[2024-06-20T23:44:00.876+0000] {logging_mixin.py:188} INFO - [2024-06-20T23:44:00.876+0000] {dagbag.py:545} INFO - Filling up the DagBag from /home/airflow/.local/lib/python3.12/site-packages/airflow/example_dags/example_setup_teardown.py
[2024-06-20T23:44:00.883+0000] {processor.py:840} INFO - DAG(s) 'example_setup_teardown' retrieved from /home/airflow/.local/lib/python3.12/site-packages/airflow/example_dags/example_setup_teardown.py
[2024-06-20T23:44:00.903+0000] {logging_mixin.py:188} INFO - [2024-06-20T23:44:00.903+0000] {dag.py:3096} INFO - Sync 1 DAGs
[2024-06-20T23:44:00.924+0000] {logging_mixin.py:188} INFO - [2024-06-20T23:44:00.924+0000] {dag.py:3954} INFO - Setting next_dagrun for example_setup_teardown to 2024-06-19 00:00:00+00:00, run_after=2024-06-20 00:00:00+00:00
[2024-06-20T23:44:00.941+0000] {processor.py:183} INFO - Processing /home/airflow/.local/lib/python3.12/site-packages/airflow/example_dags/example_setup_teardown.py took 0.073 seconds
[2024-06-20T23:44:31.433+0000] {processor.py:161} INFO - Started process (PID=401) to work on /home/airflow/.local/lib/python3.12/site-packages/airflow/example_dags/example_setup_teardown.py
[2024-06-20T23:44:31.434+0000] {processor.py:830} INFO - Processing file /home/airflow/.local/lib/python3.12/site-packages/airflow/example_dags/example_setup_teardown.py for tasks to queue
[2024-06-20T23:44:31.436+0000] {logging_mixin.py:188} INFO - [2024-06-20T23:44:31.435+0000] {dagbag.py:545} INFO - Filling up the DagBag from /home/airflow/.local/lib/python3.12/site-packages/airflow/example_dags/example_setup_teardown.py
[2024-06-20T23:44:31.441+0000] {processor.py:840} INFO - DAG(s) 'example_setup_teardown' retrieved from /home/airflow/.local/lib/python3.12/site-packages/airflow/example_dags/example_setup_teardown.py
[2024-06-20T23:44:31.456+0000] {logging_mixin.py:188} INFO - [2024-06-20T23:44:31.456+0000] {dag.py:3096} INFO - Sync 1 DAGs
[2024-06-20T23:44:31.472+0000] {logging_mixin.py:188} INFO - [2024-06-20T23:44:31.472+0000] {dag.py:3954} INFO - Setting next_dagrun for example_setup_teardown to 2024-06-19 00:00:00+00:00, run_after=2024-06-20 00:00:00+00:00
[2024-06-20T23:44:31.490+0000] {processor.py:183} INFO - Processing /home/airflow/.local/lib/python3.12/site-packages/airflow/example_dags/example_setup_teardown.py took 0.062 seconds
[2024-06-20T23:45:02.088+0000] {processor.py:161} INFO - Started process (PID=459) to work on /home/airflow/.local/lib/python3.12/site-packages/airflow/example_dags/example_setup_teardown.py
[2024-06-20T23:45:02.089+0000] {processor.py:830} INFO - Processing file /home/airflow/.local/lib/python3.12/site-packages/airflow/example_dags/example_setup_teardown.py for tasks to queue
[2024-06-20T23:45:02.091+0000] {logging_mixin.py:188} INFO - [2024-06-20T23:45:02.090+0000] {dagbag.py:545} INFO - Filling up the DagBag from /home/airflow/.local/lib/python3.12/site-packages/airflow/example_dags/example_setup_teardown.py
[2024-06-20T23:45:02.097+0000] {processor.py:840} INFO - DAG(s) 'example_setup_teardown' retrieved from /home/airflow/.local/lib/python3.12/site-packages/airflow/example_dags/example_setup_teardown.py
[2024-06-20T23:45:02.114+0000] {logging_mixin.py:188} INFO - [2024-06-20T23:45:02.113+0000] {dag.py:3096} INFO - Sync 1 DAGs
[2024-06-20T23:45:02.132+0000] {logging_mixin.py:188} INFO - [2024-06-20T23:45:02.131+0000] {dag.py:3954} INFO - Setting next_dagrun for example_setup_teardown to 2024-06-19 00:00:00+00:00, run_after=2024-06-20 00:00:00+00:00
[2024-06-20T23:45:02.148+0000] {processor.py:183} INFO - Processing /home/airflow/.local/lib/python3.12/site-packages/airflow/example_dags/example_setup_teardown.py took 0.065 seconds
[2024-06-20T23:45:32.664+0000] {processor.py:161} INFO - Started process (PID=517) to work on /home/airflow/.local/lib/python3.12/site-packages/airflow/example_dags/example_setup_teardown.py
[2024-06-20T23:45:32.665+0000] {processor.py:830} INFO - Processing file /home/airflow/.local/lib/python3.12/site-packages/airflow/example_dags/example_setup_teardown.py for tasks to queue
[2024-06-20T23:45:32.667+0000] {logging_mixin.py:188} INFO - [2024-06-20T23:45:32.667+0000] {dagbag.py:545} INFO - Filling up the DagBag from /home/airflow/.local/lib/python3.12/site-packages/airflow/example_dags/example_setup_teardown.py
[2024-06-20T23:45:32.673+0000] {processor.py:840} INFO - DAG(s) 'example_setup_teardown' retrieved from /home/airflow/.local/lib/python3.12/site-packages/airflow/example_dags/example_setup_teardown.py
[2024-06-20T23:45:32.690+0000] {logging_mixin.py:188} INFO - [2024-06-20T23:45:32.690+0000] {dag.py:3096} INFO - Sync 1 DAGs
[2024-06-20T23:45:32.710+0000] {logging_mixin.py:188} INFO - [2024-06-20T23:45:32.710+0000] {dag.py:3954} INFO - Setting next_dagrun for example_setup_teardown to 2024-06-19 00:00:00+00:00, run_after=2024-06-20 00:00:00+00:00
[2024-06-20T23:45:32.726+0000] {processor.py:183} INFO - Processing /home/airflow/.local/lib/python3.12/site-packages/airflow/example_dags/example_setup_teardown.py took 0.068 seconds
[2024-06-20T23:46:03.687+0000] {processor.py:161} INFO - Started process (PID=575) to work on /home/airflow/.local/lib/python3.12/site-packages/airflow/example_dags/example_setup_teardown.py
[2024-06-20T23:46:03.688+0000] {processor.py:830} INFO - Processing file /home/airflow/.local/lib/python3.12/site-packages/airflow/example_dags/example_setup_teardown.py for tasks to queue
[2024-06-20T23:46:03.689+0000] {logging_mixin.py:188} INFO - [2024-06-20T23:46:03.689+0000] {dagbag.py:545} INFO - Filling up the DagBag from /home/airflow/.local/lib/python3.12/site-packages/airflow/example_dags/example_setup_teardown.py
[2024-06-20T23:46:03.695+0000] {processor.py:840} INFO - DAG(s) 'example_setup_teardown' retrieved from /home/airflow/.local/lib/python3.12/site-packages/airflow/example_dags/example_setup_teardown.py
[2024-06-20T23:46:03.712+0000] {logging_mixin.py:188} INFO - [2024-06-20T23:46:03.712+0000] {dag.py:3096} INFO - Sync 1 DAGs
[2024-06-20T23:46:03.729+0000] {logging_mixin.py:188} INFO - [2024-06-20T23:46:03.728+0000] {dag.py:3954} INFO - Setting next_dagrun for example_setup_teardown to 2024-06-19 00:00:00+00:00, run_after=2024-06-20 00:00:00+00:00
[2024-06-20T23:46:03.746+0000] {processor.py:183} INFO - Processing /home/airflow/.local/lib/python3.12/site-packages/airflow/example_dags/example_setup_teardown.py took 0.064 seconds
[2024-06-20T23:46:34.309+0000] {processor.py:161} INFO - Started process (PID=633) to work on /home/airflow/.local/lib/python3.12/site-packages/airflow/example_dags/example_setup_teardown.py
[2024-06-20T23:46:34.310+0000] {processor.py:830} INFO - Processing file /home/airflow/.local/lib/python3.12/site-packages/airflow/example_dags/example_setup_teardown.py for tasks to queue
[2024-06-20T23:46:34.311+0000] {logging_mixin.py:188} INFO - [2024-06-20T23:46:34.311+0000] {dagbag.py:545} INFO - Filling up the DagBag from /home/airflow/.local/lib/python3.12/site-packages/airflow/example_dags/example_setup_teardown.py
[2024-06-20T23:46:34.317+0000] {processor.py:840} INFO - DAG(s) 'example_setup_teardown' retrieved from /home/airflow/.local/lib/python3.12/site-packages/airflow/example_dags/example_setup_teardown.py
[2024-06-20T23:46:34.332+0000] {logging_mixin.py:188} INFO - [2024-06-20T23:46:34.332+0000] {dag.py:3096} INFO - Sync 1 DAGs
[2024-06-20T23:46:34.348+0000] {logging_mixin.py:188} INFO - [2024-06-20T23:46:34.348+0000] {dag.py:3954} INFO - Setting next_dagrun for example_setup_teardown to 2024-06-19 00:00:00+00:00, run_after=2024-06-20 00:00:00+00:00
[2024-06-20T23:46:34.364+0000] {processor.py:183} INFO - Processing /home/airflow/.local/lib/python3.12/site-packages/airflow/example_dags/example_setup_teardown.py took 0.060 seconds
[2024-06-20T23:47:04.843+0000] {processor.py:161} INFO - Started process (PID=691) to work on /home/airflow/.local/lib/python3.12/site-packages/airflow/example_dags/example_setup_teardown.py
[2024-06-20T23:47:04.844+0000] {processor.py:830} INFO - Processing file /home/airflow/.local/lib/python3.12/site-packages/airflow/example_dags/example_setup_teardown.py for tasks to queue
[2024-06-20T23:47:04.846+0000] {logging_mixin.py:188} INFO - [2024-06-20T23:47:04.846+0000] {dagbag.py:545} INFO - Filling up the DagBag from /home/airflow/.local/lib/python3.12/site-packages/airflow/example_dags/example_setup_teardown.py
[2024-06-20T23:47:04.851+0000] {processor.py:840} INFO - DAG(s) 'example_setup_teardown' retrieved from /home/airflow/.local/lib/python3.12/site-packages/airflow/example_dags/example_setup_teardown.py
[2024-06-20T23:47:04.868+0000] {logging_mixin.py:188} INFO - [2024-06-20T23:47:04.868+0000] {dag.py:3096} INFO - Sync 1 DAGs
[2024-06-20T23:47:04.885+0000] {logging_mixin.py:188} INFO - [2024-06-20T23:47:04.884+0000] {dag.py:3954} INFO - Setting next_dagrun for example_setup_teardown to 2024-06-19 00:00:00+00:00, run_after=2024-06-20 00:00:00+00:00
[2024-06-20T23:47:04.901+0000] {processor.py:183} INFO - Processing /home/airflow/.local/lib/python3.12/site-packages/airflow/example_dags/example_setup_teardown.py took 0.062 seconds
[2024-06-20T23:47:35.316+0000] {processor.py:161} INFO - Started process (PID=749) to work on /home/airflow/.local/lib/python3.12/site-packages/airflow/example_dags/example_setup_teardown.py
[2024-06-20T23:47:35.317+0000] {processor.py:830} INFO - Processing file /home/airflow/.local/lib/python3.12/site-packages/airflow/example_dags/example_setup_teardown.py for tasks to queue
[2024-06-20T23:47:35.319+0000] {logging_mixin.py:188} INFO - [2024-06-20T23:47:35.319+0000] {dagbag.py:545} INFO - Filling up the DagBag from /home/airflow/.local/lib/python3.12/site-packages/airflow/example_dags/example_setup_teardown.py
[2024-06-20T23:47:35.324+0000] {processor.py:840} INFO - DAG(s) 'example_setup_teardown' retrieved from /home/airflow/.local/lib/python3.12/site-packages/airflow/example_dags/example_setup_teardown.py
[2024-06-20T23:47:35.341+0000] {logging_mixin.py:188} INFO - [2024-06-20T23:47:35.341+0000] {dag.py:3096} INFO - Sync 1 DAGs
[2024-06-20T23:47:35.357+0000] {logging_mixin.py:188} INFO - [2024-06-20T23:47:35.357+0000] {dag.py:3954} INFO - Setting next_dagrun for example_setup_teardown to 2024-06-19 00:00:00+00:00, run_after=2024-06-20 00:00:00+00:00
[2024-06-20T23:47:35.373+0000] {processor.py:183} INFO - Processing /home/airflow/.local/lib/python3.12/site-packages/airflow/example_dags/example_setup_teardown.py took 0.061 seconds
[2024-06-20T23:48:05.974+0000] {processor.py:161} INFO - Started process (PID=807) to work on /home/airflow/.local/lib/python3.12/site-packages/airflow/example_dags/example_setup_teardown.py
[2024-06-20T23:48:05.975+0000] {processor.py:830} INFO - Processing file /home/airflow/.local/lib/python3.12/site-packages/airflow/example_dags/example_setup_teardown.py for tasks to queue
[2024-06-20T23:48:05.977+0000] {logging_mixin.py:188} INFO - [2024-06-20T23:48:05.977+0000] {dagbag.py:545} INFO - Filling up the DagBag from /home/airflow/.local/lib/python3.12/site-packages/airflow/example_dags/example_setup_teardown.py
[2024-06-20T23:48:05.982+0000] {processor.py:840} INFO - DAG(s) 'example_setup_teardown' retrieved from /home/airflow/.local/lib/python3.12/site-packages/airflow/example_dags/example_setup_teardown.py
[2024-06-20T23:48:05.998+0000] {logging_mixin.py:188} INFO - [2024-06-20T23:48:05.998+0000] {dag.py:3096} INFO - Sync 1 DAGs
[2024-06-20T23:48:06.015+0000] {logging_mixin.py:188} INFO - [2024-06-20T23:48:06.014+0000] {dag.py:3954} INFO - Setting next_dagrun for example_setup_teardown to 2024-06-19 00:00:00+00:00, run_after=2024-06-20 00:00:00+00:00
[2024-06-20T23:48:06.030+0000] {processor.py:183} INFO - Processing /home/airflow/.local/lib/python3.12/site-packages/airflow/example_dags/example_setup_teardown.py took 0.061 seconds
[2024-06-20T23:48:36.468+0000] {processor.py:161} INFO - Started process (PID=865) to work on /home/airflow/.local/lib/python3.12/site-packages/airflow/example_dags/example_setup_teardown.py
[2024-06-20T23:48:36.469+0000] {processor.py:830} INFO - Processing file /home/airflow/.local/lib/python3.12/site-packages/airflow/example_dags/example_setup_teardown.py for tasks to queue
[2024-06-20T23:48:36.470+0000] {logging_mixin.py:188} INFO - [2024-06-20T23:48:36.470+0000] {dagbag.py:545} INFO - Filling up the DagBag from /home/airflow/.local/lib/python3.12/site-packages/airflow/example_dags/example_setup_teardown.py
[2024-06-20T23:48:36.476+0000] {processor.py:840} INFO - DAG(s) 'example_setup_teardown' retrieved from /home/airflow/.local/lib/python3.12/site-packages/airflow/example_dags/example_setup_teardown.py
[2024-06-20T23:48:36.493+0000] {logging_mixin.py:188} INFO - [2024-06-20T23:48:36.493+0000] {dag.py:3096} INFO - Sync 1 DAGs
[2024-06-20T23:48:36.509+0000] {logging_mixin.py:188} INFO - [2024-06-20T23:48:36.509+0000] {dag.py:3954} INFO - Setting next_dagrun for example_setup_teardown to 2024-06-19 00:00:00+00:00, run_after=2024-06-20 00:00:00+00:00
[2024-06-20T23:48:36.526+0000] {processor.py:183} INFO - Processing /home/airflow/.local/lib/python3.12/site-packages/airflow/example_dags/example_setup_teardown.py took 0.063 seconds
[2024-06-20T23:49:06.956+0000] {processor.py:161} INFO - Started process (PID=923) to work on /home/airflow/.local/lib/python3.12/site-packages/airflow/example_dags/example_setup_teardown.py
[2024-06-20T23:49:06.957+0000] {processor.py:830} INFO - Processing file /home/airflow/.local/lib/python3.12/site-packages/airflow/example_dags/example_setup_teardown.py for tasks to queue
[2024-06-20T23:49:06.959+0000] {logging_mixin.py:188} INFO - [2024-06-20T23:49:06.959+0000] {dagbag.py:545} INFO - Filling up the DagBag from /home/airflow/.local/lib/python3.12/site-packages/airflow/example_dags/example_setup_teardown.py
[2024-06-20T23:49:06.964+0000] {processor.py:840} INFO - DAG(s) 'example_setup_teardown' retrieved from /home/airflow/.local/lib/python3.12/site-packages/airflow/example_dags/example_setup_teardown.py
[2024-06-20T23:49:06.981+0000] {logging_mixin.py:188} INFO - [2024-06-20T23:49:06.981+0000] {dag.py:3096} INFO - Sync 1 DAGs
[2024-06-20T23:49:07.002+0000] {logging_mixin.py:188} INFO - [2024-06-20T23:49:07.002+0000] {dag.py:3954} INFO - Setting next_dagrun for example_setup_teardown to 2024-06-19 00:00:00+00:00, run_after=2024-06-20 00:00:00+00:00
[2024-06-20T23:49:07.018+0000] {processor.py:183} INFO - Processing /home/airflow/.local/lib/python3.12/site-packages/airflow/example_dags/example_setup_teardown.py took 0.066 seconds
[2024-06-20T23:49:37.661+0000] {processor.py:161} INFO - Started process (PID=981) to work on /home/airflow/.local/lib/python3.12/site-packages/airflow/example_dags/example_setup_teardown.py
[2024-06-20T23:49:37.662+0000] {processor.py:830} INFO - Processing file /home/airflow/.local/lib/python3.12/site-packages/airflow/example_dags/example_setup_teardown.py for tasks to queue
[2024-06-20T23:49:37.664+0000] {logging_mixin.py:188} INFO - [2024-06-20T23:49:37.663+0000] {dagbag.py:545} INFO - Filling up the DagBag from /home/airflow/.local/lib/python3.12/site-packages/airflow/example_dags/example_setup_teardown.py
[2024-06-20T23:49:37.669+0000] {processor.py:840} INFO - DAG(s) 'example_setup_teardown' retrieved from /home/airflow/.local/lib/python3.12/site-packages/airflow/example_dags/example_setup_teardown.py
[2024-06-20T23:49:37.684+0000] {logging_mixin.py:188} INFO - [2024-06-20T23:49:37.684+0000] {dag.py:3096} INFO - Sync 1 DAGs
[2024-06-20T23:49:37.700+0000] {logging_mixin.py:188} INFO - [2024-06-20T23:49:37.700+0000] {dag.py:3954} INFO - Setting next_dagrun for example_setup_teardown to 2024-06-19 00:00:00+00:00, run_after=2024-06-20 00:00:00+00:00
[2024-06-20T23:49:37.714+0000] {processor.py:183} INFO - Processing /home/airflow/.local/lib/python3.12/site-packages/airflow/example_dags/example_setup_teardown.py took 0.058 seconds
[2024-06-20T23:50:08.278+0000] {processor.py:161} INFO - Started process (PID=1039) to work on /home/airflow/.local/lib/python3.12/site-packages/airflow/example_dags/example_setup_teardown.py
[2024-06-20T23:50:08.279+0000] {processor.py:830} INFO - Processing file /home/airflow/.local/lib/python3.12/site-packages/airflow/example_dags/example_setup_teardown.py for tasks to queue
[2024-06-20T23:50:08.280+0000] {logging_mixin.py:188} INFO - [2024-06-20T23:50:08.280+0000] {dagbag.py:545} INFO - Filling up the DagBag from /home/airflow/.local/lib/python3.12/site-packages/airflow/example_dags/example_setup_teardown.py
[2024-06-20T23:50:08.286+0000] {processor.py:840} INFO - DAG(s) 'example_setup_teardown' retrieved from /home/airflow/.local/lib/python3.12/site-packages/airflow/example_dags/example_setup_teardown.py
[2024-06-20T23:50:08.304+0000] {logging_mixin.py:188} INFO - [2024-06-20T23:50:08.304+0000] {dag.py:3096} INFO - Sync 1 DAGs
[2024-06-20T23:50:08.323+0000] {logging_mixin.py:188} INFO - [2024-06-20T23:50:08.323+0000] {dag.py:3954} INFO - Setting next_dagrun for example_setup_teardown to 2024-06-19 00:00:00+00:00, run_after=2024-06-20 00:00:00+00:00
[2024-06-20T23:50:08.340+0000] {processor.py:183} INFO - Processing /home/airflow/.local/lib/python3.12/site-packages/airflow/example_dags/example_setup_teardown.py took 0.067 seconds
[2024-06-20T23:50:38.972+0000] {processor.py:161} INFO - Started process (PID=1097) to work on /home/airflow/.local/lib/python3.12/site-packages/airflow/example_dags/example_setup_teardown.py
[2024-06-20T23:50:38.973+0000] {processor.py:830} INFO - Processing file /home/airflow/.local/lib/python3.12/site-packages/airflow/example_dags/example_setup_teardown.py for tasks to queue
[2024-06-20T23:50:38.975+0000] {logging_mixin.py:188} INFO - [2024-06-20T23:50:38.975+0000] {dagbag.py:545} INFO - Filling up the DagBag from /home/airflow/.local/lib/python3.12/site-packages/airflow/example_dags/example_setup_teardown.py
[2024-06-20T23:50:38.981+0000] {processor.py:840} INFO - DAG(s) 'example_setup_teardown' retrieved from /home/airflow/.local/lib/python3.12/site-packages/airflow/example_dags/example_setup_teardown.py
[2024-06-20T23:50:38.998+0000] {logging_mixin.py:188} INFO - [2024-06-20T23:50:38.998+0000] {dag.py:3096} INFO - Sync 1 DAGs
[2024-06-20T23:50:39.018+0000] {logging_mixin.py:188} INFO - [2024-06-20T23:50:39.018+0000] {dag.py:3954} INFO - Setting next_dagrun for example_setup_teardown to 2024-06-19 00:00:00+00:00, run_after=2024-06-20 00:00:00+00:00
[2024-06-20T23:50:39.037+0000] {processor.py:183} INFO - Processing /home/airflow/.local/lib/python3.12/site-packages/airflow/example_dags/example_setup_teardown.py took 0.070 seconds
[2024-06-20T23:51:09.187+0000] {processor.py:161} INFO - Started process (PID=1155) to work on /home/airflow/.local/lib/python3.12/site-packages/airflow/example_dags/example_setup_teardown.py
[2024-06-20T23:51:09.188+0000] {processor.py:830} INFO - Processing file /home/airflow/.local/lib/python3.12/site-packages/airflow/example_dags/example_setup_teardown.py for tasks to queue
[2024-06-20T23:51:09.190+0000] {logging_mixin.py:188} INFO - [2024-06-20T23:51:09.190+0000] {dagbag.py:545} INFO - Filling up the DagBag from /home/airflow/.local/lib/python3.12/site-packages/airflow/example_dags/example_setup_teardown.py
[2024-06-20T23:51:09.196+0000] {processor.py:840} INFO - DAG(s) 'example_setup_teardown' retrieved from /home/airflow/.local/lib/python3.12/site-packages/airflow/example_dags/example_setup_teardown.py
[2024-06-20T23:51:09.215+0000] {logging_mixin.py:188} INFO - [2024-06-20T23:51:09.215+0000] {dag.py:3096} INFO - Sync 1 DAGs
[2024-06-20T23:51:09.235+0000] {logging_mixin.py:188} INFO - [2024-06-20T23:51:09.235+0000] {dag.py:3954} INFO - Setting next_dagrun for example_setup_teardown to 2024-06-19 00:00:00+00:00, run_after=2024-06-20 00:00:00+00:00
[2024-06-20T23:51:09.254+0000] {processor.py:183} INFO - Processing /home/airflow/.local/lib/python3.12/site-packages/airflow/example_dags/example_setup_teardown.py took 0.071 seconds
[2024-06-20T23:51:39.422+0000] {processor.py:161} INFO - Started process (PID=1213) to work on /home/airflow/.local/lib/python3.12/site-packages/airflow/example_dags/example_setup_teardown.py
[2024-06-20T23:51:39.423+0000] {processor.py:830} INFO - Processing file /home/airflow/.local/lib/python3.12/site-packages/airflow/example_dags/example_setup_teardown.py for tasks to queue
[2024-06-20T23:51:39.424+0000] {logging_mixin.py:188} INFO - [2024-06-20T23:51:39.424+0000] {dagbag.py:545} INFO - Filling up the DagBag from /home/airflow/.local/lib/python3.12/site-packages/airflow/example_dags/example_setup_teardown.py
[2024-06-20T23:51:39.430+0000] {processor.py:840} INFO - DAG(s) 'example_setup_teardown' retrieved from /home/airflow/.local/lib/python3.12/site-packages/airflow/example_dags/example_setup_teardown.py
[2024-06-20T23:51:39.449+0000] {logging_mixin.py:188} INFO - [2024-06-20T23:51:39.449+0000] {dag.py:3096} INFO - Sync 1 DAGs
[2024-06-20T23:51:39.468+0000] {logging_mixin.py:188} INFO - [2024-06-20T23:51:39.467+0000] {dag.py:3954} INFO - Setting next_dagrun for example_setup_teardown to 2024-06-19 00:00:00+00:00, run_after=2024-06-20 00:00:00+00:00
[2024-06-20T23:51:39.485+0000] {processor.py:183} INFO - Processing /home/airflow/.local/lib/python3.12/site-packages/airflow/example_dags/example_setup_teardown.py took 0.068 seconds
[2024-06-20T23:52:09.630+0000] {processor.py:161} INFO - Started process (PID=1271) to work on /home/airflow/.local/lib/python3.12/site-packages/airflow/example_dags/example_setup_teardown.py
[2024-06-20T23:52:09.631+0000] {processor.py:830} INFO - Processing file /home/airflow/.local/lib/python3.12/site-packages/airflow/example_dags/example_setup_teardown.py for tasks to queue
[2024-06-20T23:52:09.632+0000] {logging_mixin.py:188} INFO - [2024-06-20T23:52:09.632+0000] {dagbag.py:545} INFO - Filling up the DagBag from /home/airflow/.local/lib/python3.12/site-packages/airflow/example_dags/example_setup_teardown.py
[2024-06-20T23:52:09.637+0000] {processor.py:840} INFO - DAG(s) 'example_setup_teardown' retrieved from /home/airflow/.local/lib/python3.12/site-packages/airflow/example_dags/example_setup_teardown.py
[2024-06-20T23:52:09.655+0000] {logging_mixin.py:188} INFO - [2024-06-20T23:52:09.654+0000] {dag.py:3096} INFO - Sync 1 DAGs
[2024-06-20T23:52:09.672+0000] {logging_mixin.py:188} INFO - [2024-06-20T23:52:09.671+0000] {dag.py:3954} INFO - Setting next_dagrun for example_setup_teardown to 2024-06-19 00:00:00+00:00, run_after=2024-06-20 00:00:00+00:00
[2024-06-20T23:52:09.688+0000] {processor.py:183} INFO - Processing /home/airflow/.local/lib/python3.12/site-packages/airflow/example_dags/example_setup_teardown.py took 0.063 seconds
[2024-06-20T23:52:40.140+0000] {processor.py:161} INFO - Started process (PID=1329) to work on /home/airflow/.local/lib/python3.12/site-packages/airflow/example_dags/example_setup_teardown.py
[2024-06-20T23:52:40.141+0000] {processor.py:830} INFO - Processing file /home/airflow/.local/lib/python3.12/site-packages/airflow/example_dags/example_setup_teardown.py for tasks to queue
[2024-06-20T23:52:40.143+0000] {logging_mixin.py:188} INFO - [2024-06-20T23:52:40.143+0000] {dagbag.py:545} INFO - Filling up the DagBag from /home/airflow/.local/lib/python3.12/site-packages/airflow/example_dags/example_setup_teardown.py
[2024-06-20T23:52:40.148+0000] {processor.py:840} INFO - DAG(s) 'example_setup_teardown' retrieved from /home/airflow/.local/lib/python3.12/site-packages/airflow/example_dags/example_setup_teardown.py
[2024-06-20T23:52:40.167+0000] {logging_mixin.py:188} INFO - [2024-06-20T23:52:40.166+0000] {dag.py:3096} INFO - Sync 1 DAGs
[2024-06-20T23:52:40.183+0000] {logging_mixin.py:188} INFO - [2024-06-20T23:52:40.183+0000] {dag.py:3954} INFO - Setting next_dagrun for example_setup_teardown to 2024-06-19 00:00:00+00:00, run_after=2024-06-20 00:00:00+00:00
[2024-06-20T23:52:40.201+0000] {processor.py:183} INFO - Processing /home/airflow/.local/lib/python3.12/site-packages/airflow/example_dags/example_setup_teardown.py took 0.065 seconds
[2024-06-20T23:53:10.331+0000] {processor.py:161} INFO - Started process (PID=1387) to work on /home/airflow/.local/lib/python3.12/site-packages/airflow/example_dags/example_setup_teardown.py
[2024-06-20T23:53:10.331+0000] {processor.py:830} INFO - Processing file /home/airflow/.local/lib/python3.12/site-packages/airflow/example_dags/example_setup_teardown.py for tasks to queue
[2024-06-20T23:53:10.333+0000] {logging_mixin.py:188} INFO - [2024-06-20T23:53:10.333+0000] {dagbag.py:545} INFO - Filling up the DagBag from /home/airflow/.local/lib/python3.12/site-packages/airflow/example_dags/example_setup_teardown.py
[2024-06-20T23:53:10.339+0000] {processor.py:840} INFO - DAG(s) 'example_setup_teardown' retrieved from /home/airflow/.local/lib/python3.12/site-packages/airflow/example_dags/example_setup_teardown.py
[2024-06-20T23:53:10.356+0000] {logging_mixin.py:188} INFO - [2024-06-20T23:53:10.356+0000] {dag.py:3096} INFO - Sync 1 DAGs
[2024-06-20T23:53:10.374+0000] {logging_mixin.py:188} INFO - [2024-06-20T23:53:10.374+0000] {dag.py:3954} INFO - Setting next_dagrun for example_setup_teardown to 2024-06-19 00:00:00+00:00, run_after=2024-06-20 00:00:00+00:00
[2024-06-20T23:53:10.391+0000] {processor.py:183} INFO - Processing /home/airflow/.local/lib/python3.12/site-packages/airflow/example_dags/example_setup_teardown.py took 0.066 seconds
[2024-06-20T23:53:40.430+0000] {processor.py:161} INFO - Started process (PID=1445) to work on /home/airflow/.local/lib/python3.12/site-packages/airflow/example_dags/example_setup_teardown.py
[2024-06-20T23:53:40.431+0000] {processor.py:830} INFO - Processing file /home/airflow/.local/lib/python3.12/site-packages/airflow/example_dags/example_setup_teardown.py for tasks to queue
[2024-06-20T23:53:40.433+0000] {logging_mixin.py:188} INFO - [2024-06-20T23:53:40.433+0000] {dagbag.py:545} INFO - Filling up the DagBag from /home/airflow/.local/lib/python3.12/site-packages/airflow/example_dags/example_setup_teardown.py
[2024-06-20T23:53:40.439+0000] {processor.py:840} INFO - DAG(s) 'example_setup_teardown' retrieved from /home/airflow/.local/lib/python3.12/site-packages/airflow/example_dags/example_setup_teardown.py
[2024-06-20T23:53:40.456+0000] {logging_mixin.py:188} INFO - [2024-06-20T23:53:40.456+0000] {dag.py:3096} INFO - Sync 1 DAGs
[2024-06-20T23:53:40.474+0000] {logging_mixin.py:188} INFO - [2024-06-20T23:53:40.474+0000] {dag.py:3954} INFO - Setting next_dagrun for example_setup_teardown to 2024-06-19 00:00:00+00:00, run_after=2024-06-20 00:00:00+00:00
[2024-06-20T23:53:40.490+0000] {processor.py:183} INFO - Processing /home/airflow/.local/lib/python3.12/site-packages/airflow/example_dags/example_setup_teardown.py took 0.065 seconds
[2024-06-20T23:54:10.608+0000] {processor.py:161} INFO - Started process (PID=1503) to work on /home/airflow/.local/lib/python3.12/site-packages/airflow/example_dags/example_setup_teardown.py
[2024-06-20T23:54:10.608+0000] {processor.py:830} INFO - Processing file /home/airflow/.local/lib/python3.12/site-packages/airflow/example_dags/example_setup_teardown.py for tasks to queue
[2024-06-20T23:54:10.610+0000] {logging_mixin.py:188} INFO - [2024-06-20T23:54:10.610+0000] {dagbag.py:545} INFO - Filling up the DagBag from /home/airflow/.local/lib/python3.12/site-packages/airflow/example_dags/example_setup_teardown.py
[2024-06-20T23:54:10.615+0000] {processor.py:840} INFO - DAG(s) 'example_setup_teardown' retrieved from /home/airflow/.local/lib/python3.12/site-packages/airflow/example_dags/example_setup_teardown.py
[2024-06-20T23:54:10.631+0000] {logging_mixin.py:188} INFO - [2024-06-20T23:54:10.631+0000] {dag.py:3096} INFO - Sync 1 DAGs
[2024-06-20T23:54:10.649+0000] {logging_mixin.py:188} INFO - [2024-06-20T23:54:10.648+0000] {dag.py:3954} INFO - Setting next_dagrun for example_setup_teardown to 2024-06-19 00:00:00+00:00, run_after=2024-06-20 00:00:00+00:00
[2024-06-20T23:54:10.664+0000] {processor.py:183} INFO - Processing /home/airflow/.local/lib/python3.12/site-packages/airflow/example_dags/example_setup_teardown.py took 0.062 seconds
[2024-06-20T23:54:40.911+0000] {processor.py:161} INFO - Started process (PID=1561) to work on /home/airflow/.local/lib/python3.12/site-packages/airflow/example_dags/example_setup_teardown.py
[2024-06-20T23:54:40.912+0000] {processor.py:830} INFO - Processing file /home/airflow/.local/lib/python3.12/site-packages/airflow/example_dags/example_setup_teardown.py for tasks to queue
[2024-06-20T23:54:40.914+0000] {logging_mixin.py:188} INFO - [2024-06-20T23:54:40.914+0000] {dagbag.py:545} INFO - Filling up the DagBag from /home/airflow/.local/lib/python3.12/site-packages/airflow/example_dags/example_setup_teardown.py
[2024-06-20T23:54:40.921+0000] {processor.py:840} INFO - DAG(s) 'example_setup_teardown' retrieved from /home/airflow/.local/lib/python3.12/site-packages/airflow/example_dags/example_setup_teardown.py
[2024-06-20T23:54:40.940+0000] {logging_mixin.py:188} INFO - [2024-06-20T23:54:40.940+0000] {dag.py:3096} INFO - Sync 1 DAGs
[2024-06-20T23:54:40.961+0000] {logging_mixin.py:188} INFO - [2024-06-20T23:54:40.960+0000] {dag.py:3954} INFO - Setting next_dagrun for example_setup_teardown to 2024-06-19 00:00:00+00:00, run_after=2024-06-20 00:00:00+00:00
[2024-06-20T23:54:40.980+0000] {processor.py:183} INFO - Processing /home/airflow/.local/lib/python3.12/site-packages/airflow/example_dags/example_setup_teardown.py took 0.076 seconds
[2024-06-20T23:55:11.223+0000] {processor.py:161} INFO - Started process (PID=1619) to work on /home/airflow/.local/lib/python3.12/site-packages/airflow/example_dags/example_setup_teardown.py
[2024-06-20T23:55:11.224+0000] {processor.py:830} INFO - Processing file /home/airflow/.local/lib/python3.12/site-packages/airflow/example_dags/example_setup_teardown.py for tasks to queue
[2024-06-20T23:55:11.225+0000] {logging_mixin.py:188} INFO - [2024-06-20T23:55:11.225+0000] {dagbag.py:545} INFO - Filling up the DagBag from /home/airflow/.local/lib/python3.12/site-packages/airflow/example_dags/example_setup_teardown.py
[2024-06-20T23:55:11.232+0000] {processor.py:840} INFO - DAG(s) 'example_setup_teardown' retrieved from /home/airflow/.local/lib/python3.12/site-packages/airflow/example_dags/example_setup_teardown.py
[2024-06-20T23:55:11.252+0000] {logging_mixin.py:188} INFO - [2024-06-20T23:55:11.252+0000] {dag.py:3096} INFO - Sync 1 DAGs
[2024-06-20T23:55:11.272+0000] {logging_mixin.py:188} INFO - [2024-06-20T23:55:11.272+0000] {dag.py:3954} INFO - Setting next_dagrun for example_setup_teardown to 2024-06-19 00:00:00+00:00, run_after=2024-06-20 00:00:00+00:00
[2024-06-20T23:55:11.290+0000] {processor.py:183} INFO - Processing /home/airflow/.local/lib/python3.12/site-packages/airflow/example_dags/example_setup_teardown.py took 0.072 seconds
[2024-06-20T23:55:41.546+0000] {processor.py:161} INFO - Started process (PID=1677) to work on /home/airflow/.local/lib/python3.12/site-packages/airflow/example_dags/example_setup_teardown.py
[2024-06-20T23:55:41.547+0000] {processor.py:830} INFO - Processing file /home/airflow/.local/lib/python3.12/site-packages/airflow/example_dags/example_setup_teardown.py for tasks to queue
[2024-06-20T23:55:41.550+0000] {logging_mixin.py:188} INFO - [2024-06-20T23:55:41.549+0000] {dagbag.py:545} INFO - Filling up the DagBag from /home/airflow/.local/lib/python3.12/site-packages/airflow/example_dags/example_setup_teardown.py
[2024-06-20T23:55:41.556+0000] {processor.py:840} INFO - DAG(s) 'example_setup_teardown' retrieved from /home/airflow/.local/lib/python3.12/site-packages/airflow/example_dags/example_setup_teardown.py
[2024-06-20T23:55:41.575+0000] {logging_mixin.py:188} INFO - [2024-06-20T23:55:41.574+0000] {dag.py:3096} INFO - Sync 1 DAGs
[2024-06-20T23:55:41.594+0000] {logging_mixin.py:188} INFO - [2024-06-20T23:55:41.594+0000] {dag.py:3954} INFO - Setting next_dagrun for example_setup_teardown to 2024-06-19 00:00:00+00:00, run_after=2024-06-20 00:00:00+00:00
[2024-06-20T23:55:41.611+0000] {processor.py:183} INFO - Processing /home/airflow/.local/lib/python3.12/site-packages/airflow/example_dags/example_setup_teardown.py took 0.070 seconds
[2024-06-20T23:56:11.829+0000] {processor.py:161} INFO - Started process (PID=1735) to work on /home/airflow/.local/lib/python3.12/site-packages/airflow/example_dags/example_setup_teardown.py
[2024-06-20T23:56:11.830+0000] {processor.py:830} INFO - Processing file /home/airflow/.local/lib/python3.12/site-packages/airflow/example_dags/example_setup_teardown.py for tasks to queue
[2024-06-20T23:56:11.832+0000] {logging_mixin.py:188} INFO - [2024-06-20T23:56:11.832+0000] {dagbag.py:545} INFO - Filling up the DagBag from /home/airflow/.local/lib/python3.12/site-packages/airflow/example_dags/example_setup_teardown.py
[2024-06-20T23:56:11.838+0000] {processor.py:840} INFO - DAG(s) 'example_setup_teardown' retrieved from /home/airflow/.local/lib/python3.12/site-packages/airflow/example_dags/example_setup_teardown.py
[2024-06-20T23:56:11.854+0000] {logging_mixin.py:188} INFO - [2024-06-20T23:56:11.854+0000] {dag.py:3096} INFO - Sync 1 DAGs
[2024-06-20T23:56:11.872+0000] {logging_mixin.py:188} INFO - [2024-06-20T23:56:11.871+0000] {dag.py:3954} INFO - Setting next_dagrun for example_setup_teardown to 2024-06-19 00:00:00+00:00, run_after=2024-06-20 00:00:00+00:00
[2024-06-20T23:56:11.887+0000] {processor.py:183} INFO - Processing /home/airflow/.local/lib/python3.12/site-packages/airflow/example_dags/example_setup_teardown.py took 0.062 seconds
[2024-06-20T23:56:42.252+0000] {processor.py:161} INFO - Started process (PID=1793) to work on /home/airflow/.local/lib/python3.12/site-packages/airflow/example_dags/example_setup_teardown.py
[2024-06-20T23:56:42.253+0000] {processor.py:830} INFO - Processing file /home/airflow/.local/lib/python3.12/site-packages/airflow/example_dags/example_setup_teardown.py for tasks to queue
[2024-06-20T23:56:42.255+0000] {logging_mixin.py:188} INFO - [2024-06-20T23:56:42.255+0000] {dagbag.py:545} INFO - Filling up the DagBag from /home/airflow/.local/lib/python3.12/site-packages/airflow/example_dags/example_setup_teardown.py
[2024-06-20T23:56:42.260+0000] {processor.py:840} INFO - DAG(s) 'example_setup_teardown' retrieved from /home/airflow/.local/lib/python3.12/site-packages/airflow/example_dags/example_setup_teardown.py
[2024-06-20T23:56:42.277+0000] {logging_mixin.py:188} INFO - [2024-06-20T23:56:42.277+0000] {dag.py:3096} INFO - Sync 1 DAGs
[2024-06-20T23:56:42.297+0000] {logging_mixin.py:188} INFO - [2024-06-20T23:56:42.297+0000] {dag.py:3954} INFO - Setting next_dagrun for example_setup_teardown to 2024-06-19 00:00:00+00:00, run_after=2024-06-20 00:00:00+00:00
[2024-06-20T23:56:42.313+0000] {processor.py:183} INFO - Processing /home/airflow/.local/lib/python3.12/site-packages/airflow/example_dags/example_setup_teardown.py took 0.065 seconds
[2024-06-20T23:57:12.368+0000] {processor.py:161} INFO - Started process (PID=1851) to work on /home/airflow/.local/lib/python3.12/site-packages/airflow/example_dags/example_setup_teardown.py
[2024-06-20T23:57:12.369+0000] {processor.py:830} INFO - Processing file /home/airflow/.local/lib/python3.12/site-packages/airflow/example_dags/example_setup_teardown.py for tasks to queue
[2024-06-20T23:57:12.371+0000] {logging_mixin.py:188} INFO - [2024-06-20T23:57:12.371+0000] {dagbag.py:545} INFO - Filling up the DagBag from /home/airflow/.local/lib/python3.12/site-packages/airflow/example_dags/example_setup_teardown.py
[2024-06-20T23:57:12.376+0000] {processor.py:840} INFO - DAG(s) 'example_setup_teardown' retrieved from /home/airflow/.local/lib/python3.12/site-packages/airflow/example_dags/example_setup_teardown.py
[2024-06-20T23:57:12.393+0000] {logging_mixin.py:188} INFO - [2024-06-20T23:57:12.392+0000] {dag.py:3096} INFO - Sync 1 DAGs
[2024-06-20T23:57:12.408+0000] {logging_mixin.py:188} INFO - [2024-06-20T23:57:12.408+0000] {dag.py:3954} INFO - Setting next_dagrun for example_setup_teardown to 2024-06-19 00:00:00+00:00, run_after=2024-06-20 00:00:00+00:00
[2024-06-20T23:57:12.425+0000] {processor.py:183} INFO - Processing /home/airflow/.local/lib/python3.12/site-packages/airflow/example_dags/example_setup_teardown.py took 0.062 seconds
[2024-06-20T23:57:42.933+0000] {processor.py:161} INFO - Started process (PID=1909) to work on /home/airflow/.local/lib/python3.12/site-packages/airflow/example_dags/example_setup_teardown.py
[2024-06-20T23:57:42.934+0000] {processor.py:830} INFO - Processing file /home/airflow/.local/lib/python3.12/site-packages/airflow/example_dags/example_setup_teardown.py for tasks to queue
[2024-06-20T23:57:42.935+0000] {logging_mixin.py:188} INFO - [2024-06-20T23:57:42.935+0000] {dagbag.py:545} INFO - Filling up the DagBag from /home/airflow/.local/lib/python3.12/site-packages/airflow/example_dags/example_setup_teardown.py
[2024-06-20T23:57:42.941+0000] {processor.py:840} INFO - DAG(s) 'example_setup_teardown' retrieved from /home/airflow/.local/lib/python3.12/site-packages/airflow/example_dags/example_setup_teardown.py
[2024-06-20T23:57:42.957+0000] {logging_mixin.py:188} INFO - [2024-06-20T23:57:42.956+0000] {dag.py:3096} INFO - Sync 1 DAGs
[2024-06-20T23:57:42.973+0000] {logging_mixin.py:188} INFO - [2024-06-20T23:57:42.973+0000] {dag.py:3954} INFO - Setting next_dagrun for example_setup_teardown to 2024-06-19 00:00:00+00:00, run_after=2024-06-20 00:00:00+00:00
[2024-06-20T23:57:42.988+0000] {processor.py:183} INFO - Processing /home/airflow/.local/lib/python3.12/site-packages/airflow/example_dags/example_setup_teardown.py took 0.060 seconds
[2024-06-20T23:58:13.839+0000] {processor.py:161} INFO - Started process (PID=1967) to work on /home/airflow/.local/lib/python3.12/site-packages/airflow/example_dags/example_setup_teardown.py
[2024-06-20T23:58:13.840+0000] {processor.py:830} INFO - Processing file /home/airflow/.local/lib/python3.12/site-packages/airflow/example_dags/example_setup_teardown.py for tasks to queue
[2024-06-20T23:58:13.841+0000] {logging_mixin.py:188} INFO - [2024-06-20T23:58:13.841+0000] {dagbag.py:545} INFO - Filling up the DagBag from /home/airflow/.local/lib/python3.12/site-packages/airflow/example_dags/example_setup_teardown.py
[2024-06-20T23:58:13.846+0000] {processor.py:840} INFO - DAG(s) 'example_setup_teardown' retrieved from /home/airflow/.local/lib/python3.12/site-packages/airflow/example_dags/example_setup_teardown.py
[2024-06-20T23:58:13.982+0000] {logging_mixin.py:188} INFO - [2024-06-20T23:58:13.981+0000] {dag.py:3096} INFO - Sync 1 DAGs
[2024-06-20T23:58:13.996+0000] {logging_mixin.py:188} INFO - [2024-06-20T23:58:13.996+0000] {dag.py:3954} INFO - Setting next_dagrun for example_setup_teardown to 2024-06-19 00:00:00+00:00, run_after=2024-06-20 00:00:00+00:00
[2024-06-20T23:58:14.011+0000] {processor.py:183} INFO - Processing /home/airflow/.local/lib/python3.12/site-packages/airflow/example_dags/example_setup_teardown.py took 0.176 seconds
[2024-06-20T23:58:44.327+0000] {processor.py:161} INFO - Started process (PID=2025) to work on /home/airflow/.local/lib/python3.12/site-packages/airflow/example_dags/example_setup_teardown.py
[2024-06-20T23:58:44.328+0000] {processor.py:830} INFO - Processing file /home/airflow/.local/lib/python3.12/site-packages/airflow/example_dags/example_setup_teardown.py for tasks to queue
[2024-06-20T23:58:44.330+0000] {logging_mixin.py:188} INFO - [2024-06-20T23:58:44.330+0000] {dagbag.py:545} INFO - Filling up the DagBag from /home/airflow/.local/lib/python3.12/site-packages/airflow/example_dags/example_setup_teardown.py
[2024-06-20T23:58:44.335+0000] {processor.py:840} INFO - DAG(s) 'example_setup_teardown' retrieved from /home/airflow/.local/lib/python3.12/site-packages/airflow/example_dags/example_setup_teardown.py
[2024-06-20T23:58:44.352+0000] {logging_mixin.py:188} INFO - [2024-06-20T23:58:44.352+0000] {dag.py:3096} INFO - Sync 1 DAGs
[2024-06-20T23:58:44.504+0000] {logging_mixin.py:188} INFO - [2024-06-20T23:58:44.504+0000] {dag.py:3954} INFO - Setting next_dagrun for example_setup_teardown to 2024-06-19 00:00:00+00:00, run_after=2024-06-20 00:00:00+00:00
[2024-06-20T23:58:44.519+0000] {processor.py:183} INFO - Processing /home/airflow/.local/lib/python3.12/site-packages/airflow/example_dags/example_setup_teardown.py took 0.197 seconds
[2024-06-20T23:59:15.473+0000] {processor.py:161} INFO - Started process (PID=2083) to work on /home/airflow/.local/lib/python3.12/site-packages/airflow/example_dags/example_setup_teardown.py
[2024-06-20T23:59:15.474+0000] {processor.py:830} INFO - Processing file /home/airflow/.local/lib/python3.12/site-packages/airflow/example_dags/example_setup_teardown.py for tasks to queue
[2024-06-20T23:59:15.476+0000] {logging_mixin.py:188} INFO - [2024-06-20T23:59:15.475+0000] {dagbag.py:545} INFO - Filling up the DagBag from /home/airflow/.local/lib/python3.12/site-packages/airflow/example_dags/example_setup_teardown.py
[2024-06-20T23:59:15.481+0000] {processor.py:840} INFO - DAG(s) 'example_setup_teardown' retrieved from /home/airflow/.local/lib/python3.12/site-packages/airflow/example_dags/example_setup_teardown.py
[2024-06-20T23:59:15.498+0000] {logging_mixin.py:188} INFO - [2024-06-20T23:59:15.498+0000] {dag.py:3096} INFO - Sync 1 DAGs
[2024-06-20T23:59:15.516+0000] {logging_mixin.py:188} INFO - [2024-06-20T23:59:15.516+0000] {dag.py:3954} INFO - Setting next_dagrun for example_setup_teardown to 2024-06-19 00:00:00+00:00, run_after=2024-06-20 00:00:00+00:00
[2024-06-20T23:59:15.538+0000] {processor.py:183} INFO - Processing /home/airflow/.local/lib/python3.12/site-packages/airflow/example_dags/example_setup_teardown.py took 0.070 seconds
[2024-06-20T23:59:46.122+0000] {processor.py:161} INFO - Started process (PID=2141) to work on /home/airflow/.local/lib/python3.12/site-packages/airflow/example_dags/example_setup_teardown.py
[2024-06-20T23:59:46.123+0000] {processor.py:830} INFO - Processing file /home/airflow/.local/lib/python3.12/site-packages/airflow/example_dags/example_setup_teardown.py for tasks to queue
[2024-06-20T23:59:46.125+0000] {logging_mixin.py:188} INFO - [2024-06-20T23:59:46.125+0000] {dagbag.py:545} INFO - Filling up the DagBag from /home/airflow/.local/lib/python3.12/site-packages/airflow/example_dags/example_setup_teardown.py
[2024-06-20T23:59:46.131+0000] {processor.py:840} INFO - DAG(s) 'example_setup_teardown' retrieved from /home/airflow/.local/lib/python3.12/site-packages/airflow/example_dags/example_setup_teardown.py
[2024-06-20T23:59:46.149+0000] {logging_mixin.py:188} INFO - [2024-06-20T23:59:46.148+0000] {dag.py:3096} INFO - Sync 1 DAGs
[2024-06-20T23:59:46.167+0000] {logging_mixin.py:188} INFO - [2024-06-20T23:59:46.167+0000] {dag.py:3954} INFO - Setting next_dagrun for example_setup_teardown to 2024-06-19 00:00:00+00:00, run_after=2024-06-20 00:00:00+00:00
[2024-06-20T23:59:46.183+0000] {processor.py:183} INFO - Processing /home/airflow/.local/lib/python3.12/site-packages/airflow/example_dags/example_setup_teardown.py took 0.065 seconds
