[2024-06-20T23:41:00.453+0000] {processor.py:161} INFO - Started process (PID=55) to work on /home/airflow/.local/lib/python3.12/site-packages/airflow/example_dags/example_dag_decorator.py
[2024-06-20T23:41:00.454+0000] {processor.py:830} INFO - Processing file /home/airflow/.local/lib/python3.12/site-packages/airflow/example_dags/example_dag_decorator.py for tasks to queue
[2024-06-20T23:41:00.457+0000] {logging_mixin.py:188} INFO - [2024-06-20T23:41:00.457+0000] {dagbag.py:545} INFO - Filling up the DagBag from /home/airflow/.local/lib/python3.12/site-packages/airflow/example_dags/example_dag_decorator.py
[2024-06-20T23:41:00.798+0000] {processor.py:840} INFO - DAG(s) 'example_dag_decorator' retrieved from /home/airflow/.local/lib/python3.12/site-packages/airflow/example_dags/example_dag_decorator.py
[2024-06-20T23:41:00.811+0000] {logging_mixin.py:188} INFO - [2024-06-20T23:41:00.811+0000] {dag.py:3096} INFO - Sync 1 DAGs
[2024-06-20T23:41:00.824+0000] {logging_mixin.py:188} INFO - [2024-06-20T23:41:00.824+0000] {dag.py:3954} INFO - Setting next_dagrun for example_dag_decorator to None, run_after=None
[2024-06-20T23:41:00.843+0000] {processor.py:183} INFO - Processing /home/airflow/.local/lib/python3.12/site-packages/airflow/example_dags/example_dag_decorator.py took 0.395 seconds
[2024-06-20T23:41:29.123+0000] {processor.py:161} INFO - Started process (PID=55) to work on /home/airflow/.local/lib/python3.12/site-packages/airflow/example_dags/example_dag_decorator.py
[2024-06-20T23:41:29.124+0000] {processor.py:830} INFO - Processing file /home/airflow/.local/lib/python3.12/site-packages/airflow/example_dags/example_dag_decorator.py for tasks to queue
[2024-06-20T23:41:29.126+0000] {logging_mixin.py:188} INFO - [2024-06-20T23:41:29.126+0000] {dagbag.py:545} INFO - Filling up the DagBag from /home/airflow/.local/lib/python3.12/site-packages/airflow/example_dags/example_dag_decorator.py
[2024-06-20T23:41:29.213+0000] {processor.py:840} INFO - DAG(s) 'example_dag_decorator' retrieved from /home/airflow/.local/lib/python3.12/site-packages/airflow/example_dags/example_dag_decorator.py
[2024-06-20T23:41:29.310+0000] {logging_mixin.py:188} INFO - [2024-06-20T23:41:29.309+0000] {dag.py:3096} INFO - Sync 1 DAGs
[2024-06-20T23:41:29.320+0000] {logging_mixin.py:188} INFO - [2024-06-20T23:41:29.319+0000] {dag.py:3954} INFO - Setting next_dagrun for example_dag_decorator to None, run_after=None
[2024-06-20T23:41:29.336+0000] {processor.py:183} INFO - Processing /home/airflow/.local/lib/python3.12/site-packages/airflow/example_dags/example_dag_decorator.py took 0.218 seconds
[2024-06-20T23:41:59.371+0000] {processor.py:161} INFO - Started process (PID=113) to work on /home/airflow/.local/lib/python3.12/site-packages/airflow/example_dags/example_dag_decorator.py
[2024-06-20T23:41:59.372+0000] {processor.py:830} INFO - Processing file /home/airflow/.local/lib/python3.12/site-packages/airflow/example_dags/example_dag_decorator.py for tasks to queue
[2024-06-20T23:41:59.374+0000] {logging_mixin.py:188} INFO - [2024-06-20T23:41:59.374+0000] {dagbag.py:545} INFO - Filling up the DagBag from /home/airflow/.local/lib/python3.12/site-packages/airflow/example_dags/example_dag_decorator.py
[2024-06-20T23:41:59.461+0000] {processor.py:840} INFO - DAG(s) 'example_dag_decorator' retrieved from /home/airflow/.local/lib/python3.12/site-packages/airflow/example_dags/example_dag_decorator.py
[2024-06-20T23:41:59.545+0000] {logging_mixin.py:188} INFO - [2024-06-20T23:41:59.545+0000] {dag.py:3096} INFO - Sync 1 DAGs
[2024-06-20T23:41:59.554+0000] {logging_mixin.py:188} INFO - [2024-06-20T23:41:59.553+0000] {dag.py:3954} INFO - Setting next_dagrun for example_dag_decorator to None, run_after=None
[2024-06-20T23:41:59.569+0000] {processor.py:183} INFO - Processing /home/airflow/.local/lib/python3.12/site-packages/airflow/example_dags/example_dag_decorator.py took 0.202 seconds
[2024-06-20T23:42:29.886+0000] {processor.py:161} INFO - Started process (PID=171) to work on /home/airflow/.local/lib/python3.12/site-packages/airflow/example_dags/example_dag_decorator.py
[2024-06-20T23:42:29.887+0000] {processor.py:830} INFO - Processing file /home/airflow/.local/lib/python3.12/site-packages/airflow/example_dags/example_dag_decorator.py for tasks to queue
[2024-06-20T23:42:29.888+0000] {logging_mixin.py:188} INFO - [2024-06-20T23:42:29.888+0000] {dagbag.py:545} INFO - Filling up the DagBag from /home/airflow/.local/lib/python3.12/site-packages/airflow/example_dags/example_dag_decorator.py
[2024-06-20T23:42:29.969+0000] {processor.py:840} INFO - DAG(s) 'example_dag_decorator' retrieved from /home/airflow/.local/lib/python3.12/site-packages/airflow/example_dags/example_dag_decorator.py
[2024-06-20T23:42:30.047+0000] {logging_mixin.py:188} INFO - [2024-06-20T23:42:30.046+0000] {dag.py:3096} INFO - Sync 1 DAGs
[2024-06-20T23:42:30.055+0000] {logging_mixin.py:188} INFO - [2024-06-20T23:42:30.055+0000] {dag.py:3954} INFO - Setting next_dagrun for example_dag_decorator to None, run_after=None
[2024-06-20T23:42:30.071+0000] {processor.py:183} INFO - Processing /home/airflow/.local/lib/python3.12/site-packages/airflow/example_dags/example_dag_decorator.py took 0.190 seconds
[2024-06-20T23:43:00.156+0000] {processor.py:161} INFO - Started process (PID=229) to work on /home/airflow/.local/lib/python3.12/site-packages/airflow/example_dags/example_dag_decorator.py
[2024-06-20T23:43:00.158+0000] {processor.py:830} INFO - Processing file /home/airflow/.local/lib/python3.12/site-packages/airflow/example_dags/example_dag_decorator.py for tasks to queue
[2024-06-20T23:43:00.159+0000] {logging_mixin.py:188} INFO - [2024-06-20T23:43:00.159+0000] {dagbag.py:545} INFO - Filling up the DagBag from /home/airflow/.local/lib/python3.12/site-packages/airflow/example_dags/example_dag_decorator.py
[2024-06-20T23:43:00.256+0000] {processor.py:840} INFO - DAG(s) 'example_dag_decorator' retrieved from /home/airflow/.local/lib/python3.12/site-packages/airflow/example_dags/example_dag_decorator.py
[2024-06-20T23:43:00.355+0000] {logging_mixin.py:188} INFO - [2024-06-20T23:43:00.355+0000] {dag.py:3096} INFO - Sync 1 DAGs
[2024-06-20T23:43:00.366+0000] {logging_mixin.py:188} INFO - [2024-06-20T23:43:00.365+0000] {dag.py:3954} INFO - Setting next_dagrun for example_dag_decorator to None, run_after=None
[2024-06-20T23:43:00.384+0000] {processor.py:183} INFO - Processing /home/airflow/.local/lib/python3.12/site-packages/airflow/example_dags/example_dag_decorator.py took 0.233 seconds
[2024-06-20T23:43:30.555+0000] {processor.py:161} INFO - Started process (PID=289) to work on /home/airflow/.local/lib/python3.12/site-packages/airflow/example_dags/example_dag_decorator.py
[2024-06-20T23:43:30.557+0000] {processor.py:830} INFO - Processing file /home/airflow/.local/lib/python3.12/site-packages/airflow/example_dags/example_dag_decorator.py for tasks to queue
[2024-06-20T23:43:30.559+0000] {logging_mixin.py:188} INFO - [2024-06-20T23:43:30.558+0000] {dagbag.py:545} INFO - Filling up the DagBag from /home/airflow/.local/lib/python3.12/site-packages/airflow/example_dags/example_dag_decorator.py
[2024-06-20T23:43:30.651+0000] {processor.py:840} INFO - DAG(s) 'example_dag_decorator' retrieved from /home/airflow/.local/lib/python3.12/site-packages/airflow/example_dags/example_dag_decorator.py
[2024-06-20T23:43:30.735+0000] {logging_mixin.py:188} INFO - [2024-06-20T23:43:30.735+0000] {dag.py:3096} INFO - Sync 1 DAGs
[2024-06-20T23:43:30.744+0000] {logging_mixin.py:188} INFO - [2024-06-20T23:43:30.744+0000] {dag.py:3954} INFO - Setting next_dagrun for example_dag_decorator to None, run_after=None
[2024-06-20T23:43:30.760+0000] {processor.py:183} INFO - Processing /home/airflow/.local/lib/python3.12/site-packages/airflow/example_dags/example_dag_decorator.py took 0.209 seconds
[2024-06-20T23:44:00.969+0000] {processor.py:161} INFO - Started process (PID=345) to work on /home/airflow/.local/lib/python3.12/site-packages/airflow/example_dags/example_dag_decorator.py
[2024-06-20T23:44:00.970+0000] {processor.py:830} INFO - Processing file /home/airflow/.local/lib/python3.12/site-packages/airflow/example_dags/example_dag_decorator.py for tasks to queue
[2024-06-20T23:44:00.972+0000] {logging_mixin.py:188} INFO - [2024-06-20T23:44:00.972+0000] {dagbag.py:545} INFO - Filling up the DagBag from /home/airflow/.local/lib/python3.12/site-packages/airflow/example_dags/example_dag_decorator.py
[2024-06-20T23:44:01.061+0000] {processor.py:840} INFO - DAG(s) 'example_dag_decorator' retrieved from /home/airflow/.local/lib/python3.12/site-packages/airflow/example_dags/example_dag_decorator.py
[2024-06-20T23:44:01.141+0000] {logging_mixin.py:188} INFO - [2024-06-20T23:44:01.141+0000] {dag.py:3096} INFO - Sync 1 DAGs
[2024-06-20T23:44:01.150+0000] {logging_mixin.py:188} INFO - [2024-06-20T23:44:01.150+0000] {dag.py:3954} INFO - Setting next_dagrun for example_dag_decorator to None, run_after=None
[2024-06-20T23:44:01.166+0000] {processor.py:183} INFO - Processing /home/airflow/.local/lib/python3.12/site-packages/airflow/example_dags/example_dag_decorator.py took 0.202 seconds
[2024-06-20T23:44:31.519+0000] {processor.py:161} INFO - Started process (PID=403) to work on /home/airflow/.local/lib/python3.12/site-packages/airflow/example_dags/example_dag_decorator.py
[2024-06-20T23:44:31.520+0000] {processor.py:830} INFO - Processing file /home/airflow/.local/lib/python3.12/site-packages/airflow/example_dags/example_dag_decorator.py for tasks to queue
[2024-06-20T23:44:31.521+0000] {logging_mixin.py:188} INFO - [2024-06-20T23:44:31.521+0000] {dagbag.py:545} INFO - Filling up the DagBag from /home/airflow/.local/lib/python3.12/site-packages/airflow/example_dags/example_dag_decorator.py
[2024-06-20T23:44:31.602+0000] {processor.py:840} INFO - DAG(s) 'example_dag_decorator' retrieved from /home/airflow/.local/lib/python3.12/site-packages/airflow/example_dags/example_dag_decorator.py
[2024-06-20T23:44:31.680+0000] {logging_mixin.py:188} INFO - [2024-06-20T23:44:31.680+0000] {dag.py:3096} INFO - Sync 1 DAGs
[2024-06-20T23:44:31.689+0000] {logging_mixin.py:188} INFO - [2024-06-20T23:44:31.688+0000] {dag.py:3954} INFO - Setting next_dagrun for example_dag_decorator to None, run_after=None
[2024-06-20T23:44:31.705+0000] {processor.py:183} INFO - Processing /home/airflow/.local/lib/python3.12/site-packages/airflow/example_dags/example_dag_decorator.py took 0.190 seconds
[2024-06-20T23:45:02.184+0000] {processor.py:161} INFO - Started process (PID=461) to work on /home/airflow/.local/lib/python3.12/site-packages/airflow/example_dags/example_dag_decorator.py
[2024-06-20T23:45:02.185+0000] {processor.py:830} INFO - Processing file /home/airflow/.local/lib/python3.12/site-packages/airflow/example_dags/example_dag_decorator.py for tasks to queue
[2024-06-20T23:45:02.186+0000] {logging_mixin.py:188} INFO - [2024-06-20T23:45:02.186+0000] {dagbag.py:545} INFO - Filling up the DagBag from /home/airflow/.local/lib/python3.12/site-packages/airflow/example_dags/example_dag_decorator.py
[2024-06-20T23:45:02.273+0000] {processor.py:840} INFO - DAG(s) 'example_dag_decorator' retrieved from /home/airflow/.local/lib/python3.12/site-packages/airflow/example_dags/example_dag_decorator.py
[2024-06-20T23:45:02.294+0000] {logging_mixin.py:188} INFO - [2024-06-20T23:45:02.293+0000] {dag.py:3096} INFO - Sync 1 DAGs
[2024-06-20T23:45:02.306+0000] {logging_mixin.py:188} INFO - [2024-06-20T23:45:02.305+0000] {dag.py:3954} INFO - Setting next_dagrun for example_dag_decorator to None, run_after=None
[2024-06-20T23:45:02.324+0000] {processor.py:183} INFO - Processing /home/airflow/.local/lib/python3.12/site-packages/airflow/example_dags/example_dag_decorator.py took 0.145 seconds
[2024-06-20T23:45:32.759+0000] {processor.py:161} INFO - Started process (PID=519) to work on /home/airflow/.local/lib/python3.12/site-packages/airflow/example_dags/example_dag_decorator.py
[2024-06-20T23:45:32.759+0000] {processor.py:830} INFO - Processing file /home/airflow/.local/lib/python3.12/site-packages/airflow/example_dags/example_dag_decorator.py for tasks to queue
[2024-06-20T23:45:32.761+0000] {logging_mixin.py:188} INFO - [2024-06-20T23:45:32.761+0000] {dagbag.py:545} INFO - Filling up the DagBag from /home/airflow/.local/lib/python3.12/site-packages/airflow/example_dags/example_dag_decorator.py
[2024-06-20T23:45:32.848+0000] {processor.py:840} INFO - DAG(s) 'example_dag_decorator' retrieved from /home/airflow/.local/lib/python3.12/site-packages/airflow/example_dags/example_dag_decorator.py
[2024-06-20T23:45:32.952+0000] {logging_mixin.py:188} INFO - [2024-06-20T23:45:32.952+0000] {dag.py:3096} INFO - Sync 1 DAGs
[2024-06-20T23:45:32.962+0000] {logging_mixin.py:188} INFO - [2024-06-20T23:45:32.962+0000] {dag.py:3954} INFO - Setting next_dagrun for example_dag_decorator to None, run_after=None
[2024-06-20T23:45:32.981+0000] {processor.py:183} INFO - Processing /home/airflow/.local/lib/python3.12/site-packages/airflow/example_dags/example_dag_decorator.py took 0.227 seconds
[2024-06-20T23:46:03.780+0000] {processor.py:161} INFO - Started process (PID=577) to work on /home/airflow/.local/lib/python3.12/site-packages/airflow/example_dags/example_dag_decorator.py
[2024-06-20T23:46:03.781+0000] {processor.py:830} INFO - Processing file /home/airflow/.local/lib/python3.12/site-packages/airflow/example_dags/example_dag_decorator.py for tasks to queue
[2024-06-20T23:46:03.783+0000] {logging_mixin.py:188} INFO - [2024-06-20T23:46:03.783+0000] {dagbag.py:545} INFO - Filling up the DagBag from /home/airflow/.local/lib/python3.12/site-packages/airflow/example_dags/example_dag_decorator.py
[2024-06-20T23:46:03.875+0000] {processor.py:840} INFO - DAG(s) 'example_dag_decorator' retrieved from /home/airflow/.local/lib/python3.12/site-packages/airflow/example_dags/example_dag_decorator.py
[2024-06-20T23:46:03.972+0000] {logging_mixin.py:188} INFO - [2024-06-20T23:46:03.972+0000] {dag.py:3096} INFO - Sync 1 DAGs
[2024-06-20T23:46:03.982+0000] {logging_mixin.py:188} INFO - [2024-06-20T23:46:03.981+0000] {dag.py:3954} INFO - Setting next_dagrun for example_dag_decorator to None, run_after=None
[2024-06-20T23:46:04.001+0000] {processor.py:183} INFO - Processing /home/airflow/.local/lib/python3.12/site-packages/airflow/example_dags/example_dag_decorator.py took 0.226 seconds
[2024-06-20T23:46:34.395+0000] {processor.py:161} INFO - Started process (PID=635) to work on /home/airflow/.local/lib/python3.12/site-packages/airflow/example_dags/example_dag_decorator.py
[2024-06-20T23:46:34.396+0000] {processor.py:830} INFO - Processing file /home/airflow/.local/lib/python3.12/site-packages/airflow/example_dags/example_dag_decorator.py for tasks to queue
[2024-06-20T23:46:34.397+0000] {logging_mixin.py:188} INFO - [2024-06-20T23:46:34.397+0000] {dagbag.py:545} INFO - Filling up the DagBag from /home/airflow/.local/lib/python3.12/site-packages/airflow/example_dags/example_dag_decorator.py
[2024-06-20T23:46:34.480+0000] {processor.py:840} INFO - DAG(s) 'example_dag_decorator' retrieved from /home/airflow/.local/lib/python3.12/site-packages/airflow/example_dags/example_dag_decorator.py
[2024-06-20T23:46:34.556+0000] {logging_mixin.py:188} INFO - [2024-06-20T23:46:34.556+0000] {dag.py:3096} INFO - Sync 1 DAGs
[2024-06-20T23:46:34.564+0000] {logging_mixin.py:188} INFO - [2024-06-20T23:46:34.564+0000] {dag.py:3954} INFO - Setting next_dagrun for example_dag_decorator to None, run_after=None
[2024-06-20T23:46:34.691+0000] {processor.py:183} INFO - Processing /home/airflow/.local/lib/python3.12/site-packages/airflow/example_dags/example_dag_decorator.py took 0.300 seconds
[2024-06-20T23:47:04.932+0000] {processor.py:161} INFO - Started process (PID=693) to work on /home/airflow/.local/lib/python3.12/site-packages/airflow/example_dags/example_dag_decorator.py
[2024-06-20T23:47:04.933+0000] {processor.py:830} INFO - Processing file /home/airflow/.local/lib/python3.12/site-packages/airflow/example_dags/example_dag_decorator.py for tasks to queue
[2024-06-20T23:47:04.934+0000] {logging_mixin.py:188} INFO - [2024-06-20T23:47:04.934+0000] {dagbag.py:545} INFO - Filling up the DagBag from /home/airflow/.local/lib/python3.12/site-packages/airflow/example_dags/example_dag_decorator.py
[2024-06-20T23:47:05.016+0000] {processor.py:840} INFO - DAG(s) 'example_dag_decorator' retrieved from /home/airflow/.local/lib/python3.12/site-packages/airflow/example_dags/example_dag_decorator.py
[2024-06-20T23:47:05.093+0000] {logging_mixin.py:188} INFO - [2024-06-20T23:47:05.093+0000] {dag.py:3096} INFO - Sync 1 DAGs
[2024-06-20T23:47:05.101+0000] {logging_mixin.py:188} INFO - [2024-06-20T23:47:05.101+0000] {dag.py:3954} INFO - Setting next_dagrun for example_dag_decorator to None, run_after=None
[2024-06-20T23:47:05.117+0000] {processor.py:183} INFO - Processing /home/airflow/.local/lib/python3.12/site-packages/airflow/example_dags/example_dag_decorator.py took 0.189 seconds
[2024-06-20T23:47:35.403+0000] {processor.py:161} INFO - Started process (PID=751) to work on /home/airflow/.local/lib/python3.12/site-packages/airflow/example_dags/example_dag_decorator.py
[2024-06-20T23:47:35.404+0000] {processor.py:830} INFO - Processing file /home/airflow/.local/lib/python3.12/site-packages/airflow/example_dags/example_dag_decorator.py for tasks to queue
[2024-06-20T23:47:35.406+0000] {logging_mixin.py:188} INFO - [2024-06-20T23:47:35.405+0000] {dagbag.py:545} INFO - Filling up the DagBag from /home/airflow/.local/lib/python3.12/site-packages/airflow/example_dags/example_dag_decorator.py
[2024-06-20T23:47:35.491+0000] {processor.py:840} INFO - DAG(s) 'example_dag_decorator' retrieved from /home/airflow/.local/lib/python3.12/site-packages/airflow/example_dags/example_dag_decorator.py
[2024-06-20T23:47:35.573+0000] {logging_mixin.py:188} INFO - [2024-06-20T23:47:35.573+0000] {dag.py:3096} INFO - Sync 1 DAGs
[2024-06-20T23:47:35.581+0000] {logging_mixin.py:188} INFO - [2024-06-20T23:47:35.581+0000] {dag.py:3954} INFO - Setting next_dagrun for example_dag_decorator to None, run_after=None
[2024-06-20T23:47:35.598+0000] {processor.py:183} INFO - Processing /home/airflow/.local/lib/python3.12/site-packages/airflow/example_dags/example_dag_decorator.py took 0.199 seconds
[2024-06-20T23:48:06.063+0000] {processor.py:161} INFO - Started process (PID=809) to work on /home/airflow/.local/lib/python3.12/site-packages/airflow/example_dags/example_dag_decorator.py
[2024-06-20T23:48:06.064+0000] {processor.py:830} INFO - Processing file /home/airflow/.local/lib/python3.12/site-packages/airflow/example_dags/example_dag_decorator.py for tasks to queue
[2024-06-20T23:48:06.066+0000] {logging_mixin.py:188} INFO - [2024-06-20T23:48:06.065+0000] {dagbag.py:545} INFO - Filling up the DagBag from /home/airflow/.local/lib/python3.12/site-packages/airflow/example_dags/example_dag_decorator.py
[2024-06-20T23:48:06.149+0000] {processor.py:840} INFO - DAG(s) 'example_dag_decorator' retrieved from /home/airflow/.local/lib/python3.12/site-packages/airflow/example_dags/example_dag_decorator.py
[2024-06-20T23:48:06.229+0000] {logging_mixin.py:188} INFO - [2024-06-20T23:48:06.229+0000] {dag.py:3096} INFO - Sync 1 DAGs
[2024-06-20T23:48:06.238+0000] {logging_mixin.py:188} INFO - [2024-06-20T23:48:06.238+0000] {dag.py:3954} INFO - Setting next_dagrun for example_dag_decorator to None, run_after=None
[2024-06-20T23:48:06.253+0000] {processor.py:183} INFO - Processing /home/airflow/.local/lib/python3.12/site-packages/airflow/example_dags/example_dag_decorator.py took 0.194 seconds
[2024-06-20T23:48:36.558+0000] {processor.py:161} INFO - Started process (PID=867) to work on /home/airflow/.local/lib/python3.12/site-packages/airflow/example_dags/example_dag_decorator.py
[2024-06-20T23:48:36.559+0000] {processor.py:830} INFO - Processing file /home/airflow/.local/lib/python3.12/site-packages/airflow/example_dags/example_dag_decorator.py for tasks to queue
[2024-06-20T23:48:36.560+0000] {logging_mixin.py:188} INFO - [2024-06-20T23:48:36.560+0000] {dagbag.py:545} INFO - Filling up the DagBag from /home/airflow/.local/lib/python3.12/site-packages/airflow/example_dags/example_dag_decorator.py
[2024-06-20T23:48:36.641+0000] {processor.py:840} INFO - DAG(s) 'example_dag_decorator' retrieved from /home/airflow/.local/lib/python3.12/site-packages/airflow/example_dags/example_dag_decorator.py
[2024-06-20T23:48:36.842+0000] {logging_mixin.py:188} INFO - [2024-06-20T23:48:36.842+0000] {dag.py:3096} INFO - Sync 1 DAGs
[2024-06-20T23:48:36.850+0000] {logging_mixin.py:188} INFO - [2024-06-20T23:48:36.849+0000] {dag.py:3954} INFO - Setting next_dagrun for example_dag_decorator to None, run_after=None
[2024-06-20T23:48:36.867+0000] {processor.py:183} INFO - Processing /home/airflow/.local/lib/python3.12/site-packages/airflow/example_dags/example_dag_decorator.py took 0.314 seconds
[2024-06-20T23:49:07.220+0000] {processor.py:161} INFO - Started process (PID=927) to work on /home/airflow/.local/lib/python3.12/site-packages/airflow/example_dags/example_dag_decorator.py
[2024-06-20T23:49:07.221+0000] {processor.py:830} INFO - Processing file /home/airflow/.local/lib/python3.12/site-packages/airflow/example_dags/example_dag_decorator.py for tasks to queue
[2024-06-20T23:49:07.222+0000] {logging_mixin.py:188} INFO - [2024-06-20T23:49:07.222+0000] {dagbag.py:545} INFO - Filling up the DagBag from /home/airflow/.local/lib/python3.12/site-packages/airflow/example_dags/example_dag_decorator.py
[2024-06-20T23:49:07.306+0000] {processor.py:840} INFO - DAG(s) 'example_dag_decorator' retrieved from /home/airflow/.local/lib/python3.12/site-packages/airflow/example_dags/example_dag_decorator.py
[2024-06-20T23:49:07.511+0000] {logging_mixin.py:188} INFO - [2024-06-20T23:49:07.511+0000] {dag.py:3096} INFO - Sync 1 DAGs
[2024-06-20T23:49:07.519+0000] {logging_mixin.py:188} INFO - [2024-06-20T23:49:07.519+0000] {dag.py:3954} INFO - Setting next_dagrun for example_dag_decorator to None, run_after=None
[2024-06-20T23:49:07.534+0000] {processor.py:183} INFO - Processing /home/airflow/.local/lib/python3.12/site-packages/airflow/example_dags/example_dag_decorator.py took 0.319 seconds
[2024-06-20T23:49:37.747+0000] {processor.py:161} INFO - Started process (PID=983) to work on /home/airflow/.local/lib/python3.12/site-packages/airflow/example_dags/example_dag_decorator.py
[2024-06-20T23:49:37.748+0000] {processor.py:830} INFO - Processing file /home/airflow/.local/lib/python3.12/site-packages/airflow/example_dags/example_dag_decorator.py for tasks to queue
[2024-06-20T23:49:37.749+0000] {logging_mixin.py:188} INFO - [2024-06-20T23:49:37.749+0000] {dagbag.py:545} INFO - Filling up the DagBag from /home/airflow/.local/lib/python3.12/site-packages/airflow/example_dags/example_dag_decorator.py
[2024-06-20T23:49:37.835+0000] {processor.py:840} INFO - DAG(s) 'example_dag_decorator' retrieved from /home/airflow/.local/lib/python3.12/site-packages/airflow/example_dags/example_dag_decorator.py
[2024-06-20T23:49:37.914+0000] {logging_mixin.py:188} INFO - [2024-06-20T23:49:37.914+0000] {dag.py:3096} INFO - Sync 1 DAGs
[2024-06-20T23:49:38.060+0000] {logging_mixin.py:188} INFO - [2024-06-20T23:49:38.059+0000] {dag.py:3954} INFO - Setting next_dagrun for example_dag_decorator to None, run_after=None
[2024-06-20T23:49:38.075+0000] {processor.py:183} INFO - Processing /home/airflow/.local/lib/python3.12/site-packages/airflow/example_dags/example_dag_decorator.py took 0.333 seconds
[2024-06-20T23:50:08.374+0000] {processor.py:161} INFO - Started process (PID=1041) to work on /home/airflow/.local/lib/python3.12/site-packages/airflow/example_dags/example_dag_decorator.py
[2024-06-20T23:50:08.375+0000] {processor.py:830} INFO - Processing file /home/airflow/.local/lib/python3.12/site-packages/airflow/example_dags/example_dag_decorator.py for tasks to queue
[2024-06-20T23:50:08.377+0000] {logging_mixin.py:188} INFO - [2024-06-20T23:50:08.376+0000] {dagbag.py:545} INFO - Filling up the DagBag from /home/airflow/.local/lib/python3.12/site-packages/airflow/example_dags/example_dag_decorator.py
[2024-06-20T23:50:08.464+0000] {processor.py:840} INFO - DAG(s) 'example_dag_decorator' retrieved from /home/airflow/.local/lib/python3.12/site-packages/airflow/example_dags/example_dag_decorator.py
[2024-06-20T23:50:08.552+0000] {logging_mixin.py:188} INFO - [2024-06-20T23:50:08.551+0000] {dag.py:3096} INFO - Sync 1 DAGs
[2024-06-20T23:50:08.561+0000] {logging_mixin.py:188} INFO - [2024-06-20T23:50:08.561+0000] {dag.py:3954} INFO - Setting next_dagrun for example_dag_decorator to None, run_after=None
[2024-06-20T23:50:08.704+0000] {processor.py:183} INFO - Processing /home/airflow/.local/lib/python3.12/site-packages/airflow/example_dags/example_dag_decorator.py took 0.334 seconds
[2024-06-20T23:50:39.070+0000] {processor.py:161} INFO - Started process (PID=1099) to work on /home/airflow/.local/lib/python3.12/site-packages/airflow/example_dags/example_dag_decorator.py
[2024-06-20T23:50:39.071+0000] {processor.py:830} INFO - Processing file /home/airflow/.local/lib/python3.12/site-packages/airflow/example_dags/example_dag_decorator.py for tasks to queue
[2024-06-20T23:50:39.072+0000] {logging_mixin.py:188} INFO - [2024-06-20T23:50:39.072+0000] {dagbag.py:545} INFO - Filling up the DagBag from /home/airflow/.local/lib/python3.12/site-packages/airflow/example_dags/example_dag_decorator.py
[2024-06-20T23:50:39.164+0000] {processor.py:840} INFO - DAG(s) 'example_dag_decorator' retrieved from /home/airflow/.local/lib/python3.12/site-packages/airflow/example_dags/example_dag_decorator.py
[2024-06-20T23:50:39.378+0000] {logging_mixin.py:188} INFO - [2024-06-20T23:50:39.378+0000] {dag.py:3096} INFO - Sync 1 DAGs
[2024-06-20T23:50:39.386+0000] {logging_mixin.py:188} INFO - [2024-06-20T23:50:39.386+0000] {dag.py:3954} INFO - Setting next_dagrun for example_dag_decorator to None, run_after=None
[2024-06-20T23:50:39.403+0000] {processor.py:183} INFO - Processing /home/airflow/.local/lib/python3.12/site-packages/airflow/example_dags/example_dag_decorator.py took 0.337 seconds
[2024-06-20T23:51:09.450+0000] {processor.py:161} INFO - Started process (PID=1159) to work on /home/airflow/.local/lib/python3.12/site-packages/airflow/example_dags/example_dag_decorator.py
[2024-06-20T23:51:09.451+0000] {processor.py:830} INFO - Processing file /home/airflow/.local/lib/python3.12/site-packages/airflow/example_dags/example_dag_decorator.py for tasks to queue
[2024-06-20T23:51:09.453+0000] {logging_mixin.py:188} INFO - [2024-06-20T23:51:09.453+0000] {dagbag.py:545} INFO - Filling up the DagBag from /home/airflow/.local/lib/python3.12/site-packages/airflow/example_dags/example_dag_decorator.py
[2024-06-20T23:51:09.536+0000] {processor.py:840} INFO - DAG(s) 'example_dag_decorator' retrieved from /home/airflow/.local/lib/python3.12/site-packages/airflow/example_dags/example_dag_decorator.py
[2024-06-20T23:51:09.734+0000] {logging_mixin.py:188} INFO - [2024-06-20T23:51:09.733+0000] {dag.py:3096} INFO - Sync 1 DAGs
[2024-06-20T23:51:09.741+0000] {logging_mixin.py:188} INFO - [2024-06-20T23:51:09.741+0000] {dag.py:3954} INFO - Setting next_dagrun for example_dag_decorator to None, run_after=None
[2024-06-20T23:51:09.756+0000] {processor.py:183} INFO - Processing /home/airflow/.local/lib/python3.12/site-packages/airflow/example_dags/example_dag_decorator.py took 0.311 seconds
[2024-06-20T23:51:39.869+0000] {processor.py:161} INFO - Started process (PID=1220) to work on /home/airflow/.local/lib/python3.12/site-packages/airflow/example_dags/example_dag_decorator.py
[2024-06-20T23:51:39.870+0000] {processor.py:830} INFO - Processing file /home/airflow/.local/lib/python3.12/site-packages/airflow/example_dags/example_dag_decorator.py for tasks to queue
[2024-06-20T23:51:39.872+0000] {logging_mixin.py:188} INFO - [2024-06-20T23:51:39.872+0000] {dagbag.py:545} INFO - Filling up the DagBag from /home/airflow/.local/lib/python3.12/site-packages/airflow/example_dags/example_dag_decorator.py
[2024-06-20T23:51:39.974+0000] {processor.py:840} INFO - DAG(s) 'example_dag_decorator' retrieved from /home/airflow/.local/lib/python3.12/site-packages/airflow/example_dags/example_dag_decorator.py
[2024-06-20T23:51:40.239+0000] {logging_mixin.py:188} INFO - [2024-06-20T23:51:40.239+0000] {dag.py:3096} INFO - Sync 1 DAGs
[2024-06-20T23:51:40.248+0000] {logging_mixin.py:188} INFO - [2024-06-20T23:51:40.248+0000] {dag.py:3954} INFO - Setting next_dagrun for example_dag_decorator to None, run_after=None
[2024-06-20T23:51:40.264+0000] {processor.py:183} INFO - Processing /home/airflow/.local/lib/python3.12/site-packages/airflow/example_dags/example_dag_decorator.py took 0.402 seconds
[2024-06-20T23:52:10.996+0000] {processor.py:161} INFO - Started process (PID=1279) to work on /home/airflow/.local/lib/python3.12/site-packages/airflow/example_dags/example_dag_decorator.py
[2024-06-20T23:52:10.997+0000] {processor.py:830} INFO - Processing file /home/airflow/.local/lib/python3.12/site-packages/airflow/example_dags/example_dag_decorator.py for tasks to queue
[2024-06-20T23:52:10.999+0000] {logging_mixin.py:188} INFO - [2024-06-20T23:52:10.999+0000] {dagbag.py:545} INFO - Filling up the DagBag from /home/airflow/.local/lib/python3.12/site-packages/airflow/example_dags/example_dag_decorator.py
[2024-06-20T23:52:11.085+0000] {processor.py:840} INFO - DAG(s) 'example_dag_decorator' retrieved from /home/airflow/.local/lib/python3.12/site-packages/airflow/example_dags/example_dag_decorator.py
[2024-06-20T23:52:11.314+0000] {logging_mixin.py:188} INFO - [2024-06-20T23:52:11.313+0000] {dag.py:3096} INFO - Sync 1 DAGs
[2024-06-20T23:52:11.322+0000] {logging_mixin.py:188} INFO - [2024-06-20T23:52:11.321+0000] {dag.py:3954} INFO - Setting next_dagrun for example_dag_decorator to None, run_after=None
[2024-06-20T23:52:11.337+0000] {processor.py:183} INFO - Processing /home/airflow/.local/lib/python3.12/site-packages/airflow/example_dags/example_dag_decorator.py took 0.346 seconds
[2024-06-20T23:52:41.513+0000] {processor.py:161} INFO - Started process (PID=1337) to work on /home/airflow/.local/lib/python3.12/site-packages/airflow/example_dags/example_dag_decorator.py
[2024-06-20T23:52:41.513+0000] {processor.py:830} INFO - Processing file /home/airflow/.local/lib/python3.12/site-packages/airflow/example_dags/example_dag_decorator.py for tasks to queue
[2024-06-20T23:52:41.516+0000] {logging_mixin.py:188} INFO - [2024-06-20T23:52:41.515+0000] {dagbag.py:545} INFO - Filling up the DagBag from /home/airflow/.local/lib/python3.12/site-packages/airflow/example_dags/example_dag_decorator.py
[2024-06-20T23:52:41.598+0000] {processor.py:840} INFO - DAG(s) 'example_dag_decorator' retrieved from /home/airflow/.local/lib/python3.12/site-packages/airflow/example_dags/example_dag_decorator.py
[2024-06-20T23:52:41.790+0000] {logging_mixin.py:188} INFO - [2024-06-20T23:52:41.790+0000] {dag.py:3096} INFO - Sync 1 DAGs
[2024-06-20T23:52:41.798+0000] {logging_mixin.py:188} INFO - [2024-06-20T23:52:41.797+0000] {dag.py:3954} INFO - Setting next_dagrun for example_dag_decorator to None, run_after=None
[2024-06-20T23:52:41.812+0000] {processor.py:183} INFO - Processing /home/airflow/.local/lib/python3.12/site-packages/airflow/example_dags/example_dag_decorator.py took 0.304 seconds
[2024-06-20T23:53:11.888+0000] {processor.py:161} INFO - Started process (PID=1398) to work on /home/airflow/.local/lib/python3.12/site-packages/airflow/example_dags/example_dag_decorator.py
[2024-06-20T23:53:11.888+0000] {processor.py:830} INFO - Processing file /home/airflow/.local/lib/python3.12/site-packages/airflow/example_dags/example_dag_decorator.py for tasks to queue
[2024-06-20T23:53:11.890+0000] {logging_mixin.py:188} INFO - [2024-06-20T23:53:11.890+0000] {dagbag.py:545} INFO - Filling up the DagBag from /home/airflow/.local/lib/python3.12/site-packages/airflow/example_dags/example_dag_decorator.py
[2024-06-20T23:53:11.972+0000] {processor.py:840} INFO - DAG(s) 'example_dag_decorator' retrieved from /home/airflow/.local/lib/python3.12/site-packages/airflow/example_dags/example_dag_decorator.py
[2024-06-20T23:53:12.166+0000] {logging_mixin.py:188} INFO - [2024-06-20T23:53:12.165+0000] {dag.py:3096} INFO - Sync 1 DAGs
[2024-06-20T23:53:12.173+0000] {logging_mixin.py:188} INFO - [2024-06-20T23:53:12.173+0000] {dag.py:3954} INFO - Setting next_dagrun for example_dag_decorator to None, run_after=None
[2024-06-20T23:53:12.187+0000] {processor.py:183} INFO - Processing /home/airflow/.local/lib/python3.12/site-packages/airflow/example_dags/example_dag_decorator.py took 0.303 seconds
[2024-06-20T23:53:42.232+0000] {processor.py:161} INFO - Started process (PID=1459) to work on /home/airflow/.local/lib/python3.12/site-packages/airflow/example_dags/example_dag_decorator.py
[2024-06-20T23:53:42.233+0000] {processor.py:830} INFO - Processing file /home/airflow/.local/lib/python3.12/site-packages/airflow/example_dags/example_dag_decorator.py for tasks to queue
[2024-06-20T23:53:42.235+0000] {logging_mixin.py:188} INFO - [2024-06-20T23:53:42.234+0000] {dagbag.py:545} INFO - Filling up the DagBag from /home/airflow/.local/lib/python3.12/site-packages/airflow/example_dags/example_dag_decorator.py
[2024-06-20T23:53:42.470+0000] {processor.py:840} INFO - DAG(s) 'example_dag_decorator' retrieved from /home/airflow/.local/lib/python3.12/site-packages/airflow/example_dags/example_dag_decorator.py
[2024-06-20T23:53:42.551+0000] {logging_mixin.py:188} INFO - [2024-06-20T23:53:42.551+0000] {dag.py:3096} INFO - Sync 1 DAGs
[2024-06-20T23:53:42.560+0000] {logging_mixin.py:188} INFO - [2024-06-20T23:53:42.560+0000] {dag.py:3954} INFO - Setting next_dagrun for example_dag_decorator to None, run_after=None
[2024-06-20T23:53:42.576+0000] {processor.py:183} INFO - Processing /home/airflow/.local/lib/python3.12/site-packages/airflow/example_dags/example_dag_decorator.py took 0.349 seconds
[2024-06-20T23:54:13.442+0000] {processor.py:161} INFO - Started process (PID=1518) to work on /home/airflow/.local/lib/python3.12/site-packages/airflow/example_dags/example_dag_decorator.py
[2024-06-20T23:54:13.443+0000] {processor.py:830} INFO - Processing file /home/airflow/.local/lib/python3.12/site-packages/airflow/example_dags/example_dag_decorator.py for tasks to queue
[2024-06-20T23:54:13.445+0000] {logging_mixin.py:188} INFO - [2024-06-20T23:54:13.444+0000] {dagbag.py:545} INFO - Filling up the DagBag from /home/airflow/.local/lib/python3.12/site-packages/airflow/example_dags/example_dag_decorator.py
[2024-06-20T23:54:13.525+0000] {processor.py:840} INFO - DAG(s) 'example_dag_decorator' retrieved from /home/airflow/.local/lib/python3.12/site-packages/airflow/example_dags/example_dag_decorator.py
[2024-06-20T23:54:13.659+0000] {logging_mixin.py:188} INFO - [2024-06-20T23:54:13.659+0000] {dag.py:3096} INFO - Sync 1 DAGs
[2024-06-20T23:54:13.668+0000] {logging_mixin.py:188} INFO - [2024-06-20T23:54:13.668+0000] {dag.py:3954} INFO - Setting next_dagrun for example_dag_decorator to None, run_after=None
[2024-06-20T23:54:13.683+0000] {processor.py:183} INFO - Processing /home/airflow/.local/lib/python3.12/site-packages/airflow/example_dags/example_dag_decorator.py took 0.246 seconds
[2024-06-20T23:54:43.794+0000] {processor.py:161} INFO - Started process (PID=1577) to work on /home/airflow/.local/lib/python3.12/site-packages/airflow/example_dags/example_dag_decorator.py
[2024-06-20T23:54:43.795+0000] {processor.py:830} INFO - Processing file /home/airflow/.local/lib/python3.12/site-packages/airflow/example_dags/example_dag_decorator.py for tasks to queue
[2024-06-20T23:54:43.797+0000] {logging_mixin.py:188} INFO - [2024-06-20T23:54:43.797+0000] {dagbag.py:545} INFO - Filling up the DagBag from /home/airflow/.local/lib/python3.12/site-packages/airflow/example_dags/example_dag_decorator.py
[2024-06-20T23:54:43.884+0000] {processor.py:840} INFO - DAG(s) 'example_dag_decorator' retrieved from /home/airflow/.local/lib/python3.12/site-packages/airflow/example_dags/example_dag_decorator.py
[2024-06-20T23:54:44.097+0000] {logging_mixin.py:188} INFO - [2024-06-20T23:54:44.097+0000] {dag.py:3096} INFO - Sync 1 DAGs
[2024-06-20T23:54:44.105+0000] {logging_mixin.py:188} INFO - [2024-06-20T23:54:44.105+0000] {dag.py:3954} INFO - Setting next_dagrun for example_dag_decorator to None, run_after=None
[2024-06-20T23:54:44.120+0000] {processor.py:183} INFO - Processing /home/airflow/.local/lib/python3.12/site-packages/airflow/example_dags/example_dag_decorator.py took 0.330 seconds
[2024-06-20T23:55:14.220+0000] {processor.py:161} INFO - Started process (PID=1638) to work on /home/airflow/.local/lib/python3.12/site-packages/airflow/example_dags/example_dag_decorator.py
[2024-06-20T23:55:14.221+0000] {processor.py:830} INFO - Processing file /home/airflow/.local/lib/python3.12/site-packages/airflow/example_dags/example_dag_decorator.py for tasks to queue
[2024-06-20T23:55:14.222+0000] {logging_mixin.py:188} INFO - [2024-06-20T23:55:14.222+0000] {dagbag.py:545} INFO - Filling up the DagBag from /home/airflow/.local/lib/python3.12/site-packages/airflow/example_dags/example_dag_decorator.py
[2024-06-20T23:55:14.306+0000] {processor.py:840} INFO - DAG(s) 'example_dag_decorator' retrieved from /home/airflow/.local/lib/python3.12/site-packages/airflow/example_dags/example_dag_decorator.py
[2024-06-20T23:55:14.523+0000] {logging_mixin.py:188} INFO - [2024-06-20T23:55:14.523+0000] {dag.py:3096} INFO - Sync 1 DAGs
[2024-06-20T23:55:14.531+0000] {logging_mixin.py:188} INFO - [2024-06-20T23:55:14.531+0000] {dag.py:3954} INFO - Setting next_dagrun for example_dag_decorator to None, run_after=None
[2024-06-20T23:55:14.545+0000] {processor.py:183} INFO - Processing /home/airflow/.local/lib/python3.12/site-packages/airflow/example_dags/example_dag_decorator.py took 0.330 seconds
[2024-06-20T23:55:44.742+0000] {processor.py:161} INFO - Started process (PID=1696) to work on /home/airflow/.local/lib/python3.12/site-packages/airflow/example_dags/example_dag_decorator.py
[2024-06-20T23:55:44.743+0000] {processor.py:830} INFO - Processing file /home/airflow/.local/lib/python3.12/site-packages/airflow/example_dags/example_dag_decorator.py for tasks to queue
[2024-06-20T23:55:44.745+0000] {logging_mixin.py:188} INFO - [2024-06-20T23:55:44.745+0000] {dagbag.py:545} INFO - Filling up the DagBag from /home/airflow/.local/lib/python3.12/site-packages/airflow/example_dags/example_dag_decorator.py
[2024-06-20T23:55:44.827+0000] {processor.py:840} INFO - DAG(s) 'example_dag_decorator' retrieved from /home/airflow/.local/lib/python3.12/site-packages/airflow/example_dags/example_dag_decorator.py
[2024-06-20T23:55:45.034+0000] {logging_mixin.py:188} INFO - [2024-06-20T23:55:45.034+0000] {dag.py:3096} INFO - Sync 1 DAGs
[2024-06-20T23:55:45.041+0000] {logging_mixin.py:188} INFO - [2024-06-20T23:55:45.041+0000] {dag.py:3954} INFO - Setting next_dagrun for example_dag_decorator to None, run_after=None
[2024-06-20T23:55:45.058+0000] {processor.py:183} INFO - Processing /home/airflow/.local/lib/python3.12/site-packages/airflow/example_dags/example_dag_decorator.py took 0.320 seconds
[2024-06-20T23:56:15.835+0000] {processor.py:161} INFO - Started process (PID=1754) to work on /home/airflow/.local/lib/python3.12/site-packages/airflow/example_dags/example_dag_decorator.py
[2024-06-20T23:56:15.835+0000] {processor.py:830} INFO - Processing file /home/airflow/.local/lib/python3.12/site-packages/airflow/example_dags/example_dag_decorator.py for tasks to queue
[2024-06-20T23:56:15.837+0000] {logging_mixin.py:188} INFO - [2024-06-20T23:56:15.837+0000] {dagbag.py:545} INFO - Filling up the DagBag from /home/airflow/.local/lib/python3.12/site-packages/airflow/example_dags/example_dag_decorator.py
[2024-06-20T23:56:16.043+0000] {processor.py:840} INFO - DAG(s) 'example_dag_decorator' retrieved from /home/airflow/.local/lib/python3.12/site-packages/airflow/example_dags/example_dag_decorator.py
[2024-06-20T23:56:16.120+0000] {logging_mixin.py:188} INFO - [2024-06-20T23:56:16.120+0000] {dag.py:3096} INFO - Sync 1 DAGs
[2024-06-20T23:56:16.127+0000] {logging_mixin.py:188} INFO - [2024-06-20T23:56:16.127+0000] {dag.py:3954} INFO - Setting next_dagrun for example_dag_decorator to None, run_after=None
[2024-06-20T23:56:16.142+0000] {processor.py:183} INFO - Processing /home/airflow/.local/lib/python3.12/site-packages/airflow/example_dags/example_dag_decorator.py took 0.312 seconds
[2024-06-20T23:56:46.290+0000] {processor.py:161} INFO - Started process (PID=1815) to work on /home/airflow/.local/lib/python3.12/site-packages/airflow/example_dags/example_dag_decorator.py
[2024-06-20T23:56:46.291+0000] {processor.py:830} INFO - Processing file /home/airflow/.local/lib/python3.12/site-packages/airflow/example_dags/example_dag_decorator.py for tasks to queue
[2024-06-20T23:56:46.293+0000] {logging_mixin.py:188} INFO - [2024-06-20T23:56:46.292+0000] {dagbag.py:545} INFO - Filling up the DagBag from /home/airflow/.local/lib/python3.12/site-packages/airflow/example_dags/example_dag_decorator.py
[2024-06-20T23:56:46.524+0000] {processor.py:840} INFO - DAG(s) 'example_dag_decorator' retrieved from /home/airflow/.local/lib/python3.12/site-packages/airflow/example_dags/example_dag_decorator.py
[2024-06-20T23:56:46.612+0000] {logging_mixin.py:188} INFO - [2024-06-20T23:56:46.612+0000] {dag.py:3096} INFO - Sync 1 DAGs
[2024-06-20T23:56:46.620+0000] {logging_mixin.py:188} INFO - [2024-06-20T23:56:46.620+0000] {dag.py:3954} INFO - Setting next_dagrun for example_dag_decorator to None, run_after=None
[2024-06-20T23:56:46.635+0000] {processor.py:183} INFO - Processing /home/airflow/.local/lib/python3.12/site-packages/airflow/example_dags/example_dag_decorator.py took 0.350 seconds
[2024-06-20T23:57:16.768+0000] {processor.py:161} INFO - Started process (PID=1876) to work on /home/airflow/.local/lib/python3.12/site-packages/airflow/example_dags/example_dag_decorator.py
[2024-06-20T23:57:16.769+0000] {processor.py:830} INFO - Processing file /home/airflow/.local/lib/python3.12/site-packages/airflow/example_dags/example_dag_decorator.py for tasks to queue
[2024-06-20T23:57:16.771+0000] {logging_mixin.py:188} INFO - [2024-06-20T23:57:16.770+0000] {dagbag.py:545} INFO - Filling up the DagBag from /home/airflow/.local/lib/python3.12/site-packages/airflow/example_dags/example_dag_decorator.py
[2024-06-20T23:57:16.985+0000] {processor.py:840} INFO - DAG(s) 'example_dag_decorator' retrieved from /home/airflow/.local/lib/python3.12/site-packages/airflow/example_dags/example_dag_decorator.py
[2024-06-20T23:57:17.063+0000] {logging_mixin.py:188} INFO - [2024-06-20T23:57:17.063+0000] {dag.py:3096} INFO - Sync 1 DAGs
[2024-06-20T23:57:17.071+0000] {logging_mixin.py:188} INFO - [2024-06-20T23:57:17.071+0000] {dag.py:3954} INFO - Setting next_dagrun for example_dag_decorator to None, run_after=None
[2024-06-20T23:57:17.092+0000] {processor.py:183} INFO - Processing /home/airflow/.local/lib/python3.12/site-packages/airflow/example_dags/example_dag_decorator.py took 0.329 seconds
[2024-06-20T23:57:47.160+0000] {processor.py:161} INFO - Started process (PID=1934) to work on /home/airflow/.local/lib/python3.12/site-packages/airflow/example_dags/example_dag_decorator.py
[2024-06-20T23:57:47.162+0000] {processor.py:830} INFO - Processing file /home/airflow/.local/lib/python3.12/site-packages/airflow/example_dags/example_dag_decorator.py for tasks to queue
[2024-06-20T23:57:47.164+0000] {logging_mixin.py:188} INFO - [2024-06-20T23:57:47.163+0000] {dagbag.py:545} INFO - Filling up the DagBag from /home/airflow/.local/lib/python3.12/site-packages/airflow/example_dags/example_dag_decorator.py
[2024-06-20T23:57:47.365+0000] {processor.py:840} INFO - DAG(s) 'example_dag_decorator' retrieved from /home/airflow/.local/lib/python3.12/site-packages/airflow/example_dags/example_dag_decorator.py
[2024-06-20T23:57:47.449+0000] {logging_mixin.py:188} INFO - [2024-06-20T23:57:47.448+0000] {dag.py:3096} INFO - Sync 1 DAGs
[2024-06-20T23:57:47.458+0000] {logging_mixin.py:188} INFO - [2024-06-20T23:57:47.457+0000] {dag.py:3954} INFO - Setting next_dagrun for example_dag_decorator to None, run_after=None
[2024-06-20T23:57:47.471+0000] {processor.py:183} INFO - Processing /home/airflow/.local/lib/python3.12/site-packages/airflow/example_dags/example_dag_decorator.py took 0.316 seconds
[2024-06-20T23:58:17.558+0000] {processor.py:161} INFO - Started process (PID=1998) to work on /home/airflow/.local/lib/python3.12/site-packages/airflow/example_dags/example_dag_decorator.py
[2024-06-20T23:58:17.559+0000] {processor.py:830} INFO - Processing file /home/airflow/.local/lib/python3.12/site-packages/airflow/example_dags/example_dag_decorator.py for tasks to queue
[2024-06-20T23:58:17.561+0000] {logging_mixin.py:188} INFO - [2024-06-20T23:58:17.561+0000] {dagbag.py:545} INFO - Filling up the DagBag from /home/airflow/.local/lib/python3.12/site-packages/airflow/example_dags/example_dag_decorator.py
[2024-06-20T23:58:17.754+0000] {processor.py:840} INFO - DAG(s) 'example_dag_decorator' retrieved from /home/airflow/.local/lib/python3.12/site-packages/airflow/example_dags/example_dag_decorator.py
[2024-06-20T23:58:17.827+0000] {logging_mixin.py:188} INFO - [2024-06-20T23:58:17.826+0000] {dag.py:3096} INFO - Sync 1 DAGs
[2024-06-20T23:58:17.835+0000] {logging_mixin.py:188} INFO - [2024-06-20T23:58:17.835+0000] {dag.py:3954} INFO - Setting next_dagrun for example_dag_decorator to None, run_after=None
[2024-06-20T23:58:17.851+0000] {processor.py:183} INFO - Processing /home/airflow/.local/lib/python3.12/site-packages/airflow/example_dags/example_dag_decorator.py took 0.300 seconds
[2024-06-20T23:58:47.899+0000] {processor.py:161} INFO - Started process (PID=2055) to work on /home/airflow/.local/lib/python3.12/site-packages/airflow/example_dags/example_dag_decorator.py
[2024-06-20T23:58:47.900+0000] {processor.py:830} INFO - Processing file /home/airflow/.local/lib/python3.12/site-packages/airflow/example_dags/example_dag_decorator.py for tasks to queue
[2024-06-20T23:58:47.902+0000] {logging_mixin.py:188} INFO - [2024-06-20T23:58:47.902+0000] {dagbag.py:545} INFO - Filling up the DagBag from /home/airflow/.local/lib/python3.12/site-packages/airflow/example_dags/example_dag_decorator.py
[2024-06-20T23:58:47.988+0000] {processor.py:840} INFO - DAG(s) 'example_dag_decorator' retrieved from /home/airflow/.local/lib/python3.12/site-packages/airflow/example_dags/example_dag_decorator.py
[2024-06-20T23:58:48.070+0000] {logging_mixin.py:188} INFO - [2024-06-20T23:58:48.069+0000] {dag.py:3096} INFO - Sync 1 DAGs
[2024-06-20T23:58:48.078+0000] {logging_mixin.py:188} INFO - [2024-06-20T23:58:48.078+0000] {dag.py:3954} INFO - Setting next_dagrun for example_dag_decorator to None, run_after=None
[2024-06-20T23:58:48.094+0000] {processor.py:183} INFO - Processing /home/airflow/.local/lib/python3.12/site-packages/airflow/example_dags/example_dag_decorator.py took 0.200 seconds
[2024-06-20T23:59:18.353+0000] {processor.py:161} INFO - Started process (PID=2108) to work on /home/airflow/.local/lib/python3.12/site-packages/airflow/example_dags/example_dag_decorator.py
[2024-06-20T23:59:18.354+0000] {processor.py:830} INFO - Processing file /home/airflow/.local/lib/python3.12/site-packages/airflow/example_dags/example_dag_decorator.py for tasks to queue
[2024-06-20T23:59:18.355+0000] {logging_mixin.py:188} INFO - [2024-06-20T23:59:18.355+0000] {dagbag.py:545} INFO - Filling up the DagBag from /home/airflow/.local/lib/python3.12/site-packages/airflow/example_dags/example_dag_decorator.py
[2024-06-20T23:59:18.469+0000] {processor.py:840} INFO - DAG(s) 'example_dag_decorator' retrieved from /home/airflow/.local/lib/python3.12/site-packages/airflow/example_dags/example_dag_decorator.py
[2024-06-20T23:59:18.559+0000] {logging_mixin.py:188} INFO - [2024-06-20T23:59:18.559+0000] {dag.py:3096} INFO - Sync 1 DAGs
[2024-06-20T23:59:18.571+0000] {logging_mixin.py:188} INFO - [2024-06-20T23:59:18.571+0000] {dag.py:3954} INFO - Setting next_dagrun for example_dag_decorator to None, run_after=None
[2024-06-20T23:59:18.587+0000] {processor.py:183} INFO - Processing /home/airflow/.local/lib/python3.12/site-packages/airflow/example_dags/example_dag_decorator.py took 0.239 seconds
[2024-06-20T23:59:49.182+0000] {processor.py:161} INFO - Started process (PID=2166) to work on /home/airflow/.local/lib/python3.12/site-packages/airflow/example_dags/example_dag_decorator.py
[2024-06-20T23:59:49.183+0000] {processor.py:830} INFO - Processing file /home/airflow/.local/lib/python3.12/site-packages/airflow/example_dags/example_dag_decorator.py for tasks to queue
[2024-06-20T23:59:49.185+0000] {logging_mixin.py:188} INFO - [2024-06-20T23:59:49.185+0000] {dagbag.py:545} INFO - Filling up the DagBag from /home/airflow/.local/lib/python3.12/site-packages/airflow/example_dags/example_dag_decorator.py
[2024-06-20T23:59:49.279+0000] {processor.py:840} INFO - DAG(s) 'example_dag_decorator' retrieved from /home/airflow/.local/lib/python3.12/site-packages/airflow/example_dags/example_dag_decorator.py
[2024-06-20T23:59:49.384+0000] {logging_mixin.py:188} INFO - [2024-06-20T23:59:49.384+0000] {dag.py:3096} INFO - Sync 1 DAGs
[2024-06-20T23:59:49.398+0000] {logging_mixin.py:188} INFO - [2024-06-20T23:59:49.398+0000] {dag.py:3954} INFO - Setting next_dagrun for example_dag_decorator to None, run_after=None
[2024-06-20T23:59:49.428+0000] {processor.py:183} INFO - Processing /home/airflow/.local/lib/python3.12/site-packages/airflow/example_dags/example_dag_decorator.py took 0.253 seconds
