[2024-06-20T23:41:01.685+0000] {processor.py:161} INFO - Started process (PID=73) to work on /home/airflow/.local/lib/python3.12/site-packages/airflow/example_dags/example_latest_only_with_trigger.py
[2024-06-20T23:41:01.686+0000] {processor.py:830} INFO - Processing file /home/airflow/.local/lib/python3.12/site-packages/airflow/example_dags/example_latest_only_with_trigger.py for tasks to queue
[2024-06-20T23:41:01.688+0000] {logging_mixin.py:188} INFO - [2024-06-20T23:41:01.688+0000] {dagbag.py:545} INFO - Filling up the DagBag from /home/airflow/.local/lib/python3.12/site-packages/airflow/example_dags/example_latest_only_with_trigger.py
[2024-06-20T23:41:01.694+0000] {processor.py:840} INFO - DAG(s) 'latest_only_with_trigger' retrieved from /home/airflow/.local/lib/python3.12/site-packages/airflow/example_dags/example_latest_only_with_trigger.py
[2024-06-20T23:41:01.705+0000] {logging_mixin.py:188} INFO - [2024-06-20T23:41:01.704+0000] {dag.py:3096} INFO - Sync 1 DAGs
[2024-06-20T23:41:01.726+0000] {logging_mixin.py:188} INFO - [2024-06-20T23:41:01.725+0000] {dag.py:3954} INFO - Setting next_dagrun for latest_only_with_trigger to 2024-06-20 16:00:00+00:00, run_after=2024-06-20 20:00:00+00:00
[2024-06-20T23:41:01.741+0000] {processor.py:183} INFO - Processing /home/airflow/.local/lib/python3.12/site-packages/airflow/example_dags/example_latest_only_with_trigger.py took 0.061 seconds
[2024-06-20T23:41:30.708+0000] {processor.py:161} INFO - Started process (PID=73) to work on /home/airflow/.local/lib/python3.12/site-packages/airflow/example_dags/example_latest_only_with_trigger.py
[2024-06-20T23:41:30.709+0000] {processor.py:830} INFO - Processing file /home/airflow/.local/lib/python3.12/site-packages/airflow/example_dags/example_latest_only_with_trigger.py for tasks to queue
[2024-06-20T23:41:30.711+0000] {logging_mixin.py:188} INFO - [2024-06-20T23:41:30.711+0000] {dagbag.py:545} INFO - Filling up the DagBag from /home/airflow/.local/lib/python3.12/site-packages/airflow/example_dags/example_latest_only_with_trigger.py
[2024-06-20T23:41:30.716+0000] {processor.py:840} INFO - DAG(s) 'latest_only_with_trigger' retrieved from /home/airflow/.local/lib/python3.12/site-packages/airflow/example_dags/example_latest_only_with_trigger.py
[2024-06-20T23:41:30.830+0000] {logging_mixin.py:188} INFO - [2024-06-20T23:41:30.830+0000] {dag.py:3096} INFO - Sync 1 DAGs
[2024-06-20T23:41:30.852+0000] {logging_mixin.py:188} INFO - [2024-06-20T23:41:30.852+0000] {dag.py:3954} INFO - Setting next_dagrun for latest_only_with_trigger to 2024-06-20 16:00:00+00:00, run_after=2024-06-20 20:00:00+00:00
[2024-06-20T23:41:30.878+0000] {processor.py:183} INFO - Processing /home/airflow/.local/lib/python3.12/site-packages/airflow/example_dags/example_latest_only_with_trigger.py took 0.176 seconds
[2024-06-20T23:42:01.636+0000] {processor.py:161} INFO - Started process (PID=131) to work on /home/airflow/.local/lib/python3.12/site-packages/airflow/example_dags/example_latest_only_with_trigger.py
[2024-06-20T23:42:01.637+0000] {processor.py:830} INFO - Processing file /home/airflow/.local/lib/python3.12/site-packages/airflow/example_dags/example_latest_only_with_trigger.py for tasks to queue
[2024-06-20T23:42:01.639+0000] {logging_mixin.py:188} INFO - [2024-06-20T23:42:01.638+0000] {dagbag.py:545} INFO - Filling up the DagBag from /home/airflow/.local/lib/python3.12/site-packages/airflow/example_dags/example_latest_only_with_trigger.py
[2024-06-20T23:42:01.646+0000] {processor.py:840} INFO - DAG(s) 'latest_only_with_trigger' retrieved from /home/airflow/.local/lib/python3.12/site-packages/airflow/example_dags/example_latest_only_with_trigger.py
[2024-06-20T23:42:01.670+0000] {logging_mixin.py:188} INFO - [2024-06-20T23:42:01.670+0000] {dag.py:3096} INFO - Sync 1 DAGs
[2024-06-20T23:42:01.691+0000] {logging_mixin.py:188} INFO - [2024-06-20T23:42:01.691+0000] {dag.py:3954} INFO - Setting next_dagrun for latest_only_with_trigger to 2024-06-20 16:00:00+00:00, run_after=2024-06-20 20:00:00+00:00
[2024-06-20T23:42:01.710+0000] {processor.py:183} INFO - Processing /home/airflow/.local/lib/python3.12/site-packages/airflow/example_dags/example_latest_only_with_trigger.py took 0.080 seconds
[2024-06-20T23:42:31.985+0000] {processor.py:161} INFO - Started process (PID=189) to work on /home/airflow/.local/lib/python3.12/site-packages/airflow/example_dags/example_latest_only_with_trigger.py
[2024-06-20T23:42:31.986+0000] {processor.py:830} INFO - Processing file /home/airflow/.local/lib/python3.12/site-packages/airflow/example_dags/example_latest_only_with_trigger.py for tasks to queue
[2024-06-20T23:42:31.988+0000] {logging_mixin.py:188} INFO - [2024-06-20T23:42:31.988+0000] {dagbag.py:545} INFO - Filling up the DagBag from /home/airflow/.local/lib/python3.12/site-packages/airflow/example_dags/example_latest_only_with_trigger.py
[2024-06-20T23:42:31.993+0000] {processor.py:840} INFO - DAG(s) 'latest_only_with_trigger' retrieved from /home/airflow/.local/lib/python3.12/site-packages/airflow/example_dags/example_latest_only_with_trigger.py
[2024-06-20T23:42:32.010+0000] {logging_mixin.py:188} INFO - [2024-06-20T23:42:32.010+0000] {dag.py:3096} INFO - Sync 1 DAGs
[2024-06-20T23:42:32.026+0000] {logging_mixin.py:188} INFO - [2024-06-20T23:42:32.026+0000] {dag.py:3954} INFO - Setting next_dagrun for latest_only_with_trigger to 2024-06-20 16:00:00+00:00, run_after=2024-06-20 20:00:00+00:00
[2024-06-20T23:42:32.042+0000] {processor.py:183} INFO - Processing /home/airflow/.local/lib/python3.12/site-packages/airflow/example_dags/example_latest_only_with_trigger.py took 0.061 seconds
[2024-06-20T23:43:02.235+0000] {processor.py:161} INFO - Started process (PID=247) to work on /home/airflow/.local/lib/python3.12/site-packages/airflow/example_dags/example_latest_only_with_trigger.py
[2024-06-20T23:43:02.236+0000] {processor.py:830} INFO - Processing file /home/airflow/.local/lib/python3.12/site-packages/airflow/example_dags/example_latest_only_with_trigger.py for tasks to queue
[2024-06-20T23:43:02.238+0000] {logging_mixin.py:188} INFO - [2024-06-20T23:43:02.237+0000] {dagbag.py:545} INFO - Filling up the DagBag from /home/airflow/.local/lib/python3.12/site-packages/airflow/example_dags/example_latest_only_with_trigger.py
[2024-06-20T23:43:02.242+0000] {processor.py:840} INFO - DAG(s) 'latest_only_with_trigger' retrieved from /home/airflow/.local/lib/python3.12/site-packages/airflow/example_dags/example_latest_only_with_trigger.py
[2024-06-20T23:43:02.260+0000] {logging_mixin.py:188} INFO - [2024-06-20T23:43:02.259+0000] {dag.py:3096} INFO - Sync 1 DAGs
[2024-06-20T23:43:02.276+0000] {logging_mixin.py:188} INFO - [2024-06-20T23:43:02.276+0000] {dag.py:3954} INFO - Setting next_dagrun for latest_only_with_trigger to 2024-06-20 16:00:00+00:00, run_after=2024-06-20 20:00:00+00:00
[2024-06-20T23:43:02.294+0000] {processor.py:183} INFO - Processing /home/airflow/.local/lib/python3.12/site-packages/airflow/example_dags/example_latest_only_with_trigger.py took 0.063 seconds
[2024-06-20T23:43:32.357+0000] {processor.py:161} INFO - Started process (PID=305) to work on /home/airflow/.local/lib/python3.12/site-packages/airflow/example_dags/example_latest_only_with_trigger.py
[2024-06-20T23:43:32.358+0000] {processor.py:830} INFO - Processing file /home/airflow/.local/lib/python3.12/site-packages/airflow/example_dags/example_latest_only_with_trigger.py for tasks to queue
[2024-06-20T23:43:32.360+0000] {logging_mixin.py:188} INFO - [2024-06-20T23:43:32.360+0000] {dagbag.py:545} INFO - Filling up the DagBag from /home/airflow/.local/lib/python3.12/site-packages/airflow/example_dags/example_latest_only_with_trigger.py
[2024-06-20T23:43:32.364+0000] {processor.py:840} INFO - DAG(s) 'latest_only_with_trigger' retrieved from /home/airflow/.local/lib/python3.12/site-packages/airflow/example_dags/example_latest_only_with_trigger.py
[2024-06-20T23:43:32.383+0000] {logging_mixin.py:188} INFO - [2024-06-20T23:43:32.382+0000] {dag.py:3096} INFO - Sync 1 DAGs
[2024-06-20T23:43:32.413+0000] {logging_mixin.py:188} INFO - [2024-06-20T23:43:32.413+0000] {dag.py:3954} INFO - Setting next_dagrun for latest_only_with_trigger to 2024-06-20 16:00:00+00:00, run_after=2024-06-20 20:00:00+00:00
[2024-06-20T23:43:32.440+0000] {processor.py:183} INFO - Processing /home/airflow/.local/lib/python3.12/site-packages/airflow/example_dags/example_latest_only_with_trigger.py took 0.088 seconds
[2024-06-20T23:44:02.840+0000] {processor.py:161} INFO - Started process (PID=363) to work on /home/airflow/.local/lib/python3.12/site-packages/airflow/example_dags/example_latest_only_with_trigger.py
[2024-06-20T23:44:02.841+0000] {processor.py:830} INFO - Processing file /home/airflow/.local/lib/python3.12/site-packages/airflow/example_dags/example_latest_only_with_trigger.py for tasks to queue
[2024-06-20T23:44:02.843+0000] {logging_mixin.py:188} INFO - [2024-06-20T23:44:02.843+0000] {dagbag.py:545} INFO - Filling up the DagBag from /home/airflow/.local/lib/python3.12/site-packages/airflow/example_dags/example_latest_only_with_trigger.py
[2024-06-20T23:44:02.848+0000] {processor.py:840} INFO - DAG(s) 'latest_only_with_trigger' retrieved from /home/airflow/.local/lib/python3.12/site-packages/airflow/example_dags/example_latest_only_with_trigger.py
[2024-06-20T23:44:02.865+0000] {logging_mixin.py:188} INFO - [2024-06-20T23:44:02.865+0000] {dag.py:3096} INFO - Sync 1 DAGs
[2024-06-20T23:44:02.882+0000] {logging_mixin.py:188} INFO - [2024-06-20T23:44:02.882+0000] {dag.py:3954} INFO - Setting next_dagrun for latest_only_with_trigger to 2024-06-20 16:00:00+00:00, run_after=2024-06-20 20:00:00+00:00
[2024-06-20T23:44:02.897+0000] {processor.py:183} INFO - Processing /home/airflow/.local/lib/python3.12/site-packages/airflow/example_dags/example_latest_only_with_trigger.py took 0.062 seconds
[2024-06-20T23:44:33.411+0000] {processor.py:161} INFO - Started process (PID=421) to work on /home/airflow/.local/lib/python3.12/site-packages/airflow/example_dags/example_latest_only_with_trigger.py
[2024-06-20T23:44:33.412+0000] {processor.py:830} INFO - Processing file /home/airflow/.local/lib/python3.12/site-packages/airflow/example_dags/example_latest_only_with_trigger.py for tasks to queue
[2024-06-20T23:44:33.413+0000] {logging_mixin.py:188} INFO - [2024-06-20T23:44:33.413+0000] {dagbag.py:545} INFO - Filling up the DagBag from /home/airflow/.local/lib/python3.12/site-packages/airflow/example_dags/example_latest_only_with_trigger.py
[2024-06-20T23:44:33.418+0000] {processor.py:840} INFO - DAG(s) 'latest_only_with_trigger' retrieved from /home/airflow/.local/lib/python3.12/site-packages/airflow/example_dags/example_latest_only_with_trigger.py
[2024-06-20T23:44:33.435+0000] {logging_mixin.py:188} INFO - [2024-06-20T23:44:33.435+0000] {dag.py:3096} INFO - Sync 1 DAGs
[2024-06-20T23:44:33.453+0000] {logging_mixin.py:188} INFO - [2024-06-20T23:44:33.453+0000] {dag.py:3954} INFO - Setting next_dagrun for latest_only_with_trigger to 2024-06-20 16:00:00+00:00, run_after=2024-06-20 20:00:00+00:00
[2024-06-20T23:44:33.469+0000] {processor.py:183} INFO - Processing /home/airflow/.local/lib/python3.12/site-packages/airflow/example_dags/example_latest_only_with_trigger.py took 0.063 seconds
[2024-06-20T23:45:04.112+0000] {processor.py:161} INFO - Started process (PID=479) to work on /home/airflow/.local/lib/python3.12/site-packages/airflow/example_dags/example_latest_only_with_trigger.py
[2024-06-20T23:45:04.112+0000] {processor.py:830} INFO - Processing file /home/airflow/.local/lib/python3.12/site-packages/airflow/example_dags/example_latest_only_with_trigger.py for tasks to queue
[2024-06-20T23:45:04.114+0000] {logging_mixin.py:188} INFO - [2024-06-20T23:45:04.114+0000] {dagbag.py:545} INFO - Filling up the DagBag from /home/airflow/.local/lib/python3.12/site-packages/airflow/example_dags/example_latest_only_with_trigger.py
[2024-06-20T23:45:04.118+0000] {processor.py:840} INFO - DAG(s) 'latest_only_with_trigger' retrieved from /home/airflow/.local/lib/python3.12/site-packages/airflow/example_dags/example_latest_only_with_trigger.py
[2024-06-20T23:45:04.136+0000] {logging_mixin.py:188} INFO - [2024-06-20T23:45:04.135+0000] {dag.py:3096} INFO - Sync 1 DAGs
[2024-06-20T23:45:04.154+0000] {logging_mixin.py:188} INFO - [2024-06-20T23:45:04.154+0000] {dag.py:3954} INFO - Setting next_dagrun for latest_only_with_trigger to 2024-06-20 16:00:00+00:00, run_after=2024-06-20 20:00:00+00:00
[2024-06-20T23:45:04.170+0000] {processor.py:183} INFO - Processing /home/airflow/.local/lib/python3.12/site-packages/airflow/example_dags/example_latest_only_with_trigger.py took 0.063 seconds
[2024-06-20T23:45:34.860+0000] {processor.py:161} INFO - Started process (PID=537) to work on /home/airflow/.local/lib/python3.12/site-packages/airflow/example_dags/example_latest_only_with_trigger.py
[2024-06-20T23:45:34.861+0000] {processor.py:830} INFO - Processing file /home/airflow/.local/lib/python3.12/site-packages/airflow/example_dags/example_latest_only_with_trigger.py for tasks to queue
[2024-06-20T23:45:34.862+0000] {logging_mixin.py:188} INFO - [2024-06-20T23:45:34.862+0000] {dagbag.py:545} INFO - Filling up the DagBag from /home/airflow/.local/lib/python3.12/site-packages/airflow/example_dags/example_latest_only_with_trigger.py
[2024-06-20T23:45:34.867+0000] {processor.py:840} INFO - DAG(s) 'latest_only_with_trigger' retrieved from /home/airflow/.local/lib/python3.12/site-packages/airflow/example_dags/example_latest_only_with_trigger.py
[2024-06-20T23:45:34.885+0000] {logging_mixin.py:188} INFO - [2024-06-20T23:45:34.885+0000] {dag.py:3096} INFO - Sync 1 DAGs
[2024-06-20T23:45:34.904+0000] {logging_mixin.py:188} INFO - [2024-06-20T23:45:34.903+0000] {dag.py:3954} INFO - Setting next_dagrun for latest_only_with_trigger to 2024-06-20 16:00:00+00:00, run_after=2024-06-20 20:00:00+00:00
[2024-06-20T23:45:34.923+0000] {processor.py:183} INFO - Processing /home/airflow/.local/lib/python3.12/site-packages/airflow/example_dags/example_latest_only_with_trigger.py took 0.068 seconds
[2024-06-20T23:46:05.649+0000] {processor.py:161} INFO - Started process (PID=595) to work on /home/airflow/.local/lib/python3.12/site-packages/airflow/example_dags/example_latest_only_with_trigger.py
[2024-06-20T23:46:05.651+0000] {processor.py:830} INFO - Processing file /home/airflow/.local/lib/python3.12/site-packages/airflow/example_dags/example_latest_only_with_trigger.py for tasks to queue
[2024-06-20T23:46:05.653+0000] {logging_mixin.py:188} INFO - [2024-06-20T23:46:05.652+0000] {dagbag.py:545} INFO - Filling up the DagBag from /home/airflow/.local/lib/python3.12/site-packages/airflow/example_dags/example_latest_only_with_trigger.py
[2024-06-20T23:46:05.658+0000] {processor.py:840} INFO - DAG(s) 'latest_only_with_trigger' retrieved from /home/airflow/.local/lib/python3.12/site-packages/airflow/example_dags/example_latest_only_with_trigger.py
[2024-06-20T23:46:05.676+0000] {logging_mixin.py:188} INFO - [2024-06-20T23:46:05.676+0000] {dag.py:3096} INFO - Sync 1 DAGs
[2024-06-20T23:46:05.695+0000] {logging_mixin.py:188} INFO - [2024-06-20T23:46:05.694+0000] {dag.py:3954} INFO - Setting next_dagrun for latest_only_with_trigger to 2024-06-20 16:00:00+00:00, run_after=2024-06-20 20:00:00+00:00
[2024-06-20T23:46:05.712+0000] {processor.py:183} INFO - Processing /home/airflow/.local/lib/python3.12/site-packages/airflow/example_dags/example_latest_only_with_trigger.py took 0.068 seconds
[2024-06-20T23:46:36.356+0000] {processor.py:161} INFO - Started process (PID=653) to work on /home/airflow/.local/lib/python3.12/site-packages/airflow/example_dags/example_latest_only_with_trigger.py
[2024-06-20T23:46:36.357+0000] {processor.py:830} INFO - Processing file /home/airflow/.local/lib/python3.12/site-packages/airflow/example_dags/example_latest_only_with_trigger.py for tasks to queue
[2024-06-20T23:46:36.359+0000] {logging_mixin.py:188} INFO - [2024-06-20T23:46:36.358+0000] {dagbag.py:545} INFO - Filling up the DagBag from /home/airflow/.local/lib/python3.12/site-packages/airflow/example_dags/example_latest_only_with_trigger.py
[2024-06-20T23:46:36.363+0000] {processor.py:840} INFO - DAG(s) 'latest_only_with_trigger' retrieved from /home/airflow/.local/lib/python3.12/site-packages/airflow/example_dags/example_latest_only_with_trigger.py
[2024-06-20T23:46:36.380+0000] {logging_mixin.py:188} INFO - [2024-06-20T23:46:36.380+0000] {dag.py:3096} INFO - Sync 1 DAGs
[2024-06-20T23:46:36.398+0000] {logging_mixin.py:188} INFO - [2024-06-20T23:46:36.397+0000] {dag.py:3954} INFO - Setting next_dagrun for latest_only_with_trigger to 2024-06-20 16:00:00+00:00, run_after=2024-06-20 20:00:00+00:00
[2024-06-20T23:46:36.415+0000] {processor.py:183} INFO - Processing /home/airflow/.local/lib/python3.12/site-packages/airflow/example_dags/example_latest_only_with_trigger.py took 0.063 seconds
[2024-06-20T23:47:06.768+0000] {processor.py:161} INFO - Started process (PID=711) to work on /home/airflow/.local/lib/python3.12/site-packages/airflow/example_dags/example_latest_only_with_trigger.py
[2024-06-20T23:47:06.769+0000] {processor.py:830} INFO - Processing file /home/airflow/.local/lib/python3.12/site-packages/airflow/example_dags/example_latest_only_with_trigger.py for tasks to queue
[2024-06-20T23:47:06.771+0000] {logging_mixin.py:188} INFO - [2024-06-20T23:47:06.770+0000] {dagbag.py:545} INFO - Filling up the DagBag from /home/airflow/.local/lib/python3.12/site-packages/airflow/example_dags/example_latest_only_with_trigger.py
[2024-06-20T23:47:06.775+0000] {processor.py:840} INFO - DAG(s) 'latest_only_with_trigger' retrieved from /home/airflow/.local/lib/python3.12/site-packages/airflow/example_dags/example_latest_only_with_trigger.py
[2024-06-20T23:47:06.793+0000] {logging_mixin.py:188} INFO - [2024-06-20T23:47:06.793+0000] {dag.py:3096} INFO - Sync 1 DAGs
[2024-06-20T23:47:06.810+0000] {logging_mixin.py:188} INFO - [2024-06-20T23:47:06.810+0000] {dag.py:3954} INFO - Setting next_dagrun for latest_only_with_trigger to 2024-06-20 16:00:00+00:00, run_after=2024-06-20 20:00:00+00:00
[2024-06-20T23:47:06.826+0000] {processor.py:183} INFO - Processing /home/airflow/.local/lib/python3.12/site-packages/airflow/example_dags/example_latest_only_with_trigger.py took 0.062 seconds
[2024-06-20T23:47:37.395+0000] {processor.py:161} INFO - Started process (PID=769) to work on /home/airflow/.local/lib/python3.12/site-packages/airflow/example_dags/example_latest_only_with_trigger.py
[2024-06-20T23:47:37.396+0000] {processor.py:830} INFO - Processing file /home/airflow/.local/lib/python3.12/site-packages/airflow/example_dags/example_latest_only_with_trigger.py for tasks to queue
[2024-06-20T23:47:37.398+0000] {logging_mixin.py:188} INFO - [2024-06-20T23:47:37.398+0000] {dagbag.py:545} INFO - Filling up the DagBag from /home/airflow/.local/lib/python3.12/site-packages/airflow/example_dags/example_latest_only_with_trigger.py
[2024-06-20T23:47:37.402+0000] {processor.py:840} INFO - DAG(s) 'latest_only_with_trigger' retrieved from /home/airflow/.local/lib/python3.12/site-packages/airflow/example_dags/example_latest_only_with_trigger.py
[2024-06-20T23:47:37.418+0000] {logging_mixin.py:188} INFO - [2024-06-20T23:47:37.418+0000] {dag.py:3096} INFO - Sync 1 DAGs
[2024-06-20T23:47:37.435+0000] {logging_mixin.py:188} INFO - [2024-06-20T23:47:37.435+0000] {dag.py:3954} INFO - Setting next_dagrun for latest_only_with_trigger to 2024-06-20 16:00:00+00:00, run_after=2024-06-20 20:00:00+00:00
[2024-06-20T23:47:37.451+0000] {processor.py:183} INFO - Processing /home/airflow/.local/lib/python3.12/site-packages/airflow/example_dags/example_latest_only_with_trigger.py took 0.060 seconds
[2024-06-20T23:48:07.952+0000] {processor.py:161} INFO - Started process (PID=827) to work on /home/airflow/.local/lib/python3.12/site-packages/airflow/example_dags/example_latest_only_with_trigger.py
[2024-06-20T23:48:07.953+0000] {processor.py:830} INFO - Processing file /home/airflow/.local/lib/python3.12/site-packages/airflow/example_dags/example_latest_only_with_trigger.py for tasks to queue
[2024-06-20T23:48:07.954+0000] {logging_mixin.py:188} INFO - [2024-06-20T23:48:07.954+0000] {dagbag.py:545} INFO - Filling up the DagBag from /home/airflow/.local/lib/python3.12/site-packages/airflow/example_dags/example_latest_only_with_trigger.py
[2024-06-20T23:48:07.960+0000] {processor.py:840} INFO - DAG(s) 'latest_only_with_trigger' retrieved from /home/airflow/.local/lib/python3.12/site-packages/airflow/example_dags/example_latest_only_with_trigger.py
[2024-06-20T23:48:07.979+0000] {logging_mixin.py:188} INFO - [2024-06-20T23:48:07.979+0000] {dag.py:3096} INFO - Sync 1 DAGs
[2024-06-20T23:48:07.998+0000] {logging_mixin.py:188} INFO - [2024-06-20T23:48:07.998+0000] {dag.py:3954} INFO - Setting next_dagrun for latest_only_with_trigger to 2024-06-20 16:00:00+00:00, run_after=2024-06-20 20:00:00+00:00
[2024-06-20T23:48:08.016+0000] {processor.py:183} INFO - Processing /home/airflow/.local/lib/python3.12/site-packages/airflow/example_dags/example_latest_only_with_trigger.py took 0.069 seconds
[2024-06-20T23:48:38.539+0000] {processor.py:161} INFO - Started process (PID=885) to work on /home/airflow/.local/lib/python3.12/site-packages/airflow/example_dags/example_latest_only_with_trigger.py
[2024-06-20T23:48:38.540+0000] {processor.py:830} INFO - Processing file /home/airflow/.local/lib/python3.12/site-packages/airflow/example_dags/example_latest_only_with_trigger.py for tasks to queue
[2024-06-20T23:48:38.542+0000] {logging_mixin.py:188} INFO - [2024-06-20T23:48:38.542+0000] {dagbag.py:545} INFO - Filling up the DagBag from /home/airflow/.local/lib/python3.12/site-packages/airflow/example_dags/example_latest_only_with_trigger.py
[2024-06-20T23:48:38.547+0000] {processor.py:840} INFO - DAG(s) 'latest_only_with_trigger' retrieved from /home/airflow/.local/lib/python3.12/site-packages/airflow/example_dags/example_latest_only_with_trigger.py
[2024-06-20T23:48:38.564+0000] {logging_mixin.py:188} INFO - [2024-06-20T23:48:38.564+0000] {dag.py:3096} INFO - Sync 1 DAGs
[2024-06-20T23:48:38.582+0000] {logging_mixin.py:188} INFO - [2024-06-20T23:48:38.582+0000] {dag.py:3954} INFO - Setting next_dagrun for latest_only_with_trigger to 2024-06-20 16:00:00+00:00, run_after=2024-06-20 20:00:00+00:00
[2024-06-20T23:48:38.596+0000] {processor.py:183} INFO - Processing /home/airflow/.local/lib/python3.12/site-packages/airflow/example_dags/example_latest_only_with_trigger.py took 0.061 seconds
[2024-06-20T23:49:09.055+0000] {processor.py:161} INFO - Started process (PID=943) to work on /home/airflow/.local/lib/python3.12/site-packages/airflow/example_dags/example_latest_only_with_trigger.py
[2024-06-20T23:49:09.056+0000] {processor.py:830} INFO - Processing file /home/airflow/.local/lib/python3.12/site-packages/airflow/example_dags/example_latest_only_with_trigger.py for tasks to queue
[2024-06-20T23:49:09.058+0000] {logging_mixin.py:188} INFO - [2024-06-20T23:49:09.058+0000] {dagbag.py:545} INFO - Filling up the DagBag from /home/airflow/.local/lib/python3.12/site-packages/airflow/example_dags/example_latest_only_with_trigger.py
[2024-06-20T23:49:09.063+0000] {processor.py:840} INFO - DAG(s) 'latest_only_with_trigger' retrieved from /home/airflow/.local/lib/python3.12/site-packages/airflow/example_dags/example_latest_only_with_trigger.py
[2024-06-20T23:49:09.079+0000] {logging_mixin.py:188} INFO - [2024-06-20T23:49:09.079+0000] {dag.py:3096} INFO - Sync 1 DAGs
[2024-06-20T23:49:09.095+0000] {logging_mixin.py:188} INFO - [2024-06-20T23:49:09.095+0000] {dag.py:3954} INFO - Setting next_dagrun for latest_only_with_trigger to 2024-06-20 16:00:00+00:00, run_after=2024-06-20 20:00:00+00:00
[2024-06-20T23:49:09.110+0000] {processor.py:183} INFO - Processing /home/airflow/.local/lib/python3.12/site-packages/airflow/example_dags/example_latest_only_with_trigger.py took 0.060 seconds
[2024-06-20T23:49:39.746+0000] {processor.py:161} INFO - Started process (PID=1001) to work on /home/airflow/.local/lib/python3.12/site-packages/airflow/example_dags/example_latest_only_with_trigger.py
[2024-06-20T23:49:39.746+0000] {processor.py:830} INFO - Processing file /home/airflow/.local/lib/python3.12/site-packages/airflow/example_dags/example_latest_only_with_trigger.py for tasks to queue
[2024-06-20T23:49:39.748+0000] {logging_mixin.py:188} INFO - [2024-06-20T23:49:39.748+0000] {dagbag.py:545} INFO - Filling up the DagBag from /home/airflow/.local/lib/python3.12/site-packages/airflow/example_dags/example_latest_only_with_trigger.py
[2024-06-20T23:49:39.752+0000] {processor.py:840} INFO - DAG(s) 'latest_only_with_trigger' retrieved from /home/airflow/.local/lib/python3.12/site-packages/airflow/example_dags/example_latest_only_with_trigger.py
[2024-06-20T23:49:39.771+0000] {logging_mixin.py:188} INFO - [2024-06-20T23:49:39.770+0000] {dag.py:3096} INFO - Sync 1 DAGs
[2024-06-20T23:49:39.788+0000] {logging_mixin.py:188} INFO - [2024-06-20T23:49:39.787+0000] {dag.py:3954} INFO - Setting next_dagrun for latest_only_with_trigger to 2024-06-20 16:00:00+00:00, run_after=2024-06-20 20:00:00+00:00
[2024-06-20T23:49:39.803+0000] {processor.py:183} INFO - Processing /home/airflow/.local/lib/python3.12/site-packages/airflow/example_dags/example_latest_only_with_trigger.py took 0.062 seconds
[2024-06-20T23:50:10.395+0000] {processor.py:161} INFO - Started process (PID=1059) to work on /home/airflow/.local/lib/python3.12/site-packages/airflow/example_dags/example_latest_only_with_trigger.py
[2024-06-20T23:50:10.396+0000] {processor.py:830} INFO - Processing file /home/airflow/.local/lib/python3.12/site-packages/airflow/example_dags/example_latest_only_with_trigger.py for tasks to queue
[2024-06-20T23:50:10.397+0000] {logging_mixin.py:188} INFO - [2024-06-20T23:50:10.397+0000] {dagbag.py:545} INFO - Filling up the DagBag from /home/airflow/.local/lib/python3.12/site-packages/airflow/example_dags/example_latest_only_with_trigger.py
[2024-06-20T23:50:10.402+0000] {processor.py:840} INFO - DAG(s) 'latest_only_with_trigger' retrieved from /home/airflow/.local/lib/python3.12/site-packages/airflow/example_dags/example_latest_only_with_trigger.py
[2024-06-20T23:50:10.418+0000] {logging_mixin.py:188} INFO - [2024-06-20T23:50:10.417+0000] {dag.py:3096} INFO - Sync 1 DAGs
[2024-06-20T23:50:10.434+0000] {logging_mixin.py:188} INFO - [2024-06-20T23:50:10.434+0000] {dag.py:3954} INFO - Setting next_dagrun for latest_only_with_trigger to 2024-06-20 16:00:00+00:00, run_after=2024-06-20 20:00:00+00:00
[2024-06-20T23:50:10.450+0000] {processor.py:183} INFO - Processing /home/airflow/.local/lib/python3.12/site-packages/airflow/example_dags/example_latest_only_with_trigger.py took 0.060 seconds
[2024-06-20T23:50:41.215+0000] {processor.py:161} INFO - Started process (PID=1117) to work on /home/airflow/.local/lib/python3.12/site-packages/airflow/example_dags/example_latest_only_with_trigger.py
[2024-06-20T23:50:41.216+0000] {processor.py:830} INFO - Processing file /home/airflow/.local/lib/python3.12/site-packages/airflow/example_dags/example_latest_only_with_trigger.py for tasks to queue
[2024-06-20T23:50:41.217+0000] {logging_mixin.py:188} INFO - [2024-06-20T23:50:41.217+0000] {dagbag.py:545} INFO - Filling up the DagBag from /home/airflow/.local/lib/python3.12/site-packages/airflow/example_dags/example_latest_only_with_trigger.py
[2024-06-20T23:50:41.222+0000] {processor.py:840} INFO - DAG(s) 'latest_only_with_trigger' retrieved from /home/airflow/.local/lib/python3.12/site-packages/airflow/example_dags/example_latest_only_with_trigger.py
[2024-06-20T23:50:41.240+0000] {logging_mixin.py:188} INFO - [2024-06-20T23:50:41.240+0000] {dag.py:3096} INFO - Sync 1 DAGs
[2024-06-20T23:50:41.260+0000] {logging_mixin.py:188} INFO - [2024-06-20T23:50:41.260+0000] {dag.py:3954} INFO - Setting next_dagrun for latest_only_with_trigger to 2024-06-20 16:00:00+00:00, run_after=2024-06-20 20:00:00+00:00
[2024-06-20T23:50:41.277+0000] {processor.py:183} INFO - Processing /home/airflow/.local/lib/python3.12/site-packages/airflow/example_dags/example_latest_only_with_trigger.py took 0.067 seconds
[2024-06-20T23:51:11.356+0000] {processor.py:161} INFO - Started process (PID=1175) to work on /home/airflow/.local/lib/python3.12/site-packages/airflow/example_dags/example_latest_only_with_trigger.py
[2024-06-20T23:51:11.357+0000] {processor.py:830} INFO - Processing file /home/airflow/.local/lib/python3.12/site-packages/airflow/example_dags/example_latest_only_with_trigger.py for tasks to queue
[2024-06-20T23:51:11.359+0000] {logging_mixin.py:188} INFO - [2024-06-20T23:51:11.358+0000] {dagbag.py:545} INFO - Filling up the DagBag from /home/airflow/.local/lib/python3.12/site-packages/airflow/example_dags/example_latest_only_with_trigger.py
[2024-06-20T23:51:11.363+0000] {processor.py:840} INFO - DAG(s) 'latest_only_with_trigger' retrieved from /home/airflow/.local/lib/python3.12/site-packages/airflow/example_dags/example_latest_only_with_trigger.py
[2024-06-20T23:51:11.381+0000] {logging_mixin.py:188} INFO - [2024-06-20T23:51:11.381+0000] {dag.py:3096} INFO - Sync 1 DAGs
[2024-06-20T23:51:11.402+0000] {logging_mixin.py:188} INFO - [2024-06-20T23:51:11.402+0000] {dag.py:3954} INFO - Setting next_dagrun for latest_only_with_trigger to 2024-06-20 16:00:00+00:00, run_after=2024-06-20 20:00:00+00:00
[2024-06-20T23:51:11.421+0000] {processor.py:183} INFO - Processing /home/airflow/.local/lib/python3.12/site-packages/airflow/example_dags/example_latest_only_with_trigger.py took 0.069 seconds
[2024-06-20T23:51:41.744+0000] {processor.py:161} INFO - Started process (PID=1233) to work on /home/airflow/.local/lib/python3.12/site-packages/airflow/example_dags/example_latest_only_with_trigger.py
[2024-06-20T23:51:41.745+0000] {processor.py:830} INFO - Processing file /home/airflow/.local/lib/python3.12/site-packages/airflow/example_dags/example_latest_only_with_trigger.py for tasks to queue
[2024-06-20T23:51:41.748+0000] {logging_mixin.py:188} INFO - [2024-06-20T23:51:41.747+0000] {dagbag.py:545} INFO - Filling up the DagBag from /home/airflow/.local/lib/python3.12/site-packages/airflow/example_dags/example_latest_only_with_trigger.py
[2024-06-20T23:51:41.752+0000] {processor.py:840} INFO - DAG(s) 'latest_only_with_trigger' retrieved from /home/airflow/.local/lib/python3.12/site-packages/airflow/example_dags/example_latest_only_with_trigger.py
[2024-06-20T23:51:41.772+0000] {logging_mixin.py:188} INFO - [2024-06-20T23:51:41.772+0000] {dag.py:3096} INFO - Sync 1 DAGs
[2024-06-20T23:51:41.794+0000] {logging_mixin.py:188} INFO - [2024-06-20T23:51:41.793+0000] {dag.py:3954} INFO - Setting next_dagrun for latest_only_with_trigger to 2024-06-20 16:00:00+00:00, run_after=2024-06-20 20:00:00+00:00
[2024-06-20T23:51:41.814+0000] {processor.py:183} INFO - Processing /home/airflow/.local/lib/python3.12/site-packages/airflow/example_dags/example_latest_only_with_trigger.py took 0.075 seconds
[2024-06-20T23:52:12.657+0000] {processor.py:161} INFO - Started process (PID=1291) to work on /home/airflow/.local/lib/python3.12/site-packages/airflow/example_dags/example_latest_only_with_trigger.py
[2024-06-20T23:52:12.658+0000] {processor.py:830} INFO - Processing file /home/airflow/.local/lib/python3.12/site-packages/airflow/example_dags/example_latest_only_with_trigger.py for tasks to queue
[2024-06-20T23:52:12.659+0000] {logging_mixin.py:188} INFO - [2024-06-20T23:52:12.659+0000] {dagbag.py:545} INFO - Filling up the DagBag from /home/airflow/.local/lib/python3.12/site-packages/airflow/example_dags/example_latest_only_with_trigger.py
[2024-06-20T23:52:12.664+0000] {processor.py:840} INFO - DAG(s) 'latest_only_with_trigger' retrieved from /home/airflow/.local/lib/python3.12/site-packages/airflow/example_dags/example_latest_only_with_trigger.py
[2024-06-20T23:52:12.680+0000] {logging_mixin.py:188} INFO - [2024-06-20T23:52:12.679+0000] {dag.py:3096} INFO - Sync 1 DAGs
[2024-06-20T23:52:12.696+0000] {logging_mixin.py:188} INFO - [2024-06-20T23:52:12.696+0000] {dag.py:3954} INFO - Setting next_dagrun for latest_only_with_trigger to 2024-06-20 16:00:00+00:00, run_after=2024-06-20 20:00:00+00:00
[2024-06-20T23:52:12.710+0000] {processor.py:183} INFO - Processing /home/airflow/.local/lib/python3.12/site-packages/airflow/example_dags/example_latest_only_with_trigger.py took 0.058 seconds
[2024-06-20T23:52:43.258+0000] {processor.py:161} INFO - Started process (PID=1349) to work on /home/airflow/.local/lib/python3.12/site-packages/airflow/example_dags/example_latest_only_with_trigger.py
[2024-06-20T23:52:43.259+0000] {processor.py:830} INFO - Processing file /home/airflow/.local/lib/python3.12/site-packages/airflow/example_dags/example_latest_only_with_trigger.py for tasks to queue
[2024-06-20T23:52:43.260+0000] {logging_mixin.py:188} INFO - [2024-06-20T23:52:43.260+0000] {dagbag.py:545} INFO - Filling up the DagBag from /home/airflow/.local/lib/python3.12/site-packages/airflow/example_dags/example_latest_only_with_trigger.py
[2024-06-20T23:52:43.265+0000] {processor.py:840} INFO - DAG(s) 'latest_only_with_trigger' retrieved from /home/airflow/.local/lib/python3.12/site-packages/airflow/example_dags/example_latest_only_with_trigger.py
[2024-06-20T23:52:43.282+0000] {logging_mixin.py:188} INFO - [2024-06-20T23:52:43.282+0000] {dag.py:3096} INFO - Sync 1 DAGs
[2024-06-20T23:52:43.298+0000] {logging_mixin.py:188} INFO - [2024-06-20T23:52:43.298+0000] {dag.py:3954} INFO - Setting next_dagrun for latest_only_with_trigger to 2024-06-20 16:00:00+00:00, run_after=2024-06-20 20:00:00+00:00
[2024-06-20T23:52:43.313+0000] {processor.py:183} INFO - Processing /home/airflow/.local/lib/python3.12/site-packages/airflow/example_dags/example_latest_only_with_trigger.py took 0.060 seconds
[2024-06-20T23:53:13.412+0000] {processor.py:161} INFO - Started process (PID=1407) to work on /home/airflow/.local/lib/python3.12/site-packages/airflow/example_dags/example_latest_only_with_trigger.py
[2024-06-20T23:53:13.414+0000] {processor.py:830} INFO - Processing file /home/airflow/.local/lib/python3.12/site-packages/airflow/example_dags/example_latest_only_with_trigger.py for tasks to queue
[2024-06-20T23:53:13.415+0000] {logging_mixin.py:188} INFO - [2024-06-20T23:53:13.415+0000] {dagbag.py:545} INFO - Filling up the DagBag from /home/airflow/.local/lib/python3.12/site-packages/airflow/example_dags/example_latest_only_with_trigger.py
[2024-06-20T23:53:13.420+0000] {processor.py:840} INFO - DAG(s) 'latest_only_with_trigger' retrieved from /home/airflow/.local/lib/python3.12/site-packages/airflow/example_dags/example_latest_only_with_trigger.py
[2024-06-20T23:53:13.437+0000] {logging_mixin.py:188} INFO - [2024-06-20T23:53:13.437+0000] {dag.py:3096} INFO - Sync 1 DAGs
[2024-06-20T23:53:13.454+0000] {logging_mixin.py:188} INFO - [2024-06-20T23:53:13.453+0000] {dag.py:3954} INFO - Setting next_dagrun for latest_only_with_trigger to 2024-06-20 16:00:00+00:00, run_after=2024-06-20 20:00:00+00:00
[2024-06-20T23:53:13.470+0000] {processor.py:183} INFO - Processing /home/airflow/.local/lib/python3.12/site-packages/airflow/example_dags/example_latest_only_with_trigger.py took 0.062 seconds
[2024-06-20T23:53:43.591+0000] {processor.py:161} INFO - Started process (PID=1465) to work on /home/airflow/.local/lib/python3.12/site-packages/airflow/example_dags/example_latest_only_with_trigger.py
[2024-06-20T23:53:43.592+0000] {processor.py:830} INFO - Processing file /home/airflow/.local/lib/python3.12/site-packages/airflow/example_dags/example_latest_only_with_trigger.py for tasks to queue
[2024-06-20T23:53:43.593+0000] {logging_mixin.py:188} INFO - [2024-06-20T23:53:43.593+0000] {dagbag.py:545} INFO - Filling up the DagBag from /home/airflow/.local/lib/python3.12/site-packages/airflow/example_dags/example_latest_only_with_trigger.py
[2024-06-20T23:53:43.598+0000] {processor.py:840} INFO - DAG(s) 'latest_only_with_trigger' retrieved from /home/airflow/.local/lib/python3.12/site-packages/airflow/example_dags/example_latest_only_with_trigger.py
[2024-06-20T23:53:43.615+0000] {logging_mixin.py:188} INFO - [2024-06-20T23:53:43.615+0000] {dag.py:3096} INFO - Sync 1 DAGs
[2024-06-20T23:53:43.632+0000] {logging_mixin.py:188} INFO - [2024-06-20T23:53:43.632+0000] {dag.py:3954} INFO - Setting next_dagrun for latest_only_with_trigger to 2024-06-20 16:00:00+00:00, run_after=2024-06-20 20:00:00+00:00
[2024-06-20T23:53:43.648+0000] {processor.py:183} INFO - Processing /home/airflow/.local/lib/python3.12/site-packages/airflow/example_dags/example_latest_only_with_trigger.py took 0.062 seconds
[2024-06-20T23:54:13.810+0000] {processor.py:161} INFO - Started process (PID=1523) to work on /home/airflow/.local/lib/python3.12/site-packages/airflow/example_dags/example_latest_only_with_trigger.py
[2024-06-20T23:54:13.811+0000] {processor.py:830} INFO - Processing file /home/airflow/.local/lib/python3.12/site-packages/airflow/example_dags/example_latest_only_with_trigger.py for tasks to queue
[2024-06-20T23:54:13.812+0000] {logging_mixin.py:188} INFO - [2024-06-20T23:54:13.812+0000] {dagbag.py:545} INFO - Filling up the DagBag from /home/airflow/.local/lib/python3.12/site-packages/airflow/example_dags/example_latest_only_with_trigger.py
[2024-06-20T23:54:13.817+0000] {processor.py:840} INFO - DAG(s) 'latest_only_with_trigger' retrieved from /home/airflow/.local/lib/python3.12/site-packages/airflow/example_dags/example_latest_only_with_trigger.py
[2024-06-20T23:54:13.834+0000] {logging_mixin.py:188} INFO - [2024-06-20T23:54:13.834+0000] {dag.py:3096} INFO - Sync 1 DAGs
[2024-06-20T23:54:13.852+0000] {logging_mixin.py:188} INFO - [2024-06-20T23:54:13.852+0000] {dag.py:3954} INFO - Setting next_dagrun for latest_only_with_trigger to 2024-06-20 16:00:00+00:00, run_after=2024-06-20 20:00:00+00:00
[2024-06-20T23:54:13.869+0000] {processor.py:183} INFO - Processing /home/airflow/.local/lib/python3.12/site-packages/airflow/example_dags/example_latest_only_with_trigger.py took 0.063 seconds
[2024-06-20T23:54:44.062+0000] {processor.py:161} INFO - Started process (PID=1581) to work on /home/airflow/.local/lib/python3.12/site-packages/airflow/example_dags/example_latest_only_with_trigger.py
[2024-06-20T23:54:44.063+0000] {processor.py:830} INFO - Processing file /home/airflow/.local/lib/python3.12/site-packages/airflow/example_dags/example_latest_only_with_trigger.py for tasks to queue
[2024-06-20T23:54:44.065+0000] {logging_mixin.py:188} INFO - [2024-06-20T23:54:44.065+0000] {dagbag.py:545} INFO - Filling up the DagBag from /home/airflow/.local/lib/python3.12/site-packages/airflow/example_dags/example_latest_only_with_trigger.py
[2024-06-20T23:54:44.070+0000] {processor.py:840} INFO - DAG(s) 'latest_only_with_trigger' retrieved from /home/airflow/.local/lib/python3.12/site-packages/airflow/example_dags/example_latest_only_with_trigger.py
[2024-06-20T23:54:44.088+0000] {logging_mixin.py:188} INFO - [2024-06-20T23:54:44.087+0000] {dag.py:3096} INFO - Sync 1 DAGs
[2024-06-20T23:54:44.106+0000] {logging_mixin.py:188} INFO - [2024-06-20T23:54:44.105+0000] {dag.py:3954} INFO - Setting next_dagrun for latest_only_with_trigger to 2024-06-20 16:00:00+00:00, run_after=2024-06-20 20:00:00+00:00
[2024-06-20T23:54:44.120+0000] {processor.py:183} INFO - Processing /home/airflow/.local/lib/python3.12/site-packages/airflow/example_dags/example_latest_only_with_trigger.py took 0.063 seconds
[2024-06-20T23:55:14.579+0000] {processor.py:161} INFO - Started process (PID=1639) to work on /home/airflow/.local/lib/python3.12/site-packages/airflow/example_dags/example_latest_only_with_trigger.py
[2024-06-20T23:55:14.580+0000] {processor.py:830} INFO - Processing file /home/airflow/.local/lib/python3.12/site-packages/airflow/example_dags/example_latest_only_with_trigger.py for tasks to queue
[2024-06-20T23:55:14.581+0000] {logging_mixin.py:188} INFO - [2024-06-20T23:55:14.581+0000] {dagbag.py:545} INFO - Filling up the DagBag from /home/airflow/.local/lib/python3.12/site-packages/airflow/example_dags/example_latest_only_with_trigger.py
[2024-06-20T23:55:14.586+0000] {processor.py:840} INFO - DAG(s) 'latest_only_with_trigger' retrieved from /home/airflow/.local/lib/python3.12/site-packages/airflow/example_dags/example_latest_only_with_trigger.py
[2024-06-20T23:55:14.603+0000] {logging_mixin.py:188} INFO - [2024-06-20T23:55:14.602+0000] {dag.py:3096} INFO - Sync 1 DAGs
[2024-06-20T23:55:14.620+0000] {logging_mixin.py:188} INFO - [2024-06-20T23:55:14.620+0000] {dag.py:3954} INFO - Setting next_dagrun for latest_only_with_trigger to 2024-06-20 16:00:00+00:00, run_after=2024-06-20 20:00:00+00:00
[2024-06-20T23:55:14.636+0000] {processor.py:183} INFO - Processing /home/airflow/.local/lib/python3.12/site-packages/airflow/example_dags/example_latest_only_with_trigger.py took 0.062 seconds
[2024-06-20T23:55:44.743+0000] {processor.py:161} INFO - Started process (PID=1697) to work on /home/airflow/.local/lib/python3.12/site-packages/airflow/example_dags/example_latest_only_with_trigger.py
[2024-06-20T23:55:44.743+0000] {processor.py:830} INFO - Processing file /home/airflow/.local/lib/python3.12/site-packages/airflow/example_dags/example_latest_only_with_trigger.py for tasks to queue
[2024-06-20T23:55:44.745+0000] {logging_mixin.py:188} INFO - [2024-06-20T23:55:44.745+0000] {dagbag.py:545} INFO - Filling up the DagBag from /home/airflow/.local/lib/python3.12/site-packages/airflow/example_dags/example_latest_only_with_trigger.py
[2024-06-20T23:55:44.750+0000] {processor.py:840} INFO - DAG(s) 'latest_only_with_trigger' retrieved from /home/airflow/.local/lib/python3.12/site-packages/airflow/example_dags/example_latest_only_with_trigger.py
[2024-06-20T23:55:44.768+0000] {logging_mixin.py:188} INFO - [2024-06-20T23:55:44.767+0000] {dag.py:3096} INFO - Sync 1 DAGs
[2024-06-20T23:55:44.785+0000] {logging_mixin.py:188} INFO - [2024-06-20T23:55:44.784+0000] {dag.py:3954} INFO - Setting next_dagrun for latest_only_with_trigger to 2024-06-20 16:00:00+00:00, run_after=2024-06-20 20:00:00+00:00
[2024-06-20T23:55:44.941+0000] {processor.py:183} INFO - Processing /home/airflow/.local/lib/python3.12/site-packages/airflow/example_dags/example_latest_only_with_trigger.py took 0.202 seconds
[2024-06-20T23:56:15.835+0000] {processor.py:161} INFO - Started process (PID=1755) to work on /home/airflow/.local/lib/python3.12/site-packages/airflow/example_dags/example_latest_only_with_trigger.py
[2024-06-20T23:56:15.835+0000] {processor.py:830} INFO - Processing file /home/airflow/.local/lib/python3.12/site-packages/airflow/example_dags/example_latest_only_with_trigger.py for tasks to queue
[2024-06-20T23:56:15.837+0000] {logging_mixin.py:188} INFO - [2024-06-20T23:56:15.837+0000] {dagbag.py:545} INFO - Filling up the DagBag from /home/airflow/.local/lib/python3.12/site-packages/airflow/example_dags/example_latest_only_with_trigger.py
[2024-06-20T23:56:15.842+0000] {processor.py:840} INFO - DAG(s) 'latest_only_with_trigger' retrieved from /home/airflow/.local/lib/python3.12/site-packages/airflow/example_dags/example_latest_only_with_trigger.py
[2024-06-20T23:56:15.861+0000] {logging_mixin.py:188} INFO - [2024-06-20T23:56:15.860+0000] {dag.py:3096} INFO - Sync 1 DAGs
[2024-06-20T23:56:15.879+0000] {logging_mixin.py:188} INFO - [2024-06-20T23:56:15.879+0000] {dag.py:3954} INFO - Setting next_dagrun for latest_only_with_trigger to 2024-06-20 16:00:00+00:00, run_after=2024-06-20 20:00:00+00:00
[2024-06-20T23:56:15.896+0000] {processor.py:183} INFO - Processing /home/airflow/.local/lib/python3.12/site-packages/airflow/example_dags/example_latest_only_with_trigger.py took 0.066 seconds
[2024-06-20T23:56:46.160+0000] {processor.py:161} INFO - Started process (PID=1812) to work on /home/airflow/.local/lib/python3.12/site-packages/airflow/example_dags/example_latest_only_with_trigger.py
[2024-06-20T23:56:46.161+0000] {processor.py:830} INFO - Processing file /home/airflow/.local/lib/python3.12/site-packages/airflow/example_dags/example_latest_only_with_trigger.py for tasks to queue
[2024-06-20T23:56:46.163+0000] {logging_mixin.py:188} INFO - [2024-06-20T23:56:46.163+0000] {dagbag.py:545} INFO - Filling up the DagBag from /home/airflow/.local/lib/python3.12/site-packages/airflow/example_dags/example_latest_only_with_trigger.py
[2024-06-20T23:56:46.168+0000] {processor.py:840} INFO - DAG(s) 'latest_only_with_trigger' retrieved from /home/airflow/.local/lib/python3.12/site-packages/airflow/example_dags/example_latest_only_with_trigger.py
[2024-06-20T23:56:46.187+0000] {logging_mixin.py:188} INFO - [2024-06-20T23:56:46.187+0000] {dag.py:3096} INFO - Sync 1 DAGs
[2024-06-20T23:56:46.205+0000] {logging_mixin.py:188} INFO - [2024-06-20T23:56:46.205+0000] {dag.py:3954} INFO - Setting next_dagrun for latest_only_with_trigger to 2024-06-20 16:00:00+00:00, run_after=2024-06-20 20:00:00+00:00
[2024-06-20T23:56:46.230+0000] {processor.py:183} INFO - Processing /home/airflow/.local/lib/python3.12/site-packages/airflow/example_dags/example_latest_only_with_trigger.py took 0.074 seconds
[2024-06-20T23:57:16.311+0000] {processor.py:161} INFO - Started process (PID=1870) to work on /home/airflow/.local/lib/python3.12/site-packages/airflow/example_dags/example_latest_only_with_trigger.py
[2024-06-20T23:57:16.312+0000] {processor.py:830} INFO - Processing file /home/airflow/.local/lib/python3.12/site-packages/airflow/example_dags/example_latest_only_with_trigger.py for tasks to queue
[2024-06-20T23:57:16.314+0000] {logging_mixin.py:188} INFO - [2024-06-20T23:57:16.313+0000] {dagbag.py:545} INFO - Filling up the DagBag from /home/airflow/.local/lib/python3.12/site-packages/airflow/example_dags/example_latest_only_with_trigger.py
[2024-06-20T23:57:16.318+0000] {processor.py:840} INFO - DAG(s) 'latest_only_with_trigger' retrieved from /home/airflow/.local/lib/python3.12/site-packages/airflow/example_dags/example_latest_only_with_trigger.py
[2024-06-20T23:57:16.337+0000] {logging_mixin.py:188} INFO - [2024-06-20T23:57:16.337+0000] {dag.py:3096} INFO - Sync 1 DAGs
[2024-06-20T23:57:16.358+0000] {logging_mixin.py:188} INFO - [2024-06-20T23:57:16.358+0000] {dag.py:3954} INFO - Setting next_dagrun for latest_only_with_trigger to 2024-06-20 16:00:00+00:00, run_after=2024-06-20 20:00:00+00:00
[2024-06-20T23:57:16.377+0000] {processor.py:183} INFO - Processing /home/airflow/.local/lib/python3.12/site-packages/airflow/example_dags/example_latest_only_with_trigger.py took 0.071 seconds
[2024-06-20T23:57:46.875+0000] {processor.py:161} INFO - Started process (PID=1928) to work on /home/airflow/.local/lib/python3.12/site-packages/airflow/example_dags/example_latest_only_with_trigger.py
[2024-06-20T23:57:46.876+0000] {processor.py:830} INFO - Processing file /home/airflow/.local/lib/python3.12/site-packages/airflow/example_dags/example_latest_only_with_trigger.py for tasks to queue
[2024-06-20T23:57:46.878+0000] {logging_mixin.py:188} INFO - [2024-06-20T23:57:46.878+0000] {dagbag.py:545} INFO - Filling up the DagBag from /home/airflow/.local/lib/python3.12/site-packages/airflow/example_dags/example_latest_only_with_trigger.py
[2024-06-20T23:57:46.883+0000] {processor.py:840} INFO - DAG(s) 'latest_only_with_trigger' retrieved from /home/airflow/.local/lib/python3.12/site-packages/airflow/example_dags/example_latest_only_with_trigger.py
[2024-06-20T23:57:46.899+0000] {logging_mixin.py:188} INFO - [2024-06-20T23:57:46.899+0000] {dag.py:3096} INFO - Sync 1 DAGs
[2024-06-20T23:57:46.915+0000] {logging_mixin.py:188} INFO - [2024-06-20T23:57:46.915+0000] {dag.py:3954} INFO - Setting next_dagrun for latest_only_with_trigger to 2024-06-20 16:00:00+00:00, run_after=2024-06-20 20:00:00+00:00
[2024-06-20T23:57:46.931+0000] {processor.py:183} INFO - Processing /home/airflow/.local/lib/python3.12/site-packages/airflow/example_dags/example_latest_only_with_trigger.py took 0.060 seconds
[2024-06-20T23:58:17.318+0000] {processor.py:161} INFO - Started process (PID=1986) to work on /home/airflow/.local/lib/python3.12/site-packages/airflow/example_dags/example_latest_only_with_trigger.py
[2024-06-20T23:58:17.319+0000] {processor.py:830} INFO - Processing file /home/airflow/.local/lib/python3.12/site-packages/airflow/example_dags/example_latest_only_with_trigger.py for tasks to queue
[2024-06-20T23:58:17.320+0000] {logging_mixin.py:188} INFO - [2024-06-20T23:58:17.320+0000] {dagbag.py:545} INFO - Filling up the DagBag from /home/airflow/.local/lib/python3.12/site-packages/airflow/example_dags/example_latest_only_with_trigger.py
[2024-06-20T23:58:17.324+0000] {processor.py:840} INFO - DAG(s) 'latest_only_with_trigger' retrieved from /home/airflow/.local/lib/python3.12/site-packages/airflow/example_dags/example_latest_only_with_trigger.py
[2024-06-20T23:58:17.343+0000] {logging_mixin.py:188} INFO - [2024-06-20T23:58:17.343+0000] {dag.py:3096} INFO - Sync 1 DAGs
[2024-06-20T23:58:17.360+0000] {logging_mixin.py:188} INFO - [2024-06-20T23:58:17.360+0000] {dag.py:3954} INFO - Setting next_dagrun for latest_only_with_trigger to 2024-06-20 16:00:00+00:00, run_after=2024-06-20 20:00:00+00:00
[2024-06-20T23:58:17.376+0000] {processor.py:183} INFO - Processing /home/airflow/.local/lib/python3.12/site-packages/airflow/example_dags/example_latest_only_with_trigger.py took 0.062 seconds
[2024-06-20T23:58:47.584+0000] {processor.py:161} INFO - Started process (PID=2050) to work on /home/airflow/.local/lib/python3.12/site-packages/airflow/example_dags/example_latest_only_with_trigger.py
[2024-06-20T23:58:47.585+0000] {processor.py:830} INFO - Processing file /home/airflow/.local/lib/python3.12/site-packages/airflow/example_dags/example_latest_only_with_trigger.py for tasks to queue
[2024-06-20T23:58:47.586+0000] {logging_mixin.py:188} INFO - [2024-06-20T23:58:47.586+0000] {dagbag.py:545} INFO - Filling up the DagBag from /home/airflow/.local/lib/python3.12/site-packages/airflow/example_dags/example_latest_only_with_trigger.py
[2024-06-20T23:58:47.697+0000] {processor.py:840} INFO - DAG(s) 'latest_only_with_trigger' retrieved from /home/airflow/.local/lib/python3.12/site-packages/airflow/example_dags/example_latest_only_with_trigger.py
[2024-06-20T23:58:47.712+0000] {logging_mixin.py:188} INFO - [2024-06-20T23:58:47.712+0000] {dag.py:3096} INFO - Sync 1 DAGs
[2024-06-20T23:58:47.726+0000] {logging_mixin.py:188} INFO - [2024-06-20T23:58:47.726+0000] {dag.py:3954} INFO - Setting next_dagrun for latest_only_with_trigger to 2024-06-20 16:00:00+00:00, run_after=2024-06-20 20:00:00+00:00
[2024-06-20T23:58:47.748+0000] {processor.py:183} INFO - Processing /home/airflow/.local/lib/python3.12/site-packages/airflow/example_dags/example_latest_only_with_trigger.py took 0.168 seconds
[2024-06-20T23:59:18.353+0000] {processor.py:161} INFO - Started process (PID=2109) to work on /home/airflow/.local/lib/python3.12/site-packages/airflow/example_dags/example_latest_only_with_trigger.py
[2024-06-20T23:59:18.354+0000] {processor.py:830} INFO - Processing file /home/airflow/.local/lib/python3.12/site-packages/airflow/example_dags/example_latest_only_with_trigger.py for tasks to queue
[2024-06-20T23:59:18.356+0000] {logging_mixin.py:188} INFO - [2024-06-20T23:59:18.355+0000] {dagbag.py:545} INFO - Filling up the DagBag from /home/airflow/.local/lib/python3.12/site-packages/airflow/example_dags/example_latest_only_with_trigger.py
[2024-06-20T23:59:18.360+0000] {processor.py:840} INFO - DAG(s) 'latest_only_with_trigger' retrieved from /home/airflow/.local/lib/python3.12/site-packages/airflow/example_dags/example_latest_only_with_trigger.py
[2024-06-20T23:59:18.382+0000] {logging_mixin.py:188} INFO - [2024-06-20T23:59:18.382+0000] {dag.py:3096} INFO - Sync 1 DAGs
[2024-06-20T23:59:18.406+0000] {logging_mixin.py:188} INFO - [2024-06-20T23:59:18.406+0000] {dag.py:3954} INFO - Setting next_dagrun for latest_only_with_trigger to 2024-06-20 16:00:00+00:00, run_after=2024-06-20 20:00:00+00:00
[2024-06-20T23:59:18.432+0000] {processor.py:183} INFO - Processing /home/airflow/.local/lib/python3.12/site-packages/airflow/example_dags/example_latest_only_with_trigger.py took 0.083 seconds
[2024-06-20T23:59:49.185+0000] {processor.py:161} INFO - Started process (PID=2167) to work on /home/airflow/.local/lib/python3.12/site-packages/airflow/example_dags/example_latest_only_with_trigger.py
[2024-06-20T23:59:49.186+0000] {processor.py:830} INFO - Processing file /home/airflow/.local/lib/python3.12/site-packages/airflow/example_dags/example_latest_only_with_trigger.py for tasks to queue
[2024-06-20T23:59:49.188+0000] {logging_mixin.py:188} INFO - [2024-06-20T23:59:49.187+0000] {dagbag.py:545} INFO - Filling up the DagBag from /home/airflow/.local/lib/python3.12/site-packages/airflow/example_dags/example_latest_only_with_trigger.py
[2024-06-20T23:59:49.194+0000] {processor.py:840} INFO - DAG(s) 'latest_only_with_trigger' retrieved from /home/airflow/.local/lib/python3.12/site-packages/airflow/example_dags/example_latest_only_with_trigger.py
[2024-06-20T23:59:49.218+0000] {logging_mixin.py:188} INFO - [2024-06-20T23:59:49.217+0000] {dag.py:3096} INFO - Sync 1 DAGs
[2024-06-20T23:59:49.238+0000] {logging_mixin.py:188} INFO - [2024-06-20T23:59:49.238+0000] {dag.py:3954} INFO - Setting next_dagrun for latest_only_with_trigger to 2024-06-20 16:00:00+00:00, run_after=2024-06-20 20:00:00+00:00
[2024-06-20T23:59:49.256+0000] {processor.py:183} INFO - Processing /home/airflow/.local/lib/python3.12/site-packages/airflow/example_dags/example_latest_only_with_trigger.py took 0.079 seconds
