[2024-06-20T23:41:01.374+0000] {processor.py:161} INFO - Started process (PID=67) to work on /home/airflow/.local/lib/python3.12/site-packages/airflow/example_dags/example_branch_python_dop_operator_3.py
[2024-06-20T23:41:01.375+0000] {processor.py:830} INFO - Processing file /home/airflow/.local/lib/python3.12/site-packages/airflow/example_dags/example_branch_python_dop_operator_3.py for tasks to queue
[2024-06-20T23:41:01.377+0000] {logging_mixin.py:188} INFO - [2024-06-20T23:41:01.377+0000] {dagbag.py:545} INFO - Filling up the DagBag from /home/airflow/.local/lib/python3.12/site-packages/airflow/example_dags/example_branch_python_dop_operator_3.py
[2024-06-20T23:41:01.388+0000] {processor.py:840} INFO - DAG(s) 'example_branch_dop_operator_v3' retrieved from /home/airflow/.local/lib/python3.12/site-packages/airflow/example_dags/example_branch_python_dop_operator_3.py
[2024-06-20T23:41:01.401+0000] {logging_mixin.py:188} INFO - [2024-06-20T23:41:01.400+0000] {dag.py:3096} INFO - Sync 1 DAGs
[2024-06-20T23:41:01.429+0000] {logging_mixin.py:188} INFO - [2024-06-20T23:41:01.428+0000] {dag.py:3954} INFO - Setting next_dagrun for example_branch_dop_operator_v3 to 2024-06-20 23:40:00+00:00, run_after=2024-06-20 23:41:00+00:00
[2024-06-20T23:41:01.449+0000] {processor.py:183} INFO - Processing /home/airflow/.local/lib/python3.12/site-packages/airflow/example_dags/example_branch_python_dop_operator_3.py took 0.079 seconds
[2024-06-20T23:41:30.181+0000] {processor.py:161} INFO - Started process (PID=67) to work on /home/airflow/.local/lib/python3.12/site-packages/airflow/example_dags/example_branch_python_dop_operator_3.py
[2024-06-20T23:41:30.182+0000] {processor.py:830} INFO - Processing file /home/airflow/.local/lib/python3.12/site-packages/airflow/example_dags/example_branch_python_dop_operator_3.py for tasks to queue
[2024-06-20T23:41:30.183+0000] {logging_mixin.py:188} INFO - [2024-06-20T23:41:30.183+0000] {dagbag.py:545} INFO - Filling up the DagBag from /home/airflow/.local/lib/python3.12/site-packages/airflow/example_dags/example_branch_python_dop_operator_3.py
[2024-06-20T23:41:30.191+0000] {processor.py:840} INFO - DAG(s) 'example_branch_dop_operator_v3' retrieved from /home/airflow/.local/lib/python3.12/site-packages/airflow/example_dags/example_branch_python_dop_operator_3.py
[2024-06-20T23:41:30.285+0000] {logging_mixin.py:188} INFO - [2024-06-20T23:41:30.285+0000] {dag.py:3096} INFO - Sync 1 DAGs
[2024-06-20T23:41:30.306+0000] {logging_mixin.py:188} INFO - [2024-06-20T23:41:30.306+0000] {dag.py:3954} INFO - Setting next_dagrun for example_branch_dop_operator_v3 to 2024-06-20 23:40:00+00:00, run_after=2024-06-20 23:41:00+00:00
[2024-06-20T23:41:30.324+0000] {processor.py:183} INFO - Processing /home/airflow/.local/lib/python3.12/site-packages/airflow/example_dags/example_branch_python_dop_operator_3.py took 0.149 seconds
[2024-06-20T23:42:00.411+0000] {processor.py:161} INFO - Started process (PID=125) to work on /home/airflow/.local/lib/python3.12/site-packages/airflow/example_dags/example_branch_python_dop_operator_3.py
[2024-06-20T23:42:00.412+0000] {processor.py:830} INFO - Processing file /home/airflow/.local/lib/python3.12/site-packages/airflow/example_dags/example_branch_python_dop_operator_3.py for tasks to queue
[2024-06-20T23:42:00.414+0000] {logging_mixin.py:188} INFO - [2024-06-20T23:42:00.414+0000] {dagbag.py:545} INFO - Filling up the DagBag from /home/airflow/.local/lib/python3.12/site-packages/airflow/example_dags/example_branch_python_dop_operator_3.py
[2024-06-20T23:42:00.421+0000] {processor.py:840} INFO - DAG(s) 'example_branch_dop_operator_v3' retrieved from /home/airflow/.local/lib/python3.12/site-packages/airflow/example_dags/example_branch_python_dop_operator_3.py
[2024-06-20T23:42:00.438+0000] {logging_mixin.py:188} INFO - [2024-06-20T23:42:00.437+0000] {dag.py:3096} INFO - Sync 1 DAGs
[2024-06-20T23:42:00.457+0000] {logging_mixin.py:188} INFO - [2024-06-20T23:42:00.457+0000] {dag.py:3954} INFO - Setting next_dagrun for example_branch_dop_operator_v3 to 2024-06-20 23:41:00+00:00, run_after=2024-06-20 23:42:00+00:00
[2024-06-20T23:42:00.474+0000] {processor.py:183} INFO - Processing /home/airflow/.local/lib/python3.12/site-packages/airflow/example_dags/example_branch_python_dop_operator_3.py took 0.067 seconds
[2024-06-20T23:42:30.701+0000] {processor.py:161} INFO - Started process (PID=183) to work on /home/airflow/.local/lib/python3.12/site-packages/airflow/example_dags/example_branch_python_dop_operator_3.py
[2024-06-20T23:42:30.702+0000] {processor.py:830} INFO - Processing file /home/airflow/.local/lib/python3.12/site-packages/airflow/example_dags/example_branch_python_dop_operator_3.py for tasks to queue
[2024-06-20T23:42:30.705+0000] {logging_mixin.py:188} INFO - [2024-06-20T23:42:30.704+0000] {dagbag.py:545} INFO - Filling up the DagBag from /home/airflow/.local/lib/python3.12/site-packages/airflow/example_dags/example_branch_python_dop_operator_3.py
[2024-06-20T23:42:30.712+0000] {processor.py:840} INFO - DAG(s) 'example_branch_dop_operator_v3' retrieved from /home/airflow/.local/lib/python3.12/site-packages/airflow/example_dags/example_branch_python_dop_operator_3.py
[2024-06-20T23:42:30.728+0000] {logging_mixin.py:188} INFO - [2024-06-20T23:42:30.728+0000] {dag.py:3096} INFO - Sync 1 DAGs
[2024-06-20T23:42:30.750+0000] {logging_mixin.py:188} INFO - [2024-06-20T23:42:30.749+0000] {dag.py:3954} INFO - Setting next_dagrun for example_branch_dop_operator_v3 to 2024-06-20 23:41:00+00:00, run_after=2024-06-20 23:42:00+00:00
[2024-06-20T23:42:30.765+0000] {processor.py:183} INFO - Processing /home/airflow/.local/lib/python3.12/site-packages/airflow/example_dags/example_branch_python_dop_operator_3.py took 0.069 seconds
[2024-06-20T23:43:00.849+0000] {processor.py:161} INFO - Started process (PID=241) to work on /home/airflow/.local/lib/python3.12/site-packages/airflow/example_dags/example_branch_python_dop_operator_3.py
[2024-06-20T23:43:00.850+0000] {processor.py:830} INFO - Processing file /home/airflow/.local/lib/python3.12/site-packages/airflow/example_dags/example_branch_python_dop_operator_3.py for tasks to queue
[2024-06-20T23:43:00.852+0000] {logging_mixin.py:188} INFO - [2024-06-20T23:43:00.852+0000] {dagbag.py:545} INFO - Filling up the DagBag from /home/airflow/.local/lib/python3.12/site-packages/airflow/example_dags/example_branch_python_dop_operator_3.py
[2024-06-20T23:43:00.860+0000] {processor.py:840} INFO - DAG(s) 'example_branch_dop_operator_v3' retrieved from /home/airflow/.local/lib/python3.12/site-packages/airflow/example_dags/example_branch_python_dop_operator_3.py
[2024-06-20T23:43:00.877+0000] {logging_mixin.py:188} INFO - [2024-06-20T23:43:00.877+0000] {dag.py:3096} INFO - Sync 1 DAGs
[2024-06-20T23:43:00.898+0000] {logging_mixin.py:188} INFO - [2024-06-20T23:43:00.898+0000] {dag.py:3954} INFO - Setting next_dagrun for example_branch_dop_operator_v3 to 2024-06-20 23:42:00+00:00, run_after=2024-06-20 23:43:00+00:00
[2024-06-20T23:43:00.915+0000] {processor.py:183} INFO - Processing /home/airflow/.local/lib/python3.12/site-packages/airflow/example_dags/example_branch_python_dop_operator_3.py took 0.071 seconds
[2024-06-20T23:43:31.047+0000] {processor.py:161} INFO - Started process (PID=299) to work on /home/airflow/.local/lib/python3.12/site-packages/airflow/example_dags/example_branch_python_dop_operator_3.py
[2024-06-20T23:43:31.048+0000] {processor.py:830} INFO - Processing file /home/airflow/.local/lib/python3.12/site-packages/airflow/example_dags/example_branch_python_dop_operator_3.py for tasks to queue
[2024-06-20T23:43:31.050+0000] {logging_mixin.py:188} INFO - [2024-06-20T23:43:31.049+0000] {dagbag.py:545} INFO - Filling up the DagBag from /home/airflow/.local/lib/python3.12/site-packages/airflow/example_dags/example_branch_python_dop_operator_3.py
[2024-06-20T23:43:31.056+0000] {processor.py:840} INFO - DAG(s) 'example_branch_dop_operator_v3' retrieved from /home/airflow/.local/lib/python3.12/site-packages/airflow/example_dags/example_branch_python_dop_operator_3.py
[2024-06-20T23:43:31.074+0000] {logging_mixin.py:188} INFO - [2024-06-20T23:43:31.074+0000] {dag.py:3096} INFO - Sync 1 DAGs
[2024-06-20T23:43:31.094+0000] {logging_mixin.py:188} INFO - [2024-06-20T23:43:31.094+0000] {dag.py:3954} INFO - Setting next_dagrun for example_branch_dop_operator_v3 to 2024-06-20 23:42:00+00:00, run_after=2024-06-20 23:43:00+00:00
[2024-06-20T23:43:31.110+0000] {processor.py:183} INFO - Processing /home/airflow/.local/lib/python3.12/site-packages/airflow/example_dags/example_branch_python_dop_operator_3.py took 0.068 seconds
[2024-06-20T23:44:01.540+0000] {processor.py:161} INFO - Started process (PID=357) to work on /home/airflow/.local/lib/python3.12/site-packages/airflow/example_dags/example_branch_python_dop_operator_3.py
[2024-06-20T23:44:01.540+0000] {processor.py:830} INFO - Processing file /home/airflow/.local/lib/python3.12/site-packages/airflow/example_dags/example_branch_python_dop_operator_3.py for tasks to queue
[2024-06-20T23:44:01.542+0000] {logging_mixin.py:188} INFO - [2024-06-20T23:44:01.542+0000] {dagbag.py:545} INFO - Filling up the DagBag from /home/airflow/.local/lib/python3.12/site-packages/airflow/example_dags/example_branch_python_dop_operator_3.py
[2024-06-20T23:44:01.548+0000] {processor.py:840} INFO - DAG(s) 'example_branch_dop_operator_v3' retrieved from /home/airflow/.local/lib/python3.12/site-packages/airflow/example_dags/example_branch_python_dop_operator_3.py
[2024-06-20T23:44:01.566+0000] {logging_mixin.py:188} INFO - [2024-06-20T23:44:01.566+0000] {dag.py:3096} INFO - Sync 1 DAGs
[2024-06-20T23:44:01.586+0000] {logging_mixin.py:188} INFO - [2024-06-20T23:44:01.586+0000] {dag.py:3954} INFO - Setting next_dagrun for example_branch_dop_operator_v3 to 2024-06-20 23:43:00+00:00, run_after=2024-06-20 23:44:00+00:00
[2024-06-20T23:44:01.605+0000] {processor.py:183} INFO - Processing /home/airflow/.local/lib/python3.12/site-packages/airflow/example_dags/example_branch_python_dop_operator_3.py took 0.070 seconds
[2024-06-20T23:44:32.117+0000] {processor.py:161} INFO - Started process (PID=415) to work on /home/airflow/.local/lib/python3.12/site-packages/airflow/example_dags/example_branch_python_dop_operator_3.py
[2024-06-20T23:44:32.118+0000] {processor.py:830} INFO - Processing file /home/airflow/.local/lib/python3.12/site-packages/airflow/example_dags/example_branch_python_dop_operator_3.py for tasks to queue
[2024-06-20T23:44:32.119+0000] {logging_mixin.py:188} INFO - [2024-06-20T23:44:32.119+0000] {dagbag.py:545} INFO - Filling up the DagBag from /home/airflow/.local/lib/python3.12/site-packages/airflow/example_dags/example_branch_python_dop_operator_3.py
[2024-06-20T23:44:32.126+0000] {processor.py:840} INFO - DAG(s) 'example_branch_dop_operator_v3' retrieved from /home/airflow/.local/lib/python3.12/site-packages/airflow/example_dags/example_branch_python_dop_operator_3.py
[2024-06-20T23:44:32.143+0000] {logging_mixin.py:188} INFO - [2024-06-20T23:44:32.142+0000] {dag.py:3096} INFO - Sync 1 DAGs
[2024-06-20T23:44:32.161+0000] {logging_mixin.py:188} INFO - [2024-06-20T23:44:32.161+0000] {dag.py:3954} INFO - Setting next_dagrun for example_branch_dop_operator_v3 to 2024-06-20 23:43:00+00:00, run_after=2024-06-20 23:44:00+00:00
[2024-06-20T23:44:32.177+0000] {processor.py:183} INFO - Processing /home/airflow/.local/lib/python3.12/site-packages/airflow/example_dags/example_branch_python_dop_operator_3.py took 0.065 seconds
[2024-06-20T23:45:02.812+0000] {processor.py:161} INFO - Started process (PID=473) to work on /home/airflow/.local/lib/python3.12/site-packages/airflow/example_dags/example_branch_python_dop_operator_3.py
[2024-06-20T23:45:02.813+0000] {processor.py:830} INFO - Processing file /home/airflow/.local/lib/python3.12/site-packages/airflow/example_dags/example_branch_python_dop_operator_3.py for tasks to queue
[2024-06-20T23:45:02.814+0000] {logging_mixin.py:188} INFO - [2024-06-20T23:45:02.814+0000] {dagbag.py:545} INFO - Filling up the DagBag from /home/airflow/.local/lib/python3.12/site-packages/airflow/example_dags/example_branch_python_dop_operator_3.py
[2024-06-20T23:45:02.822+0000] {processor.py:840} INFO - DAG(s) 'example_branch_dop_operator_v3' retrieved from /home/airflow/.local/lib/python3.12/site-packages/airflow/example_dags/example_branch_python_dop_operator_3.py
[2024-06-20T23:45:02.843+0000] {logging_mixin.py:188} INFO - [2024-06-20T23:45:02.843+0000] {dag.py:3096} INFO - Sync 1 DAGs
[2024-06-20T23:45:02.862+0000] {logging_mixin.py:188} INFO - [2024-06-20T23:45:02.862+0000] {dag.py:3954} INFO - Setting next_dagrun for example_branch_dop_operator_v3 to 2024-06-20 23:44:00+00:00, run_after=2024-06-20 23:45:00+00:00
[2024-06-20T23:45:02.878+0000] {processor.py:183} INFO - Processing /home/airflow/.local/lib/python3.12/site-packages/airflow/example_dags/example_branch_python_dop_operator_3.py took 0.072 seconds
[2024-06-20T23:45:33.523+0000] {processor.py:161} INFO - Started process (PID=531) to work on /home/airflow/.local/lib/python3.12/site-packages/airflow/example_dags/example_branch_python_dop_operator_3.py
[2024-06-20T23:45:33.524+0000] {processor.py:830} INFO - Processing file /home/airflow/.local/lib/python3.12/site-packages/airflow/example_dags/example_branch_python_dop_operator_3.py for tasks to queue
[2024-06-20T23:45:33.526+0000] {logging_mixin.py:188} INFO - [2024-06-20T23:45:33.525+0000] {dagbag.py:545} INFO - Filling up the DagBag from /home/airflow/.local/lib/python3.12/site-packages/airflow/example_dags/example_branch_python_dop_operator_3.py
[2024-06-20T23:45:33.533+0000] {processor.py:840} INFO - DAG(s) 'example_branch_dop_operator_v3' retrieved from /home/airflow/.local/lib/python3.12/site-packages/airflow/example_dags/example_branch_python_dop_operator_3.py
[2024-06-20T23:45:33.550+0000] {logging_mixin.py:188} INFO - [2024-06-20T23:45:33.549+0000] {dag.py:3096} INFO - Sync 1 DAGs
[2024-06-20T23:45:33.570+0000] {logging_mixin.py:188} INFO - [2024-06-20T23:45:33.569+0000] {dag.py:3954} INFO - Setting next_dagrun for example_branch_dop_operator_v3 to 2024-06-20 23:44:00+00:00, run_after=2024-06-20 23:45:00+00:00
[2024-06-20T23:45:33.587+0000] {processor.py:183} INFO - Processing /home/airflow/.local/lib/python3.12/site-packages/airflow/example_dags/example_branch_python_dop_operator_3.py took 0.068 seconds
[2024-06-20T23:46:04.369+0000] {processor.py:161} INFO - Started process (PID=589) to work on /home/airflow/.local/lib/python3.12/site-packages/airflow/example_dags/example_branch_python_dop_operator_3.py
[2024-06-20T23:46:04.370+0000] {processor.py:830} INFO - Processing file /home/airflow/.local/lib/python3.12/site-packages/airflow/example_dags/example_branch_python_dop_operator_3.py for tasks to queue
[2024-06-20T23:46:04.372+0000] {logging_mixin.py:188} INFO - [2024-06-20T23:46:04.372+0000] {dagbag.py:545} INFO - Filling up the DagBag from /home/airflow/.local/lib/python3.12/site-packages/airflow/example_dags/example_branch_python_dop_operator_3.py
[2024-06-20T23:46:04.379+0000] {processor.py:840} INFO - DAG(s) 'example_branch_dop_operator_v3' retrieved from /home/airflow/.local/lib/python3.12/site-packages/airflow/example_dags/example_branch_python_dop_operator_3.py
[2024-06-20T23:46:04.398+0000] {logging_mixin.py:188} INFO - [2024-06-20T23:46:04.398+0000] {dag.py:3096} INFO - Sync 1 DAGs
[2024-06-20T23:46:04.420+0000] {logging_mixin.py:188} INFO - [2024-06-20T23:46:04.419+0000] {dag.py:3954} INFO - Setting next_dagrun for example_branch_dop_operator_v3 to 2024-06-20 23:45:00+00:00, run_after=2024-06-20 23:46:00+00:00
[2024-06-20T23:46:04.435+0000] {processor.py:183} INFO - Processing /home/airflow/.local/lib/python3.12/site-packages/airflow/example_dags/example_branch_python_dop_operator_3.py took 0.071 seconds
[2024-06-20T23:46:35.057+0000] {processor.py:161} INFO - Started process (PID=647) to work on /home/airflow/.local/lib/python3.12/site-packages/airflow/example_dags/example_branch_python_dop_operator_3.py
[2024-06-20T23:46:35.058+0000] {processor.py:830} INFO - Processing file /home/airflow/.local/lib/python3.12/site-packages/airflow/example_dags/example_branch_python_dop_operator_3.py for tasks to queue
[2024-06-20T23:46:35.060+0000] {logging_mixin.py:188} INFO - [2024-06-20T23:46:35.059+0000] {dagbag.py:545} INFO - Filling up the DagBag from /home/airflow/.local/lib/python3.12/site-packages/airflow/example_dags/example_branch_python_dop_operator_3.py
[2024-06-20T23:46:35.066+0000] {processor.py:840} INFO - DAG(s) 'example_branch_dop_operator_v3' retrieved from /home/airflow/.local/lib/python3.12/site-packages/airflow/example_dags/example_branch_python_dop_operator_3.py
[2024-06-20T23:46:35.083+0000] {logging_mixin.py:188} INFO - [2024-06-20T23:46:35.083+0000] {dag.py:3096} INFO - Sync 1 DAGs
[2024-06-20T23:46:35.104+0000] {logging_mixin.py:188} INFO - [2024-06-20T23:46:35.104+0000] {dag.py:3954} INFO - Setting next_dagrun for example_branch_dop_operator_v3 to 2024-06-20 23:45:00+00:00, run_after=2024-06-20 23:46:00+00:00
[2024-06-20T23:46:35.120+0000] {processor.py:183} INFO - Processing /home/airflow/.local/lib/python3.12/site-packages/airflow/example_dags/example_branch_python_dop_operator_3.py took 0.067 seconds
[2024-06-20T23:47:05.480+0000] {processor.py:161} INFO - Started process (PID=705) to work on /home/airflow/.local/lib/python3.12/site-packages/airflow/example_dags/example_branch_python_dop_operator_3.py
[2024-06-20T23:47:05.482+0000] {processor.py:830} INFO - Processing file /home/airflow/.local/lib/python3.12/site-packages/airflow/example_dags/example_branch_python_dop_operator_3.py for tasks to queue
[2024-06-20T23:47:05.483+0000] {logging_mixin.py:188} INFO - [2024-06-20T23:47:05.483+0000] {dagbag.py:545} INFO - Filling up the DagBag from /home/airflow/.local/lib/python3.12/site-packages/airflow/example_dags/example_branch_python_dop_operator_3.py
[2024-06-20T23:47:05.490+0000] {processor.py:840} INFO - DAG(s) 'example_branch_dop_operator_v3' retrieved from /home/airflow/.local/lib/python3.12/site-packages/airflow/example_dags/example_branch_python_dop_operator_3.py
[2024-06-20T23:47:05.507+0000] {logging_mixin.py:188} INFO - [2024-06-20T23:47:05.507+0000] {dag.py:3096} INFO - Sync 1 DAGs
[2024-06-20T23:47:05.526+0000] {logging_mixin.py:188} INFO - [2024-06-20T23:47:05.526+0000] {dag.py:3954} INFO - Setting next_dagrun for example_branch_dop_operator_v3 to 2024-06-20 23:46:00+00:00, run_after=2024-06-20 23:47:00+00:00
[2024-06-20T23:47:05.541+0000] {processor.py:183} INFO - Processing /home/airflow/.local/lib/python3.12/site-packages/airflow/example_dags/example_branch_python_dop_operator_3.py took 0.065 seconds
[2024-06-20T23:47:36.187+0000] {processor.py:161} INFO - Started process (PID=763) to work on /home/airflow/.local/lib/python3.12/site-packages/airflow/example_dags/example_branch_python_dop_operator_3.py
[2024-06-20T23:47:36.188+0000] {processor.py:830} INFO - Processing file /home/airflow/.local/lib/python3.12/site-packages/airflow/example_dags/example_branch_python_dop_operator_3.py for tasks to queue
[2024-06-20T23:47:36.189+0000] {logging_mixin.py:188} INFO - [2024-06-20T23:47:36.189+0000] {dagbag.py:545} INFO - Filling up the DagBag from /home/airflow/.local/lib/python3.12/site-packages/airflow/example_dags/example_branch_python_dop_operator_3.py
[2024-06-20T23:47:36.195+0000] {processor.py:840} INFO - DAG(s) 'example_branch_dop_operator_v3' retrieved from /home/airflow/.local/lib/python3.12/site-packages/airflow/example_dags/example_branch_python_dop_operator_3.py
[2024-06-20T23:47:36.211+0000] {logging_mixin.py:188} INFO - [2024-06-20T23:47:36.211+0000] {dag.py:3096} INFO - Sync 1 DAGs
[2024-06-20T23:47:36.230+0000] {logging_mixin.py:188} INFO - [2024-06-20T23:47:36.230+0000] {dag.py:3954} INFO - Setting next_dagrun for example_branch_dop_operator_v3 to 2024-06-20 23:46:00+00:00, run_after=2024-06-20 23:47:00+00:00
[2024-06-20T23:47:36.246+0000] {processor.py:183} INFO - Processing /home/airflow/.local/lib/python3.12/site-packages/airflow/example_dags/example_branch_python_dop_operator_3.py took 0.064 seconds
[2024-06-20T23:48:06.638+0000] {processor.py:161} INFO - Started process (PID=821) to work on /home/airflow/.local/lib/python3.12/site-packages/airflow/example_dags/example_branch_python_dop_operator_3.py
[2024-06-20T23:48:06.639+0000] {processor.py:830} INFO - Processing file /home/airflow/.local/lib/python3.12/site-packages/airflow/example_dags/example_branch_python_dop_operator_3.py for tasks to queue
[2024-06-20T23:48:06.641+0000] {logging_mixin.py:188} INFO - [2024-06-20T23:48:06.640+0000] {dagbag.py:545} INFO - Filling up the DagBag from /home/airflow/.local/lib/python3.12/site-packages/airflow/example_dags/example_branch_python_dop_operator_3.py
[2024-06-20T23:48:06.647+0000] {processor.py:840} INFO - DAG(s) 'example_branch_dop_operator_v3' retrieved from /home/airflow/.local/lib/python3.12/site-packages/airflow/example_dags/example_branch_python_dop_operator_3.py
[2024-06-20T23:48:06.664+0000] {logging_mixin.py:188} INFO - [2024-06-20T23:48:06.664+0000] {dag.py:3096} INFO - Sync 1 DAGs
[2024-06-20T23:48:06.682+0000] {logging_mixin.py:188} INFO - [2024-06-20T23:48:06.682+0000] {dag.py:3954} INFO - Setting next_dagrun for example_branch_dop_operator_v3 to 2024-06-20 23:47:00+00:00, run_after=2024-06-20 23:48:00+00:00
[2024-06-20T23:48:06.698+0000] {processor.py:183} INFO - Processing /home/airflow/.local/lib/python3.12/site-packages/airflow/example_dags/example_branch_python_dop_operator_3.py took 0.065 seconds
[2024-06-20T23:48:37.236+0000] {processor.py:161} INFO - Started process (PID=879) to work on /home/airflow/.local/lib/python3.12/site-packages/airflow/example_dags/example_branch_python_dop_operator_3.py
[2024-06-20T23:48:37.237+0000] {processor.py:830} INFO - Processing file /home/airflow/.local/lib/python3.12/site-packages/airflow/example_dags/example_branch_python_dop_operator_3.py for tasks to queue
[2024-06-20T23:48:37.238+0000] {logging_mixin.py:188} INFO - [2024-06-20T23:48:37.238+0000] {dagbag.py:545} INFO - Filling up the DagBag from /home/airflow/.local/lib/python3.12/site-packages/airflow/example_dags/example_branch_python_dop_operator_3.py
[2024-06-20T23:48:37.244+0000] {processor.py:840} INFO - DAG(s) 'example_branch_dop_operator_v3' retrieved from /home/airflow/.local/lib/python3.12/site-packages/airflow/example_dags/example_branch_python_dop_operator_3.py
[2024-06-20T23:48:37.262+0000] {logging_mixin.py:188} INFO - [2024-06-20T23:48:37.262+0000] {dag.py:3096} INFO - Sync 1 DAGs
[2024-06-20T23:48:37.281+0000] {logging_mixin.py:188} INFO - [2024-06-20T23:48:37.281+0000] {dag.py:3954} INFO - Setting next_dagrun for example_branch_dop_operator_v3 to 2024-06-20 23:47:00+00:00, run_after=2024-06-20 23:48:00+00:00
[2024-06-20T23:48:37.297+0000] {processor.py:183} INFO - Processing /home/airflow/.local/lib/python3.12/site-packages/airflow/example_dags/example_branch_python_dop_operator_3.py took 0.066 seconds
[2024-06-20T23:49:07.752+0000] {processor.py:161} INFO - Started process (PID=937) to work on /home/airflow/.local/lib/python3.12/site-packages/airflow/example_dags/example_branch_python_dop_operator_3.py
[2024-06-20T23:49:07.753+0000] {processor.py:830} INFO - Processing file /home/airflow/.local/lib/python3.12/site-packages/airflow/example_dags/example_branch_python_dop_operator_3.py for tasks to queue
[2024-06-20T23:49:07.755+0000] {logging_mixin.py:188} INFO - [2024-06-20T23:49:07.755+0000] {dagbag.py:545} INFO - Filling up the DagBag from /home/airflow/.local/lib/python3.12/site-packages/airflow/example_dags/example_branch_python_dop_operator_3.py
[2024-06-20T23:49:07.762+0000] {processor.py:840} INFO - DAG(s) 'example_branch_dop_operator_v3' retrieved from /home/airflow/.local/lib/python3.12/site-packages/airflow/example_dags/example_branch_python_dop_operator_3.py
[2024-06-20T23:49:07.779+0000] {logging_mixin.py:188} INFO - [2024-06-20T23:49:07.778+0000] {dag.py:3096} INFO - Sync 1 DAGs
[2024-06-20T23:49:07.797+0000] {logging_mixin.py:188} INFO - [2024-06-20T23:49:07.797+0000] {dag.py:3954} INFO - Setting next_dagrun for example_branch_dop_operator_v3 to 2024-06-20 23:48:00+00:00, run_after=2024-06-20 23:49:00+00:00
[2024-06-20T23:49:07.814+0000] {processor.py:183} INFO - Processing /home/airflow/.local/lib/python3.12/site-packages/airflow/example_dags/example_branch_python_dop_operator_3.py took 0.066 seconds
[2024-06-20T23:49:38.456+0000] {processor.py:161} INFO - Started process (PID=995) to work on /home/airflow/.local/lib/python3.12/site-packages/airflow/example_dags/example_branch_python_dop_operator_3.py
[2024-06-20T23:49:38.457+0000] {processor.py:830} INFO - Processing file /home/airflow/.local/lib/python3.12/site-packages/airflow/example_dags/example_branch_python_dop_operator_3.py for tasks to queue
[2024-06-20T23:49:38.459+0000] {logging_mixin.py:188} INFO - [2024-06-20T23:49:38.459+0000] {dagbag.py:545} INFO - Filling up the DagBag from /home/airflow/.local/lib/python3.12/site-packages/airflow/example_dags/example_branch_python_dop_operator_3.py
[2024-06-20T23:49:38.466+0000] {processor.py:840} INFO - DAG(s) 'example_branch_dop_operator_v3' retrieved from /home/airflow/.local/lib/python3.12/site-packages/airflow/example_dags/example_branch_python_dop_operator_3.py
[2024-06-20T23:49:38.486+0000] {logging_mixin.py:188} INFO - [2024-06-20T23:49:38.486+0000] {dag.py:3096} INFO - Sync 1 DAGs
[2024-06-20T23:49:38.507+0000] {logging_mixin.py:188} INFO - [2024-06-20T23:49:38.506+0000] {dag.py:3954} INFO - Setting next_dagrun for example_branch_dop_operator_v3 to 2024-06-20 23:48:00+00:00, run_after=2024-06-20 23:49:00+00:00
[2024-06-20T23:49:38.521+0000] {processor.py:183} INFO - Processing /home/airflow/.local/lib/python3.12/site-packages/airflow/example_dags/example_branch_python_dop_operator_3.py took 0.070 seconds
[2024-06-20T23:50:09.092+0000] {processor.py:161} INFO - Started process (PID=1053) to work on /home/airflow/.local/lib/python3.12/site-packages/airflow/example_dags/example_branch_python_dop_operator_3.py
[2024-06-20T23:50:09.093+0000] {processor.py:830} INFO - Processing file /home/airflow/.local/lib/python3.12/site-packages/airflow/example_dags/example_branch_python_dop_operator_3.py for tasks to queue
[2024-06-20T23:50:09.094+0000] {logging_mixin.py:188} INFO - [2024-06-20T23:50:09.094+0000] {dagbag.py:545} INFO - Filling up the DagBag from /home/airflow/.local/lib/python3.12/site-packages/airflow/example_dags/example_branch_python_dop_operator_3.py
[2024-06-20T23:50:09.101+0000] {processor.py:840} INFO - DAG(s) 'example_branch_dop_operator_v3' retrieved from /home/airflow/.local/lib/python3.12/site-packages/airflow/example_dags/example_branch_python_dop_operator_3.py
[2024-06-20T23:50:09.119+0000] {logging_mixin.py:188} INFO - [2024-06-20T23:50:09.119+0000] {dag.py:3096} INFO - Sync 1 DAGs
[2024-06-20T23:50:09.139+0000] {logging_mixin.py:188} INFO - [2024-06-20T23:50:09.139+0000] {dag.py:3954} INFO - Setting next_dagrun for example_branch_dop_operator_v3 to 2024-06-20 23:49:00+00:00, run_after=2024-06-20 23:50:00+00:00
[2024-06-20T23:50:09.156+0000] {processor.py:183} INFO - Processing /home/airflow/.local/lib/python3.12/site-packages/airflow/example_dags/example_branch_python_dop_operator_3.py took 0.070 seconds
[2024-06-20T23:50:39.938+0000] {processor.py:161} INFO - Started process (PID=1111) to work on /home/airflow/.local/lib/python3.12/site-packages/airflow/example_dags/example_branch_python_dop_operator_3.py
[2024-06-20T23:50:39.939+0000] {processor.py:830} INFO - Processing file /home/airflow/.local/lib/python3.12/site-packages/airflow/example_dags/example_branch_python_dop_operator_3.py for tasks to queue
[2024-06-20T23:50:39.941+0000] {logging_mixin.py:188} INFO - [2024-06-20T23:50:39.941+0000] {dagbag.py:545} INFO - Filling up the DagBag from /home/airflow/.local/lib/python3.12/site-packages/airflow/example_dags/example_branch_python_dop_operator_3.py
[2024-06-20T23:50:39.948+0000] {processor.py:840} INFO - DAG(s) 'example_branch_dop_operator_v3' retrieved from /home/airflow/.local/lib/python3.12/site-packages/airflow/example_dags/example_branch_python_dop_operator_3.py
[2024-06-20T23:50:39.965+0000] {logging_mixin.py:188} INFO - [2024-06-20T23:50:39.964+0000] {dag.py:3096} INFO - Sync 1 DAGs
[2024-06-20T23:50:39.985+0000] {logging_mixin.py:188} INFO - [2024-06-20T23:50:39.985+0000] {dag.py:3954} INFO - Setting next_dagrun for example_branch_dop_operator_v3 to 2024-06-20 23:49:00+00:00, run_after=2024-06-20 23:50:00+00:00
[2024-06-20T23:50:40.001+0000] {processor.py:183} INFO - Processing /home/airflow/.local/lib/python3.12/site-packages/airflow/example_dags/example_branch_python_dop_operator_3.py took 0.067 seconds
[2024-06-20T23:51:10.064+0000] {processor.py:161} INFO - Started process (PID=1169) to work on /home/airflow/.local/lib/python3.12/site-packages/airflow/example_dags/example_branch_python_dop_operator_3.py
[2024-06-20T23:51:10.065+0000] {processor.py:830} INFO - Processing file /home/airflow/.local/lib/python3.12/site-packages/airflow/example_dags/example_branch_python_dop_operator_3.py for tasks to queue
[2024-06-20T23:51:10.067+0000] {logging_mixin.py:188} INFO - [2024-06-20T23:51:10.067+0000] {dagbag.py:545} INFO - Filling up the DagBag from /home/airflow/.local/lib/python3.12/site-packages/airflow/example_dags/example_branch_python_dop_operator_3.py
[2024-06-20T23:51:10.075+0000] {processor.py:840} INFO - DAG(s) 'example_branch_dop_operator_v3' retrieved from /home/airflow/.local/lib/python3.12/site-packages/airflow/example_dags/example_branch_python_dop_operator_3.py
[2024-06-20T23:51:10.094+0000] {logging_mixin.py:188} INFO - [2024-06-20T23:51:10.094+0000] {dag.py:3096} INFO - Sync 1 DAGs
[2024-06-20T23:51:10.123+0000] {logging_mixin.py:188} INFO - [2024-06-20T23:51:10.123+0000] {dag.py:3954} INFO - Setting next_dagrun for example_branch_dop_operator_v3 to 2024-06-20 23:50:00+00:00, run_after=2024-06-20 23:51:00+00:00
[2024-06-20T23:51:10.144+0000] {processor.py:183} INFO - Processing /home/airflow/.local/lib/python3.12/site-packages/airflow/example_dags/example_branch_python_dop_operator_3.py took 0.085 seconds
[2024-06-20T23:51:40.513+0000] {processor.py:161} INFO - Started process (PID=1227) to work on /home/airflow/.local/lib/python3.12/site-packages/airflow/example_dags/example_branch_python_dop_operator_3.py
[2024-06-20T23:51:40.514+0000] {processor.py:830} INFO - Processing file /home/airflow/.local/lib/python3.12/site-packages/airflow/example_dags/example_branch_python_dop_operator_3.py for tasks to queue
[2024-06-20T23:51:40.516+0000] {logging_mixin.py:188} INFO - [2024-06-20T23:51:40.516+0000] {dagbag.py:545} INFO - Filling up the DagBag from /home/airflow/.local/lib/python3.12/site-packages/airflow/example_dags/example_branch_python_dop_operator_3.py
[2024-06-20T23:51:40.523+0000] {processor.py:840} INFO - DAG(s) 'example_branch_dop_operator_v3' retrieved from /home/airflow/.local/lib/python3.12/site-packages/airflow/example_dags/example_branch_python_dop_operator_3.py
[2024-06-20T23:51:40.539+0000] {logging_mixin.py:188} INFO - [2024-06-20T23:51:40.539+0000] {dag.py:3096} INFO - Sync 1 DAGs
[2024-06-20T23:51:40.560+0000] {logging_mixin.py:188} INFO - [2024-06-20T23:51:40.560+0000] {dag.py:3954} INFO - Setting next_dagrun for example_branch_dop_operator_v3 to 2024-06-20 23:50:00+00:00, run_after=2024-06-20 23:51:00+00:00
[2024-06-20T23:51:40.577+0000] {processor.py:183} INFO - Processing /home/airflow/.local/lib/python3.12/site-packages/airflow/example_dags/example_branch_python_dop_operator_3.py took 0.069 seconds
[2024-06-20T23:52:11.366+0000] {processor.py:161} INFO - Started process (PID=1285) to work on /home/airflow/.local/lib/python3.12/site-packages/airflow/example_dags/example_branch_python_dop_operator_3.py
[2024-06-20T23:52:11.367+0000] {processor.py:830} INFO - Processing file /home/airflow/.local/lib/python3.12/site-packages/airflow/example_dags/example_branch_python_dop_operator_3.py for tasks to queue
[2024-06-20T23:52:11.368+0000] {logging_mixin.py:188} INFO - [2024-06-20T23:52:11.368+0000] {dagbag.py:545} INFO - Filling up the DagBag from /home/airflow/.local/lib/python3.12/site-packages/airflow/example_dags/example_branch_python_dop_operator_3.py
[2024-06-20T23:52:11.376+0000] {processor.py:840} INFO - DAG(s) 'example_branch_dop_operator_v3' retrieved from /home/airflow/.local/lib/python3.12/site-packages/airflow/example_dags/example_branch_python_dop_operator_3.py
[2024-06-20T23:52:11.391+0000] {logging_mixin.py:188} INFO - [2024-06-20T23:52:11.391+0000] {dag.py:3096} INFO - Sync 1 DAGs
[2024-06-20T23:52:11.411+0000] {logging_mixin.py:188} INFO - [2024-06-20T23:52:11.411+0000] {dag.py:3954} INFO - Setting next_dagrun for example_branch_dop_operator_v3 to 2024-06-20 23:51:00+00:00, run_after=2024-06-20 23:52:00+00:00
[2024-06-20T23:52:11.427+0000] {processor.py:183} INFO - Processing /home/airflow/.local/lib/python3.12/site-packages/airflow/example_dags/example_branch_python_dop_operator_3.py took 0.065 seconds
[2024-06-20T23:52:41.958+0000] {processor.py:161} INFO - Started process (PID=1343) to work on /home/airflow/.local/lib/python3.12/site-packages/airflow/example_dags/example_branch_python_dop_operator_3.py
[2024-06-20T23:52:41.959+0000] {processor.py:830} INFO - Processing file /home/airflow/.local/lib/python3.12/site-packages/airflow/example_dags/example_branch_python_dop_operator_3.py for tasks to queue
[2024-06-20T23:52:41.961+0000] {logging_mixin.py:188} INFO - [2024-06-20T23:52:41.960+0000] {dagbag.py:545} INFO - Filling up the DagBag from /home/airflow/.local/lib/python3.12/site-packages/airflow/example_dags/example_branch_python_dop_operator_3.py
[2024-06-20T23:52:41.967+0000] {processor.py:840} INFO - DAG(s) 'example_branch_dop_operator_v3' retrieved from /home/airflow/.local/lib/python3.12/site-packages/airflow/example_dags/example_branch_python_dop_operator_3.py
[2024-06-20T23:52:41.984+0000] {logging_mixin.py:188} INFO - [2024-06-20T23:52:41.984+0000] {dag.py:3096} INFO - Sync 1 DAGs
[2024-06-20T23:52:42.003+0000] {logging_mixin.py:188} INFO - [2024-06-20T23:52:42.002+0000] {dag.py:3954} INFO - Setting next_dagrun for example_branch_dop_operator_v3 to 2024-06-20 23:51:00+00:00, run_after=2024-06-20 23:52:00+00:00
[2024-06-20T23:52:42.018+0000] {processor.py:183} INFO - Processing /home/airflow/.local/lib/python3.12/site-packages/airflow/example_dags/example_branch_python_dop_operator_3.py took 0.065 seconds
[2024-06-20T23:53:12.077+0000] {processor.py:161} INFO - Started process (PID=1401) to work on /home/airflow/.local/lib/python3.12/site-packages/airflow/example_dags/example_branch_python_dop_operator_3.py
[2024-06-20T23:53:12.078+0000] {processor.py:830} INFO - Processing file /home/airflow/.local/lib/python3.12/site-packages/airflow/example_dags/example_branch_python_dop_operator_3.py for tasks to queue
[2024-06-20T23:53:12.080+0000] {logging_mixin.py:188} INFO - [2024-06-20T23:53:12.080+0000] {dagbag.py:545} INFO - Filling up the DagBag from /home/airflow/.local/lib/python3.12/site-packages/airflow/example_dags/example_branch_python_dop_operator_3.py
[2024-06-20T23:53:12.086+0000] {processor.py:840} INFO - DAG(s) 'example_branch_dop_operator_v3' retrieved from /home/airflow/.local/lib/python3.12/site-packages/airflow/example_dags/example_branch_python_dop_operator_3.py
[2024-06-20T23:53:12.103+0000] {logging_mixin.py:188} INFO - [2024-06-20T23:53:12.102+0000] {dag.py:3096} INFO - Sync 1 DAGs
[2024-06-20T23:53:12.121+0000] {logging_mixin.py:188} INFO - [2024-06-20T23:53:12.121+0000] {dag.py:3954} INFO - Setting next_dagrun for example_branch_dop_operator_v3 to 2024-06-20 23:52:00+00:00, run_after=2024-06-20 23:53:00+00:00
[2024-06-20T23:53:12.139+0000] {processor.py:183} INFO - Processing /home/airflow/.local/lib/python3.12/site-packages/airflow/example_dags/example_branch_python_dop_operator_3.py took 0.066 seconds
[2024-06-20T23:53:42.205+0000] {processor.py:161} INFO - Started process (PID=1458) to work on /home/airflow/.local/lib/python3.12/site-packages/airflow/example_dags/example_branch_python_dop_operator_3.py
[2024-06-20T23:53:42.206+0000] {processor.py:830} INFO - Processing file /home/airflow/.local/lib/python3.12/site-packages/airflow/example_dags/example_branch_python_dop_operator_3.py for tasks to queue
[2024-06-20T23:53:42.207+0000] {logging_mixin.py:188} INFO - [2024-06-20T23:53:42.207+0000] {dagbag.py:545} INFO - Filling up the DagBag from /home/airflow/.local/lib/python3.12/site-packages/airflow/example_dags/example_branch_python_dop_operator_3.py
[2024-06-20T23:53:42.216+0000] {processor.py:840} INFO - DAG(s) 'example_branch_dop_operator_v3' retrieved from /home/airflow/.local/lib/python3.12/site-packages/airflow/example_dags/example_branch_python_dop_operator_3.py
[2024-06-20T23:53:42.234+0000] {logging_mixin.py:188} INFO - [2024-06-20T23:53:42.234+0000] {dag.py:3096} INFO - Sync 1 DAGs
[2024-06-20T23:53:42.258+0000] {logging_mixin.py:188} INFO - [2024-06-20T23:53:42.257+0000] {dag.py:3954} INFO - Setting next_dagrun for example_branch_dop_operator_v3 to 2024-06-20 23:52:00+00:00, run_after=2024-06-20 23:53:00+00:00
[2024-06-20T23:53:42.275+0000] {processor.py:183} INFO - Processing /home/airflow/.local/lib/python3.12/site-packages/airflow/example_dags/example_branch_python_dop_operator_3.py took 0.075 seconds
[2024-06-20T23:54:12.336+0000] {processor.py:161} INFO - Started process (PID=1516) to work on /home/airflow/.local/lib/python3.12/site-packages/airflow/example_dags/example_branch_python_dop_operator_3.py
[2024-06-20T23:54:12.337+0000] {processor.py:830} INFO - Processing file /home/airflow/.local/lib/python3.12/site-packages/airflow/example_dags/example_branch_python_dop_operator_3.py for tasks to queue
[2024-06-20T23:54:12.339+0000] {logging_mixin.py:188} INFO - [2024-06-20T23:54:12.339+0000] {dagbag.py:545} INFO - Filling up the DagBag from /home/airflow/.local/lib/python3.12/site-packages/airflow/example_dags/example_branch_python_dop_operator_3.py
[2024-06-20T23:54:12.346+0000] {processor.py:840} INFO - DAG(s) 'example_branch_dop_operator_v3' retrieved from /home/airflow/.local/lib/python3.12/site-packages/airflow/example_dags/example_branch_python_dop_operator_3.py
[2024-06-20T23:54:12.362+0000] {logging_mixin.py:188} INFO - [2024-06-20T23:54:12.362+0000] {dag.py:3096} INFO - Sync 1 DAGs
[2024-06-20T23:54:12.382+0000] {logging_mixin.py:188} INFO - [2024-06-20T23:54:12.382+0000] {dag.py:3954} INFO - Setting next_dagrun for example_branch_dop_operator_v3 to 2024-06-20 23:53:00+00:00, run_after=2024-06-20 23:54:00+00:00
[2024-06-20T23:54:12.397+0000] {processor.py:183} INFO - Processing /home/airflow/.local/lib/python3.12/site-packages/airflow/example_dags/example_branch_python_dop_operator_3.py took 0.065 seconds
[2024-06-20T23:54:42.588+0000] {processor.py:161} INFO - Started process (PID=1574) to work on /home/airflow/.local/lib/python3.12/site-packages/airflow/example_dags/example_branch_python_dop_operator_3.py
[2024-06-20T23:54:42.589+0000] {processor.py:830} INFO - Processing file /home/airflow/.local/lib/python3.12/site-packages/airflow/example_dags/example_branch_python_dop_operator_3.py for tasks to queue
[2024-06-20T23:54:42.591+0000] {logging_mixin.py:188} INFO - [2024-06-20T23:54:42.590+0000] {dagbag.py:545} INFO - Filling up the DagBag from /home/airflow/.local/lib/python3.12/site-packages/airflow/example_dags/example_branch_python_dop_operator_3.py
[2024-06-20T23:54:42.597+0000] {processor.py:840} INFO - DAG(s) 'example_branch_dop_operator_v3' retrieved from /home/airflow/.local/lib/python3.12/site-packages/airflow/example_dags/example_branch_python_dop_operator_3.py
[2024-06-20T23:54:42.615+0000] {logging_mixin.py:188} INFO - [2024-06-20T23:54:42.615+0000] {dag.py:3096} INFO - Sync 1 DAGs
[2024-06-20T23:54:42.636+0000] {logging_mixin.py:188} INFO - [2024-06-20T23:54:42.636+0000] {dag.py:3954} INFO - Setting next_dagrun for example_branch_dop_operator_v3 to 2024-06-20 23:53:00+00:00, run_after=2024-06-20 23:54:00+00:00
[2024-06-20T23:54:42.656+0000] {processor.py:183} INFO - Processing /home/airflow/.local/lib/python3.12/site-packages/airflow/example_dags/example_branch_python_dop_operator_3.py took 0.073 seconds
[2024-06-20T23:55:12.923+0000] {processor.py:161} INFO - Started process (PID=1632) to work on /home/airflow/.local/lib/python3.12/site-packages/airflow/example_dags/example_branch_python_dop_operator_3.py
[2024-06-20T23:55:12.924+0000] {processor.py:830} INFO - Processing file /home/airflow/.local/lib/python3.12/site-packages/airflow/example_dags/example_branch_python_dop_operator_3.py for tasks to queue
[2024-06-20T23:55:12.925+0000] {logging_mixin.py:188} INFO - [2024-06-20T23:55:12.925+0000] {dagbag.py:545} INFO - Filling up the DagBag from /home/airflow/.local/lib/python3.12/site-packages/airflow/example_dags/example_branch_python_dop_operator_3.py
[2024-06-20T23:55:12.932+0000] {processor.py:840} INFO - DAG(s) 'example_branch_dop_operator_v3' retrieved from /home/airflow/.local/lib/python3.12/site-packages/airflow/example_dags/example_branch_python_dop_operator_3.py
[2024-06-20T23:55:12.949+0000] {logging_mixin.py:188} INFO - [2024-06-20T23:55:12.949+0000] {dag.py:3096} INFO - Sync 1 DAGs
[2024-06-20T23:55:12.969+0000] {logging_mixin.py:188} INFO - [2024-06-20T23:55:12.969+0000] {dag.py:3954} INFO - Setting next_dagrun for example_branch_dop_operator_v3 to 2024-06-20 23:54:00+00:00, run_after=2024-06-20 23:55:00+00:00
[2024-06-20T23:55:12.985+0000] {processor.py:183} INFO - Processing /home/airflow/.local/lib/python3.12/site-packages/airflow/example_dags/example_branch_python_dop_operator_3.py took 0.068 seconds
[2024-06-20T23:55:43.198+0000] {processor.py:161} INFO - Started process (PID=1690) to work on /home/airflow/.local/lib/python3.12/site-packages/airflow/example_dags/example_branch_python_dop_operator_3.py
[2024-06-20T23:55:43.199+0000] {processor.py:830} INFO - Processing file /home/airflow/.local/lib/python3.12/site-packages/airflow/example_dags/example_branch_python_dop_operator_3.py for tasks to queue
[2024-06-20T23:55:43.201+0000] {logging_mixin.py:188} INFO - [2024-06-20T23:55:43.200+0000] {dagbag.py:545} INFO - Filling up the DagBag from /home/airflow/.local/lib/python3.12/site-packages/airflow/example_dags/example_branch_python_dop_operator_3.py
[2024-06-20T23:55:43.208+0000] {processor.py:840} INFO - DAG(s) 'example_branch_dop_operator_v3' retrieved from /home/airflow/.local/lib/python3.12/site-packages/airflow/example_dags/example_branch_python_dop_operator_3.py
[2024-06-20T23:55:43.224+0000] {logging_mixin.py:188} INFO - [2024-06-20T23:55:43.224+0000] {dag.py:3096} INFO - Sync 1 DAGs
[2024-06-20T23:55:43.244+0000] {logging_mixin.py:188} INFO - [2024-06-20T23:55:43.244+0000] {dag.py:3954} INFO - Setting next_dagrun for example_branch_dop_operator_v3 to 2024-06-20 23:54:00+00:00, run_after=2024-06-20 23:55:00+00:00
[2024-06-20T23:55:43.258+0000] {processor.py:183} INFO - Processing /home/airflow/.local/lib/python3.12/site-packages/airflow/example_dags/example_branch_python_dop_operator_3.py took 0.065 seconds
[2024-06-20T23:56:13.495+0000] {processor.py:161} INFO - Started process (PID=1748) to work on /home/airflow/.local/lib/python3.12/site-packages/airflow/example_dags/example_branch_python_dop_operator_3.py
[2024-06-20T23:56:13.496+0000] {processor.py:830} INFO - Processing file /home/airflow/.local/lib/python3.12/site-packages/airflow/example_dags/example_branch_python_dop_operator_3.py for tasks to queue
[2024-06-20T23:56:13.498+0000] {logging_mixin.py:188} INFO - [2024-06-20T23:56:13.497+0000] {dagbag.py:545} INFO - Filling up the DagBag from /home/airflow/.local/lib/python3.12/site-packages/airflow/example_dags/example_branch_python_dop_operator_3.py
[2024-06-20T23:56:13.506+0000] {processor.py:840} INFO - DAG(s) 'example_branch_dop_operator_v3' retrieved from /home/airflow/.local/lib/python3.12/site-packages/airflow/example_dags/example_branch_python_dop_operator_3.py
[2024-06-20T23:56:13.524+0000] {logging_mixin.py:188} INFO - [2024-06-20T23:56:13.524+0000] {dag.py:3096} INFO - Sync 1 DAGs
[2024-06-20T23:56:13.547+0000] {logging_mixin.py:188} INFO - [2024-06-20T23:56:13.547+0000] {dag.py:3954} INFO - Setting next_dagrun for example_branch_dop_operator_v3 to 2024-06-20 23:55:00+00:00, run_after=2024-06-20 23:56:00+00:00
[2024-06-20T23:56:13.565+0000] {processor.py:183} INFO - Processing /home/airflow/.local/lib/python3.12/site-packages/airflow/example_dags/example_branch_python_dop_operator_3.py took 0.075 seconds
[2024-06-20T23:56:43.776+0000] {processor.py:161} INFO - Started process (PID=1805) to work on /home/airflow/.local/lib/python3.12/site-packages/airflow/example_dags/example_branch_python_dop_operator_3.py
[2024-06-20T23:56:43.777+0000] {processor.py:830} INFO - Processing file /home/airflow/.local/lib/python3.12/site-packages/airflow/example_dags/example_branch_python_dop_operator_3.py for tasks to queue
[2024-06-20T23:56:43.779+0000] {logging_mixin.py:188} INFO - [2024-06-20T23:56:43.778+0000] {dagbag.py:545} INFO - Filling up the DagBag from /home/airflow/.local/lib/python3.12/site-packages/airflow/example_dags/example_branch_python_dop_operator_3.py
[2024-06-20T23:56:43.785+0000] {processor.py:840} INFO - DAG(s) 'example_branch_dop_operator_v3' retrieved from /home/airflow/.local/lib/python3.12/site-packages/airflow/example_dags/example_branch_python_dop_operator_3.py
[2024-06-20T23:56:43.801+0000] {logging_mixin.py:188} INFO - [2024-06-20T23:56:43.801+0000] {dag.py:3096} INFO - Sync 1 DAGs
[2024-06-20T23:56:43.820+0000] {logging_mixin.py:188} INFO - [2024-06-20T23:56:43.819+0000] {dag.py:3954} INFO - Setting next_dagrun for example_branch_dop_operator_v3 to 2024-06-20 23:55:00+00:00, run_after=2024-06-20 23:56:00+00:00
[2024-06-20T23:56:43.835+0000] {processor.py:183} INFO - Processing /home/airflow/.local/lib/python3.12/site-packages/airflow/example_dags/example_branch_python_dop_operator_3.py took 0.064 seconds
[2024-06-20T23:57:14.114+0000] {processor.py:161} INFO - Started process (PID=1864) to work on /home/airflow/.local/lib/python3.12/site-packages/airflow/example_dags/example_branch_python_dop_operator_3.py
[2024-06-20T23:57:14.115+0000] {processor.py:830} INFO - Processing file /home/airflow/.local/lib/python3.12/site-packages/airflow/example_dags/example_branch_python_dop_operator_3.py for tasks to queue
[2024-06-20T23:57:14.116+0000] {logging_mixin.py:188} INFO - [2024-06-20T23:57:14.116+0000] {dagbag.py:545} INFO - Filling up the DagBag from /home/airflow/.local/lib/python3.12/site-packages/airflow/example_dags/example_branch_python_dop_operator_3.py
[2024-06-20T23:57:14.123+0000] {processor.py:840} INFO - DAG(s) 'example_branch_dop_operator_v3' retrieved from /home/airflow/.local/lib/python3.12/site-packages/airflow/example_dags/example_branch_python_dop_operator_3.py
[2024-06-20T23:57:14.138+0000] {logging_mixin.py:188} INFO - [2024-06-20T23:57:14.138+0000] {dag.py:3096} INFO - Sync 1 DAGs
[2024-06-20T23:57:14.156+0000] {logging_mixin.py:188} INFO - [2024-06-20T23:57:14.155+0000] {dag.py:3954} INFO - Setting next_dagrun for example_branch_dop_operator_v3 to 2024-06-20 23:56:00+00:00, run_after=2024-06-20 23:57:00+00:00
[2024-06-20T23:57:14.170+0000] {processor.py:183} INFO - Processing /home/airflow/.local/lib/python3.12/site-packages/airflow/example_dags/example_branch_python_dop_operator_3.py took 0.061 seconds
[2024-06-20T23:57:44.641+0000] {processor.py:161} INFO - Started process (PID=1922) to work on /home/airflow/.local/lib/python3.12/site-packages/airflow/example_dags/example_branch_python_dop_operator_3.py
[2024-06-20T23:57:44.642+0000] {processor.py:830} INFO - Processing file /home/airflow/.local/lib/python3.12/site-packages/airflow/example_dags/example_branch_python_dop_operator_3.py for tasks to queue
[2024-06-20T23:57:44.644+0000] {logging_mixin.py:188} INFO - [2024-06-20T23:57:44.643+0000] {dagbag.py:545} INFO - Filling up the DagBag from /home/airflow/.local/lib/python3.12/site-packages/airflow/example_dags/example_branch_python_dop_operator_3.py
[2024-06-20T23:57:44.651+0000] {processor.py:840} INFO - DAG(s) 'example_branch_dop_operator_v3' retrieved from /home/airflow/.local/lib/python3.12/site-packages/airflow/example_dags/example_branch_python_dop_operator_3.py
[2024-06-20T23:57:44.668+0000] {logging_mixin.py:188} INFO - [2024-06-20T23:57:44.668+0000] {dag.py:3096} INFO - Sync 1 DAGs
[2024-06-20T23:57:44.688+0000] {logging_mixin.py:188} INFO - [2024-06-20T23:57:44.688+0000] {dag.py:3954} INFO - Setting next_dagrun for example_branch_dop_operator_v3 to 2024-06-20 23:56:00+00:00, run_after=2024-06-20 23:57:00+00:00
[2024-06-20T23:57:44.704+0000] {processor.py:183} INFO - Processing /home/airflow/.local/lib/python3.12/site-packages/airflow/example_dags/example_branch_python_dop_operator_3.py took 0.069 seconds
[2024-06-20T23:58:15.015+0000] {processor.py:161} INFO - Started process (PID=1980) to work on /home/airflow/.local/lib/python3.12/site-packages/airflow/example_dags/example_branch_python_dop_operator_3.py
[2024-06-20T23:58:15.016+0000] {processor.py:830} INFO - Processing file /home/airflow/.local/lib/python3.12/site-packages/airflow/example_dags/example_branch_python_dop_operator_3.py for tasks to queue
[2024-06-20T23:58:15.018+0000] {logging_mixin.py:188} INFO - [2024-06-20T23:58:15.017+0000] {dagbag.py:545} INFO - Filling up the DagBag from /home/airflow/.local/lib/python3.12/site-packages/airflow/example_dags/example_branch_python_dop_operator_3.py
[2024-06-20T23:58:15.025+0000] {processor.py:840} INFO - DAG(s) 'example_branch_dop_operator_v3' retrieved from /home/airflow/.local/lib/python3.12/site-packages/airflow/example_dags/example_branch_python_dop_operator_3.py
[2024-06-20T23:58:15.042+0000] {logging_mixin.py:188} INFO - [2024-06-20T23:58:15.042+0000] {dag.py:3096} INFO - Sync 1 DAGs
[2024-06-20T23:58:15.061+0000] {logging_mixin.py:188} INFO - [2024-06-20T23:58:15.061+0000] {dag.py:3954} INFO - Setting next_dagrun for example_branch_dop_operator_v3 to 2024-06-20 23:57:00+00:00, run_after=2024-06-20 23:58:00+00:00
[2024-06-20T23:58:15.078+0000] {processor.py:183} INFO - Processing /home/airflow/.local/lib/python3.12/site-packages/airflow/example_dags/example_branch_python_dop_operator_3.py took 0.068 seconds
[2024-06-20T23:58:45.962+0000] {processor.py:161} INFO - Started process (PID=2038) to work on /home/airflow/.local/lib/python3.12/site-packages/airflow/example_dags/example_branch_python_dop_operator_3.py
[2024-06-20T23:58:45.962+0000] {processor.py:830} INFO - Processing file /home/airflow/.local/lib/python3.12/site-packages/airflow/example_dags/example_branch_python_dop_operator_3.py for tasks to queue
[2024-06-20T23:58:45.964+0000] {logging_mixin.py:188} INFO - [2024-06-20T23:58:45.964+0000] {dagbag.py:545} INFO - Filling up the DagBag from /home/airflow/.local/lib/python3.12/site-packages/airflow/example_dags/example_branch_python_dop_operator_3.py
[2024-06-20T23:58:45.970+0000] {processor.py:840} INFO - DAG(s) 'example_branch_dop_operator_v3' retrieved from /home/airflow/.local/lib/python3.12/site-packages/airflow/example_dags/example_branch_python_dop_operator_3.py
[2024-06-20T23:58:46.099+0000] {logging_mixin.py:188} INFO - [2024-06-20T23:58:46.099+0000] {dag.py:3096} INFO - Sync 1 DAGs
[2024-06-20T23:58:46.115+0000] {logging_mixin.py:188} INFO - [2024-06-20T23:58:46.115+0000] {dag.py:3954} INFO - Setting next_dagrun for example_branch_dop_operator_v3 to 2024-06-20 23:57:00+00:00, run_after=2024-06-20 23:58:00+00:00
[2024-06-20T23:58:46.129+0000] {processor.py:183} INFO - Processing /home/airflow/.local/lib/python3.12/site-packages/airflow/example_dags/example_branch_python_dop_operator_3.py took 0.172 seconds
[2024-06-20T23:59:17.049+0000] {processor.py:161} INFO - Started process (PID=2096) to work on /home/airflow/.local/lib/python3.12/site-packages/airflow/example_dags/example_branch_python_dop_operator_3.py
[2024-06-20T23:59:17.050+0000] {processor.py:830} INFO - Processing file /home/airflow/.local/lib/python3.12/site-packages/airflow/example_dags/example_branch_python_dop_operator_3.py for tasks to queue
[2024-06-20T23:59:17.052+0000] {logging_mixin.py:188} INFO - [2024-06-20T23:59:17.052+0000] {dagbag.py:545} INFO - Filling up the DagBag from /home/airflow/.local/lib/python3.12/site-packages/airflow/example_dags/example_branch_python_dop_operator_3.py
[2024-06-20T23:59:17.058+0000] {processor.py:840} INFO - DAG(s) 'example_branch_dop_operator_v3' retrieved from /home/airflow/.local/lib/python3.12/site-packages/airflow/example_dags/example_branch_python_dop_operator_3.py
[2024-06-20T23:59:17.075+0000] {logging_mixin.py:188} INFO - [2024-06-20T23:59:17.075+0000] {dag.py:3096} INFO - Sync 1 DAGs
[2024-06-20T23:59:17.094+0000] {logging_mixin.py:188} INFO - [2024-06-20T23:59:17.094+0000] {dag.py:3954} INFO - Setting next_dagrun for example_branch_dop_operator_v3 to 2024-06-20 23:58:00+00:00, run_after=2024-06-20 23:59:00+00:00
[2024-06-20T23:59:17.116+0000] {processor.py:183} INFO - Processing /home/airflow/.local/lib/python3.12/site-packages/airflow/example_dags/example_branch_python_dop_operator_3.py took 0.071 seconds
[2024-06-20T23:59:47.822+0000] {processor.py:161} INFO - Started process (PID=2160) to work on /home/airflow/.local/lib/python3.12/site-packages/airflow/example_dags/example_branch_python_dop_operator_3.py
[2024-06-20T23:59:47.823+0000] {processor.py:830} INFO - Processing file /home/airflow/.local/lib/python3.12/site-packages/airflow/example_dags/example_branch_python_dop_operator_3.py for tasks to queue
[2024-06-20T23:59:47.825+0000] {logging_mixin.py:188} INFO - [2024-06-20T23:59:47.825+0000] {dagbag.py:545} INFO - Filling up the DagBag from /home/airflow/.local/lib/python3.12/site-packages/airflow/example_dags/example_branch_python_dop_operator_3.py
[2024-06-20T23:59:47.833+0000] {processor.py:840} INFO - DAG(s) 'example_branch_dop_operator_v3' retrieved from /home/airflow/.local/lib/python3.12/site-packages/airflow/example_dags/example_branch_python_dop_operator_3.py
[2024-06-20T23:59:47.852+0000] {logging_mixin.py:188} INFO - [2024-06-20T23:59:47.852+0000] {dag.py:3096} INFO - Sync 1 DAGs
[2024-06-20T23:59:47.877+0000] {logging_mixin.py:188} INFO - [2024-06-20T23:59:47.877+0000] {dag.py:3954} INFO - Setting next_dagrun for example_branch_dop_operator_v3 to 2024-06-20 23:58:00+00:00, run_after=2024-06-20 23:59:00+00:00
[2024-06-20T23:59:47.894+0000] {processor.py:183} INFO - Processing /home/airflow/.local/lib/python3.12/site-packages/airflow/example_dags/example_branch_python_dop_operator_3.py took 0.078 seconds
