[2024-06-20T23:41:02.105+0000] {processor.py:161} INFO - Started process (PID=81) to work on /home/airflow/.local/lib/python3.12/site-packages/airflow/example_dags/example_branch_datetime_operator.py
[2024-06-20T23:41:02.107+0000] {processor.py:830} INFO - Processing file /home/airflow/.local/lib/python3.12/site-packages/airflow/example_dags/example_branch_datetime_operator.py for tasks to queue
[2024-06-20T23:41:02.111+0000] {logging_mixin.py:188} INFO - [2024-06-20T23:41:02.111+0000] {dagbag.py:545} INFO - Filling up the DagBag from /home/airflow/.local/lib/python3.12/site-packages/airflow/example_dags/example_branch_datetime_operator.py
[2024-06-20T23:41:02.125+0000] {processor.py:840} INFO - DAG(s) 'example_branch_datetime_operator_2', 'example_branch_datetime_operator', 'example_branch_datetime_operator_3' retrieved from /home/airflow/.local/lib/python3.12/site-packages/airflow/example_dags/example_branch_datetime_operator.py
[2024-06-20T23:41:02.142+0000] {logging_mixin.py:188} INFO - [2024-06-20T23:41:02.141+0000] {dag.py:3096} INFO - Sync 3 DAGs
[2024-06-20T23:41:02.168+0000] {logging_mixin.py:188} INFO - [2024-06-20T23:41:02.168+0000] {dag.py:3954} INFO - Setting next_dagrun for example_branch_datetime_operator to 2024-06-19 00:00:00+00:00, run_after=2024-06-20 00:00:00+00:00
[2024-06-20T23:41:02.173+0000] {logging_mixin.py:188} INFO - [2024-06-20T23:41:02.173+0000] {dag.py:3954} INFO - Setting next_dagrun for example_branch_datetime_operator_2 to 2024-06-19 00:00:00+00:00, run_after=2024-06-20 00:00:00+00:00
[2024-06-20T23:41:02.176+0000] {logging_mixin.py:188} INFO - [2024-06-20T23:41:02.176+0000] {dag.py:3954} INFO - Setting next_dagrun for example_branch_datetime_operator_3 to 2024-06-19 00:00:00+00:00, run_after=2024-06-20 00:00:00+00:00
[2024-06-20T23:41:02.194+0000] {processor.py:183} INFO - Processing /home/airflow/.local/lib/python3.12/site-packages/airflow/example_dags/example_branch_datetime_operator.py took 0.096 seconds
[2024-06-20T23:41:31.420+0000] {processor.py:161} INFO - Started process (PID=81) to work on /home/airflow/.local/lib/python3.12/site-packages/airflow/example_dags/example_branch_datetime_operator.py
[2024-06-20T23:41:31.421+0000] {processor.py:830} INFO - Processing file /home/airflow/.local/lib/python3.12/site-packages/airflow/example_dags/example_branch_datetime_operator.py for tasks to queue
[2024-06-20T23:41:31.423+0000] {logging_mixin.py:188} INFO - [2024-06-20T23:41:31.423+0000] {dagbag.py:545} INFO - Filling up the DagBag from /home/airflow/.local/lib/python3.12/site-packages/airflow/example_dags/example_branch_datetime_operator.py
[2024-06-20T23:41:31.432+0000] {processor.py:840} INFO - DAG(s) 'example_branch_datetime_operator_3', 'example_branch_datetime_operator', 'example_branch_datetime_operator_2' retrieved from /home/airflow/.local/lib/python3.12/site-packages/airflow/example_dags/example_branch_datetime_operator.py
[2024-06-20T23:41:31.538+0000] {logging_mixin.py:188} INFO - [2024-06-20T23:41:31.537+0000] {dag.py:3096} INFO - Sync 3 DAGs
[2024-06-20T23:41:31.561+0000] {logging_mixin.py:188} INFO - [2024-06-20T23:41:31.560+0000] {dag.py:3954} INFO - Setting next_dagrun for example_branch_datetime_operator to 2024-06-19 00:00:00+00:00, run_after=2024-06-20 00:00:00+00:00
[2024-06-20T23:41:31.565+0000] {logging_mixin.py:188} INFO - [2024-06-20T23:41:31.565+0000] {dag.py:3954} INFO - Setting next_dagrun for example_branch_datetime_operator_2 to 2024-06-19 00:00:00+00:00, run_after=2024-06-20 00:00:00+00:00
[2024-06-20T23:41:31.567+0000] {logging_mixin.py:188} INFO - [2024-06-20T23:41:31.567+0000] {dag.py:3954} INFO - Setting next_dagrun for example_branch_datetime_operator_3 to 2024-06-19 00:00:00+00:00, run_after=2024-06-20 00:00:00+00:00
[2024-06-20T23:41:31.583+0000] {processor.py:183} INFO - Processing /home/airflow/.local/lib/python3.12/site-packages/airflow/example_dags/example_branch_datetime_operator.py took 0.167 seconds
[2024-06-20T23:42:02.035+0000] {processor.py:161} INFO - Started process (PID=139) to work on /home/airflow/.local/lib/python3.12/site-packages/airflow/example_dags/example_branch_datetime_operator.py
[2024-06-20T23:42:02.036+0000] {processor.py:830} INFO - Processing file /home/airflow/.local/lib/python3.12/site-packages/airflow/example_dags/example_branch_datetime_operator.py for tasks to queue
[2024-06-20T23:42:02.037+0000] {logging_mixin.py:188} INFO - [2024-06-20T23:42:02.037+0000] {dagbag.py:545} INFO - Filling up the DagBag from /home/airflow/.local/lib/python3.12/site-packages/airflow/example_dags/example_branch_datetime_operator.py
[2024-06-20T23:42:02.049+0000] {processor.py:840} INFO - DAG(s) 'example_branch_datetime_operator', 'example_branch_datetime_operator_3', 'example_branch_datetime_operator_2' retrieved from /home/airflow/.local/lib/python3.12/site-packages/airflow/example_dags/example_branch_datetime_operator.py
[2024-06-20T23:42:02.080+0000] {logging_mixin.py:188} INFO - [2024-06-20T23:42:02.080+0000] {dag.py:3096} INFO - Sync 3 DAGs
[2024-06-20T23:42:02.106+0000] {logging_mixin.py:188} INFO - [2024-06-20T23:42:02.105+0000] {dag.py:3954} INFO - Setting next_dagrun for example_branch_datetime_operator to 2024-06-19 00:00:00+00:00, run_after=2024-06-20 00:00:00+00:00
[2024-06-20T23:42:02.110+0000] {logging_mixin.py:188} INFO - [2024-06-20T23:42:02.110+0000] {dag.py:3954} INFO - Setting next_dagrun for example_branch_datetime_operator_2 to 2024-06-19 00:00:00+00:00, run_after=2024-06-20 00:00:00+00:00
[2024-06-20T23:42:02.112+0000] {logging_mixin.py:188} INFO - [2024-06-20T23:42:02.112+0000] {dag.py:3954} INFO - Setting next_dagrun for example_branch_datetime_operator_3 to 2024-06-19 00:00:00+00:00, run_after=2024-06-20 00:00:00+00:00
[2024-06-20T23:42:02.128+0000] {processor.py:183} INFO - Processing /home/airflow/.local/lib/python3.12/site-packages/airflow/example_dags/example_branch_datetime_operator.py took 0.098 seconds
[2024-06-20T23:42:32.456+0000] {processor.py:161} INFO - Started process (PID=197) to work on /home/airflow/.local/lib/python3.12/site-packages/airflow/example_dags/example_branch_datetime_operator.py
[2024-06-20T23:42:32.457+0000] {processor.py:830} INFO - Processing file /home/airflow/.local/lib/python3.12/site-packages/airflow/example_dags/example_branch_datetime_operator.py for tasks to queue
[2024-06-20T23:42:32.458+0000] {logging_mixin.py:188} INFO - [2024-06-20T23:42:32.458+0000] {dagbag.py:545} INFO - Filling up the DagBag from /home/airflow/.local/lib/python3.12/site-packages/airflow/example_dags/example_branch_datetime_operator.py
[2024-06-20T23:42:32.466+0000] {processor.py:840} INFO - DAG(s) 'example_branch_datetime_operator', 'example_branch_datetime_operator_3', 'example_branch_datetime_operator_2' retrieved from /home/airflow/.local/lib/python3.12/site-packages/airflow/example_dags/example_branch_datetime_operator.py
[2024-06-20T23:42:32.487+0000] {logging_mixin.py:188} INFO - [2024-06-20T23:42:32.486+0000] {dag.py:3096} INFO - Sync 3 DAGs
[2024-06-20T23:42:32.504+0000] {logging_mixin.py:188} INFO - [2024-06-20T23:42:32.504+0000] {dag.py:3954} INFO - Setting next_dagrun for example_branch_datetime_operator to 2024-06-19 00:00:00+00:00, run_after=2024-06-20 00:00:00+00:00
[2024-06-20T23:42:32.508+0000] {logging_mixin.py:188} INFO - [2024-06-20T23:42:32.508+0000] {dag.py:3954} INFO - Setting next_dagrun for example_branch_datetime_operator_2 to 2024-06-19 00:00:00+00:00, run_after=2024-06-20 00:00:00+00:00
[2024-06-20T23:42:32.511+0000] {logging_mixin.py:188} INFO - [2024-06-20T23:42:32.511+0000] {dag.py:3954} INFO - Setting next_dagrun for example_branch_datetime_operator_3 to 2024-06-19 00:00:00+00:00, run_after=2024-06-20 00:00:00+00:00
[2024-06-20T23:42:32.523+0000] {processor.py:183} INFO - Processing /home/airflow/.local/lib/python3.12/site-packages/airflow/example_dags/example_branch_datetime_operator.py took 0.071 seconds
[2024-06-20T23:43:02.575+0000] {processor.py:161} INFO - Started process (PID=254) to work on /home/airflow/.local/lib/python3.12/site-packages/airflow/example_dags/example_branch_datetime_operator.py
[2024-06-20T23:43:02.576+0000] {processor.py:830} INFO - Processing file /home/airflow/.local/lib/python3.12/site-packages/airflow/example_dags/example_branch_datetime_operator.py for tasks to queue
[2024-06-20T23:43:02.578+0000] {logging_mixin.py:188} INFO - [2024-06-20T23:43:02.577+0000] {dagbag.py:545} INFO - Filling up the DagBag from /home/airflow/.local/lib/python3.12/site-packages/airflow/example_dags/example_branch_datetime_operator.py
[2024-06-20T23:43:02.586+0000] {processor.py:840} INFO - DAG(s) 'example_branch_datetime_operator', 'example_branch_datetime_operator_2', 'example_branch_datetime_operator_3' retrieved from /home/airflow/.local/lib/python3.12/site-packages/airflow/example_dags/example_branch_datetime_operator.py
[2024-06-20T23:43:02.608+0000] {logging_mixin.py:188} INFO - [2024-06-20T23:43:02.608+0000] {dag.py:3096} INFO - Sync 3 DAGs
[2024-06-20T23:43:02.627+0000] {logging_mixin.py:188} INFO - [2024-06-20T23:43:02.626+0000] {dag.py:3954} INFO - Setting next_dagrun for example_branch_datetime_operator to 2024-06-19 00:00:00+00:00, run_after=2024-06-20 00:00:00+00:00
[2024-06-20T23:43:02.631+0000] {logging_mixin.py:188} INFO - [2024-06-20T23:43:02.631+0000] {dag.py:3954} INFO - Setting next_dagrun for example_branch_datetime_operator_2 to 2024-06-19 00:00:00+00:00, run_after=2024-06-20 00:00:00+00:00
[2024-06-20T23:43:02.634+0000] {logging_mixin.py:188} INFO - [2024-06-20T23:43:02.634+0000] {dag.py:3954} INFO - Setting next_dagrun for example_branch_datetime_operator_3 to 2024-06-19 00:00:00+00:00, run_after=2024-06-20 00:00:00+00:00
[2024-06-20T23:43:02.653+0000] {processor.py:183} INFO - Processing /home/airflow/.local/lib/python3.12/site-packages/airflow/example_dags/example_branch_datetime_operator.py took 0.083 seconds
[2024-06-20T23:43:32.717+0000] {processor.py:161} INFO - Started process (PID=312) to work on /home/airflow/.local/lib/python3.12/site-packages/airflow/example_dags/example_branch_datetime_operator.py
[2024-06-20T23:43:32.718+0000] {processor.py:830} INFO - Processing file /home/airflow/.local/lib/python3.12/site-packages/airflow/example_dags/example_branch_datetime_operator.py for tasks to queue
[2024-06-20T23:43:32.720+0000] {logging_mixin.py:188} INFO - [2024-06-20T23:43:32.720+0000] {dagbag.py:545} INFO - Filling up the DagBag from /home/airflow/.local/lib/python3.12/site-packages/airflow/example_dags/example_branch_datetime_operator.py
[2024-06-20T23:43:32.730+0000] {processor.py:840} INFO - DAG(s) 'example_branch_datetime_operator_3', 'example_branch_datetime_operator', 'example_branch_datetime_operator_2' retrieved from /home/airflow/.local/lib/python3.12/site-packages/airflow/example_dags/example_branch_datetime_operator.py
[2024-06-20T23:43:32.753+0000] {logging_mixin.py:188} INFO - [2024-06-20T23:43:32.753+0000] {dag.py:3096} INFO - Sync 3 DAGs
[2024-06-20T23:43:32.772+0000] {logging_mixin.py:188} INFO - [2024-06-20T23:43:32.772+0000] {dag.py:3954} INFO - Setting next_dagrun for example_branch_datetime_operator to 2024-06-19 00:00:00+00:00, run_after=2024-06-20 00:00:00+00:00
[2024-06-20T23:43:32.777+0000] {logging_mixin.py:188} INFO - [2024-06-20T23:43:32.776+0000] {dag.py:3954} INFO - Setting next_dagrun for example_branch_datetime_operator_2 to 2024-06-19 00:00:00+00:00, run_after=2024-06-20 00:00:00+00:00
[2024-06-20T23:43:32.779+0000] {logging_mixin.py:188} INFO - [2024-06-20T23:43:32.779+0000] {dag.py:3954} INFO - Setting next_dagrun for example_branch_datetime_operator_3 to 2024-06-19 00:00:00+00:00, run_after=2024-06-20 00:00:00+00:00
[2024-06-20T23:43:32.792+0000] {processor.py:183} INFO - Processing /home/airflow/.local/lib/python3.12/site-packages/airflow/example_dags/example_branch_datetime_operator.py took 0.080 seconds
[2024-06-20T23:44:03.205+0000] {processor.py:161} INFO - Started process (PID=371) to work on /home/airflow/.local/lib/python3.12/site-packages/airflow/example_dags/example_branch_datetime_operator.py
[2024-06-20T23:44:03.206+0000] {processor.py:830} INFO - Processing file /home/airflow/.local/lib/python3.12/site-packages/airflow/example_dags/example_branch_datetime_operator.py for tasks to queue
[2024-06-20T23:44:03.208+0000] {logging_mixin.py:188} INFO - [2024-06-20T23:44:03.207+0000] {dagbag.py:545} INFO - Filling up the DagBag from /home/airflow/.local/lib/python3.12/site-packages/airflow/example_dags/example_branch_datetime_operator.py
[2024-06-20T23:44:03.216+0000] {processor.py:840} INFO - DAG(s) 'example_branch_datetime_operator_2', 'example_branch_datetime_operator_3', 'example_branch_datetime_operator' retrieved from /home/airflow/.local/lib/python3.12/site-packages/airflow/example_dags/example_branch_datetime_operator.py
[2024-06-20T23:44:03.237+0000] {logging_mixin.py:188} INFO - [2024-06-20T23:44:03.237+0000] {dag.py:3096} INFO - Sync 3 DAGs
[2024-06-20T23:44:03.256+0000] {logging_mixin.py:188} INFO - [2024-06-20T23:44:03.255+0000] {dag.py:3954} INFO - Setting next_dagrun for example_branch_datetime_operator to 2024-06-19 00:00:00+00:00, run_after=2024-06-20 00:00:00+00:00
[2024-06-20T23:44:03.259+0000] {logging_mixin.py:188} INFO - [2024-06-20T23:44:03.259+0000] {dag.py:3954} INFO - Setting next_dagrun for example_branch_datetime_operator_2 to 2024-06-19 00:00:00+00:00, run_after=2024-06-20 00:00:00+00:00
[2024-06-20T23:44:03.261+0000] {logging_mixin.py:188} INFO - [2024-06-20T23:44:03.261+0000] {dag.py:3954} INFO - Setting next_dagrun for example_branch_datetime_operator_3 to 2024-06-19 00:00:00+00:00, run_after=2024-06-20 00:00:00+00:00
[2024-06-20T23:44:03.274+0000] {processor.py:183} INFO - Processing /home/airflow/.local/lib/python3.12/site-packages/airflow/example_dags/example_branch_datetime_operator.py took 0.074 seconds
[2024-06-20T23:44:33.877+0000] {processor.py:161} INFO - Started process (PID=429) to work on /home/airflow/.local/lib/python3.12/site-packages/airflow/example_dags/example_branch_datetime_operator.py
[2024-06-20T23:44:33.878+0000] {processor.py:830} INFO - Processing file /home/airflow/.local/lib/python3.12/site-packages/airflow/example_dags/example_branch_datetime_operator.py for tasks to queue
[2024-06-20T23:44:33.879+0000] {logging_mixin.py:188} INFO - [2024-06-20T23:44:33.879+0000] {dagbag.py:545} INFO - Filling up the DagBag from /home/airflow/.local/lib/python3.12/site-packages/airflow/example_dags/example_branch_datetime_operator.py
[2024-06-20T23:44:33.887+0000] {processor.py:840} INFO - DAG(s) 'example_branch_datetime_operator_3', 'example_branch_datetime_operator_2', 'example_branch_datetime_operator' retrieved from /home/airflow/.local/lib/python3.12/site-packages/airflow/example_dags/example_branch_datetime_operator.py
[2024-06-20T23:44:33.909+0000] {logging_mixin.py:188} INFO - [2024-06-20T23:44:33.909+0000] {dag.py:3096} INFO - Sync 3 DAGs
[2024-06-20T23:44:33.927+0000] {logging_mixin.py:188} INFO - [2024-06-20T23:44:33.927+0000] {dag.py:3954} INFO - Setting next_dagrun for example_branch_datetime_operator to 2024-06-19 00:00:00+00:00, run_after=2024-06-20 00:00:00+00:00
[2024-06-20T23:44:33.931+0000] {logging_mixin.py:188} INFO - [2024-06-20T23:44:33.931+0000] {dag.py:3954} INFO - Setting next_dagrun for example_branch_datetime_operator_2 to 2024-06-19 00:00:00+00:00, run_after=2024-06-20 00:00:00+00:00
[2024-06-20T23:44:33.934+0000] {logging_mixin.py:188} INFO - [2024-06-20T23:44:33.933+0000] {dag.py:3954} INFO - Setting next_dagrun for example_branch_datetime_operator_3 to 2024-06-19 00:00:00+00:00, run_after=2024-06-20 00:00:00+00:00
[2024-06-20T23:44:33.947+0000] {processor.py:183} INFO - Processing /home/airflow/.local/lib/python3.12/site-packages/airflow/example_dags/example_branch_datetime_operator.py took 0.075 seconds
[2024-06-20T23:45:04.478+0000] {processor.py:161} INFO - Started process (PID=487) to work on /home/airflow/.local/lib/python3.12/site-packages/airflow/example_dags/example_branch_datetime_operator.py
[2024-06-20T23:45:04.479+0000] {processor.py:830} INFO - Processing file /home/airflow/.local/lib/python3.12/site-packages/airflow/example_dags/example_branch_datetime_operator.py for tasks to queue
[2024-06-20T23:45:04.481+0000] {logging_mixin.py:188} INFO - [2024-06-20T23:45:04.481+0000] {dagbag.py:545} INFO - Filling up the DagBag from /home/airflow/.local/lib/python3.12/site-packages/airflow/example_dags/example_branch_datetime_operator.py
[2024-06-20T23:45:04.488+0000] {processor.py:840} INFO - DAG(s) 'example_branch_datetime_operator_2', 'example_branch_datetime_operator_3', 'example_branch_datetime_operator' retrieved from /home/airflow/.local/lib/python3.12/site-packages/airflow/example_dags/example_branch_datetime_operator.py
[2024-06-20T23:45:04.510+0000] {logging_mixin.py:188} INFO - [2024-06-20T23:45:04.510+0000] {dag.py:3096} INFO - Sync 3 DAGs
[2024-06-20T23:45:04.528+0000] {logging_mixin.py:188} INFO - [2024-06-20T23:45:04.528+0000] {dag.py:3954} INFO - Setting next_dagrun for example_branch_datetime_operator to 2024-06-19 00:00:00+00:00, run_after=2024-06-20 00:00:00+00:00
[2024-06-20T23:45:04.532+0000] {logging_mixin.py:188} INFO - [2024-06-20T23:45:04.532+0000] {dag.py:3954} INFO - Setting next_dagrun for example_branch_datetime_operator_2 to 2024-06-19 00:00:00+00:00, run_after=2024-06-20 00:00:00+00:00
[2024-06-20T23:45:04.534+0000] {logging_mixin.py:188} INFO - [2024-06-20T23:45:04.534+0000] {dag.py:3954} INFO - Setting next_dagrun for example_branch_datetime_operator_3 to 2024-06-19 00:00:00+00:00, run_after=2024-06-20 00:00:00+00:00
[2024-06-20T23:45:04.548+0000] {processor.py:183} INFO - Processing /home/airflow/.local/lib/python3.12/site-packages/airflow/example_dags/example_branch_datetime_operator.py took 0.074 seconds
[2024-06-20T23:45:35.232+0000] {processor.py:161} INFO - Started process (PID=545) to work on /home/airflow/.local/lib/python3.12/site-packages/airflow/example_dags/example_branch_datetime_operator.py
[2024-06-20T23:45:35.233+0000] {processor.py:830} INFO - Processing file /home/airflow/.local/lib/python3.12/site-packages/airflow/example_dags/example_branch_datetime_operator.py for tasks to queue
[2024-06-20T23:45:35.235+0000] {logging_mixin.py:188} INFO - [2024-06-20T23:45:35.234+0000] {dagbag.py:545} INFO - Filling up the DagBag from /home/airflow/.local/lib/python3.12/site-packages/airflow/example_dags/example_branch_datetime_operator.py
[2024-06-20T23:45:35.244+0000] {processor.py:840} INFO - DAG(s) 'example_branch_datetime_operator', 'example_branch_datetime_operator_2', 'example_branch_datetime_operator_3' retrieved from /home/airflow/.local/lib/python3.12/site-packages/airflow/example_dags/example_branch_datetime_operator.py
[2024-06-20T23:45:35.267+0000] {logging_mixin.py:188} INFO - [2024-06-20T23:45:35.267+0000] {dag.py:3096} INFO - Sync 3 DAGs
[2024-06-20T23:45:35.286+0000] {logging_mixin.py:188} INFO - [2024-06-20T23:45:35.286+0000] {dag.py:3954} INFO - Setting next_dagrun for example_branch_datetime_operator to 2024-06-19 00:00:00+00:00, run_after=2024-06-20 00:00:00+00:00
[2024-06-20T23:45:35.292+0000] {logging_mixin.py:188} INFO - [2024-06-20T23:45:35.291+0000] {dag.py:3954} INFO - Setting next_dagrun for example_branch_datetime_operator_2 to 2024-06-19 00:00:00+00:00, run_after=2024-06-20 00:00:00+00:00
[2024-06-20T23:45:35.295+0000] {logging_mixin.py:188} INFO - [2024-06-20T23:45:35.295+0000] {dag.py:3954} INFO - Setting next_dagrun for example_branch_datetime_operator_3 to 2024-06-19 00:00:00+00:00, run_after=2024-06-20 00:00:00+00:00
[2024-06-20T23:45:35.312+0000] {processor.py:183} INFO - Processing /home/airflow/.local/lib/python3.12/site-packages/airflow/example_dags/example_branch_datetime_operator.py took 0.085 seconds
[2024-06-20T23:46:06.030+0000] {processor.py:161} INFO - Started process (PID=603) to work on /home/airflow/.local/lib/python3.12/site-packages/airflow/example_dags/example_branch_datetime_operator.py
[2024-06-20T23:46:06.031+0000] {processor.py:830} INFO - Processing file /home/airflow/.local/lib/python3.12/site-packages/airflow/example_dags/example_branch_datetime_operator.py for tasks to queue
[2024-06-20T23:46:06.033+0000] {logging_mixin.py:188} INFO - [2024-06-20T23:46:06.032+0000] {dagbag.py:545} INFO - Filling up the DagBag from /home/airflow/.local/lib/python3.12/site-packages/airflow/example_dags/example_branch_datetime_operator.py
[2024-06-20T23:46:06.041+0000] {processor.py:840} INFO - DAG(s) 'example_branch_datetime_operator_3', 'example_branch_datetime_operator_2', 'example_branch_datetime_operator' retrieved from /home/airflow/.local/lib/python3.12/site-packages/airflow/example_dags/example_branch_datetime_operator.py
[2024-06-20T23:46:06.064+0000] {logging_mixin.py:188} INFO - [2024-06-20T23:46:06.063+0000] {dag.py:3096} INFO - Sync 3 DAGs
[2024-06-20T23:46:06.083+0000] {logging_mixin.py:188} INFO - [2024-06-20T23:46:06.082+0000] {dag.py:3954} INFO - Setting next_dagrun for example_branch_datetime_operator to 2024-06-19 00:00:00+00:00, run_after=2024-06-20 00:00:00+00:00
[2024-06-20T23:46:06.087+0000] {logging_mixin.py:188} INFO - [2024-06-20T23:46:06.087+0000] {dag.py:3954} INFO - Setting next_dagrun for example_branch_datetime_operator_2 to 2024-06-19 00:00:00+00:00, run_after=2024-06-20 00:00:00+00:00
[2024-06-20T23:46:06.090+0000] {logging_mixin.py:188} INFO - [2024-06-20T23:46:06.089+0000] {dag.py:3954} INFO - Setting next_dagrun for example_branch_datetime_operator_3 to 2024-06-19 00:00:00+00:00, run_after=2024-06-20 00:00:00+00:00
[2024-06-20T23:46:06.104+0000] {processor.py:183} INFO - Processing /home/airflow/.local/lib/python3.12/site-packages/airflow/example_dags/example_branch_datetime_operator.py took 0.079 seconds
[2024-06-20T23:46:36.723+0000] {processor.py:161} INFO - Started process (PID=661) to work on /home/airflow/.local/lib/python3.12/site-packages/airflow/example_dags/example_branch_datetime_operator.py
[2024-06-20T23:46:36.724+0000] {processor.py:830} INFO - Processing file /home/airflow/.local/lib/python3.12/site-packages/airflow/example_dags/example_branch_datetime_operator.py for tasks to queue
[2024-06-20T23:46:36.726+0000] {logging_mixin.py:188} INFO - [2024-06-20T23:46:36.725+0000] {dagbag.py:545} INFO - Filling up the DagBag from /home/airflow/.local/lib/python3.12/site-packages/airflow/example_dags/example_branch_datetime_operator.py
[2024-06-20T23:46:36.734+0000] {processor.py:840} INFO - DAG(s) 'example_branch_datetime_operator_3', 'example_branch_datetime_operator', 'example_branch_datetime_operator_2' retrieved from /home/airflow/.local/lib/python3.12/site-packages/airflow/example_dags/example_branch_datetime_operator.py
[2024-06-20T23:46:36.755+0000] {logging_mixin.py:188} INFO - [2024-06-20T23:46:36.755+0000] {dag.py:3096} INFO - Sync 3 DAGs
[2024-06-20T23:46:36.775+0000] {logging_mixin.py:188} INFO - [2024-06-20T23:46:36.775+0000] {dag.py:3954} INFO - Setting next_dagrun for example_branch_datetime_operator to 2024-06-19 00:00:00+00:00, run_after=2024-06-20 00:00:00+00:00
[2024-06-20T23:46:36.780+0000] {logging_mixin.py:188} INFO - [2024-06-20T23:46:36.780+0000] {dag.py:3954} INFO - Setting next_dagrun for example_branch_datetime_operator_2 to 2024-06-19 00:00:00+00:00, run_after=2024-06-20 00:00:00+00:00
[2024-06-20T23:46:36.782+0000] {logging_mixin.py:188} INFO - [2024-06-20T23:46:36.782+0000] {dag.py:3954} INFO - Setting next_dagrun for example_branch_datetime_operator_3 to 2024-06-19 00:00:00+00:00, run_after=2024-06-20 00:00:00+00:00
[2024-06-20T23:46:36.795+0000] {processor.py:183} INFO - Processing /home/airflow/.local/lib/python3.12/site-packages/airflow/example_dags/example_branch_datetime_operator.py took 0.077 seconds
[2024-06-20T23:47:07.239+0000] {processor.py:161} INFO - Started process (PID=719) to work on /home/airflow/.local/lib/python3.12/site-packages/airflow/example_dags/example_branch_datetime_operator.py
[2024-06-20T23:47:07.240+0000] {processor.py:830} INFO - Processing file /home/airflow/.local/lib/python3.12/site-packages/airflow/example_dags/example_branch_datetime_operator.py for tasks to queue
[2024-06-20T23:47:07.241+0000] {logging_mixin.py:188} INFO - [2024-06-20T23:47:07.241+0000] {dagbag.py:545} INFO - Filling up the DagBag from /home/airflow/.local/lib/python3.12/site-packages/airflow/example_dags/example_branch_datetime_operator.py
[2024-06-20T23:47:07.248+0000] {processor.py:840} INFO - DAG(s) 'example_branch_datetime_operator', 'example_branch_datetime_operator_3', 'example_branch_datetime_operator_2' retrieved from /home/airflow/.local/lib/python3.12/site-packages/airflow/example_dags/example_branch_datetime_operator.py
[2024-06-20T23:47:07.270+0000] {logging_mixin.py:188} INFO - [2024-06-20T23:47:07.269+0000] {dag.py:3096} INFO - Sync 3 DAGs
[2024-06-20T23:47:07.288+0000] {logging_mixin.py:188} INFO - [2024-06-20T23:47:07.288+0000] {dag.py:3954} INFO - Setting next_dagrun for example_branch_datetime_operator to 2024-06-19 00:00:00+00:00, run_after=2024-06-20 00:00:00+00:00
[2024-06-20T23:47:07.292+0000] {logging_mixin.py:188} INFO - [2024-06-20T23:47:07.292+0000] {dag.py:3954} INFO - Setting next_dagrun for example_branch_datetime_operator_2 to 2024-06-19 00:00:00+00:00, run_after=2024-06-20 00:00:00+00:00
[2024-06-20T23:47:07.294+0000] {logging_mixin.py:188} INFO - [2024-06-20T23:47:07.294+0000] {dag.py:3954} INFO - Setting next_dagrun for example_branch_datetime_operator_3 to 2024-06-19 00:00:00+00:00, run_after=2024-06-20 00:00:00+00:00
[2024-06-20T23:47:07.309+0000] {processor.py:183} INFO - Processing /home/airflow/.local/lib/python3.12/site-packages/airflow/example_dags/example_branch_datetime_operator.py took 0.075 seconds
[2024-06-20T23:47:37.772+0000] {processor.py:161} INFO - Started process (PID=777) to work on /home/airflow/.local/lib/python3.12/site-packages/airflow/example_dags/example_branch_datetime_operator.py
[2024-06-20T23:47:37.773+0000] {processor.py:830} INFO - Processing file /home/airflow/.local/lib/python3.12/site-packages/airflow/example_dags/example_branch_datetime_operator.py for tasks to queue
[2024-06-20T23:47:37.775+0000] {logging_mixin.py:188} INFO - [2024-06-20T23:47:37.775+0000] {dagbag.py:545} INFO - Filling up the DagBag from /home/airflow/.local/lib/python3.12/site-packages/airflow/example_dags/example_branch_datetime_operator.py
[2024-06-20T23:47:37.783+0000] {processor.py:840} INFO - DAG(s) 'example_branch_datetime_operator', 'example_branch_datetime_operator_3', 'example_branch_datetime_operator_2' retrieved from /home/airflow/.local/lib/python3.12/site-packages/airflow/example_dags/example_branch_datetime_operator.py
[2024-06-20T23:47:37.806+0000] {logging_mixin.py:188} INFO - [2024-06-20T23:47:37.806+0000] {dag.py:3096} INFO - Sync 3 DAGs
[2024-06-20T23:47:37.824+0000] {logging_mixin.py:188} INFO - [2024-06-20T23:47:37.824+0000] {dag.py:3954} INFO - Setting next_dagrun for example_branch_datetime_operator to 2024-06-19 00:00:00+00:00, run_after=2024-06-20 00:00:00+00:00
[2024-06-20T23:47:37.829+0000] {logging_mixin.py:188} INFO - [2024-06-20T23:47:37.829+0000] {dag.py:3954} INFO - Setting next_dagrun for example_branch_datetime_operator_2 to 2024-06-19 00:00:00+00:00, run_after=2024-06-20 00:00:00+00:00
[2024-06-20T23:47:37.832+0000] {logging_mixin.py:188} INFO - [2024-06-20T23:47:37.832+0000] {dag.py:3954} INFO - Setting next_dagrun for example_branch_datetime_operator_3 to 2024-06-19 00:00:00+00:00, run_after=2024-06-20 00:00:00+00:00
[2024-06-20T23:47:37.846+0000] {processor.py:183} INFO - Processing /home/airflow/.local/lib/python3.12/site-packages/airflow/example_dags/example_branch_datetime_operator.py took 0.079 seconds
[2024-06-20T23:48:08.441+0000] {processor.py:161} INFO - Started process (PID=835) to work on /home/airflow/.local/lib/python3.12/site-packages/airflow/example_dags/example_branch_datetime_operator.py
[2024-06-20T23:48:08.442+0000] {processor.py:830} INFO - Processing file /home/airflow/.local/lib/python3.12/site-packages/airflow/example_dags/example_branch_datetime_operator.py for tasks to queue
[2024-06-20T23:48:08.444+0000] {logging_mixin.py:188} INFO - [2024-06-20T23:48:08.443+0000] {dagbag.py:545} INFO - Filling up the DagBag from /home/airflow/.local/lib/python3.12/site-packages/airflow/example_dags/example_branch_datetime_operator.py
[2024-06-20T23:48:08.452+0000] {processor.py:840} INFO - DAG(s) 'example_branch_datetime_operator_2', 'example_branch_datetime_operator', 'example_branch_datetime_operator_3' retrieved from /home/airflow/.local/lib/python3.12/site-packages/airflow/example_dags/example_branch_datetime_operator.py
[2024-06-20T23:48:08.476+0000] {logging_mixin.py:188} INFO - [2024-06-20T23:48:08.475+0000] {dag.py:3096} INFO - Sync 3 DAGs
[2024-06-20T23:48:08.495+0000] {logging_mixin.py:188} INFO - [2024-06-20T23:48:08.494+0000] {dag.py:3954} INFO - Setting next_dagrun for example_branch_datetime_operator to 2024-06-19 00:00:00+00:00, run_after=2024-06-20 00:00:00+00:00
[2024-06-20T23:48:08.498+0000] {logging_mixin.py:188} INFO - [2024-06-20T23:48:08.498+0000] {dag.py:3954} INFO - Setting next_dagrun for example_branch_datetime_operator_2 to 2024-06-19 00:00:00+00:00, run_after=2024-06-20 00:00:00+00:00
[2024-06-20T23:48:08.500+0000] {logging_mixin.py:188} INFO - [2024-06-20T23:48:08.500+0000] {dag.py:3954} INFO - Setting next_dagrun for example_branch_datetime_operator_3 to 2024-06-19 00:00:00+00:00, run_after=2024-06-20 00:00:00+00:00
[2024-06-20T23:48:08.515+0000] {processor.py:183} INFO - Processing /home/airflow/.local/lib/python3.12/site-packages/airflow/example_dags/example_branch_datetime_operator.py took 0.078 seconds
[2024-06-20T23:48:38.886+0000] {processor.py:161} INFO - Started process (PID=893) to work on /home/airflow/.local/lib/python3.12/site-packages/airflow/example_dags/example_branch_datetime_operator.py
[2024-06-20T23:48:38.887+0000] {processor.py:830} INFO - Processing file /home/airflow/.local/lib/python3.12/site-packages/airflow/example_dags/example_branch_datetime_operator.py for tasks to queue
[2024-06-20T23:48:38.889+0000] {logging_mixin.py:188} INFO - [2024-06-20T23:48:38.889+0000] {dagbag.py:545} INFO - Filling up the DagBag from /home/airflow/.local/lib/python3.12/site-packages/airflow/example_dags/example_branch_datetime_operator.py
[2024-06-20T23:48:38.898+0000] {processor.py:840} INFO - DAG(s) 'example_branch_datetime_operator', 'example_branch_datetime_operator_3', 'example_branch_datetime_operator_2' retrieved from /home/airflow/.local/lib/python3.12/site-packages/airflow/example_dags/example_branch_datetime_operator.py
[2024-06-20T23:48:38.921+0000] {logging_mixin.py:188} INFO - [2024-06-20T23:48:38.921+0000] {dag.py:3096} INFO - Sync 3 DAGs
[2024-06-20T23:48:38.940+0000] {logging_mixin.py:188} INFO - [2024-06-20T23:48:38.940+0000] {dag.py:3954} INFO - Setting next_dagrun for example_branch_datetime_operator to 2024-06-19 00:00:00+00:00, run_after=2024-06-20 00:00:00+00:00
[2024-06-20T23:48:38.945+0000] {logging_mixin.py:188} INFO - [2024-06-20T23:48:38.945+0000] {dag.py:3954} INFO - Setting next_dagrun for example_branch_datetime_operator_2 to 2024-06-19 00:00:00+00:00, run_after=2024-06-20 00:00:00+00:00
[2024-06-20T23:48:38.947+0000] {logging_mixin.py:188} INFO - [2024-06-20T23:48:38.947+0000] {dag.py:3954} INFO - Setting next_dagrun for example_branch_datetime_operator_3 to 2024-06-19 00:00:00+00:00, run_after=2024-06-20 00:00:00+00:00
[2024-06-20T23:48:38.963+0000] {processor.py:183} INFO - Processing /home/airflow/.local/lib/python3.12/site-packages/airflow/example_dags/example_branch_datetime_operator.py took 0.082 seconds
[2024-06-20T23:49:09.615+0000] {processor.py:161} INFO - Started process (PID=951) to work on /home/airflow/.local/lib/python3.12/site-packages/airflow/example_dags/example_branch_datetime_operator.py
[2024-06-20T23:49:09.616+0000] {processor.py:830} INFO - Processing file /home/airflow/.local/lib/python3.12/site-packages/airflow/example_dags/example_branch_datetime_operator.py for tasks to queue
[2024-06-20T23:49:09.617+0000] {logging_mixin.py:188} INFO - [2024-06-20T23:49:09.617+0000] {dagbag.py:545} INFO - Filling up the DagBag from /home/airflow/.local/lib/python3.12/site-packages/airflow/example_dags/example_branch_datetime_operator.py
[2024-06-20T23:49:09.626+0000] {processor.py:840} INFO - DAG(s) 'example_branch_datetime_operator', 'example_branch_datetime_operator_2', 'example_branch_datetime_operator_3' retrieved from /home/airflow/.local/lib/python3.12/site-packages/airflow/example_dags/example_branch_datetime_operator.py
[2024-06-20T23:49:09.647+0000] {logging_mixin.py:188} INFO - [2024-06-20T23:49:09.647+0000] {dag.py:3096} INFO - Sync 3 DAGs
[2024-06-20T23:49:09.665+0000] {logging_mixin.py:188} INFO - [2024-06-20T23:49:09.665+0000] {dag.py:3954} INFO - Setting next_dagrun for example_branch_datetime_operator to 2024-06-19 00:00:00+00:00, run_after=2024-06-20 00:00:00+00:00
[2024-06-20T23:49:09.669+0000] {logging_mixin.py:188} INFO - [2024-06-20T23:49:09.669+0000] {dag.py:3954} INFO - Setting next_dagrun for example_branch_datetime_operator_2 to 2024-06-19 00:00:00+00:00, run_after=2024-06-20 00:00:00+00:00
[2024-06-20T23:49:09.672+0000] {logging_mixin.py:188} INFO - [2024-06-20T23:49:09.671+0000] {dag.py:3954} INFO - Setting next_dagrun for example_branch_datetime_operator_3 to 2024-06-19 00:00:00+00:00, run_after=2024-06-20 00:00:00+00:00
[2024-06-20T23:49:09.686+0000] {processor.py:183} INFO - Processing /home/airflow/.local/lib/python3.12/site-packages/airflow/example_dags/example_branch_datetime_operator.py took 0.076 seconds
[2024-06-20T23:49:40.214+0000] {processor.py:161} INFO - Started process (PID=1009) to work on /home/airflow/.local/lib/python3.12/site-packages/airflow/example_dags/example_branch_datetime_operator.py
[2024-06-20T23:49:40.215+0000] {processor.py:830} INFO - Processing file /home/airflow/.local/lib/python3.12/site-packages/airflow/example_dags/example_branch_datetime_operator.py for tasks to queue
[2024-06-20T23:49:40.217+0000] {logging_mixin.py:188} INFO - [2024-06-20T23:49:40.217+0000] {dagbag.py:545} INFO - Filling up the DagBag from /home/airflow/.local/lib/python3.12/site-packages/airflow/example_dags/example_branch_datetime_operator.py
[2024-06-20T23:49:40.225+0000] {processor.py:840} INFO - DAG(s) 'example_branch_datetime_operator', 'example_branch_datetime_operator_2', 'example_branch_datetime_operator_3' retrieved from /home/airflow/.local/lib/python3.12/site-packages/airflow/example_dags/example_branch_datetime_operator.py
[2024-06-20T23:49:40.249+0000] {logging_mixin.py:188} INFO - [2024-06-20T23:49:40.248+0000] {dag.py:3096} INFO - Sync 3 DAGs
[2024-06-20T23:49:40.268+0000] {logging_mixin.py:188} INFO - [2024-06-20T23:49:40.268+0000] {dag.py:3954} INFO - Setting next_dagrun for example_branch_datetime_operator to 2024-06-19 00:00:00+00:00, run_after=2024-06-20 00:00:00+00:00
[2024-06-20T23:49:40.273+0000] {logging_mixin.py:188} INFO - [2024-06-20T23:49:40.273+0000] {dag.py:3954} INFO - Setting next_dagrun for example_branch_datetime_operator_2 to 2024-06-19 00:00:00+00:00, run_after=2024-06-20 00:00:00+00:00
[2024-06-20T23:49:40.276+0000] {logging_mixin.py:188} INFO - [2024-06-20T23:49:40.276+0000] {dag.py:3954} INFO - Setting next_dagrun for example_branch_datetime_operator_3 to 2024-06-19 00:00:00+00:00, run_after=2024-06-20 00:00:00+00:00
[2024-06-20T23:49:40.290+0000] {processor.py:183} INFO - Processing /home/airflow/.local/lib/python3.12/site-packages/airflow/example_dags/example_branch_datetime_operator.py took 0.080 seconds
[2024-06-20T23:50:10.747+0000] {processor.py:161} INFO - Started process (PID=1067) to work on /home/airflow/.local/lib/python3.12/site-packages/airflow/example_dags/example_branch_datetime_operator.py
[2024-06-20T23:50:10.748+0000] {processor.py:830} INFO - Processing file /home/airflow/.local/lib/python3.12/site-packages/airflow/example_dags/example_branch_datetime_operator.py for tasks to queue
[2024-06-20T23:50:10.750+0000] {logging_mixin.py:188} INFO - [2024-06-20T23:50:10.750+0000] {dagbag.py:545} INFO - Filling up the DagBag from /home/airflow/.local/lib/python3.12/site-packages/airflow/example_dags/example_branch_datetime_operator.py
[2024-06-20T23:50:10.758+0000] {processor.py:840} INFO - DAG(s) 'example_branch_datetime_operator_3', 'example_branch_datetime_operator_2', 'example_branch_datetime_operator' retrieved from /home/airflow/.local/lib/python3.12/site-packages/airflow/example_dags/example_branch_datetime_operator.py
[2024-06-20T23:50:10.782+0000] {logging_mixin.py:188} INFO - [2024-06-20T23:50:10.781+0000] {dag.py:3096} INFO - Sync 3 DAGs
[2024-06-20T23:50:10.801+0000] {logging_mixin.py:188} INFO - [2024-06-20T23:50:10.801+0000] {dag.py:3954} INFO - Setting next_dagrun for example_branch_datetime_operator to 2024-06-19 00:00:00+00:00, run_after=2024-06-20 00:00:00+00:00
[2024-06-20T23:50:10.806+0000] {logging_mixin.py:188} INFO - [2024-06-20T23:50:10.806+0000] {dag.py:3954} INFO - Setting next_dagrun for example_branch_datetime_operator_2 to 2024-06-19 00:00:00+00:00, run_after=2024-06-20 00:00:00+00:00
[2024-06-20T23:50:10.809+0000] {logging_mixin.py:188} INFO - [2024-06-20T23:50:10.808+0000] {dag.py:3954} INFO - Setting next_dagrun for example_branch_datetime_operator_3 to 2024-06-19 00:00:00+00:00, run_after=2024-06-20 00:00:00+00:00
[2024-06-20T23:50:10.823+0000] {processor.py:183} INFO - Processing /home/airflow/.local/lib/python3.12/site-packages/airflow/example_dags/example_branch_datetime_operator.py took 0.081 seconds
[2024-06-20T23:50:41.576+0000] {processor.py:161} INFO - Started process (PID=1125) to work on /home/airflow/.local/lib/python3.12/site-packages/airflow/example_dags/example_branch_datetime_operator.py
[2024-06-20T23:50:41.577+0000] {processor.py:830} INFO - Processing file /home/airflow/.local/lib/python3.12/site-packages/airflow/example_dags/example_branch_datetime_operator.py for tasks to queue
[2024-06-20T23:50:41.578+0000] {logging_mixin.py:188} INFO - [2024-06-20T23:50:41.578+0000] {dagbag.py:545} INFO - Filling up the DagBag from /home/airflow/.local/lib/python3.12/site-packages/airflow/example_dags/example_branch_datetime_operator.py
[2024-06-20T23:50:41.587+0000] {processor.py:840} INFO - DAG(s) 'example_branch_datetime_operator_3', 'example_branch_datetime_operator', 'example_branch_datetime_operator_2' retrieved from /home/airflow/.local/lib/python3.12/site-packages/airflow/example_dags/example_branch_datetime_operator.py
[2024-06-20T23:50:41.610+0000] {logging_mixin.py:188} INFO - [2024-06-20T23:50:41.610+0000] {dag.py:3096} INFO - Sync 3 DAGs
[2024-06-20T23:50:41.631+0000] {logging_mixin.py:188} INFO - [2024-06-20T23:50:41.631+0000] {dag.py:3954} INFO - Setting next_dagrun for example_branch_datetime_operator to 2024-06-19 00:00:00+00:00, run_after=2024-06-20 00:00:00+00:00
[2024-06-20T23:50:41.635+0000] {logging_mixin.py:188} INFO - [2024-06-20T23:50:41.635+0000] {dag.py:3954} INFO - Setting next_dagrun for example_branch_datetime_operator_2 to 2024-06-19 00:00:00+00:00, run_after=2024-06-20 00:00:00+00:00
[2024-06-20T23:50:41.637+0000] {logging_mixin.py:188} INFO - [2024-06-20T23:50:41.637+0000] {dag.py:3954} INFO - Setting next_dagrun for example_branch_datetime_operator_3 to 2024-06-19 00:00:00+00:00, run_after=2024-06-20 00:00:00+00:00
[2024-06-20T23:50:41.651+0000] {processor.py:183} INFO - Processing /home/airflow/.local/lib/python3.12/site-packages/airflow/example_dags/example_branch_datetime_operator.py took 0.081 seconds
[2024-06-20T23:51:11.724+0000] {processor.py:161} INFO - Started process (PID=1183) to work on /home/airflow/.local/lib/python3.12/site-packages/airflow/example_dags/example_branch_datetime_operator.py
[2024-06-20T23:51:11.725+0000] {processor.py:830} INFO - Processing file /home/airflow/.local/lib/python3.12/site-packages/airflow/example_dags/example_branch_datetime_operator.py for tasks to queue
[2024-06-20T23:51:11.727+0000] {logging_mixin.py:188} INFO - [2024-06-20T23:51:11.726+0000] {dagbag.py:545} INFO - Filling up the DagBag from /home/airflow/.local/lib/python3.12/site-packages/airflow/example_dags/example_branch_datetime_operator.py
[2024-06-20T23:51:11.734+0000] {processor.py:840} INFO - DAG(s) 'example_branch_datetime_operator_2', 'example_branch_datetime_operator_3', 'example_branch_datetime_operator' retrieved from /home/airflow/.local/lib/python3.12/site-packages/airflow/example_dags/example_branch_datetime_operator.py
[2024-06-20T23:51:11.758+0000] {logging_mixin.py:188} INFO - [2024-06-20T23:51:11.758+0000] {dag.py:3096} INFO - Sync 3 DAGs
[2024-06-20T23:51:11.778+0000] {logging_mixin.py:188} INFO - [2024-06-20T23:51:11.777+0000] {dag.py:3954} INFO - Setting next_dagrun for example_branch_datetime_operator to 2024-06-19 00:00:00+00:00, run_after=2024-06-20 00:00:00+00:00
[2024-06-20T23:51:11.782+0000] {logging_mixin.py:188} INFO - [2024-06-20T23:51:11.782+0000] {dag.py:3954} INFO - Setting next_dagrun for example_branch_datetime_operator_2 to 2024-06-19 00:00:00+00:00, run_after=2024-06-20 00:00:00+00:00
[2024-06-20T23:51:11.784+0000] {logging_mixin.py:188} INFO - [2024-06-20T23:51:11.784+0000] {dag.py:3954} INFO - Setting next_dagrun for example_branch_datetime_operator_3 to 2024-06-19 00:00:00+00:00, run_after=2024-06-20 00:00:00+00:00
[2024-06-20T23:51:11.800+0000] {processor.py:183} INFO - Processing /home/airflow/.local/lib/python3.12/site-packages/airflow/example_dags/example_branch_datetime_operator.py took 0.080 seconds
[2024-06-20T23:51:42.136+0000] {processor.py:161} INFO - Started process (PID=1241) to work on /home/airflow/.local/lib/python3.12/site-packages/airflow/example_dags/example_branch_datetime_operator.py
[2024-06-20T23:51:42.137+0000] {processor.py:830} INFO - Processing file /home/airflow/.local/lib/python3.12/site-packages/airflow/example_dags/example_branch_datetime_operator.py for tasks to queue
[2024-06-20T23:51:42.139+0000] {logging_mixin.py:188} INFO - [2024-06-20T23:51:42.138+0000] {dagbag.py:545} INFO - Filling up the DagBag from /home/airflow/.local/lib/python3.12/site-packages/airflow/example_dags/example_branch_datetime_operator.py
[2024-06-20T23:51:42.148+0000] {processor.py:840} INFO - DAG(s) 'example_branch_datetime_operator_2', 'example_branch_datetime_operator', 'example_branch_datetime_operator_3' retrieved from /home/airflow/.local/lib/python3.12/site-packages/airflow/example_dags/example_branch_datetime_operator.py
[2024-06-20T23:51:42.174+0000] {logging_mixin.py:188} INFO - [2024-06-20T23:51:42.174+0000] {dag.py:3096} INFO - Sync 3 DAGs
[2024-06-20T23:51:42.195+0000] {logging_mixin.py:188} INFO - [2024-06-20T23:51:42.194+0000] {dag.py:3954} INFO - Setting next_dagrun for example_branch_datetime_operator to 2024-06-19 00:00:00+00:00, run_after=2024-06-20 00:00:00+00:00
[2024-06-20T23:51:42.199+0000] {logging_mixin.py:188} INFO - [2024-06-20T23:51:42.199+0000] {dag.py:3954} INFO - Setting next_dagrun for example_branch_datetime_operator_2 to 2024-06-19 00:00:00+00:00, run_after=2024-06-20 00:00:00+00:00
[2024-06-20T23:51:42.202+0000] {logging_mixin.py:188} INFO - [2024-06-20T23:51:42.202+0000] {dag.py:3954} INFO - Setting next_dagrun for example_branch_datetime_operator_3 to 2024-06-19 00:00:00+00:00, run_after=2024-06-20 00:00:00+00:00
[2024-06-20T23:51:42.219+0000] {processor.py:183} INFO - Processing /home/airflow/.local/lib/python3.12/site-packages/airflow/example_dags/example_branch_datetime_operator.py took 0.087 seconds
[2024-06-20T23:52:13.009+0000] {processor.py:161} INFO - Started process (PID=1299) to work on /home/airflow/.local/lib/python3.12/site-packages/airflow/example_dags/example_branch_datetime_operator.py
[2024-06-20T23:52:13.010+0000] {processor.py:830} INFO - Processing file /home/airflow/.local/lib/python3.12/site-packages/airflow/example_dags/example_branch_datetime_operator.py for tasks to queue
[2024-06-20T23:52:13.012+0000] {logging_mixin.py:188} INFO - [2024-06-20T23:52:13.011+0000] {dagbag.py:545} INFO - Filling up the DagBag from /home/airflow/.local/lib/python3.12/site-packages/airflow/example_dags/example_branch_datetime_operator.py
[2024-06-20T23:52:13.020+0000] {processor.py:840} INFO - DAG(s) 'example_branch_datetime_operator', 'example_branch_datetime_operator_3', 'example_branch_datetime_operator_2' retrieved from /home/airflow/.local/lib/python3.12/site-packages/airflow/example_dags/example_branch_datetime_operator.py
[2024-06-20T23:52:13.042+0000] {logging_mixin.py:188} INFO - [2024-06-20T23:52:13.042+0000] {dag.py:3096} INFO - Sync 3 DAGs
[2024-06-20T23:52:13.061+0000] {logging_mixin.py:188} INFO - [2024-06-20T23:52:13.060+0000] {dag.py:3954} INFO - Setting next_dagrun for example_branch_datetime_operator to 2024-06-19 00:00:00+00:00, run_after=2024-06-20 00:00:00+00:00
[2024-06-20T23:52:13.065+0000] {logging_mixin.py:188} INFO - [2024-06-20T23:52:13.065+0000] {dag.py:3954} INFO - Setting next_dagrun for example_branch_datetime_operator_2 to 2024-06-19 00:00:00+00:00, run_after=2024-06-20 00:00:00+00:00
[2024-06-20T23:52:13.068+0000] {logging_mixin.py:188} INFO - [2024-06-20T23:52:13.067+0000] {dag.py:3954} INFO - Setting next_dagrun for example_branch_datetime_operator_3 to 2024-06-19 00:00:00+00:00, run_after=2024-06-20 00:00:00+00:00
[2024-06-20T23:52:13.081+0000] {processor.py:183} INFO - Processing /home/airflow/.local/lib/python3.12/site-packages/airflow/example_dags/example_branch_datetime_operator.py took 0.077 seconds
[2024-06-20T23:52:43.727+0000] {processor.py:161} INFO - Started process (PID=1357) to work on /home/airflow/.local/lib/python3.12/site-packages/airflow/example_dags/example_branch_datetime_operator.py
[2024-06-20T23:52:43.728+0000] {processor.py:830} INFO - Processing file /home/airflow/.local/lib/python3.12/site-packages/airflow/example_dags/example_branch_datetime_operator.py for tasks to queue
[2024-06-20T23:52:43.729+0000] {logging_mixin.py:188} INFO - [2024-06-20T23:52:43.729+0000] {dagbag.py:545} INFO - Filling up the DagBag from /home/airflow/.local/lib/python3.12/site-packages/airflow/example_dags/example_branch_datetime_operator.py
[2024-06-20T23:52:43.738+0000] {processor.py:840} INFO - DAG(s) 'example_branch_datetime_operator', 'example_branch_datetime_operator_2', 'example_branch_datetime_operator_3' retrieved from /home/airflow/.local/lib/python3.12/site-packages/airflow/example_dags/example_branch_datetime_operator.py
[2024-06-20T23:52:43.760+0000] {logging_mixin.py:188} INFO - [2024-06-20T23:52:43.759+0000] {dag.py:3096} INFO - Sync 3 DAGs
[2024-06-20T23:52:43.783+0000] {logging_mixin.py:188} INFO - [2024-06-20T23:52:43.783+0000] {dag.py:3954} INFO - Setting next_dagrun for example_branch_datetime_operator to 2024-06-19 00:00:00+00:00, run_after=2024-06-20 00:00:00+00:00
[2024-06-20T23:52:43.790+0000] {logging_mixin.py:188} INFO - [2024-06-20T23:52:43.790+0000] {dag.py:3954} INFO - Setting next_dagrun for example_branch_datetime_operator_2 to 2024-06-19 00:00:00+00:00, run_after=2024-06-20 00:00:00+00:00
[2024-06-20T23:52:43.793+0000] {logging_mixin.py:188} INFO - [2024-06-20T23:52:43.793+0000] {dag.py:3954} INFO - Setting next_dagrun for example_branch_datetime_operator_3 to 2024-06-19 00:00:00+00:00, run_after=2024-06-20 00:00:00+00:00
[2024-06-20T23:52:43.808+0000] {processor.py:183} INFO - Processing /home/airflow/.local/lib/python3.12/site-packages/airflow/example_dags/example_branch_datetime_operator.py took 0.087 seconds
[2024-06-20T23:53:13.878+0000] {processor.py:161} INFO - Started process (PID=1415) to work on /home/airflow/.local/lib/python3.12/site-packages/airflow/example_dags/example_branch_datetime_operator.py
[2024-06-20T23:53:13.879+0000] {processor.py:830} INFO - Processing file /home/airflow/.local/lib/python3.12/site-packages/airflow/example_dags/example_branch_datetime_operator.py for tasks to queue
[2024-06-20T23:53:13.880+0000] {logging_mixin.py:188} INFO - [2024-06-20T23:53:13.880+0000] {dagbag.py:545} INFO - Filling up the DagBag from /home/airflow/.local/lib/python3.12/site-packages/airflow/example_dags/example_branch_datetime_operator.py
[2024-06-20T23:53:13.888+0000] {processor.py:840} INFO - DAG(s) 'example_branch_datetime_operator_3', 'example_branch_datetime_operator_2', 'example_branch_datetime_operator' retrieved from /home/airflow/.local/lib/python3.12/site-packages/airflow/example_dags/example_branch_datetime_operator.py
[2024-06-20T23:53:13.909+0000] {logging_mixin.py:188} INFO - [2024-06-20T23:53:13.909+0000] {dag.py:3096} INFO - Sync 3 DAGs
[2024-06-20T23:53:13.927+0000] {logging_mixin.py:188} INFO - [2024-06-20T23:53:13.927+0000] {dag.py:3954} INFO - Setting next_dagrun for example_branch_datetime_operator to 2024-06-19 00:00:00+00:00, run_after=2024-06-20 00:00:00+00:00
[2024-06-20T23:53:13.932+0000] {logging_mixin.py:188} INFO - [2024-06-20T23:53:13.932+0000] {dag.py:3954} INFO - Setting next_dagrun for example_branch_datetime_operator_2 to 2024-06-19 00:00:00+00:00, run_after=2024-06-20 00:00:00+00:00
[2024-06-20T23:53:13.934+0000] {logging_mixin.py:188} INFO - [2024-06-20T23:53:13.934+0000] {dag.py:3954} INFO - Setting next_dagrun for example_branch_datetime_operator_3 to 2024-06-19 00:00:00+00:00, run_after=2024-06-20 00:00:00+00:00
[2024-06-20T23:53:13.949+0000] {processor.py:183} INFO - Processing /home/airflow/.local/lib/python3.12/site-packages/airflow/example_dags/example_branch_datetime_operator.py took 0.076 seconds
[2024-06-20T23:53:43.992+0000] {processor.py:161} INFO - Started process (PID=1472) to work on /home/airflow/.local/lib/python3.12/site-packages/airflow/example_dags/example_branch_datetime_operator.py
[2024-06-20T23:53:43.993+0000] {processor.py:830} INFO - Processing file /home/airflow/.local/lib/python3.12/site-packages/airflow/example_dags/example_branch_datetime_operator.py for tasks to queue
[2024-06-20T23:53:43.995+0000] {logging_mixin.py:188} INFO - [2024-06-20T23:53:43.994+0000] {dagbag.py:545} INFO - Filling up the DagBag from /home/airflow/.local/lib/python3.12/site-packages/airflow/example_dags/example_branch_datetime_operator.py
[2024-06-20T23:53:44.002+0000] {processor.py:840} INFO - DAG(s) 'example_branch_datetime_operator_3', 'example_branch_datetime_operator_2', 'example_branch_datetime_operator' retrieved from /home/airflow/.local/lib/python3.12/site-packages/airflow/example_dags/example_branch_datetime_operator.py
[2024-06-20T23:53:44.027+0000] {logging_mixin.py:188} INFO - [2024-06-20T23:53:44.026+0000] {dag.py:3096} INFO - Sync 3 DAGs
[2024-06-20T23:53:44.044+0000] {logging_mixin.py:188} INFO - [2024-06-20T23:53:44.044+0000] {dag.py:3954} INFO - Setting next_dagrun for example_branch_datetime_operator to 2024-06-19 00:00:00+00:00, run_after=2024-06-20 00:00:00+00:00
[2024-06-20T23:53:44.048+0000] {logging_mixin.py:188} INFO - [2024-06-20T23:53:44.048+0000] {dag.py:3954} INFO - Setting next_dagrun for example_branch_datetime_operator_2 to 2024-06-19 00:00:00+00:00, run_after=2024-06-20 00:00:00+00:00
[2024-06-20T23:53:44.050+0000] {logging_mixin.py:188} INFO - [2024-06-20T23:53:44.050+0000] {dag.py:3954} INFO - Setting next_dagrun for example_branch_datetime_operator_3 to 2024-06-19 00:00:00+00:00, run_after=2024-06-20 00:00:00+00:00
[2024-06-20T23:53:44.064+0000] {processor.py:183} INFO - Processing /home/airflow/.local/lib/python3.12/site-packages/airflow/example_dags/example_branch_datetime_operator.py took 0.077 seconds
[2024-06-20T23:54:14.189+0000] {processor.py:161} INFO - Started process (PID=1530) to work on /home/airflow/.local/lib/python3.12/site-packages/airflow/example_dags/example_branch_datetime_operator.py
[2024-06-20T23:54:14.190+0000] {processor.py:830} INFO - Processing file /home/airflow/.local/lib/python3.12/site-packages/airflow/example_dags/example_branch_datetime_operator.py for tasks to queue
[2024-06-20T23:54:14.191+0000] {logging_mixin.py:188} INFO - [2024-06-20T23:54:14.191+0000] {dagbag.py:545} INFO - Filling up the DagBag from /home/airflow/.local/lib/python3.12/site-packages/airflow/example_dags/example_branch_datetime_operator.py
[2024-06-20T23:54:14.199+0000] {processor.py:840} INFO - DAG(s) 'example_branch_datetime_operator_2', 'example_branch_datetime_operator', 'example_branch_datetime_operator_3' retrieved from /home/airflow/.local/lib/python3.12/site-packages/airflow/example_dags/example_branch_datetime_operator.py
[2024-06-20T23:54:14.221+0000] {logging_mixin.py:188} INFO - [2024-06-20T23:54:14.221+0000] {dag.py:3096} INFO - Sync 3 DAGs
[2024-06-20T23:54:14.238+0000] {logging_mixin.py:188} INFO - [2024-06-20T23:54:14.238+0000] {dag.py:3954} INFO - Setting next_dagrun for example_branch_datetime_operator to 2024-06-19 00:00:00+00:00, run_after=2024-06-20 00:00:00+00:00
[2024-06-20T23:54:14.242+0000] {logging_mixin.py:188} INFO - [2024-06-20T23:54:14.242+0000] {dag.py:3954} INFO - Setting next_dagrun for example_branch_datetime_operator_2 to 2024-06-19 00:00:00+00:00, run_after=2024-06-20 00:00:00+00:00
[2024-06-20T23:54:14.244+0000] {logging_mixin.py:188} INFO - [2024-06-20T23:54:14.244+0000] {dag.py:3954} INFO - Setting next_dagrun for example_branch_datetime_operator_3 to 2024-06-19 00:00:00+00:00, run_after=2024-06-20 00:00:00+00:00
[2024-06-20T23:54:14.258+0000] {processor.py:183} INFO - Processing /home/airflow/.local/lib/python3.12/site-packages/airflow/example_dags/example_branch_datetime_operator.py took 0.074 seconds
[2024-06-20T23:54:44.520+0000] {processor.py:161} INFO - Started process (PID=1588) to work on /home/airflow/.local/lib/python3.12/site-packages/airflow/example_dags/example_branch_datetime_operator.py
[2024-06-20T23:54:44.521+0000] {processor.py:830} INFO - Processing file /home/airflow/.local/lib/python3.12/site-packages/airflow/example_dags/example_branch_datetime_operator.py for tasks to queue
[2024-06-20T23:54:44.523+0000] {logging_mixin.py:188} INFO - [2024-06-20T23:54:44.523+0000] {dagbag.py:545} INFO - Filling up the DagBag from /home/airflow/.local/lib/python3.12/site-packages/airflow/example_dags/example_branch_datetime_operator.py
[2024-06-20T23:54:44.531+0000] {processor.py:840} INFO - DAG(s) 'example_branch_datetime_operator', 'example_branch_datetime_operator_3', 'example_branch_datetime_operator_2' retrieved from /home/airflow/.local/lib/python3.12/site-packages/airflow/example_dags/example_branch_datetime_operator.py
[2024-06-20T23:54:44.553+0000] {logging_mixin.py:188} INFO - [2024-06-20T23:54:44.553+0000] {dag.py:3096} INFO - Sync 3 DAGs
[2024-06-20T23:54:44.570+0000] {logging_mixin.py:188} INFO - [2024-06-20T23:54:44.570+0000] {dag.py:3954} INFO - Setting next_dagrun for example_branch_datetime_operator to 2024-06-19 00:00:00+00:00, run_after=2024-06-20 00:00:00+00:00
[2024-06-20T23:54:44.574+0000] {logging_mixin.py:188} INFO - [2024-06-20T23:54:44.574+0000] {dag.py:3954} INFO - Setting next_dagrun for example_branch_datetime_operator_2 to 2024-06-19 00:00:00+00:00, run_after=2024-06-20 00:00:00+00:00
[2024-06-20T23:54:44.577+0000] {logging_mixin.py:188} INFO - [2024-06-20T23:54:44.576+0000] {dag.py:3954} INFO - Setting next_dagrun for example_branch_datetime_operator_3 to 2024-06-19 00:00:00+00:00, run_after=2024-06-20 00:00:00+00:00
[2024-06-20T23:54:44.591+0000] {processor.py:183} INFO - Processing /home/airflow/.local/lib/python3.12/site-packages/airflow/example_dags/example_branch_datetime_operator.py took 0.075 seconds
[2024-06-20T23:55:14.954+0000] {processor.py:161} INFO - Started process (PID=1647) to work on /home/airflow/.local/lib/python3.12/site-packages/airflow/example_dags/example_branch_datetime_operator.py
[2024-06-20T23:55:14.955+0000] {processor.py:830} INFO - Processing file /home/airflow/.local/lib/python3.12/site-packages/airflow/example_dags/example_branch_datetime_operator.py for tasks to queue
[2024-06-20T23:55:14.957+0000] {logging_mixin.py:188} INFO - [2024-06-20T23:55:14.956+0000] {dagbag.py:545} INFO - Filling up the DagBag from /home/airflow/.local/lib/python3.12/site-packages/airflow/example_dags/example_branch_datetime_operator.py
[2024-06-20T23:55:14.965+0000] {processor.py:840} INFO - DAG(s) 'example_branch_datetime_operator_2', 'example_branch_datetime_operator_3', 'example_branch_datetime_operator' retrieved from /home/airflow/.local/lib/python3.12/site-packages/airflow/example_dags/example_branch_datetime_operator.py
[2024-06-20T23:55:14.987+0000] {logging_mixin.py:188} INFO - [2024-06-20T23:55:14.986+0000] {dag.py:3096} INFO - Sync 3 DAGs
[2024-06-20T23:55:15.004+0000] {logging_mixin.py:188} INFO - [2024-06-20T23:55:15.004+0000] {dag.py:3954} INFO - Setting next_dagrun for example_branch_datetime_operator to 2024-06-19 00:00:00+00:00, run_after=2024-06-20 00:00:00+00:00
[2024-06-20T23:55:15.008+0000] {logging_mixin.py:188} INFO - [2024-06-20T23:55:15.008+0000] {dag.py:3954} INFO - Setting next_dagrun for example_branch_datetime_operator_2 to 2024-06-19 00:00:00+00:00, run_after=2024-06-20 00:00:00+00:00
[2024-06-20T23:55:15.011+0000] {logging_mixin.py:188} INFO - [2024-06-20T23:55:15.011+0000] {dag.py:3954} INFO - Setting next_dagrun for example_branch_datetime_operator_3 to 2024-06-19 00:00:00+00:00, run_after=2024-06-20 00:00:00+00:00
[2024-06-20T23:55:15.025+0000] {processor.py:183} INFO - Processing /home/airflow/.local/lib/python3.12/site-packages/airflow/example_dags/example_branch_datetime_operator.py took 0.076 seconds
[2024-06-20T23:55:45.604+0000] {processor.py:161} INFO - Started process (PID=1705) to work on /home/airflow/.local/lib/python3.12/site-packages/airflow/example_dags/example_branch_datetime_operator.py
[2024-06-20T23:55:45.605+0000] {processor.py:830} INFO - Processing file /home/airflow/.local/lib/python3.12/site-packages/airflow/example_dags/example_branch_datetime_operator.py for tasks to queue
[2024-06-20T23:55:45.606+0000] {logging_mixin.py:188} INFO - [2024-06-20T23:55:45.606+0000] {dagbag.py:545} INFO - Filling up the DagBag from /home/airflow/.local/lib/python3.12/site-packages/airflow/example_dags/example_branch_datetime_operator.py
[2024-06-20T23:55:45.614+0000] {processor.py:840} INFO - DAG(s) 'example_branch_datetime_operator_3', 'example_branch_datetime_operator_2', 'example_branch_datetime_operator' retrieved from /home/airflow/.local/lib/python3.12/site-packages/airflow/example_dags/example_branch_datetime_operator.py
[2024-06-20T23:55:45.638+0000] {logging_mixin.py:188} INFO - [2024-06-20T23:55:45.638+0000] {dag.py:3096} INFO - Sync 3 DAGs
[2024-06-20T23:55:45.657+0000] {logging_mixin.py:188} INFO - [2024-06-20T23:55:45.657+0000] {dag.py:3954} INFO - Setting next_dagrun for example_branch_datetime_operator to 2024-06-19 00:00:00+00:00, run_after=2024-06-20 00:00:00+00:00
[2024-06-20T23:55:45.661+0000] {logging_mixin.py:188} INFO - [2024-06-20T23:55:45.661+0000] {dag.py:3954} INFO - Setting next_dagrun for example_branch_datetime_operator_2 to 2024-06-19 00:00:00+00:00, run_after=2024-06-20 00:00:00+00:00
[2024-06-20T23:55:45.663+0000] {logging_mixin.py:188} INFO - [2024-06-20T23:55:45.663+0000] {dag.py:3954} INFO - Setting next_dagrun for example_branch_datetime_operator_3 to 2024-06-19 00:00:00+00:00, run_after=2024-06-20 00:00:00+00:00
[2024-06-20T23:55:45.680+0000] {processor.py:183} INFO - Processing /home/airflow/.local/lib/python3.12/site-packages/airflow/example_dags/example_branch_datetime_operator.py took 0.081 seconds
[2024-06-20T23:56:16.440+0000] {processor.py:161} INFO - Started process (PID=1763) to work on /home/airflow/.local/lib/python3.12/site-packages/airflow/example_dags/example_branch_datetime_operator.py
[2024-06-20T23:56:16.441+0000] {processor.py:830} INFO - Processing file /home/airflow/.local/lib/python3.12/site-packages/airflow/example_dags/example_branch_datetime_operator.py for tasks to queue
[2024-06-20T23:56:16.442+0000] {logging_mixin.py:188} INFO - [2024-06-20T23:56:16.442+0000] {dagbag.py:545} INFO - Filling up the DagBag from /home/airflow/.local/lib/python3.12/site-packages/airflow/example_dags/example_branch_datetime_operator.py
[2024-06-20T23:56:16.451+0000] {processor.py:840} INFO - DAG(s) 'example_branch_datetime_operator_3', 'example_branch_datetime_operator_2', 'example_branch_datetime_operator' retrieved from /home/airflow/.local/lib/python3.12/site-packages/airflow/example_dags/example_branch_datetime_operator.py
[2024-06-20T23:56:16.475+0000] {logging_mixin.py:188} INFO - [2024-06-20T23:56:16.474+0000] {dag.py:3096} INFO - Sync 3 DAGs
[2024-06-20T23:56:16.496+0000] {logging_mixin.py:188} INFO - [2024-06-20T23:56:16.495+0000] {dag.py:3954} INFO - Setting next_dagrun for example_branch_datetime_operator to 2024-06-19 00:00:00+00:00, run_after=2024-06-20 00:00:00+00:00
[2024-06-20T23:56:16.500+0000] {logging_mixin.py:188} INFO - [2024-06-20T23:56:16.499+0000] {dag.py:3954} INFO - Setting next_dagrun for example_branch_datetime_operator_2 to 2024-06-19 00:00:00+00:00, run_after=2024-06-20 00:00:00+00:00
[2024-06-20T23:56:16.638+0000] {logging_mixin.py:188} INFO - [2024-06-20T23:56:16.638+0000] {dag.py:3954} INFO - Setting next_dagrun for example_branch_datetime_operator_3 to 2024-06-19 00:00:00+00:00, run_after=2024-06-20 00:00:00+00:00
[2024-06-20T23:56:16.652+0000] {processor.py:183} INFO - Processing /home/airflow/.local/lib/python3.12/site-packages/airflow/example_dags/example_branch_datetime_operator.py took 0.217 seconds
[2024-06-20T23:56:46.926+0000] {processor.py:161} INFO - Started process (PID=1821) to work on /home/airflow/.local/lib/python3.12/site-packages/airflow/example_dags/example_branch_datetime_operator.py
[2024-06-20T23:56:46.927+0000] {processor.py:830} INFO - Processing file /home/airflow/.local/lib/python3.12/site-packages/airflow/example_dags/example_branch_datetime_operator.py for tasks to queue
[2024-06-20T23:56:46.929+0000] {logging_mixin.py:188} INFO - [2024-06-20T23:56:46.929+0000] {dagbag.py:545} INFO - Filling up the DagBag from /home/airflow/.local/lib/python3.12/site-packages/airflow/example_dags/example_branch_datetime_operator.py
[2024-06-20T23:56:46.938+0000] {processor.py:840} INFO - DAG(s) 'example_branch_datetime_operator_2', 'example_branch_datetime_operator', 'example_branch_datetime_operator_3' retrieved from /home/airflow/.local/lib/python3.12/site-packages/airflow/example_dags/example_branch_datetime_operator.py
[2024-06-20T23:56:46.970+0000] {logging_mixin.py:188} INFO - [2024-06-20T23:56:46.969+0000] {dag.py:3096} INFO - Sync 3 DAGs
[2024-06-20T23:56:47.000+0000] {logging_mixin.py:188} INFO - [2024-06-20T23:56:46.999+0000] {dag.py:3954} INFO - Setting next_dagrun for example_branch_datetime_operator to 2024-06-19 00:00:00+00:00, run_after=2024-06-20 00:00:00+00:00
[2024-06-20T23:56:47.173+0000] {logging_mixin.py:188} INFO - [2024-06-20T23:56:47.173+0000] {dag.py:3954} INFO - Setting next_dagrun for example_branch_datetime_operator_2 to 2024-06-19 00:00:00+00:00, run_after=2024-06-20 00:00:00+00:00
[2024-06-20T23:56:47.177+0000] {logging_mixin.py:188} INFO - [2024-06-20T23:56:47.177+0000] {dag.py:3954} INFO - Setting next_dagrun for example_branch_datetime_operator_3 to 2024-06-19 00:00:00+00:00, run_after=2024-06-20 00:00:00+00:00
[2024-06-20T23:56:47.193+0000] {processor.py:183} INFO - Processing /home/airflow/.local/lib/python3.12/site-packages/airflow/example_dags/example_branch_datetime_operator.py took 0.274 seconds
[2024-06-20T23:57:17.386+0000] {processor.py:161} INFO - Started process (PID=1879) to work on /home/airflow/.local/lib/python3.12/site-packages/airflow/example_dags/example_branch_datetime_operator.py
[2024-06-20T23:57:17.387+0000] {processor.py:830} INFO - Processing file /home/airflow/.local/lib/python3.12/site-packages/airflow/example_dags/example_branch_datetime_operator.py for tasks to queue
[2024-06-20T23:57:17.390+0000] {logging_mixin.py:188} INFO - [2024-06-20T23:57:17.389+0000] {dagbag.py:545} INFO - Filling up the DagBag from /home/airflow/.local/lib/python3.12/site-packages/airflow/example_dags/example_branch_datetime_operator.py
[2024-06-20T23:57:17.398+0000] {processor.py:840} INFO - DAG(s) 'example_branch_datetime_operator_2', 'example_branch_datetime_operator_3', 'example_branch_datetime_operator' retrieved from /home/airflow/.local/lib/python3.12/site-packages/airflow/example_dags/example_branch_datetime_operator.py
[2024-06-20T23:57:17.421+0000] {logging_mixin.py:188} INFO - [2024-06-20T23:57:17.420+0000] {dag.py:3096} INFO - Sync 3 DAGs
[2024-06-20T23:57:17.440+0000] {logging_mixin.py:188} INFO - [2024-06-20T23:57:17.440+0000] {dag.py:3954} INFO - Setting next_dagrun for example_branch_datetime_operator to 2024-06-19 00:00:00+00:00, run_after=2024-06-20 00:00:00+00:00
[2024-06-20T23:57:17.444+0000] {logging_mixin.py:188} INFO - [2024-06-20T23:57:17.444+0000] {dag.py:3954} INFO - Setting next_dagrun for example_branch_datetime_operator_2 to 2024-06-19 00:00:00+00:00, run_after=2024-06-20 00:00:00+00:00
[2024-06-20T23:57:17.447+0000] {logging_mixin.py:188} INFO - [2024-06-20T23:57:17.447+0000] {dag.py:3954} INFO - Setting next_dagrun for example_branch_datetime_operator_3 to 2024-06-19 00:00:00+00:00, run_after=2024-06-20 00:00:00+00:00
[2024-06-20T23:57:17.577+0000] {processor.py:183} INFO - Processing /home/airflow/.local/lib/python3.12/site-packages/airflow/example_dags/example_branch_datetime_operator.py took 0.197 seconds
[2024-06-20T23:57:47.615+0000] {processor.py:161} INFO - Started process (PID=1943) to work on /home/airflow/.local/lib/python3.12/site-packages/airflow/example_dags/example_branch_datetime_operator.py
[2024-06-20T23:57:47.616+0000] {processor.py:830} INFO - Processing file /home/airflow/.local/lib/python3.12/site-packages/airflow/example_dags/example_branch_datetime_operator.py for tasks to queue
[2024-06-20T23:57:47.618+0000] {logging_mixin.py:188} INFO - [2024-06-20T23:57:47.618+0000] {dagbag.py:545} INFO - Filling up the DagBag from /home/airflow/.local/lib/python3.12/site-packages/airflow/example_dags/example_branch_datetime_operator.py
[2024-06-20T23:57:47.626+0000] {processor.py:840} INFO - DAG(s) 'example_branch_datetime_operator_2', 'example_branch_datetime_operator', 'example_branch_datetime_operator_3' retrieved from /home/airflow/.local/lib/python3.12/site-packages/airflow/example_dags/example_branch_datetime_operator.py
[2024-06-20T23:57:47.652+0000] {logging_mixin.py:188} INFO - [2024-06-20T23:57:47.652+0000] {dag.py:3096} INFO - Sync 3 DAGs
[2024-06-20T23:57:47.674+0000] {logging_mixin.py:188} INFO - [2024-06-20T23:57:47.673+0000] {dag.py:3954} INFO - Setting next_dagrun for example_branch_datetime_operator to 2024-06-19 00:00:00+00:00, run_after=2024-06-20 00:00:00+00:00
[2024-06-20T23:57:47.679+0000] {logging_mixin.py:188} INFO - [2024-06-20T23:57:47.679+0000] {dag.py:3954} INFO - Setting next_dagrun for example_branch_datetime_operator_2 to 2024-06-19 00:00:00+00:00, run_after=2024-06-20 00:00:00+00:00
[2024-06-20T23:57:47.682+0000] {logging_mixin.py:188} INFO - [2024-06-20T23:57:47.682+0000] {dag.py:3954} INFO - Setting next_dagrun for example_branch_datetime_operator_3 to 2024-06-19 00:00:00+00:00, run_after=2024-06-20 00:00:00+00:00
[2024-06-20T23:57:47.698+0000] {processor.py:183} INFO - Processing /home/airflow/.local/lib/python3.12/site-packages/airflow/example_dags/example_branch_datetime_operator.py took 0.088 seconds
[2024-06-20T23:58:17.996+0000] {processor.py:161} INFO - Started process (PID=2001) to work on /home/airflow/.local/lib/python3.12/site-packages/airflow/example_dags/example_branch_datetime_operator.py
[2024-06-20T23:58:17.997+0000] {processor.py:830} INFO - Processing file /home/airflow/.local/lib/python3.12/site-packages/airflow/example_dags/example_branch_datetime_operator.py for tasks to queue
[2024-06-20T23:58:17.998+0000] {logging_mixin.py:188} INFO - [2024-06-20T23:58:17.998+0000] {dagbag.py:545} INFO - Filling up the DagBag from /home/airflow/.local/lib/python3.12/site-packages/airflow/example_dags/example_branch_datetime_operator.py
[2024-06-20T23:58:18.006+0000] {processor.py:840} INFO - DAG(s) 'example_branch_datetime_operator_2', 'example_branch_datetime_operator', 'example_branch_datetime_operator_3' retrieved from /home/airflow/.local/lib/python3.12/site-packages/airflow/example_dags/example_branch_datetime_operator.py
[2024-06-20T23:58:18.029+0000] {logging_mixin.py:188} INFO - [2024-06-20T23:58:18.029+0000] {dag.py:3096} INFO - Sync 3 DAGs
[2024-06-20T23:58:18.048+0000] {logging_mixin.py:188} INFO - [2024-06-20T23:58:18.048+0000] {dag.py:3954} INFO - Setting next_dagrun for example_branch_datetime_operator to 2024-06-19 00:00:00+00:00, run_after=2024-06-20 00:00:00+00:00
[2024-06-20T23:58:18.052+0000] {logging_mixin.py:188} INFO - [2024-06-20T23:58:18.052+0000] {dag.py:3954} INFO - Setting next_dagrun for example_branch_datetime_operator_2 to 2024-06-19 00:00:00+00:00, run_after=2024-06-20 00:00:00+00:00
[2024-06-20T23:58:18.055+0000] {logging_mixin.py:188} INFO - [2024-06-20T23:58:18.055+0000] {dag.py:3954} INFO - Setting next_dagrun for example_branch_datetime_operator_3 to 2024-06-19 00:00:00+00:00, run_after=2024-06-20 00:00:00+00:00
[2024-06-20T23:58:18.069+0000] {processor.py:183} INFO - Processing /home/airflow/.local/lib/python3.12/site-packages/airflow/example_dags/example_branch_datetime_operator.py took 0.079 seconds
[2024-06-20T23:58:48.126+0000] {processor.py:161} INFO - Started process (PID=2058) to work on /home/airflow/.local/lib/python3.12/site-packages/airflow/example_dags/example_branch_datetime_operator.py
[2024-06-20T23:58:48.127+0000] {processor.py:830} INFO - Processing file /home/airflow/.local/lib/python3.12/site-packages/airflow/example_dags/example_branch_datetime_operator.py for tasks to queue
[2024-06-20T23:58:48.129+0000] {logging_mixin.py:188} INFO - [2024-06-20T23:58:48.129+0000] {dagbag.py:545} INFO - Filling up the DagBag from /home/airflow/.local/lib/python3.12/site-packages/airflow/example_dags/example_branch_datetime_operator.py
[2024-06-20T23:58:48.138+0000] {processor.py:840} INFO - DAG(s) 'example_branch_datetime_operator', 'example_branch_datetime_operator_2', 'example_branch_datetime_operator_3' retrieved from /home/airflow/.local/lib/python3.12/site-packages/airflow/example_dags/example_branch_datetime_operator.py
[2024-06-20T23:58:48.162+0000] {logging_mixin.py:188} INFO - [2024-06-20T23:58:48.161+0000] {dag.py:3096} INFO - Sync 3 DAGs
[2024-06-20T23:58:48.183+0000] {logging_mixin.py:188} INFO - [2024-06-20T23:58:48.182+0000] {dag.py:3954} INFO - Setting next_dagrun for example_branch_datetime_operator to 2024-06-19 00:00:00+00:00, run_after=2024-06-20 00:00:00+00:00
[2024-06-20T23:58:48.188+0000] {logging_mixin.py:188} INFO - [2024-06-20T23:58:48.187+0000] {dag.py:3954} INFO - Setting next_dagrun for example_branch_datetime_operator_2 to 2024-06-19 00:00:00+00:00, run_after=2024-06-20 00:00:00+00:00
[2024-06-20T23:58:48.190+0000] {logging_mixin.py:188} INFO - [2024-06-20T23:58:48.190+0000] {dag.py:3954} INFO - Setting next_dagrun for example_branch_datetime_operator_3 to 2024-06-19 00:00:00+00:00, run_after=2024-06-20 00:00:00+00:00
[2024-06-20T23:58:48.206+0000] {processor.py:183} INFO - Processing /home/airflow/.local/lib/python3.12/site-packages/airflow/example_dags/example_branch_datetime_operator.py took 0.085 seconds
[2024-06-20T23:59:18.831+0000] {processor.py:161} INFO - Started process (PID=2116) to work on /home/airflow/.local/lib/python3.12/site-packages/airflow/example_dags/example_branch_datetime_operator.py
[2024-06-20T23:59:18.832+0000] {processor.py:830} INFO - Processing file /home/airflow/.local/lib/python3.12/site-packages/airflow/example_dags/example_branch_datetime_operator.py for tasks to queue
[2024-06-20T23:59:18.834+0000] {logging_mixin.py:188} INFO - [2024-06-20T23:59:18.834+0000] {dagbag.py:545} INFO - Filling up the DagBag from /home/airflow/.local/lib/python3.12/site-packages/airflow/example_dags/example_branch_datetime_operator.py
[2024-06-20T23:59:18.843+0000] {processor.py:840} INFO - DAG(s) 'example_branch_datetime_operator_2', 'example_branch_datetime_operator', 'example_branch_datetime_operator_3' retrieved from /home/airflow/.local/lib/python3.12/site-packages/airflow/example_dags/example_branch_datetime_operator.py
[2024-06-20T23:59:18.868+0000] {logging_mixin.py:188} INFO - [2024-06-20T23:59:18.868+0000] {dag.py:3096} INFO - Sync 3 DAGs
[2024-06-20T23:59:18.890+0000] {logging_mixin.py:188} INFO - [2024-06-20T23:59:18.890+0000] {dag.py:3954} INFO - Setting next_dagrun for example_branch_datetime_operator to 2024-06-19 00:00:00+00:00, run_after=2024-06-20 00:00:00+00:00
[2024-06-20T23:59:18.895+0000] {logging_mixin.py:188} INFO - [2024-06-20T23:59:18.894+0000] {dag.py:3954} INFO - Setting next_dagrun for example_branch_datetime_operator_2 to 2024-06-19 00:00:00+00:00, run_after=2024-06-20 00:00:00+00:00
[2024-06-20T23:59:18.897+0000] {logging_mixin.py:188} INFO - [2024-06-20T23:59:18.897+0000] {dag.py:3954} INFO - Setting next_dagrun for example_branch_datetime_operator_3 to 2024-06-19 00:00:00+00:00, run_after=2024-06-20 00:00:00+00:00
[2024-06-20T23:59:18.913+0000] {processor.py:183} INFO - Processing /home/airflow/.local/lib/python3.12/site-packages/airflow/example_dags/example_branch_datetime_operator.py took 0.088 seconds
[2024-06-20T23:59:49.782+0000] {processor.py:161} INFO - Started process (PID=2175) to work on /home/airflow/.local/lib/python3.12/site-packages/airflow/example_dags/example_branch_datetime_operator.py
[2024-06-20T23:59:49.784+0000] {processor.py:830} INFO - Processing file /home/airflow/.local/lib/python3.12/site-packages/airflow/example_dags/example_branch_datetime_operator.py for tasks to queue
[2024-06-20T23:59:49.786+0000] {logging_mixin.py:188} INFO - [2024-06-20T23:59:49.786+0000] {dagbag.py:545} INFO - Filling up the DagBag from /home/airflow/.local/lib/python3.12/site-packages/airflow/example_dags/example_branch_datetime_operator.py
[2024-06-20T23:59:49.795+0000] {processor.py:840} INFO - DAG(s) 'example_branch_datetime_operator_2', 'example_branch_datetime_operator_3', 'example_branch_datetime_operator' retrieved from /home/airflow/.local/lib/python3.12/site-packages/airflow/example_dags/example_branch_datetime_operator.py
[2024-06-20T23:59:49.818+0000] {logging_mixin.py:188} INFO - [2024-06-20T23:59:49.818+0000] {dag.py:3096} INFO - Sync 3 DAGs
[2024-06-20T23:59:49.838+0000] {logging_mixin.py:188} INFO - [2024-06-20T23:59:49.838+0000] {dag.py:3954} INFO - Setting next_dagrun for example_branch_datetime_operator to 2024-06-19 00:00:00+00:00, run_after=2024-06-20 00:00:00+00:00
[2024-06-20T23:59:49.842+0000] {logging_mixin.py:188} INFO - [2024-06-20T23:59:49.842+0000] {dag.py:3954} INFO - Setting next_dagrun for example_branch_datetime_operator_2 to 2024-06-19 00:00:00+00:00, run_after=2024-06-20 00:00:00+00:00
[2024-06-20T23:59:49.845+0000] {logging_mixin.py:188} INFO - [2024-06-20T23:59:49.844+0000] {dag.py:3954} INFO - Setting next_dagrun for example_branch_datetime_operator_3 to 2024-06-19 00:00:00+00:00, run_after=2024-06-20 00:00:00+00:00
[2024-06-20T23:59:49.862+0000] {processor.py:183} INFO - Processing /home/airflow/.local/lib/python3.12/site-packages/airflow/example_dags/example_branch_datetime_operator.py took 0.086 seconds
