[2024-06-20T23:40:59.901+0000] {processor.py:161} INFO - Started process (PID=45) to work on /home/airflow/.local/lib/python3.12/site-packages/airflow/example_dags/example_task_group_decorator.py
[2024-06-20T23:40:59.902+0000] {processor.py:830} INFO - Processing file /home/airflow/.local/lib/python3.12/site-packages/airflow/example_dags/example_task_group_decorator.py for tasks to queue
[2024-06-20T23:40:59.903+0000] {logging_mixin.py:188} INFO - [2024-06-20T23:40:59.903+0000] {dagbag.py:545} INFO - Filling up the DagBag from /home/airflow/.local/lib/python3.12/site-packages/airflow/example_dags/example_task_group_decorator.py
[2024-06-20T23:40:59.920+0000] {processor.py:840} INFO - DAG(s) 'example_task_group_decorator' retrieved from /home/airflow/.local/lib/python3.12/site-packages/airflow/example_dags/example_task_group_decorator.py
[2024-06-20T23:40:59.941+0000] {logging_mixin.py:188} INFO - [2024-06-20T23:40:59.941+0000] {dag.py:3096} INFO - Sync 1 DAGs
[2024-06-20T23:41:00.021+0000] {logging_mixin.py:188} INFO - [2024-06-20T23:41:00.020+0000] {dag.py:3954} INFO - Setting next_dagrun for example_task_group_decorator to 2024-06-19 00:00:00+00:00, run_after=2024-06-20 00:00:00+00:00
[2024-06-20T23:41:00.045+0000] {processor.py:183} INFO - Processing /home/airflow/.local/lib/python3.12/site-packages/airflow/example_dags/example_task_group_decorator.py took 0.150 seconds
[2024-06-20T23:41:28.162+0000] {processor.py:161} INFO - Started process (PID=45) to work on /home/airflow/.local/lib/python3.12/site-packages/airflow/example_dags/example_task_group_decorator.py
[2024-06-20T23:41:28.163+0000] {processor.py:830} INFO - Processing file /home/airflow/.local/lib/python3.12/site-packages/airflow/example_dags/example_task_group_decorator.py for tasks to queue
[2024-06-20T23:41:28.167+0000] {logging_mixin.py:188} INFO - [2024-06-20T23:41:28.166+0000] {dagbag.py:545} INFO - Filling up the DagBag from /home/airflow/.local/lib/python3.12/site-packages/airflow/example_dags/example_task_group_decorator.py
[2024-06-20T23:41:28.187+0000] {processor.py:840} INFO - DAG(s) 'example_task_group_decorator' retrieved from /home/airflow/.local/lib/python3.12/site-packages/airflow/example_dags/example_task_group_decorator.py
[2024-06-20T23:41:28.309+0000] {logging_mixin.py:188} INFO - [2024-06-20T23:41:28.309+0000] {dag.py:3096} INFO - Sync 1 DAGs
[2024-06-20T23:41:28.336+0000] {logging_mixin.py:188} INFO - [2024-06-20T23:41:28.336+0000] {dag.py:3954} INFO - Setting next_dagrun for example_task_group_decorator to 2024-06-19 00:00:00+00:00, run_after=2024-06-20 00:00:00+00:00
[2024-06-20T23:41:28.364+0000] {processor.py:183} INFO - Processing /home/airflow/.local/lib/python3.12/site-packages/airflow/example_dags/example_task_group_decorator.py took 0.210 seconds
[2024-06-20T23:41:58.925+0000] {processor.py:161} INFO - Started process (PID=103) to work on /home/airflow/.local/lib/python3.12/site-packages/airflow/example_dags/example_task_group_decorator.py
[2024-06-20T23:41:58.926+0000] {processor.py:830} INFO - Processing file /home/airflow/.local/lib/python3.12/site-packages/airflow/example_dags/example_task_group_decorator.py for tasks to queue
[2024-06-20T23:41:58.928+0000] {logging_mixin.py:188} INFO - [2024-06-20T23:41:58.927+0000] {dagbag.py:545} INFO - Filling up the DagBag from /home/airflow/.local/lib/python3.12/site-packages/airflow/example_dags/example_task_group_decorator.py
[2024-06-20T23:41:58.938+0000] {processor.py:840} INFO - DAG(s) 'example_task_group_decorator' retrieved from /home/airflow/.local/lib/python3.12/site-packages/airflow/example_dags/example_task_group_decorator.py
[2024-06-20T23:41:58.959+0000] {logging_mixin.py:188} INFO - [2024-06-20T23:41:58.959+0000] {dag.py:3096} INFO - Sync 1 DAGs
[2024-06-20T23:41:58.976+0000] {logging_mixin.py:188} INFO - [2024-06-20T23:41:58.976+0000] {dag.py:3954} INFO - Setting next_dagrun for example_task_group_decorator to 2024-06-19 00:00:00+00:00, run_after=2024-06-20 00:00:00+00:00
[2024-06-20T23:41:58.993+0000] {processor.py:183} INFO - Processing /home/airflow/.local/lib/python3.12/site-packages/airflow/example_dags/example_task_group_decorator.py took 0.072 seconds
[2024-06-20T23:42:29.441+0000] {processor.py:161} INFO - Started process (PID=161) to work on /home/airflow/.local/lib/python3.12/site-packages/airflow/example_dags/example_task_group_decorator.py
[2024-06-20T23:42:29.442+0000] {processor.py:830} INFO - Processing file /home/airflow/.local/lib/python3.12/site-packages/airflow/example_dags/example_task_group_decorator.py for tasks to queue
[2024-06-20T23:42:29.444+0000] {logging_mixin.py:188} INFO - [2024-06-20T23:42:29.444+0000] {dagbag.py:545} INFO - Filling up the DagBag from /home/airflow/.local/lib/python3.12/site-packages/airflow/example_dags/example_task_group_decorator.py
[2024-06-20T23:42:29.454+0000] {processor.py:840} INFO - DAG(s) 'example_task_group_decorator' retrieved from /home/airflow/.local/lib/python3.12/site-packages/airflow/example_dags/example_task_group_decorator.py
[2024-06-20T23:42:29.475+0000] {logging_mixin.py:188} INFO - [2024-06-20T23:42:29.475+0000] {dag.py:3096} INFO - Sync 1 DAGs
[2024-06-20T23:42:29.494+0000] {logging_mixin.py:188} INFO - [2024-06-20T23:42:29.493+0000] {dag.py:3954} INFO - Setting next_dagrun for example_task_group_decorator to 2024-06-19 00:00:00+00:00, run_after=2024-06-20 00:00:00+00:00
[2024-06-20T23:42:29.508+0000] {processor.py:183} INFO - Processing /home/airflow/.local/lib/python3.12/site-packages/airflow/example_dags/example_task_group_decorator.py took 0.071 seconds
[2024-06-20T23:42:59.621+0000] {processor.py:161} INFO - Started process (PID=219) to work on /home/airflow/.local/lib/python3.12/site-packages/airflow/example_dags/example_task_group_decorator.py
[2024-06-20T23:42:59.622+0000] {processor.py:830} INFO - Processing file /home/airflow/.local/lib/python3.12/site-packages/airflow/example_dags/example_task_group_decorator.py for tasks to queue
[2024-06-20T23:42:59.624+0000] {logging_mixin.py:188} INFO - [2024-06-20T23:42:59.624+0000] {dagbag.py:545} INFO - Filling up the DagBag from /home/airflow/.local/lib/python3.12/site-packages/airflow/example_dags/example_task_group_decorator.py
[2024-06-20T23:42:59.634+0000] {processor.py:840} INFO - DAG(s) 'example_task_group_decorator' retrieved from /home/airflow/.local/lib/python3.12/site-packages/airflow/example_dags/example_task_group_decorator.py
[2024-06-20T23:42:59.655+0000] {logging_mixin.py:188} INFO - [2024-06-20T23:42:59.654+0000] {dag.py:3096} INFO - Sync 1 DAGs
[2024-06-20T23:42:59.671+0000] {logging_mixin.py:188} INFO - [2024-06-20T23:42:59.671+0000] {dag.py:3954} INFO - Setting next_dagrun for example_task_group_decorator to 2024-06-19 00:00:00+00:00, run_after=2024-06-20 00:00:00+00:00
[2024-06-20T23:42:59.688+0000] {processor.py:183} INFO - Processing /home/airflow/.local/lib/python3.12/site-packages/airflow/example_dags/example_task_group_decorator.py took 0.071 seconds
[2024-06-20T23:43:29.825+0000] {processor.py:161} INFO - Started process (PID=277) to work on /home/airflow/.local/lib/python3.12/site-packages/airflow/example_dags/example_task_group_decorator.py
[2024-06-20T23:43:29.826+0000] {processor.py:830} INFO - Processing file /home/airflow/.local/lib/python3.12/site-packages/airflow/example_dags/example_task_group_decorator.py for tasks to queue
[2024-06-20T23:43:29.828+0000] {logging_mixin.py:188} INFO - [2024-06-20T23:43:29.828+0000] {dagbag.py:545} INFO - Filling up the DagBag from /home/airflow/.local/lib/python3.12/site-packages/airflow/example_dags/example_task_group_decorator.py
[2024-06-20T23:43:29.838+0000] {processor.py:840} INFO - DAG(s) 'example_task_group_decorator' retrieved from /home/airflow/.local/lib/python3.12/site-packages/airflow/example_dags/example_task_group_decorator.py
[2024-06-20T23:43:29.859+0000] {logging_mixin.py:188} INFO - [2024-06-20T23:43:29.859+0000] {dag.py:3096} INFO - Sync 1 DAGs
[2024-06-20T23:43:29.877+0000] {logging_mixin.py:188} INFO - [2024-06-20T23:43:29.877+0000] {dag.py:3954} INFO - Setting next_dagrun for example_task_group_decorator to 2024-06-19 00:00:00+00:00, run_after=2024-06-20 00:00:00+00:00
[2024-06-20T23:43:29.895+0000] {processor.py:183} INFO - Processing /home/airflow/.local/lib/python3.12/site-packages/airflow/example_dags/example_task_group_decorator.py took 0.074 seconds
[2024-06-20T23:44:00.475+0000] {processor.py:161} INFO - Started process (PID=335) to work on /home/airflow/.local/lib/python3.12/site-packages/airflow/example_dags/example_task_group_decorator.py
[2024-06-20T23:44:00.475+0000] {processor.py:830} INFO - Processing file /home/airflow/.local/lib/python3.12/site-packages/airflow/example_dags/example_task_group_decorator.py for tasks to queue
[2024-06-20T23:44:00.477+0000] {logging_mixin.py:188} INFO - [2024-06-20T23:44:00.477+0000] {dagbag.py:545} INFO - Filling up the DagBag from /home/airflow/.local/lib/python3.12/site-packages/airflow/example_dags/example_task_group_decorator.py
[2024-06-20T23:44:00.488+0000] {processor.py:840} INFO - DAG(s) 'example_task_group_decorator' retrieved from /home/airflow/.local/lib/python3.12/site-packages/airflow/example_dags/example_task_group_decorator.py
[2024-06-20T23:44:00.511+0000] {logging_mixin.py:188} INFO - [2024-06-20T23:44:00.510+0000] {dag.py:3096} INFO - Sync 1 DAGs
[2024-06-20T23:44:00.530+0000] {logging_mixin.py:188} INFO - [2024-06-20T23:44:00.529+0000] {dag.py:3954} INFO - Setting next_dagrun for example_task_group_decorator to 2024-06-19 00:00:00+00:00, run_after=2024-06-20 00:00:00+00:00
[2024-06-20T23:44:00.547+0000] {processor.py:183} INFO - Processing /home/airflow/.local/lib/python3.12/site-packages/airflow/example_dags/example_task_group_decorator.py took 0.077 seconds
[2024-06-20T23:44:31.059+0000] {processor.py:161} INFO - Started process (PID=393) to work on /home/airflow/.local/lib/python3.12/site-packages/airflow/example_dags/example_task_group_decorator.py
[2024-06-20T23:44:31.060+0000] {processor.py:830} INFO - Processing file /home/airflow/.local/lib/python3.12/site-packages/airflow/example_dags/example_task_group_decorator.py for tasks to queue
[2024-06-20T23:44:31.062+0000] {logging_mixin.py:188} INFO - [2024-06-20T23:44:31.062+0000] {dagbag.py:545} INFO - Filling up the DagBag from /home/airflow/.local/lib/python3.12/site-packages/airflow/example_dags/example_task_group_decorator.py
[2024-06-20T23:44:31.074+0000] {processor.py:840} INFO - DAG(s) 'example_task_group_decorator' retrieved from /home/airflow/.local/lib/python3.12/site-packages/airflow/example_dags/example_task_group_decorator.py
[2024-06-20T23:44:31.096+0000] {logging_mixin.py:188} INFO - [2024-06-20T23:44:31.096+0000] {dag.py:3096} INFO - Sync 1 DAGs
[2024-06-20T23:44:31.116+0000] {logging_mixin.py:188} INFO - [2024-06-20T23:44:31.115+0000] {dag.py:3954} INFO - Setting next_dagrun for example_task_group_decorator to 2024-06-19 00:00:00+00:00, run_after=2024-06-20 00:00:00+00:00
[2024-06-20T23:44:31.133+0000] {processor.py:183} INFO - Processing /home/airflow/.local/lib/python3.12/site-packages/airflow/example_dags/example_task_group_decorator.py took 0.079 seconds
[2024-06-20T23:45:01.719+0000] {processor.py:161} INFO - Started process (PID=451) to work on /home/airflow/.local/lib/python3.12/site-packages/airflow/example_dags/example_task_group_decorator.py
[2024-06-20T23:45:01.720+0000] {processor.py:830} INFO - Processing file /home/airflow/.local/lib/python3.12/site-packages/airflow/example_dags/example_task_group_decorator.py for tasks to queue
[2024-06-20T23:45:01.722+0000] {logging_mixin.py:188} INFO - [2024-06-20T23:45:01.721+0000] {dagbag.py:545} INFO - Filling up the DagBag from /home/airflow/.local/lib/python3.12/site-packages/airflow/example_dags/example_task_group_decorator.py
[2024-06-20T23:45:01.737+0000] {processor.py:840} INFO - DAG(s) 'example_task_group_decorator' retrieved from /home/airflow/.local/lib/python3.12/site-packages/airflow/example_dags/example_task_group_decorator.py
[2024-06-20T23:45:01.757+0000] {logging_mixin.py:188} INFO - [2024-06-20T23:45:01.756+0000] {dag.py:3096} INFO - Sync 1 DAGs
[2024-06-20T23:45:01.774+0000] {logging_mixin.py:188} INFO - [2024-06-20T23:45:01.774+0000] {dag.py:3954} INFO - Setting next_dagrun for example_task_group_decorator to 2024-06-19 00:00:00+00:00, run_after=2024-06-20 00:00:00+00:00
[2024-06-20T23:45:01.791+0000] {processor.py:183} INFO - Processing /home/airflow/.local/lib/python3.12/site-packages/airflow/example_dags/example_task_group_decorator.py took 0.077 seconds
[2024-06-20T23:45:32.296+0000] {processor.py:161} INFO - Started process (PID=509) to work on /home/airflow/.local/lib/python3.12/site-packages/airflow/example_dags/example_task_group_decorator.py
[2024-06-20T23:45:32.297+0000] {processor.py:830} INFO - Processing file /home/airflow/.local/lib/python3.12/site-packages/airflow/example_dags/example_task_group_decorator.py for tasks to queue
[2024-06-20T23:45:32.299+0000] {logging_mixin.py:188} INFO - [2024-06-20T23:45:32.298+0000] {dagbag.py:545} INFO - Filling up the DagBag from /home/airflow/.local/lib/python3.12/site-packages/airflow/example_dags/example_task_group_decorator.py
[2024-06-20T23:45:32.309+0000] {processor.py:840} INFO - DAG(s) 'example_task_group_decorator' retrieved from /home/airflow/.local/lib/python3.12/site-packages/airflow/example_dags/example_task_group_decorator.py
[2024-06-20T23:45:32.333+0000] {logging_mixin.py:188} INFO - [2024-06-20T23:45:32.332+0000] {dag.py:3096} INFO - Sync 1 DAGs
[2024-06-20T23:45:32.352+0000] {logging_mixin.py:188} INFO - [2024-06-20T23:45:32.352+0000] {dag.py:3954} INFO - Setting next_dagrun for example_task_group_decorator to 2024-06-19 00:00:00+00:00, run_after=2024-06-20 00:00:00+00:00
[2024-06-20T23:45:32.368+0000] {processor.py:183} INFO - Processing /home/airflow/.local/lib/python3.12/site-packages/airflow/example_dags/example_task_group_decorator.py took 0.077 seconds
[2024-06-20T23:46:02.408+0000] {processor.py:161} INFO - Started process (PID=567) to work on /home/airflow/.local/lib/python3.12/site-packages/airflow/example_dags/example_task_group_decorator.py
[2024-06-20T23:46:02.408+0000] {processor.py:830} INFO - Processing file /home/airflow/.local/lib/python3.12/site-packages/airflow/example_dags/example_task_group_decorator.py for tasks to queue
[2024-06-20T23:46:02.410+0000] {logging_mixin.py:188} INFO - [2024-06-20T23:46:02.410+0000] {dagbag.py:545} INFO - Filling up the DagBag from /home/airflow/.local/lib/python3.12/site-packages/airflow/example_dags/example_task_group_decorator.py
[2024-06-20T23:46:02.421+0000] {processor.py:840} INFO - DAG(s) 'example_task_group_decorator' retrieved from /home/airflow/.local/lib/python3.12/site-packages/airflow/example_dags/example_task_group_decorator.py
[2024-06-20T23:46:02.442+0000] {logging_mixin.py:188} INFO - [2024-06-20T23:46:02.441+0000] {dag.py:3096} INFO - Sync 1 DAGs
[2024-06-20T23:46:02.458+0000] {logging_mixin.py:188} INFO - [2024-06-20T23:46:02.458+0000] {dag.py:3954} INFO - Setting next_dagrun for example_task_group_decorator to 2024-06-19 00:00:00+00:00, run_after=2024-06-20 00:00:00+00:00
[2024-06-20T23:46:02.473+0000] {processor.py:183} INFO - Processing /home/airflow/.local/lib/python3.12/site-packages/airflow/example_dags/example_task_group_decorator.py took 0.069 seconds
[2024-06-20T23:46:32.842+0000] {processor.py:161} INFO - Started process (PID=625) to work on /home/airflow/.local/lib/python3.12/site-packages/airflow/example_dags/example_task_group_decorator.py
[2024-06-20T23:46:32.843+0000] {processor.py:830} INFO - Processing file /home/airflow/.local/lib/python3.12/site-packages/airflow/example_dags/example_task_group_decorator.py for tasks to queue
[2024-06-20T23:46:32.845+0000] {logging_mixin.py:188} INFO - [2024-06-20T23:46:32.845+0000] {dagbag.py:545} INFO - Filling up the DagBag from /home/airflow/.local/lib/python3.12/site-packages/airflow/example_dags/example_task_group_decorator.py
[2024-06-20T23:46:32.856+0000] {processor.py:840} INFO - DAG(s) 'example_task_group_decorator' retrieved from /home/airflow/.local/lib/python3.12/site-packages/airflow/example_dags/example_task_group_decorator.py
[2024-06-20T23:46:32.877+0000] {logging_mixin.py:188} INFO - [2024-06-20T23:46:32.877+0000] {dag.py:3096} INFO - Sync 1 DAGs
[2024-06-20T23:46:32.893+0000] {logging_mixin.py:188} INFO - [2024-06-20T23:46:32.893+0000] {dag.py:3954} INFO - Setting next_dagrun for example_task_group_decorator to 2024-06-19 00:00:00+00:00, run_after=2024-06-20 00:00:00+00:00
[2024-06-20T23:46:32.910+0000] {processor.py:183} INFO - Processing /home/airflow/.local/lib/python3.12/site-packages/airflow/example_dags/example_task_group_decorator.py took 0.072 seconds
[2024-06-20T23:47:03.461+0000] {processor.py:161} INFO - Started process (PID=683) to work on /home/airflow/.local/lib/python3.12/site-packages/airflow/example_dags/example_task_group_decorator.py
[2024-06-20T23:47:03.462+0000] {processor.py:830} INFO - Processing file /home/airflow/.local/lib/python3.12/site-packages/airflow/example_dags/example_task_group_decorator.py for tasks to queue
[2024-06-20T23:47:03.463+0000] {logging_mixin.py:188} INFO - [2024-06-20T23:47:03.463+0000] {dagbag.py:545} INFO - Filling up the DagBag from /home/airflow/.local/lib/python3.12/site-packages/airflow/example_dags/example_task_group_decorator.py
[2024-06-20T23:47:03.474+0000] {processor.py:840} INFO - DAG(s) 'example_task_group_decorator' retrieved from /home/airflow/.local/lib/python3.12/site-packages/airflow/example_dags/example_task_group_decorator.py
[2024-06-20T23:47:03.495+0000] {logging_mixin.py:188} INFO - [2024-06-20T23:47:03.495+0000] {dag.py:3096} INFO - Sync 1 DAGs
[2024-06-20T23:47:03.512+0000] {logging_mixin.py:188} INFO - [2024-06-20T23:47:03.512+0000] {dag.py:3954} INFO - Setting next_dagrun for example_task_group_decorator to 2024-06-19 00:00:00+00:00, run_after=2024-06-20 00:00:00+00:00
[2024-06-20T23:47:03.527+0000] {processor.py:183} INFO - Processing /home/airflow/.local/lib/python3.12/site-packages/airflow/example_dags/example_task_group_decorator.py took 0.071 seconds
[2024-06-20T23:47:33.952+0000] {processor.py:161} INFO - Started process (PID=741) to work on /home/airflow/.local/lib/python3.12/site-packages/airflow/example_dags/example_task_group_decorator.py
[2024-06-20T23:47:33.953+0000] {processor.py:830} INFO - Processing file /home/airflow/.local/lib/python3.12/site-packages/airflow/example_dags/example_task_group_decorator.py for tasks to queue
[2024-06-20T23:47:33.954+0000] {logging_mixin.py:188} INFO - [2024-06-20T23:47:33.954+0000] {dagbag.py:545} INFO - Filling up the DagBag from /home/airflow/.local/lib/python3.12/site-packages/airflow/example_dags/example_task_group_decorator.py
[2024-06-20T23:47:33.965+0000] {processor.py:840} INFO - DAG(s) 'example_task_group_decorator' retrieved from /home/airflow/.local/lib/python3.12/site-packages/airflow/example_dags/example_task_group_decorator.py
[2024-06-20T23:47:33.985+0000] {logging_mixin.py:188} INFO - [2024-06-20T23:47:33.985+0000] {dag.py:3096} INFO - Sync 1 DAGs
[2024-06-20T23:47:34.001+0000] {logging_mixin.py:188} INFO - [2024-06-20T23:47:34.000+0000] {dag.py:3954} INFO - Setting next_dagrun for example_task_group_decorator to 2024-06-19 00:00:00+00:00, run_after=2024-06-20 00:00:00+00:00
[2024-06-20T23:47:34.016+0000] {processor.py:183} INFO - Processing /home/airflow/.local/lib/python3.12/site-packages/airflow/example_dags/example_task_group_decorator.py took 0.068 seconds
[2024-06-20T23:48:04.583+0000] {processor.py:161} INFO - Started process (PID=799) to work on /home/airflow/.local/lib/python3.12/site-packages/airflow/example_dags/example_task_group_decorator.py
[2024-06-20T23:48:04.583+0000] {processor.py:830} INFO - Processing file /home/airflow/.local/lib/python3.12/site-packages/airflow/example_dags/example_task_group_decorator.py for tasks to queue
[2024-06-20T23:48:04.585+0000] {logging_mixin.py:188} INFO - [2024-06-20T23:48:04.585+0000] {dagbag.py:545} INFO - Filling up the DagBag from /home/airflow/.local/lib/python3.12/site-packages/airflow/example_dags/example_task_group_decorator.py
[2024-06-20T23:48:04.596+0000] {processor.py:840} INFO - DAG(s) 'example_task_group_decorator' retrieved from /home/airflow/.local/lib/python3.12/site-packages/airflow/example_dags/example_task_group_decorator.py
[2024-06-20T23:48:04.617+0000] {logging_mixin.py:188} INFO - [2024-06-20T23:48:04.617+0000] {dag.py:3096} INFO - Sync 1 DAGs
[2024-06-20T23:48:04.634+0000] {logging_mixin.py:188} INFO - [2024-06-20T23:48:04.634+0000] {dag.py:3954} INFO - Setting next_dagrun for example_task_group_decorator to 2024-06-19 00:00:00+00:00, run_after=2024-06-20 00:00:00+00:00
[2024-06-20T23:48:04.650+0000] {processor.py:183} INFO - Processing /home/airflow/.local/lib/python3.12/site-packages/airflow/example_dags/example_task_group_decorator.py took 0.072 seconds
[2024-06-20T23:48:35.079+0000] {processor.py:161} INFO - Started process (PID=857) to work on /home/airflow/.local/lib/python3.12/site-packages/airflow/example_dags/example_task_group_decorator.py
[2024-06-20T23:48:35.080+0000] {processor.py:830} INFO - Processing file /home/airflow/.local/lib/python3.12/site-packages/airflow/example_dags/example_task_group_decorator.py for tasks to queue
[2024-06-20T23:48:35.081+0000] {logging_mixin.py:188} INFO - [2024-06-20T23:48:35.081+0000] {dagbag.py:545} INFO - Filling up the DagBag from /home/airflow/.local/lib/python3.12/site-packages/airflow/example_dags/example_task_group_decorator.py
[2024-06-20T23:48:35.092+0000] {processor.py:840} INFO - DAG(s) 'example_task_group_decorator' retrieved from /home/airflow/.local/lib/python3.12/site-packages/airflow/example_dags/example_task_group_decorator.py
[2024-06-20T23:48:35.113+0000] {logging_mixin.py:188} INFO - [2024-06-20T23:48:35.113+0000] {dag.py:3096} INFO - Sync 1 DAGs
[2024-06-20T23:48:35.131+0000] {logging_mixin.py:188} INFO - [2024-06-20T23:48:35.131+0000] {dag.py:3954} INFO - Setting next_dagrun for example_task_group_decorator to 2024-06-19 00:00:00+00:00, run_after=2024-06-20 00:00:00+00:00
[2024-06-20T23:48:35.148+0000] {processor.py:183} INFO - Processing /home/airflow/.local/lib/python3.12/site-packages/airflow/example_dags/example_task_group_decorator.py took 0.073 seconds
[2024-06-20T23:49:05.569+0000] {processor.py:161} INFO - Started process (PID=915) to work on /home/airflow/.local/lib/python3.12/site-packages/airflow/example_dags/example_task_group_decorator.py
[2024-06-20T23:49:05.570+0000] {processor.py:830} INFO - Processing file /home/airflow/.local/lib/python3.12/site-packages/airflow/example_dags/example_task_group_decorator.py for tasks to queue
[2024-06-20T23:49:05.571+0000] {logging_mixin.py:188} INFO - [2024-06-20T23:49:05.571+0000] {dagbag.py:545} INFO - Filling up the DagBag from /home/airflow/.local/lib/python3.12/site-packages/airflow/example_dags/example_task_group_decorator.py
[2024-06-20T23:49:05.583+0000] {processor.py:840} INFO - DAG(s) 'example_task_group_decorator' retrieved from /home/airflow/.local/lib/python3.12/site-packages/airflow/example_dags/example_task_group_decorator.py
[2024-06-20T23:49:05.603+0000] {logging_mixin.py:188} INFO - [2024-06-20T23:49:05.603+0000] {dag.py:3096} INFO - Sync 1 DAGs
[2024-06-20T23:49:05.620+0000] {logging_mixin.py:188} INFO - [2024-06-20T23:49:05.620+0000] {dag.py:3954} INFO - Setting next_dagrun for example_task_group_decorator to 2024-06-19 00:00:00+00:00, run_after=2024-06-20 00:00:00+00:00
[2024-06-20T23:49:05.637+0000] {processor.py:183} INFO - Processing /home/airflow/.local/lib/python3.12/site-packages/airflow/example_dags/example_task_group_decorator.py took 0.073 seconds
[2024-06-20T23:49:36.275+0000] {processor.py:161} INFO - Started process (PID=973) to work on /home/airflow/.local/lib/python3.12/site-packages/airflow/example_dags/example_task_group_decorator.py
[2024-06-20T23:49:36.275+0000] {processor.py:830} INFO - Processing file /home/airflow/.local/lib/python3.12/site-packages/airflow/example_dags/example_task_group_decorator.py for tasks to queue
[2024-06-20T23:49:36.277+0000] {logging_mixin.py:188} INFO - [2024-06-20T23:49:36.277+0000] {dagbag.py:545} INFO - Filling up the DagBag from /home/airflow/.local/lib/python3.12/site-packages/airflow/example_dags/example_task_group_decorator.py
[2024-06-20T23:49:36.288+0000] {processor.py:840} INFO - DAG(s) 'example_task_group_decorator' retrieved from /home/airflow/.local/lib/python3.12/site-packages/airflow/example_dags/example_task_group_decorator.py
[2024-06-20T23:49:36.309+0000] {logging_mixin.py:188} INFO - [2024-06-20T23:49:36.309+0000] {dag.py:3096} INFO - Sync 1 DAGs
[2024-06-20T23:49:36.326+0000] {logging_mixin.py:188} INFO - [2024-06-20T23:49:36.326+0000] {dag.py:3954} INFO - Setting next_dagrun for example_task_group_decorator to 2024-06-19 00:00:00+00:00, run_after=2024-06-20 00:00:00+00:00
[2024-06-20T23:49:36.340+0000] {processor.py:183} INFO - Processing /home/airflow/.local/lib/python3.12/site-packages/airflow/example_dags/example_task_group_decorator.py took 0.070 seconds
[2024-06-20T23:50:06.908+0000] {processor.py:161} INFO - Started process (PID=1031) to work on /home/airflow/.local/lib/python3.12/site-packages/airflow/example_dags/example_task_group_decorator.py
[2024-06-20T23:50:06.909+0000] {processor.py:830} INFO - Processing file /home/airflow/.local/lib/python3.12/site-packages/airflow/example_dags/example_task_group_decorator.py for tasks to queue
[2024-06-20T23:50:06.911+0000] {logging_mixin.py:188} INFO - [2024-06-20T23:50:06.910+0000] {dagbag.py:545} INFO - Filling up the DagBag from /home/airflow/.local/lib/python3.12/site-packages/airflow/example_dags/example_task_group_decorator.py
[2024-06-20T23:50:06.921+0000] {processor.py:840} INFO - DAG(s) 'example_task_group_decorator' retrieved from /home/airflow/.local/lib/python3.12/site-packages/airflow/example_dags/example_task_group_decorator.py
[2024-06-20T23:50:06.941+0000] {logging_mixin.py:188} INFO - [2024-06-20T23:50:06.941+0000] {dag.py:3096} INFO - Sync 1 DAGs
[2024-06-20T23:50:06.957+0000] {logging_mixin.py:188} INFO - [2024-06-20T23:50:06.957+0000] {dag.py:3954} INFO - Setting next_dagrun for example_task_group_decorator to 2024-06-19 00:00:00+00:00, run_after=2024-06-20 00:00:00+00:00
[2024-06-20T23:50:06.972+0000] {processor.py:183} INFO - Processing /home/airflow/.local/lib/python3.12/site-packages/airflow/example_dags/example_task_group_decorator.py took 0.068 seconds
[2024-06-20T23:50:37.566+0000] {processor.py:161} INFO - Started process (PID=1089) to work on /home/airflow/.local/lib/python3.12/site-packages/airflow/example_dags/example_task_group_decorator.py
[2024-06-20T23:50:37.567+0000] {processor.py:830} INFO - Processing file /home/airflow/.local/lib/python3.12/site-packages/airflow/example_dags/example_task_group_decorator.py for tasks to queue
[2024-06-20T23:50:37.569+0000] {logging_mixin.py:188} INFO - [2024-06-20T23:50:37.569+0000] {dagbag.py:545} INFO - Filling up the DagBag from /home/airflow/.local/lib/python3.12/site-packages/airflow/example_dags/example_task_group_decorator.py
[2024-06-20T23:50:37.580+0000] {processor.py:840} INFO - DAG(s) 'example_task_group_decorator' retrieved from /home/airflow/.local/lib/python3.12/site-packages/airflow/example_dags/example_task_group_decorator.py
[2024-06-20T23:50:37.603+0000] {logging_mixin.py:188} INFO - [2024-06-20T23:50:37.603+0000] {dag.py:3096} INFO - Sync 1 DAGs
[2024-06-20T23:50:37.621+0000] {logging_mixin.py:188} INFO - [2024-06-20T23:50:37.621+0000] {dag.py:3954} INFO - Setting next_dagrun for example_task_group_decorator to 2024-06-19 00:00:00+00:00, run_after=2024-06-20 00:00:00+00:00
[2024-06-20T23:50:37.637+0000] {processor.py:183} INFO - Processing /home/airflow/.local/lib/python3.12/site-packages/airflow/example_dags/example_task_group_decorator.py took 0.076 seconds
[2024-06-20T23:51:07.698+0000] {processor.py:161} INFO - Started process (PID=1147) to work on /home/airflow/.local/lib/python3.12/site-packages/airflow/example_dags/example_task_group_decorator.py
[2024-06-20T23:51:07.699+0000] {processor.py:830} INFO - Processing file /home/airflow/.local/lib/python3.12/site-packages/airflow/example_dags/example_task_group_decorator.py for tasks to queue
[2024-06-20T23:51:07.700+0000] {logging_mixin.py:188} INFO - [2024-06-20T23:51:07.700+0000] {dagbag.py:545} INFO - Filling up the DagBag from /home/airflow/.local/lib/python3.12/site-packages/airflow/example_dags/example_task_group_decorator.py
[2024-06-20T23:51:07.711+0000] {processor.py:840} INFO - DAG(s) 'example_task_group_decorator' retrieved from /home/airflow/.local/lib/python3.12/site-packages/airflow/example_dags/example_task_group_decorator.py
[2024-06-20T23:51:07.730+0000] {logging_mixin.py:188} INFO - [2024-06-20T23:51:07.730+0000] {dag.py:3096} INFO - Sync 1 DAGs
[2024-06-20T23:51:07.746+0000] {logging_mixin.py:188} INFO - [2024-06-20T23:51:07.746+0000] {dag.py:3954} INFO - Setting next_dagrun for example_task_group_decorator to 2024-06-19 00:00:00+00:00, run_after=2024-06-20 00:00:00+00:00
[2024-06-20T23:51:07.761+0000] {processor.py:183} INFO - Processing /home/airflow/.local/lib/python3.12/site-packages/airflow/example_dags/example_task_group_decorator.py took 0.067 seconds
[2024-06-20T23:51:37.962+0000] {processor.py:161} INFO - Started process (PID=1205) to work on /home/airflow/.local/lib/python3.12/site-packages/airflow/example_dags/example_task_group_decorator.py
[2024-06-20T23:51:37.962+0000] {processor.py:830} INFO - Processing file /home/airflow/.local/lib/python3.12/site-packages/airflow/example_dags/example_task_group_decorator.py for tasks to queue
[2024-06-20T23:51:37.964+0000] {logging_mixin.py:188} INFO - [2024-06-20T23:51:37.964+0000] {dagbag.py:545} INFO - Filling up the DagBag from /home/airflow/.local/lib/python3.12/site-packages/airflow/example_dags/example_task_group_decorator.py
[2024-06-20T23:51:37.975+0000] {processor.py:840} INFO - DAG(s) 'example_task_group_decorator' retrieved from /home/airflow/.local/lib/python3.12/site-packages/airflow/example_dags/example_task_group_decorator.py
[2024-06-20T23:51:37.999+0000] {logging_mixin.py:188} INFO - [2024-06-20T23:51:37.998+0000] {dag.py:3096} INFO - Sync 1 DAGs
[2024-06-20T23:51:38.021+0000] {logging_mixin.py:188} INFO - [2024-06-20T23:51:38.021+0000] {dag.py:3954} INFO - Setting next_dagrun for example_task_group_decorator to 2024-06-19 00:00:00+00:00, run_after=2024-06-20 00:00:00+00:00
[2024-06-20T23:51:38.041+0000] {processor.py:183} INFO - Processing /home/airflow/.local/lib/python3.12/site-packages/airflow/example_dags/example_task_group_decorator.py took 0.085 seconds
[2024-06-20T23:52:08.259+0000] {processor.py:161} INFO - Started process (PID=1263) to work on /home/airflow/.local/lib/python3.12/site-packages/airflow/example_dags/example_task_group_decorator.py
[2024-06-20T23:52:08.260+0000] {processor.py:830} INFO - Processing file /home/airflow/.local/lib/python3.12/site-packages/airflow/example_dags/example_task_group_decorator.py for tasks to queue
[2024-06-20T23:52:08.261+0000] {logging_mixin.py:188} INFO - [2024-06-20T23:52:08.261+0000] {dagbag.py:545} INFO - Filling up the DagBag from /home/airflow/.local/lib/python3.12/site-packages/airflow/example_dags/example_task_group_decorator.py
[2024-06-20T23:52:08.273+0000] {processor.py:840} INFO - DAG(s) 'example_task_group_decorator' retrieved from /home/airflow/.local/lib/python3.12/site-packages/airflow/example_dags/example_task_group_decorator.py
[2024-06-20T23:52:08.294+0000] {logging_mixin.py:188} INFO - [2024-06-20T23:52:08.294+0000] {dag.py:3096} INFO - Sync 1 DAGs
[2024-06-20T23:52:08.312+0000] {logging_mixin.py:188} INFO - [2024-06-20T23:52:08.312+0000] {dag.py:3954} INFO - Setting next_dagrun for example_task_group_decorator to 2024-06-19 00:00:00+00:00, run_after=2024-06-20 00:00:00+00:00
[2024-06-20T23:52:08.330+0000] {processor.py:183} INFO - Processing /home/airflow/.local/lib/python3.12/site-packages/airflow/example_dags/example_task_group_decorator.py took 0.076 seconds
[2024-06-20T23:52:38.745+0000] {processor.py:161} INFO - Started process (PID=1321) to work on /home/airflow/.local/lib/python3.12/site-packages/airflow/example_dags/example_task_group_decorator.py
[2024-06-20T23:52:38.747+0000] {processor.py:830} INFO - Processing file /home/airflow/.local/lib/python3.12/site-packages/airflow/example_dags/example_task_group_decorator.py for tasks to queue
[2024-06-20T23:52:38.749+0000] {logging_mixin.py:188} INFO - [2024-06-20T23:52:38.748+0000] {dagbag.py:545} INFO - Filling up the DagBag from /home/airflow/.local/lib/python3.12/site-packages/airflow/example_dags/example_task_group_decorator.py
[2024-06-20T23:52:38.760+0000] {processor.py:840} INFO - DAG(s) 'example_task_group_decorator' retrieved from /home/airflow/.local/lib/python3.12/site-packages/airflow/example_dags/example_task_group_decorator.py
[2024-06-20T23:52:38.785+0000] {logging_mixin.py:188} INFO - [2024-06-20T23:52:38.785+0000] {dag.py:3096} INFO - Sync 1 DAGs
[2024-06-20T23:52:38.806+0000] {logging_mixin.py:188} INFO - [2024-06-20T23:52:38.806+0000] {dag.py:3954} INFO - Setting next_dagrun for example_task_group_decorator to 2024-06-19 00:00:00+00:00, run_after=2024-06-20 00:00:00+00:00
[2024-06-20T23:52:38.824+0000] {processor.py:183} INFO - Processing /home/airflow/.local/lib/python3.12/site-packages/airflow/example_dags/example_task_group_decorator.py took 0.083 seconds
[2024-06-20T23:53:08.855+0000] {processor.py:161} INFO - Started process (PID=1379) to work on /home/airflow/.local/lib/python3.12/site-packages/airflow/example_dags/example_task_group_decorator.py
[2024-06-20T23:53:08.856+0000] {processor.py:830} INFO - Processing file /home/airflow/.local/lib/python3.12/site-packages/airflow/example_dags/example_task_group_decorator.py for tasks to queue
[2024-06-20T23:53:08.858+0000] {logging_mixin.py:188} INFO - [2024-06-20T23:53:08.858+0000] {dagbag.py:545} INFO - Filling up the DagBag from /home/airflow/.local/lib/python3.12/site-packages/airflow/example_dags/example_task_group_decorator.py
[2024-06-20T23:53:08.868+0000] {processor.py:840} INFO - DAG(s) 'example_task_group_decorator' retrieved from /home/airflow/.local/lib/python3.12/site-packages/airflow/example_dags/example_task_group_decorator.py
[2024-06-20T23:53:08.889+0000] {logging_mixin.py:188} INFO - [2024-06-20T23:53:08.889+0000] {dag.py:3096} INFO - Sync 1 DAGs
[2024-06-20T23:53:08.906+0000] {logging_mixin.py:188} INFO - [2024-06-20T23:53:08.906+0000] {dag.py:3954} INFO - Setting next_dagrun for example_task_group_decorator to 2024-06-19 00:00:00+00:00, run_after=2024-06-20 00:00:00+00:00
[2024-06-20T23:53:08.921+0000] {processor.py:183} INFO - Processing /home/airflow/.local/lib/python3.12/site-packages/airflow/example_dags/example_task_group_decorator.py took 0.070 seconds
[2024-06-20T23:53:38.961+0000] {processor.py:161} INFO - Started process (PID=1437) to work on /home/airflow/.local/lib/python3.12/site-packages/airflow/example_dags/example_task_group_decorator.py
[2024-06-20T23:53:38.962+0000] {processor.py:830} INFO - Processing file /home/airflow/.local/lib/python3.12/site-packages/airflow/example_dags/example_task_group_decorator.py for tasks to queue
[2024-06-20T23:53:38.963+0000] {logging_mixin.py:188} INFO - [2024-06-20T23:53:38.963+0000] {dagbag.py:545} INFO - Filling up the DagBag from /home/airflow/.local/lib/python3.12/site-packages/airflow/example_dags/example_task_group_decorator.py
[2024-06-20T23:53:38.977+0000] {processor.py:840} INFO - DAG(s) 'example_task_group_decorator' retrieved from /home/airflow/.local/lib/python3.12/site-packages/airflow/example_dags/example_task_group_decorator.py
[2024-06-20T23:53:38.998+0000] {logging_mixin.py:188} INFO - [2024-06-20T23:53:38.998+0000] {dag.py:3096} INFO - Sync 1 DAGs
[2024-06-20T23:53:39.016+0000] {logging_mixin.py:188} INFO - [2024-06-20T23:53:39.016+0000] {dag.py:3954} INFO - Setting next_dagrun for example_task_group_decorator to 2024-06-19 00:00:00+00:00, run_after=2024-06-20 00:00:00+00:00
[2024-06-20T23:53:39.031+0000] {processor.py:183} INFO - Processing /home/airflow/.local/lib/python3.12/site-packages/airflow/example_dags/example_task_group_decorator.py took 0.075 seconds
[2024-06-20T23:54:09.130+0000] {processor.py:161} INFO - Started process (PID=1495) to work on /home/airflow/.local/lib/python3.12/site-packages/airflow/example_dags/example_task_group_decorator.py
[2024-06-20T23:54:09.131+0000] {processor.py:830} INFO - Processing file /home/airflow/.local/lib/python3.12/site-packages/airflow/example_dags/example_task_group_decorator.py for tasks to queue
[2024-06-20T23:54:09.133+0000] {logging_mixin.py:188} INFO - [2024-06-20T23:54:09.133+0000] {dagbag.py:545} INFO - Filling up the DagBag from /home/airflow/.local/lib/python3.12/site-packages/airflow/example_dags/example_task_group_decorator.py
[2024-06-20T23:54:09.144+0000] {processor.py:840} INFO - DAG(s) 'example_task_group_decorator' retrieved from /home/airflow/.local/lib/python3.12/site-packages/airflow/example_dags/example_task_group_decorator.py
[2024-06-20T23:54:09.166+0000] {logging_mixin.py:188} INFO - [2024-06-20T23:54:09.165+0000] {dag.py:3096} INFO - Sync 1 DAGs
[2024-06-20T23:54:09.184+0000] {logging_mixin.py:188} INFO - [2024-06-20T23:54:09.184+0000] {dag.py:3954} INFO - Setting next_dagrun for example_task_group_decorator to 2024-06-19 00:00:00+00:00, run_after=2024-06-20 00:00:00+00:00
[2024-06-20T23:54:09.202+0000] {processor.py:183} INFO - Processing /home/airflow/.local/lib/python3.12/site-packages/airflow/example_dags/example_task_group_decorator.py took 0.077 seconds
[2024-06-20T23:54:39.440+0000] {processor.py:161} INFO - Started process (PID=1553) to work on /home/airflow/.local/lib/python3.12/site-packages/airflow/example_dags/example_task_group_decorator.py
[2024-06-20T23:54:39.441+0000] {processor.py:830} INFO - Processing file /home/airflow/.local/lib/python3.12/site-packages/airflow/example_dags/example_task_group_decorator.py for tasks to queue
[2024-06-20T23:54:39.443+0000] {logging_mixin.py:188} INFO - [2024-06-20T23:54:39.443+0000] {dagbag.py:545} INFO - Filling up the DagBag from /home/airflow/.local/lib/python3.12/site-packages/airflow/example_dags/example_task_group_decorator.py
[2024-06-20T23:54:39.454+0000] {processor.py:840} INFO - DAG(s) 'example_task_group_decorator' retrieved from /home/airflow/.local/lib/python3.12/site-packages/airflow/example_dags/example_task_group_decorator.py
[2024-06-20T23:54:39.474+0000] {logging_mixin.py:188} INFO - [2024-06-20T23:54:39.474+0000] {dag.py:3096} INFO - Sync 1 DAGs
[2024-06-20T23:54:39.494+0000] {logging_mixin.py:188} INFO - [2024-06-20T23:54:39.494+0000] {dag.py:3954} INFO - Setting next_dagrun for example_task_group_decorator to 2024-06-19 00:00:00+00:00, run_after=2024-06-20 00:00:00+00:00
[2024-06-20T23:54:39.512+0000] {processor.py:183} INFO - Processing /home/airflow/.local/lib/python3.12/site-packages/airflow/example_dags/example_task_group_decorator.py took 0.076 seconds
[2024-06-20T23:55:09.743+0000] {processor.py:161} INFO - Started process (PID=1611) to work on /home/airflow/.local/lib/python3.12/site-packages/airflow/example_dags/example_task_group_decorator.py
[2024-06-20T23:55:09.744+0000] {processor.py:830} INFO - Processing file /home/airflow/.local/lib/python3.12/site-packages/airflow/example_dags/example_task_group_decorator.py for tasks to queue
[2024-06-20T23:55:09.746+0000] {logging_mixin.py:188} INFO - [2024-06-20T23:55:09.745+0000] {dagbag.py:545} INFO - Filling up the DagBag from /home/airflow/.local/lib/python3.12/site-packages/airflow/example_dags/example_task_group_decorator.py
[2024-06-20T23:55:09.756+0000] {processor.py:840} INFO - DAG(s) 'example_task_group_decorator' retrieved from /home/airflow/.local/lib/python3.12/site-packages/airflow/example_dags/example_task_group_decorator.py
[2024-06-20T23:55:09.778+0000] {logging_mixin.py:188} INFO - [2024-06-20T23:55:09.778+0000] {dag.py:3096} INFO - Sync 1 DAGs
[2024-06-20T23:55:09.796+0000] {logging_mixin.py:188} INFO - [2024-06-20T23:55:09.796+0000] {dag.py:3954} INFO - Setting next_dagrun for example_task_group_decorator to 2024-06-19 00:00:00+00:00, run_after=2024-06-20 00:00:00+00:00
[2024-06-20T23:55:09.812+0000] {processor.py:183} INFO - Processing /home/airflow/.local/lib/python3.12/site-packages/airflow/example_dags/example_task_group_decorator.py took 0.074 seconds
[2024-06-20T23:55:40.075+0000] {processor.py:161} INFO - Started process (PID=1669) to work on /home/airflow/.local/lib/python3.12/site-packages/airflow/example_dags/example_task_group_decorator.py
[2024-06-20T23:55:40.076+0000] {processor.py:830} INFO - Processing file /home/airflow/.local/lib/python3.12/site-packages/airflow/example_dags/example_task_group_decorator.py for tasks to queue
[2024-06-20T23:55:40.078+0000] {logging_mixin.py:188} INFO - [2024-06-20T23:55:40.077+0000] {dagbag.py:545} INFO - Filling up the DagBag from /home/airflow/.local/lib/python3.12/site-packages/airflow/example_dags/example_task_group_decorator.py
[2024-06-20T23:55:40.088+0000] {processor.py:840} INFO - DAG(s) 'example_task_group_decorator' retrieved from /home/airflow/.local/lib/python3.12/site-packages/airflow/example_dags/example_task_group_decorator.py
[2024-06-20T23:55:40.110+0000] {logging_mixin.py:188} INFO - [2024-06-20T23:55:40.110+0000] {dag.py:3096} INFO - Sync 1 DAGs
[2024-06-20T23:55:40.130+0000] {logging_mixin.py:188} INFO - [2024-06-20T23:55:40.130+0000] {dag.py:3954} INFO - Setting next_dagrun for example_task_group_decorator to 2024-06-19 00:00:00+00:00, run_after=2024-06-20 00:00:00+00:00
[2024-06-20T23:55:40.149+0000] {processor.py:183} INFO - Processing /home/airflow/.local/lib/python3.12/site-packages/airflow/example_dags/example_task_group_decorator.py took 0.079 seconds
[2024-06-20T23:56:10.365+0000] {processor.py:161} INFO - Started process (PID=1727) to work on /home/airflow/.local/lib/python3.12/site-packages/airflow/example_dags/example_task_group_decorator.py
[2024-06-20T23:56:10.366+0000] {processor.py:830} INFO - Processing file /home/airflow/.local/lib/python3.12/site-packages/airflow/example_dags/example_task_group_decorator.py for tasks to queue
[2024-06-20T23:56:10.368+0000] {logging_mixin.py:188} INFO - [2024-06-20T23:56:10.368+0000] {dagbag.py:545} INFO - Filling up the DagBag from /home/airflow/.local/lib/python3.12/site-packages/airflow/example_dags/example_task_group_decorator.py
[2024-06-20T23:56:10.380+0000] {processor.py:840} INFO - DAG(s) 'example_task_group_decorator' retrieved from /home/airflow/.local/lib/python3.12/site-packages/airflow/example_dags/example_task_group_decorator.py
[2024-06-20T23:56:10.401+0000] {logging_mixin.py:188} INFO - [2024-06-20T23:56:10.401+0000] {dag.py:3096} INFO - Sync 1 DAGs
[2024-06-20T23:56:10.419+0000] {logging_mixin.py:188} INFO - [2024-06-20T23:56:10.418+0000] {dag.py:3954} INFO - Setting next_dagrun for example_task_group_decorator to 2024-06-19 00:00:00+00:00, run_after=2024-06-20 00:00:00+00:00
[2024-06-20T23:56:10.434+0000] {processor.py:183} INFO - Processing /home/airflow/.local/lib/python3.12/site-packages/airflow/example_dags/example_task_group_decorator.py took 0.074 seconds
[2024-06-20T23:56:40.807+0000] {processor.py:161} INFO - Started process (PID=1785) to work on /home/airflow/.local/lib/python3.12/site-packages/airflow/example_dags/example_task_group_decorator.py
[2024-06-20T23:56:40.808+0000] {processor.py:830} INFO - Processing file /home/airflow/.local/lib/python3.12/site-packages/airflow/example_dags/example_task_group_decorator.py for tasks to queue
[2024-06-20T23:56:40.810+0000] {logging_mixin.py:188} INFO - [2024-06-20T23:56:40.809+0000] {dagbag.py:545} INFO - Filling up the DagBag from /home/airflow/.local/lib/python3.12/site-packages/airflow/example_dags/example_task_group_decorator.py
[2024-06-20T23:56:40.820+0000] {processor.py:840} INFO - DAG(s) 'example_task_group_decorator' retrieved from /home/airflow/.local/lib/python3.12/site-packages/airflow/example_dags/example_task_group_decorator.py
[2024-06-20T23:56:40.840+0000] {logging_mixin.py:188} INFO - [2024-06-20T23:56:40.840+0000] {dag.py:3096} INFO - Sync 1 DAGs
[2024-06-20T23:56:40.857+0000] {logging_mixin.py:188} INFO - [2024-06-20T23:56:40.857+0000] {dag.py:3954} INFO - Setting next_dagrun for example_task_group_decorator to 2024-06-19 00:00:00+00:00, run_after=2024-06-20 00:00:00+00:00
[2024-06-20T23:56:40.872+0000] {processor.py:183} INFO - Processing /home/airflow/.local/lib/python3.12/site-packages/airflow/example_dags/example_task_group_decorator.py took 0.070 seconds
[2024-06-20T23:57:10.981+0000] {processor.py:161} INFO - Started process (PID=1843) to work on /home/airflow/.local/lib/python3.12/site-packages/airflow/example_dags/example_task_group_decorator.py
[2024-06-20T23:57:10.982+0000] {processor.py:830} INFO - Processing file /home/airflow/.local/lib/python3.12/site-packages/airflow/example_dags/example_task_group_decorator.py for tasks to queue
[2024-06-20T23:57:10.984+0000] {logging_mixin.py:188} INFO - [2024-06-20T23:57:10.984+0000] {dagbag.py:545} INFO - Filling up the DagBag from /home/airflow/.local/lib/python3.12/site-packages/airflow/example_dags/example_task_group_decorator.py
[2024-06-20T23:57:10.995+0000] {processor.py:840} INFO - DAG(s) 'example_task_group_decorator' retrieved from /home/airflow/.local/lib/python3.12/site-packages/airflow/example_dags/example_task_group_decorator.py
[2024-06-20T23:57:11.022+0000] {logging_mixin.py:188} INFO - [2024-06-20T23:57:11.021+0000] {dag.py:3096} INFO - Sync 1 DAGs
[2024-06-20T23:57:11.041+0000] {logging_mixin.py:188} INFO - [2024-06-20T23:57:11.041+0000] {dag.py:3954} INFO - Setting next_dagrun for example_task_group_decorator to 2024-06-19 00:00:00+00:00, run_after=2024-06-20 00:00:00+00:00
[2024-06-20T23:57:11.059+0000] {processor.py:183} INFO - Processing /home/airflow/.local/lib/python3.12/site-packages/airflow/example_dags/example_task_group_decorator.py took 0.083 seconds
[2024-06-20T23:57:41.566+0000] {processor.py:161} INFO - Started process (PID=1901) to work on /home/airflow/.local/lib/python3.12/site-packages/airflow/example_dags/example_task_group_decorator.py
[2024-06-20T23:57:41.567+0000] {processor.py:830} INFO - Processing file /home/airflow/.local/lib/python3.12/site-packages/airflow/example_dags/example_task_group_decorator.py for tasks to queue
[2024-06-20T23:57:41.569+0000] {logging_mixin.py:188} INFO - [2024-06-20T23:57:41.568+0000] {dagbag.py:545} INFO - Filling up the DagBag from /home/airflow/.local/lib/python3.12/site-packages/airflow/example_dags/example_task_group_decorator.py
[2024-06-20T23:57:41.580+0000] {processor.py:840} INFO - DAG(s) 'example_task_group_decorator' retrieved from /home/airflow/.local/lib/python3.12/site-packages/airflow/example_dags/example_task_group_decorator.py
[2024-06-20T23:57:41.603+0000] {logging_mixin.py:188} INFO - [2024-06-20T23:57:41.602+0000] {dag.py:3096} INFO - Sync 1 DAGs
[2024-06-20T23:57:41.621+0000] {logging_mixin.py:188} INFO - [2024-06-20T23:57:41.621+0000] {dag.py:3954} INFO - Setting next_dagrun for example_task_group_decorator to 2024-06-19 00:00:00+00:00, run_after=2024-06-20 00:00:00+00:00
[2024-06-20T23:57:41.634+0000] {processor.py:183} INFO - Processing /home/airflow/.local/lib/python3.12/site-packages/airflow/example_dags/example_task_group_decorator.py took 0.074 seconds
[2024-06-20T23:58:11.975+0000] {processor.py:161} INFO - Started process (PID=1959) to work on /home/airflow/.local/lib/python3.12/site-packages/airflow/example_dags/example_task_group_decorator.py
[2024-06-20T23:58:11.976+0000] {processor.py:830} INFO - Processing file /home/airflow/.local/lib/python3.12/site-packages/airflow/example_dags/example_task_group_decorator.py for tasks to queue
[2024-06-20T23:58:11.978+0000] {logging_mixin.py:188} INFO - [2024-06-20T23:58:11.978+0000] {dagbag.py:545} INFO - Filling up the DagBag from /home/airflow/.local/lib/python3.12/site-packages/airflow/example_dags/example_task_group_decorator.py
[2024-06-20T23:58:11.992+0000] {processor.py:840} INFO - DAG(s) 'example_task_group_decorator' retrieved from /home/airflow/.local/lib/python3.12/site-packages/airflow/example_dags/example_task_group_decorator.py
[2024-06-20T23:58:12.014+0000] {logging_mixin.py:188} INFO - [2024-06-20T23:58:12.014+0000] {dag.py:3096} INFO - Sync 1 DAGs
[2024-06-20T23:58:12.156+0000] {logging_mixin.py:188} INFO - [2024-06-20T23:58:12.156+0000] {dag.py:3954} INFO - Setting next_dagrun for example_task_group_decorator to 2024-06-19 00:00:00+00:00, run_after=2024-06-20 00:00:00+00:00
[2024-06-20T23:58:12.171+0000] {processor.py:183} INFO - Processing /home/airflow/.local/lib/python3.12/site-packages/airflow/example_dags/example_task_group_decorator.py took 0.201 seconds
[2024-06-20T23:58:42.259+0000] {processor.py:161} INFO - Started process (PID=2017) to work on /home/airflow/.local/lib/python3.12/site-packages/airflow/example_dags/example_task_group_decorator.py
[2024-06-20T23:58:42.261+0000] {processor.py:830} INFO - Processing file /home/airflow/.local/lib/python3.12/site-packages/airflow/example_dags/example_task_group_decorator.py for tasks to queue
[2024-06-20T23:58:42.262+0000] {logging_mixin.py:188} INFO - [2024-06-20T23:58:42.262+0000] {dagbag.py:545} INFO - Filling up the DagBag from /home/airflow/.local/lib/python3.12/site-packages/airflow/example_dags/example_task_group_decorator.py
[2024-06-20T23:58:42.273+0000] {processor.py:840} INFO - DAG(s) 'example_task_group_decorator' retrieved from /home/airflow/.local/lib/python3.12/site-packages/airflow/example_dags/example_task_group_decorator.py
[2024-06-20T23:58:42.293+0000] {logging_mixin.py:188} INFO - [2024-06-20T23:58:42.292+0000] {dag.py:3096} INFO - Sync 1 DAGs
[2024-06-20T23:58:42.418+0000] {logging_mixin.py:188} INFO - [2024-06-20T23:58:42.418+0000] {dag.py:3954} INFO - Setting next_dagrun for example_task_group_decorator to 2024-06-19 00:00:00+00:00, run_after=2024-06-20 00:00:00+00:00
[2024-06-20T23:58:42.431+0000] {processor.py:183} INFO - Processing /home/airflow/.local/lib/python3.12/site-packages/airflow/example_dags/example_task_group_decorator.py took 0.176 seconds
[2024-06-20T23:59:13.049+0000] {processor.py:161} INFO - Started process (PID=2075) to work on /home/airflow/.local/lib/python3.12/site-packages/airflow/example_dags/example_task_group_decorator.py
[2024-06-20T23:59:13.050+0000] {processor.py:830} INFO - Processing file /home/airflow/.local/lib/python3.12/site-packages/airflow/example_dags/example_task_group_decorator.py for tasks to queue
[2024-06-20T23:59:13.052+0000] {logging_mixin.py:188} INFO - [2024-06-20T23:59:13.051+0000] {dagbag.py:545} INFO - Filling up the DagBag from /home/airflow/.local/lib/python3.12/site-packages/airflow/example_dags/example_task_group_decorator.py
[2024-06-20T23:59:13.063+0000] {processor.py:840} INFO - DAG(s) 'example_task_group_decorator' retrieved from /home/airflow/.local/lib/python3.12/site-packages/airflow/example_dags/example_task_group_decorator.py
[2024-06-20T23:59:13.086+0000] {logging_mixin.py:188} INFO - [2024-06-20T23:59:13.086+0000] {dag.py:3096} INFO - Sync 1 DAGs
[2024-06-20T23:59:13.104+0000] {logging_mixin.py:188} INFO - [2024-06-20T23:59:13.104+0000] {dag.py:3954} INFO - Setting next_dagrun for example_task_group_decorator to 2024-06-19 00:00:00+00:00, run_after=2024-06-20 00:00:00+00:00
[2024-06-20T23:59:13.121+0000] {processor.py:183} INFO - Processing /home/airflow/.local/lib/python3.12/site-packages/airflow/example_dags/example_task_group_decorator.py took 0.077 seconds
[2024-06-20T23:59:43.726+0000] {processor.py:161} INFO - Started process (PID=2133) to work on /home/airflow/.local/lib/python3.12/site-packages/airflow/example_dags/example_task_group_decorator.py
[2024-06-20T23:59:43.727+0000] {processor.py:830} INFO - Processing file /home/airflow/.local/lib/python3.12/site-packages/airflow/example_dags/example_task_group_decorator.py for tasks to queue
[2024-06-20T23:59:43.728+0000] {logging_mixin.py:188} INFO - [2024-06-20T23:59:43.728+0000] {dagbag.py:545} INFO - Filling up the DagBag from /home/airflow/.local/lib/python3.12/site-packages/airflow/example_dags/example_task_group_decorator.py
[2024-06-20T23:59:43.739+0000] {processor.py:840} INFO - DAG(s) 'example_task_group_decorator' retrieved from /home/airflow/.local/lib/python3.12/site-packages/airflow/example_dags/example_task_group_decorator.py
[2024-06-20T23:59:43.761+0000] {logging_mixin.py:188} INFO - [2024-06-20T23:59:43.761+0000] {dag.py:3096} INFO - Sync 1 DAGs
[2024-06-20T23:59:43.780+0000] {logging_mixin.py:188} INFO - [2024-06-20T23:59:43.780+0000] {dag.py:3954} INFO - Setting next_dagrun for example_task_group_decorator to 2024-06-19 00:00:00+00:00, run_after=2024-06-20 00:00:00+00:00
[2024-06-20T23:59:43.796+0000] {processor.py:183} INFO - Processing /home/airflow/.local/lib/python3.12/site-packages/airflow/example_dags/example_task_group_decorator.py took 0.075 seconds
