[2024-06-20T23:40:59.692+0000] {processor.py:161} INFO - Started process (PID=41) to work on /home/airflow/.local/lib/python3.12/site-packages/airflow/example_dags/example_bash_operator.py
[2024-06-20T23:40:59.693+0000] {processor.py:830} INFO - Processing file /home/airflow/.local/lib/python3.12/site-packages/airflow/example_dags/example_bash_operator.py for tasks to queue
[2024-06-20T23:40:59.695+0000] {logging_mixin.py:188} INFO - [2024-06-20T23:40:59.694+0000] {dagbag.py:545} INFO - Filling up the DagBag from /home/airflow/.local/lib/python3.12/site-packages/airflow/example_dags/example_bash_operator.py
[2024-06-20T23:40:59.710+0000] {processor.py:840} INFO - DAG(s) 'example_bash_operator' retrieved from /home/airflow/.local/lib/python3.12/site-packages/airflow/example_dags/example_bash_operator.py
[2024-06-20T23:40:59.722+0000] {logging_mixin.py:188} INFO - [2024-06-20T23:40:59.722+0000] {dag.py:3096} INFO - Sync 1 DAGs
[2024-06-20T23:40:59.744+0000] {logging_mixin.py:188} INFO - [2024-06-20T23:40:59.744+0000] {dag.py:3954} INFO - Setting next_dagrun for example_bash_operator to 2024-06-19 00:00:00+00:00, run_after=2024-06-20 00:00:00+00:00
[2024-06-20T23:40:59.764+0000] {processor.py:183} INFO - Processing /home/airflow/.local/lib/python3.12/site-packages/airflow/example_dags/example_bash_operator.py took 0.077 seconds
[2024-06-20T23:41:27.533+0000] {processor.py:161} INFO - Started process (PID=41) to work on /home/airflow/.local/lib/python3.12/site-packages/airflow/example_dags/example_bash_operator.py
[2024-06-20T23:41:27.534+0000] {processor.py:830} INFO - Processing file /home/airflow/.local/lib/python3.12/site-packages/airflow/example_dags/example_bash_operator.py for tasks to queue
[2024-06-20T23:41:27.536+0000] {logging_mixin.py:188} INFO - [2024-06-20T23:41:27.536+0000] {dagbag.py:545} INFO - Filling up the DagBag from /home/airflow/.local/lib/python3.12/site-packages/airflow/example_dags/example_bash_operator.py
[2024-06-20T23:41:27.549+0000] {processor.py:840} INFO - DAG(s) 'example_bash_operator' retrieved from /home/airflow/.local/lib/python3.12/site-packages/airflow/example_dags/example_bash_operator.py
[2024-06-20T23:41:27.673+0000] {logging_mixin.py:188} INFO - [2024-06-20T23:41:27.672+0000] {dag.py:3096} INFO - Sync 1 DAGs
[2024-06-20T23:41:27.692+0000] {logging_mixin.py:188} INFO - [2024-06-20T23:41:27.691+0000] {dag.py:3954} INFO - Setting next_dagrun for example_bash_operator to 2024-06-19 00:00:00+00:00, run_after=2024-06-20 00:00:00+00:00
[2024-06-20T23:41:27.713+0000] {processor.py:183} INFO - Processing /home/airflow/.local/lib/python3.12/site-packages/airflow/example_dags/example_bash_operator.py took 0.186 seconds
[2024-06-20T23:41:58.652+0000] {processor.py:161} INFO - Started process (PID=99) to work on /home/airflow/.local/lib/python3.12/site-packages/airflow/example_dags/example_bash_operator.py
[2024-06-20T23:41:58.653+0000] {processor.py:830} INFO - Processing file /home/airflow/.local/lib/python3.12/site-packages/airflow/example_dags/example_bash_operator.py for tasks to queue
[2024-06-20T23:41:58.654+0000] {logging_mixin.py:188} INFO - [2024-06-20T23:41:58.654+0000] {dagbag.py:545} INFO - Filling up the DagBag from /home/airflow/.local/lib/python3.12/site-packages/airflow/example_dags/example_bash_operator.py
[2024-06-20T23:41:58.663+0000] {processor.py:840} INFO - DAG(s) 'example_bash_operator' retrieved from /home/airflow/.local/lib/python3.12/site-packages/airflow/example_dags/example_bash_operator.py
[2024-06-20T23:41:58.686+0000] {logging_mixin.py:188} INFO - [2024-06-20T23:41:58.686+0000] {dag.py:3096} INFO - Sync 1 DAGs
[2024-06-20T23:41:58.706+0000] {logging_mixin.py:188} INFO - [2024-06-20T23:41:58.705+0000] {dag.py:3954} INFO - Setting next_dagrun for example_bash_operator to 2024-06-19 00:00:00+00:00, run_after=2024-06-20 00:00:00+00:00
[2024-06-20T23:41:58.722+0000] {processor.py:183} INFO - Processing /home/airflow/.local/lib/python3.12/site-packages/airflow/example_dags/example_bash_operator.py took 0.074 seconds
[2024-06-20T23:42:29.169+0000] {processor.py:161} INFO - Started process (PID=157) to work on /home/airflow/.local/lib/python3.12/site-packages/airflow/example_dags/example_bash_operator.py
[2024-06-20T23:42:29.170+0000] {processor.py:830} INFO - Processing file /home/airflow/.local/lib/python3.12/site-packages/airflow/example_dags/example_bash_operator.py for tasks to queue
[2024-06-20T23:42:29.172+0000] {logging_mixin.py:188} INFO - [2024-06-20T23:42:29.171+0000] {dagbag.py:545} INFO - Filling up the DagBag from /home/airflow/.local/lib/python3.12/site-packages/airflow/example_dags/example_bash_operator.py
[2024-06-20T23:42:29.181+0000] {processor.py:840} INFO - DAG(s) 'example_bash_operator' retrieved from /home/airflow/.local/lib/python3.12/site-packages/airflow/example_dags/example_bash_operator.py
[2024-06-20T23:42:29.202+0000] {logging_mixin.py:188} INFO - [2024-06-20T23:42:29.202+0000] {dag.py:3096} INFO - Sync 1 DAGs
[2024-06-20T23:42:29.222+0000] {logging_mixin.py:188} INFO - [2024-06-20T23:42:29.222+0000] {dag.py:3954} INFO - Setting next_dagrun for example_bash_operator to 2024-06-19 00:00:00+00:00, run_after=2024-06-20 00:00:00+00:00
[2024-06-20T23:42:29.237+0000] {processor.py:183} INFO - Processing /home/airflow/.local/lib/python3.12/site-packages/airflow/example_dags/example_bash_operator.py took 0.072 seconds
[2024-06-20T23:42:59.349+0000] {processor.py:161} INFO - Started process (PID=215) to work on /home/airflow/.local/lib/python3.12/site-packages/airflow/example_dags/example_bash_operator.py
[2024-06-20T23:42:59.350+0000] {processor.py:830} INFO - Processing file /home/airflow/.local/lib/python3.12/site-packages/airflow/example_dags/example_bash_operator.py for tasks to queue
[2024-06-20T23:42:59.351+0000] {logging_mixin.py:188} INFO - [2024-06-20T23:42:59.351+0000] {dagbag.py:545} INFO - Filling up the DagBag from /home/airflow/.local/lib/python3.12/site-packages/airflow/example_dags/example_bash_operator.py
[2024-06-20T23:42:59.360+0000] {processor.py:840} INFO - DAG(s) 'example_bash_operator' retrieved from /home/airflow/.local/lib/python3.12/site-packages/airflow/example_dags/example_bash_operator.py
[2024-06-20T23:42:59.381+0000] {logging_mixin.py:188} INFO - [2024-06-20T23:42:59.381+0000] {dag.py:3096} INFO - Sync 1 DAGs
[2024-06-20T23:42:59.399+0000] {logging_mixin.py:188} INFO - [2024-06-20T23:42:59.398+0000] {dag.py:3954} INFO - Setting next_dagrun for example_bash_operator to 2024-06-19 00:00:00+00:00, run_after=2024-06-20 00:00:00+00:00
[2024-06-20T23:42:59.415+0000] {processor.py:183} INFO - Processing /home/airflow/.local/lib/python3.12/site-packages/airflow/example_dags/example_bash_operator.py took 0.071 seconds
[2024-06-20T23:43:29.550+0000] {processor.py:161} INFO - Started process (PID=273) to work on /home/airflow/.local/lib/python3.12/site-packages/airflow/example_dags/example_bash_operator.py
[2024-06-20T23:43:29.551+0000] {processor.py:830} INFO - Processing file /home/airflow/.local/lib/python3.12/site-packages/airflow/example_dags/example_bash_operator.py for tasks to queue
[2024-06-20T23:43:29.552+0000] {logging_mixin.py:188} INFO - [2024-06-20T23:43:29.552+0000] {dagbag.py:545} INFO - Filling up the DagBag from /home/airflow/.local/lib/python3.12/site-packages/airflow/example_dags/example_bash_operator.py
[2024-06-20T23:43:29.561+0000] {processor.py:840} INFO - DAG(s) 'example_bash_operator' retrieved from /home/airflow/.local/lib/python3.12/site-packages/airflow/example_dags/example_bash_operator.py
[2024-06-20T23:43:29.584+0000] {logging_mixin.py:188} INFO - [2024-06-20T23:43:29.584+0000] {dag.py:3096} INFO - Sync 1 DAGs
[2024-06-20T23:43:29.601+0000] {logging_mixin.py:188} INFO - [2024-06-20T23:43:29.601+0000] {dag.py:3954} INFO - Setting next_dagrun for example_bash_operator to 2024-06-19 00:00:00+00:00, run_after=2024-06-20 00:00:00+00:00
[2024-06-20T23:43:29.619+0000] {processor.py:183} INFO - Processing /home/airflow/.local/lib/python3.12/site-packages/airflow/example_dags/example_bash_operator.py took 0.073 seconds
[2024-06-20T23:44:00.272+0000] {processor.py:161} INFO - Started process (PID=331) to work on /home/airflow/.local/lib/python3.12/site-packages/airflow/example_dags/example_bash_operator.py
[2024-06-20T23:44:00.273+0000] {processor.py:830} INFO - Processing file /home/airflow/.local/lib/python3.12/site-packages/airflow/example_dags/example_bash_operator.py for tasks to queue
[2024-06-20T23:44:00.275+0000] {logging_mixin.py:188} INFO - [2024-06-20T23:44:00.274+0000] {dagbag.py:545} INFO - Filling up the DagBag from /home/airflow/.local/lib/python3.12/site-packages/airflow/example_dags/example_bash_operator.py
[2024-06-20T23:44:00.284+0000] {processor.py:840} INFO - DAG(s) 'example_bash_operator' retrieved from /home/airflow/.local/lib/python3.12/site-packages/airflow/example_dags/example_bash_operator.py
[2024-06-20T23:44:00.310+0000] {logging_mixin.py:188} INFO - [2024-06-20T23:44:00.309+0000] {dag.py:3096} INFO - Sync 1 DAGs
[2024-06-20T23:44:00.332+0000] {logging_mixin.py:188} INFO - [2024-06-20T23:44:00.332+0000] {dag.py:3954} INFO - Setting next_dagrun for example_bash_operator to 2024-06-19 00:00:00+00:00, run_after=2024-06-20 00:00:00+00:00
[2024-06-20T23:44:00.350+0000] {processor.py:183} INFO - Processing /home/airflow/.local/lib/python3.12/site-packages/airflow/example_dags/example_bash_operator.py took 0.082 seconds
[2024-06-20T23:44:30.773+0000] {processor.py:161} INFO - Started process (PID=389) to work on /home/airflow/.local/lib/python3.12/site-packages/airflow/example_dags/example_bash_operator.py
[2024-06-20T23:44:30.774+0000] {processor.py:830} INFO - Processing file /home/airflow/.local/lib/python3.12/site-packages/airflow/example_dags/example_bash_operator.py for tasks to queue
[2024-06-20T23:44:30.776+0000] {logging_mixin.py:188} INFO - [2024-06-20T23:44:30.776+0000] {dagbag.py:545} INFO - Filling up the DagBag from /home/airflow/.local/lib/python3.12/site-packages/airflow/example_dags/example_bash_operator.py
[2024-06-20T23:44:30.785+0000] {processor.py:840} INFO - DAG(s) 'example_bash_operator' retrieved from /home/airflow/.local/lib/python3.12/site-packages/airflow/example_dags/example_bash_operator.py
[2024-06-20T23:44:30.808+0000] {logging_mixin.py:188} INFO - [2024-06-20T23:44:30.808+0000] {dag.py:3096} INFO - Sync 1 DAGs
[2024-06-20T23:44:30.827+0000] {logging_mixin.py:188} INFO - [2024-06-20T23:44:30.827+0000] {dag.py:3954} INFO - Setting next_dagrun for example_bash_operator to 2024-06-19 00:00:00+00:00, run_after=2024-06-20 00:00:00+00:00
[2024-06-20T23:44:30.842+0000] {processor.py:183} INFO - Processing /home/airflow/.local/lib/python3.12/site-packages/airflow/example_dags/example_bash_operator.py took 0.073 seconds
[2024-06-20T23:45:01.440+0000] {processor.py:161} INFO - Started process (PID=447) to work on /home/airflow/.local/lib/python3.12/site-packages/airflow/example_dags/example_bash_operator.py
[2024-06-20T23:45:01.441+0000] {processor.py:830} INFO - Processing file /home/airflow/.local/lib/python3.12/site-packages/airflow/example_dags/example_bash_operator.py for tasks to queue
[2024-06-20T23:45:01.442+0000] {logging_mixin.py:188} INFO - [2024-06-20T23:45:01.442+0000] {dagbag.py:545} INFO - Filling up the DagBag from /home/airflow/.local/lib/python3.12/site-packages/airflow/example_dags/example_bash_operator.py
[2024-06-20T23:45:01.451+0000] {processor.py:840} INFO - DAG(s) 'example_bash_operator' retrieved from /home/airflow/.local/lib/python3.12/site-packages/airflow/example_dags/example_bash_operator.py
[2024-06-20T23:45:01.474+0000] {logging_mixin.py:188} INFO - [2024-06-20T23:45:01.474+0000] {dag.py:3096} INFO - Sync 1 DAGs
[2024-06-20T23:45:01.492+0000] {logging_mixin.py:188} INFO - [2024-06-20T23:45:01.492+0000] {dag.py:3954} INFO - Setting next_dagrun for example_bash_operator to 2024-06-19 00:00:00+00:00, run_after=2024-06-20 00:00:00+00:00
[2024-06-20T23:45:01.509+0000] {processor.py:183} INFO - Processing /home/airflow/.local/lib/python3.12/site-packages/airflow/example_dags/example_bash_operator.py took 0.074 seconds
[2024-06-20T23:45:32.019+0000] {processor.py:161} INFO - Started process (PID=505) to work on /home/airflow/.local/lib/python3.12/site-packages/airflow/example_dags/example_bash_operator.py
[2024-06-20T23:45:32.020+0000] {processor.py:830} INFO - Processing file /home/airflow/.local/lib/python3.12/site-packages/airflow/example_dags/example_bash_operator.py for tasks to queue
[2024-06-20T23:45:32.022+0000] {logging_mixin.py:188} INFO - [2024-06-20T23:45:32.022+0000] {dagbag.py:545} INFO - Filling up the DagBag from /home/airflow/.local/lib/python3.12/site-packages/airflow/example_dags/example_bash_operator.py
[2024-06-20T23:45:32.032+0000] {processor.py:840} INFO - DAG(s) 'example_bash_operator' retrieved from /home/airflow/.local/lib/python3.12/site-packages/airflow/example_dags/example_bash_operator.py
[2024-06-20T23:45:32.055+0000] {logging_mixin.py:188} INFO - [2024-06-20T23:45:32.055+0000] {dag.py:3096} INFO - Sync 1 DAGs
[2024-06-20T23:45:32.073+0000] {logging_mixin.py:188} INFO - [2024-06-20T23:45:32.073+0000] {dag.py:3954} INFO - Setting next_dagrun for example_bash_operator to 2024-06-19 00:00:00+00:00, run_after=2024-06-20 00:00:00+00:00
[2024-06-20T23:45:32.091+0000] {processor.py:183} INFO - Processing /home/airflow/.local/lib/python3.12/site-packages/airflow/example_dags/example_bash_operator.py took 0.076 seconds
[2024-06-20T23:46:02.120+0000] {processor.py:161} INFO - Started process (PID=563) to work on /home/airflow/.local/lib/python3.12/site-packages/airflow/example_dags/example_bash_operator.py
[2024-06-20T23:46:02.121+0000] {processor.py:830} INFO - Processing file /home/airflow/.local/lib/python3.12/site-packages/airflow/example_dags/example_bash_operator.py for tasks to queue
[2024-06-20T23:46:02.123+0000] {logging_mixin.py:188} INFO - [2024-06-20T23:46:02.123+0000] {dagbag.py:545} INFO - Filling up the DagBag from /home/airflow/.local/lib/python3.12/site-packages/airflow/example_dags/example_bash_operator.py
[2024-06-20T23:46:02.134+0000] {processor.py:840} INFO - DAG(s) 'example_bash_operator' retrieved from /home/airflow/.local/lib/python3.12/site-packages/airflow/example_dags/example_bash_operator.py
[2024-06-20T23:46:02.159+0000] {logging_mixin.py:188} INFO - [2024-06-20T23:46:02.159+0000] {dag.py:3096} INFO - Sync 1 DAGs
[2024-06-20T23:46:02.178+0000] {logging_mixin.py:188} INFO - [2024-06-20T23:46:02.178+0000] {dag.py:3954} INFO - Setting next_dagrun for example_bash_operator to 2024-06-19 00:00:00+00:00, run_after=2024-06-20 00:00:00+00:00
[2024-06-20T23:46:02.195+0000] {processor.py:183} INFO - Processing /home/airflow/.local/lib/python3.12/site-packages/airflow/example_dags/example_bash_operator.py took 0.080 seconds
[2024-06-20T23:46:32.568+0000] {processor.py:161} INFO - Started process (PID=621) to work on /home/airflow/.local/lib/python3.12/site-packages/airflow/example_dags/example_bash_operator.py
[2024-06-20T23:46:32.569+0000] {processor.py:830} INFO - Processing file /home/airflow/.local/lib/python3.12/site-packages/airflow/example_dags/example_bash_operator.py for tasks to queue
[2024-06-20T23:46:32.571+0000] {logging_mixin.py:188} INFO - [2024-06-20T23:46:32.571+0000] {dagbag.py:545} INFO - Filling up the DagBag from /home/airflow/.local/lib/python3.12/site-packages/airflow/example_dags/example_bash_operator.py
[2024-06-20T23:46:32.580+0000] {processor.py:840} INFO - DAG(s) 'example_bash_operator' retrieved from /home/airflow/.local/lib/python3.12/site-packages/airflow/example_dags/example_bash_operator.py
[2024-06-20T23:46:32.602+0000] {logging_mixin.py:188} INFO - [2024-06-20T23:46:32.602+0000] {dag.py:3096} INFO - Sync 1 DAGs
[2024-06-20T23:46:32.619+0000] {logging_mixin.py:188} INFO - [2024-06-20T23:46:32.619+0000] {dag.py:3954} INFO - Setting next_dagrun for example_bash_operator to 2024-06-19 00:00:00+00:00, run_after=2024-06-20 00:00:00+00:00
[2024-06-20T23:46:32.636+0000] {processor.py:183} INFO - Processing /home/airflow/.local/lib/python3.12/site-packages/airflow/example_dags/example_bash_operator.py took 0.071 seconds
[2024-06-20T23:47:03.188+0000] {processor.py:161} INFO - Started process (PID=679) to work on /home/airflow/.local/lib/python3.12/site-packages/airflow/example_dags/example_bash_operator.py
[2024-06-20T23:47:03.189+0000] {processor.py:830} INFO - Processing file /home/airflow/.local/lib/python3.12/site-packages/airflow/example_dags/example_bash_operator.py for tasks to queue
[2024-06-20T23:47:03.191+0000] {logging_mixin.py:188} INFO - [2024-06-20T23:47:03.190+0000] {dagbag.py:545} INFO - Filling up the DagBag from /home/airflow/.local/lib/python3.12/site-packages/airflow/example_dags/example_bash_operator.py
[2024-06-20T23:47:03.199+0000] {processor.py:840} INFO - DAG(s) 'example_bash_operator' retrieved from /home/airflow/.local/lib/python3.12/site-packages/airflow/example_dags/example_bash_operator.py
[2024-06-20T23:47:03.221+0000] {logging_mixin.py:188} INFO - [2024-06-20T23:47:03.221+0000] {dag.py:3096} INFO - Sync 1 DAGs
[2024-06-20T23:47:03.239+0000] {logging_mixin.py:188} INFO - [2024-06-20T23:47:03.238+0000] {dag.py:3954} INFO - Setting next_dagrun for example_bash_operator to 2024-06-19 00:00:00+00:00, run_after=2024-06-20 00:00:00+00:00
[2024-06-20T23:47:03.253+0000] {processor.py:183} INFO - Processing /home/airflow/.local/lib/python3.12/site-packages/airflow/example_dags/example_bash_operator.py took 0.069 seconds
[2024-06-20T23:47:33.781+0000] {processor.py:161} INFO - Started process (PID=737) to work on /home/airflow/.local/lib/python3.12/site-packages/airflow/example_dags/example_bash_operator.py
[2024-06-20T23:47:33.782+0000] {processor.py:830} INFO - Processing file /home/airflow/.local/lib/python3.12/site-packages/airflow/example_dags/example_bash_operator.py for tasks to queue
[2024-06-20T23:47:33.783+0000] {logging_mixin.py:188} INFO - [2024-06-20T23:47:33.783+0000] {dagbag.py:545} INFO - Filling up the DagBag from /home/airflow/.local/lib/python3.12/site-packages/airflow/example_dags/example_bash_operator.py
[2024-06-20T23:47:33.793+0000] {processor.py:840} INFO - DAG(s) 'example_bash_operator' retrieved from /home/airflow/.local/lib/python3.12/site-packages/airflow/example_dags/example_bash_operator.py
[2024-06-20T23:47:33.815+0000] {logging_mixin.py:188} INFO - [2024-06-20T23:47:33.815+0000] {dag.py:3096} INFO - Sync 1 DAGs
[2024-06-20T23:47:33.832+0000] {logging_mixin.py:188} INFO - [2024-06-20T23:47:33.832+0000] {dag.py:3954} INFO - Setting next_dagrun for example_bash_operator to 2024-06-19 00:00:00+00:00, run_after=2024-06-20 00:00:00+00:00
[2024-06-20T23:47:33.848+0000] {processor.py:183} INFO - Processing /home/airflow/.local/lib/python3.12/site-packages/airflow/example_dags/example_bash_operator.py took 0.071 seconds
[2024-06-20T23:48:04.313+0000] {processor.py:161} INFO - Started process (PID=795) to work on /home/airflow/.local/lib/python3.12/site-packages/airflow/example_dags/example_bash_operator.py
[2024-06-20T23:48:04.314+0000] {processor.py:830} INFO - Processing file /home/airflow/.local/lib/python3.12/site-packages/airflow/example_dags/example_bash_operator.py for tasks to queue
[2024-06-20T23:48:04.316+0000] {logging_mixin.py:188} INFO - [2024-06-20T23:48:04.315+0000] {dagbag.py:545} INFO - Filling up the DagBag from /home/airflow/.local/lib/python3.12/site-packages/airflow/example_dags/example_bash_operator.py
[2024-06-20T23:48:04.324+0000] {processor.py:840} INFO - DAG(s) 'example_bash_operator' retrieved from /home/airflow/.local/lib/python3.12/site-packages/airflow/example_dags/example_bash_operator.py
[2024-06-20T23:48:04.344+0000] {logging_mixin.py:188} INFO - [2024-06-20T23:48:04.344+0000] {dag.py:3096} INFO - Sync 1 DAGs
[2024-06-20T23:48:04.362+0000] {logging_mixin.py:188} INFO - [2024-06-20T23:48:04.362+0000] {dag.py:3954} INFO - Setting next_dagrun for example_bash_operator to 2024-06-19 00:00:00+00:00, run_after=2024-06-20 00:00:00+00:00
[2024-06-20T23:48:04.377+0000] {processor.py:183} INFO - Processing /home/airflow/.local/lib/python3.12/site-packages/airflow/example_dags/example_bash_operator.py took 0.068 seconds
[2024-06-20T23:48:34.906+0000] {processor.py:161} INFO - Started process (PID=853) to work on /home/airflow/.local/lib/python3.12/site-packages/airflow/example_dags/example_bash_operator.py
[2024-06-20T23:48:34.907+0000] {processor.py:830} INFO - Processing file /home/airflow/.local/lib/python3.12/site-packages/airflow/example_dags/example_bash_operator.py for tasks to queue
[2024-06-20T23:48:34.909+0000] {logging_mixin.py:188} INFO - [2024-06-20T23:48:34.909+0000] {dagbag.py:545} INFO - Filling up the DagBag from /home/airflow/.local/lib/python3.12/site-packages/airflow/example_dags/example_bash_operator.py
[2024-06-20T23:48:34.918+0000] {processor.py:840} INFO - DAG(s) 'example_bash_operator' retrieved from /home/airflow/.local/lib/python3.12/site-packages/airflow/example_dags/example_bash_operator.py
[2024-06-20T23:48:34.938+0000] {logging_mixin.py:188} INFO - [2024-06-20T23:48:34.938+0000] {dag.py:3096} INFO - Sync 1 DAGs
[2024-06-20T23:48:34.955+0000] {logging_mixin.py:188} INFO - [2024-06-20T23:48:34.955+0000] {dag.py:3954} INFO - Setting next_dagrun for example_bash_operator to 2024-06-19 00:00:00+00:00, run_after=2024-06-20 00:00:00+00:00
[2024-06-20T23:48:34.973+0000] {processor.py:183} INFO - Processing /home/airflow/.local/lib/python3.12/site-packages/airflow/example_dags/example_bash_operator.py took 0.071 seconds
[2024-06-20T23:49:05.394+0000] {processor.py:161} INFO - Started process (PID=911) to work on /home/airflow/.local/lib/python3.12/site-packages/airflow/example_dags/example_bash_operator.py
[2024-06-20T23:49:05.395+0000] {processor.py:830} INFO - Processing file /home/airflow/.local/lib/python3.12/site-packages/airflow/example_dags/example_bash_operator.py for tasks to queue
[2024-06-20T23:49:05.397+0000] {logging_mixin.py:188} INFO - [2024-06-20T23:49:05.397+0000] {dagbag.py:545} INFO - Filling up the DagBag from /home/airflow/.local/lib/python3.12/site-packages/airflow/example_dags/example_bash_operator.py
[2024-06-20T23:49:05.407+0000] {processor.py:840} INFO - DAG(s) 'example_bash_operator' retrieved from /home/airflow/.local/lib/python3.12/site-packages/airflow/example_dags/example_bash_operator.py
[2024-06-20T23:49:05.431+0000] {logging_mixin.py:188} INFO - [2024-06-20T23:49:05.431+0000] {dag.py:3096} INFO - Sync 1 DAGs
[2024-06-20T23:49:05.449+0000] {logging_mixin.py:188} INFO - [2024-06-20T23:49:05.449+0000] {dag.py:3954} INFO - Setting next_dagrun for example_bash_operator to 2024-06-19 00:00:00+00:00, run_after=2024-06-20 00:00:00+00:00
[2024-06-20T23:49:05.464+0000] {processor.py:183} INFO - Processing /home/airflow/.local/lib/python3.12/site-packages/airflow/example_dags/example_bash_operator.py took 0.075 seconds
[2024-06-20T23:49:36.001+0000] {processor.py:161} INFO - Started process (PID=969) to work on /home/airflow/.local/lib/python3.12/site-packages/airflow/example_dags/example_bash_operator.py
[2024-06-20T23:49:36.002+0000] {processor.py:830} INFO - Processing file /home/airflow/.local/lib/python3.12/site-packages/airflow/example_dags/example_bash_operator.py for tasks to queue
[2024-06-20T23:49:36.004+0000] {logging_mixin.py:188} INFO - [2024-06-20T23:49:36.004+0000] {dagbag.py:545} INFO - Filling up the DagBag from /home/airflow/.local/lib/python3.12/site-packages/airflow/example_dags/example_bash_operator.py
[2024-06-20T23:49:36.012+0000] {processor.py:840} INFO - DAG(s) 'example_bash_operator' retrieved from /home/airflow/.local/lib/python3.12/site-packages/airflow/example_dags/example_bash_operator.py
[2024-06-20T23:49:36.033+0000] {logging_mixin.py:188} INFO - [2024-06-20T23:49:36.033+0000] {dag.py:3096} INFO - Sync 1 DAGs
[2024-06-20T23:49:36.051+0000] {logging_mixin.py:188} INFO - [2024-06-20T23:49:36.051+0000] {dag.py:3954} INFO - Setting next_dagrun for example_bash_operator to 2024-06-19 00:00:00+00:00, run_after=2024-06-20 00:00:00+00:00
[2024-06-20T23:49:36.066+0000] {processor.py:183} INFO - Processing /home/airflow/.local/lib/python3.12/site-packages/airflow/example_dags/example_bash_operator.py took 0.070 seconds
[2024-06-20T23:50:06.634+0000] {processor.py:161} INFO - Started process (PID=1027) to work on /home/airflow/.local/lib/python3.12/site-packages/airflow/example_dags/example_bash_operator.py
[2024-06-20T23:50:06.635+0000] {processor.py:830} INFO - Processing file /home/airflow/.local/lib/python3.12/site-packages/airflow/example_dags/example_bash_operator.py for tasks to queue
[2024-06-20T23:50:06.637+0000] {logging_mixin.py:188} INFO - [2024-06-20T23:50:06.636+0000] {dagbag.py:545} INFO - Filling up the DagBag from /home/airflow/.local/lib/python3.12/site-packages/airflow/example_dags/example_bash_operator.py
[2024-06-20T23:50:06.646+0000] {processor.py:840} INFO - DAG(s) 'example_bash_operator' retrieved from /home/airflow/.local/lib/python3.12/site-packages/airflow/example_dags/example_bash_operator.py
[2024-06-20T23:50:06.669+0000] {logging_mixin.py:188} INFO - [2024-06-20T23:50:06.669+0000] {dag.py:3096} INFO - Sync 1 DAGs
[2024-06-20T23:50:06.688+0000] {logging_mixin.py:188} INFO - [2024-06-20T23:50:06.687+0000] {dag.py:3954} INFO - Setting next_dagrun for example_bash_operator to 2024-06-19 00:00:00+00:00, run_after=2024-06-20 00:00:00+00:00
[2024-06-20T23:50:06.702+0000] {processor.py:183} INFO - Processing /home/airflow/.local/lib/python3.12/site-packages/airflow/example_dags/example_bash_operator.py took 0.072 seconds
[2024-06-20T23:50:37.271+0000] {processor.py:161} INFO - Started process (PID=1085) to work on /home/airflow/.local/lib/python3.12/site-packages/airflow/example_dags/example_bash_operator.py
[2024-06-20T23:50:37.272+0000] {processor.py:830} INFO - Processing file /home/airflow/.local/lib/python3.12/site-packages/airflow/example_dags/example_bash_operator.py for tasks to queue
[2024-06-20T23:50:37.274+0000] {logging_mixin.py:188} INFO - [2024-06-20T23:50:37.274+0000] {dagbag.py:545} INFO - Filling up the DagBag from /home/airflow/.local/lib/python3.12/site-packages/airflow/example_dags/example_bash_operator.py
[2024-06-20T23:50:37.285+0000] {processor.py:840} INFO - DAG(s) 'example_bash_operator' retrieved from /home/airflow/.local/lib/python3.12/site-packages/airflow/example_dags/example_bash_operator.py
[2024-06-20T23:50:37.309+0000] {logging_mixin.py:188} INFO - [2024-06-20T23:50:37.309+0000] {dag.py:3096} INFO - Sync 1 DAGs
[2024-06-20T23:50:37.328+0000] {logging_mixin.py:188} INFO - [2024-06-20T23:50:37.328+0000] {dag.py:3954} INFO - Setting next_dagrun for example_bash_operator to 2024-06-19 00:00:00+00:00, run_after=2024-06-20 00:00:00+00:00
[2024-06-20T23:50:37.344+0000] {processor.py:183} INFO - Processing /home/airflow/.local/lib/python3.12/site-packages/airflow/example_dags/example_bash_operator.py took 0.079 seconds
[2024-06-20T23:51:07.415+0000] {processor.py:161} INFO - Started process (PID=1143) to work on /home/airflow/.local/lib/python3.12/site-packages/airflow/example_dags/example_bash_operator.py
[2024-06-20T23:51:07.416+0000] {processor.py:830} INFO - Processing file /home/airflow/.local/lib/python3.12/site-packages/airflow/example_dags/example_bash_operator.py for tasks to queue
[2024-06-20T23:51:07.418+0000] {logging_mixin.py:188} INFO - [2024-06-20T23:51:07.417+0000] {dagbag.py:545} INFO - Filling up the DagBag from /home/airflow/.local/lib/python3.12/site-packages/airflow/example_dags/example_bash_operator.py
[2024-06-20T23:51:07.427+0000] {processor.py:840} INFO - DAG(s) 'example_bash_operator' retrieved from /home/airflow/.local/lib/python3.12/site-packages/airflow/example_dags/example_bash_operator.py
[2024-06-20T23:51:07.449+0000] {logging_mixin.py:188} INFO - [2024-06-20T23:51:07.449+0000] {dag.py:3096} INFO - Sync 1 DAGs
[2024-06-20T23:51:07.468+0000] {logging_mixin.py:188} INFO - [2024-06-20T23:51:07.468+0000] {dag.py:3954} INFO - Setting next_dagrun for example_bash_operator to 2024-06-19 00:00:00+00:00, run_after=2024-06-20 00:00:00+00:00
[2024-06-20T23:51:07.486+0000] {processor.py:183} INFO - Processing /home/airflow/.local/lib/python3.12/site-packages/airflow/example_dags/example_bash_operator.py took 0.076 seconds
[2024-06-20T23:51:37.668+0000] {processor.py:161} INFO - Started process (PID=1201) to work on /home/airflow/.local/lib/python3.12/site-packages/airflow/example_dags/example_bash_operator.py
[2024-06-20T23:51:37.669+0000] {processor.py:830} INFO - Processing file /home/airflow/.local/lib/python3.12/site-packages/airflow/example_dags/example_bash_operator.py for tasks to queue
[2024-06-20T23:51:37.671+0000] {logging_mixin.py:188} INFO - [2024-06-20T23:51:37.670+0000] {dagbag.py:545} INFO - Filling up the DagBag from /home/airflow/.local/lib/python3.12/site-packages/airflow/example_dags/example_bash_operator.py
[2024-06-20T23:51:37.680+0000] {processor.py:840} INFO - DAG(s) 'example_bash_operator' retrieved from /home/airflow/.local/lib/python3.12/site-packages/airflow/example_dags/example_bash_operator.py
[2024-06-20T23:51:37.704+0000] {logging_mixin.py:188} INFO - [2024-06-20T23:51:37.704+0000] {dag.py:3096} INFO - Sync 1 DAGs
[2024-06-20T23:51:37.723+0000] {logging_mixin.py:188} INFO - [2024-06-20T23:51:37.723+0000] {dag.py:3954} INFO - Setting next_dagrun for example_bash_operator to 2024-06-19 00:00:00+00:00, run_after=2024-06-20 00:00:00+00:00
[2024-06-20T23:51:37.739+0000] {processor.py:183} INFO - Processing /home/airflow/.local/lib/python3.12/site-packages/airflow/example_dags/example_bash_operator.py took 0.075 seconds
[2024-06-20T23:52:07.963+0000] {processor.py:161} INFO - Started process (PID=1259) to work on /home/airflow/.local/lib/python3.12/site-packages/airflow/example_dags/example_bash_operator.py
[2024-06-20T23:52:07.964+0000] {processor.py:830} INFO - Processing file /home/airflow/.local/lib/python3.12/site-packages/airflow/example_dags/example_bash_operator.py for tasks to queue
[2024-06-20T23:52:07.965+0000] {logging_mixin.py:188} INFO - [2024-06-20T23:52:07.965+0000] {dagbag.py:545} INFO - Filling up the DagBag from /home/airflow/.local/lib/python3.12/site-packages/airflow/example_dags/example_bash_operator.py
[2024-06-20T23:52:07.974+0000] {processor.py:840} INFO - DAG(s) 'example_bash_operator' retrieved from /home/airflow/.local/lib/python3.12/site-packages/airflow/example_dags/example_bash_operator.py
[2024-06-20T23:52:07.998+0000] {logging_mixin.py:188} INFO - [2024-06-20T23:52:07.997+0000] {dag.py:3096} INFO - Sync 1 DAGs
[2024-06-20T23:52:08.015+0000] {logging_mixin.py:188} INFO - [2024-06-20T23:52:08.015+0000] {dag.py:3954} INFO - Setting next_dagrun for example_bash_operator to 2024-06-19 00:00:00+00:00, run_after=2024-06-20 00:00:00+00:00
[2024-06-20T23:52:08.032+0000] {processor.py:183} INFO - Processing /home/airflow/.local/lib/python3.12/site-packages/airflow/example_dags/example_bash_operator.py took 0.074 seconds
[2024-06-20T23:52:38.443+0000] {processor.py:161} INFO - Started process (PID=1317) to work on /home/airflow/.local/lib/python3.12/site-packages/airflow/example_dags/example_bash_operator.py
[2024-06-20T23:52:38.444+0000] {processor.py:830} INFO - Processing file /home/airflow/.local/lib/python3.12/site-packages/airflow/example_dags/example_bash_operator.py for tasks to queue
[2024-06-20T23:52:38.446+0000] {logging_mixin.py:188} INFO - [2024-06-20T23:52:38.445+0000] {dagbag.py:545} INFO - Filling up the DagBag from /home/airflow/.local/lib/python3.12/site-packages/airflow/example_dags/example_bash_operator.py
[2024-06-20T23:52:38.455+0000] {processor.py:840} INFO - DAG(s) 'example_bash_operator' retrieved from /home/airflow/.local/lib/python3.12/site-packages/airflow/example_dags/example_bash_operator.py
[2024-06-20T23:52:38.479+0000] {logging_mixin.py:188} INFO - [2024-06-20T23:52:38.479+0000] {dag.py:3096} INFO - Sync 1 DAGs
[2024-06-20T23:52:38.498+0000] {logging_mixin.py:188} INFO - [2024-06-20T23:52:38.498+0000] {dag.py:3954} INFO - Setting next_dagrun for example_bash_operator to 2024-06-19 00:00:00+00:00, run_after=2024-06-20 00:00:00+00:00
[2024-06-20T23:52:38.515+0000] {processor.py:183} INFO - Processing /home/airflow/.local/lib/python3.12/site-packages/airflow/example_dags/example_bash_operator.py took 0.077 seconds
[2024-06-20T23:53:08.550+0000] {processor.py:161} INFO - Started process (PID=1375) to work on /home/airflow/.local/lib/python3.12/site-packages/airflow/example_dags/example_bash_operator.py
[2024-06-20T23:53:08.551+0000] {processor.py:830} INFO - Processing file /home/airflow/.local/lib/python3.12/site-packages/airflow/example_dags/example_bash_operator.py for tasks to queue
[2024-06-20T23:53:08.552+0000] {logging_mixin.py:188} INFO - [2024-06-20T23:53:08.552+0000] {dagbag.py:545} INFO - Filling up the DagBag from /home/airflow/.local/lib/python3.12/site-packages/airflow/example_dags/example_bash_operator.py
[2024-06-20T23:53:08.562+0000] {processor.py:840} INFO - DAG(s) 'example_bash_operator' retrieved from /home/airflow/.local/lib/python3.12/site-packages/airflow/example_dags/example_bash_operator.py
[2024-06-20T23:53:08.587+0000] {logging_mixin.py:188} INFO - [2024-06-20T23:53:08.586+0000] {dag.py:3096} INFO - Sync 1 DAGs
[2024-06-20T23:53:08.607+0000] {logging_mixin.py:188} INFO - [2024-06-20T23:53:08.607+0000] {dag.py:3954} INFO - Setting next_dagrun for example_bash_operator to 2024-06-19 00:00:00+00:00, run_after=2024-06-20 00:00:00+00:00
[2024-06-20T23:53:08.644+0000] {processor.py:183} INFO - Processing /home/airflow/.local/lib/python3.12/site-packages/airflow/example_dags/example_bash_operator.py took 0.099 seconds
[2024-06-20T23:53:38.777+0000] {processor.py:161} INFO - Started process (PID=1433) to work on /home/airflow/.local/lib/python3.12/site-packages/airflow/example_dags/example_bash_operator.py
[2024-06-20T23:53:38.778+0000] {processor.py:830} INFO - Processing file /home/airflow/.local/lib/python3.12/site-packages/airflow/example_dags/example_bash_operator.py for tasks to queue
[2024-06-20T23:53:38.780+0000] {logging_mixin.py:188} INFO - [2024-06-20T23:53:38.780+0000] {dagbag.py:545} INFO - Filling up the DagBag from /home/airflow/.local/lib/python3.12/site-packages/airflow/example_dags/example_bash_operator.py
[2024-06-20T23:53:38.790+0000] {processor.py:840} INFO - DAG(s) 'example_bash_operator' retrieved from /home/airflow/.local/lib/python3.12/site-packages/airflow/example_dags/example_bash_operator.py
[2024-06-20T23:53:38.815+0000] {logging_mixin.py:188} INFO - [2024-06-20T23:53:38.815+0000] {dag.py:3096} INFO - Sync 1 DAGs
[2024-06-20T23:53:38.835+0000] {logging_mixin.py:188} INFO - [2024-06-20T23:53:38.835+0000] {dag.py:3954} INFO - Setting next_dagrun for example_bash_operator to 2024-06-19 00:00:00+00:00, run_after=2024-06-20 00:00:00+00:00
[2024-06-20T23:53:38.852+0000] {processor.py:183} INFO - Processing /home/airflow/.local/lib/python3.12/site-packages/airflow/example_dags/example_bash_operator.py took 0.080 seconds
[2024-06-20T23:54:08.947+0000] {processor.py:161} INFO - Started process (PID=1491) to work on /home/airflow/.local/lib/python3.12/site-packages/airflow/example_dags/example_bash_operator.py
[2024-06-20T23:54:08.948+0000] {processor.py:830} INFO - Processing file /home/airflow/.local/lib/python3.12/site-packages/airflow/example_dags/example_bash_operator.py for tasks to queue
[2024-06-20T23:54:08.949+0000] {logging_mixin.py:188} INFO - [2024-06-20T23:54:08.949+0000] {dagbag.py:545} INFO - Filling up the DagBag from /home/airflow/.local/lib/python3.12/site-packages/airflow/example_dags/example_bash_operator.py
[2024-06-20T23:54:08.958+0000] {processor.py:840} INFO - DAG(s) 'example_bash_operator' retrieved from /home/airflow/.local/lib/python3.12/site-packages/airflow/example_dags/example_bash_operator.py
[2024-06-20T23:54:08.983+0000] {logging_mixin.py:188} INFO - [2024-06-20T23:54:08.983+0000] {dag.py:3096} INFO - Sync 1 DAGs
[2024-06-20T23:54:09.002+0000] {logging_mixin.py:188} INFO - [2024-06-20T23:54:09.002+0000] {dag.py:3954} INFO - Setting next_dagrun for example_bash_operator to 2024-06-19 00:00:00+00:00, run_after=2024-06-20 00:00:00+00:00
[2024-06-20T23:54:09.019+0000] {processor.py:183} INFO - Processing /home/airflow/.local/lib/python3.12/site-packages/airflow/example_dags/example_bash_operator.py took 0.077 seconds
[2024-06-20T23:54:39.145+0000] {processor.py:161} INFO - Started process (PID=1549) to work on /home/airflow/.local/lib/python3.12/site-packages/airflow/example_dags/example_bash_operator.py
[2024-06-20T23:54:39.146+0000] {processor.py:830} INFO - Processing file /home/airflow/.local/lib/python3.12/site-packages/airflow/example_dags/example_bash_operator.py for tasks to queue
[2024-06-20T23:54:39.147+0000] {logging_mixin.py:188} INFO - [2024-06-20T23:54:39.147+0000] {dagbag.py:545} INFO - Filling up the DagBag from /home/airflow/.local/lib/python3.12/site-packages/airflow/example_dags/example_bash_operator.py
[2024-06-20T23:54:39.157+0000] {processor.py:840} INFO - DAG(s) 'example_bash_operator' retrieved from /home/airflow/.local/lib/python3.12/site-packages/airflow/example_dags/example_bash_operator.py
[2024-06-20T23:54:39.181+0000] {logging_mixin.py:188} INFO - [2024-06-20T23:54:39.180+0000] {dag.py:3096} INFO - Sync 1 DAGs
[2024-06-20T23:54:39.201+0000] {logging_mixin.py:188} INFO - [2024-06-20T23:54:39.201+0000] {dag.py:3954} INFO - Setting next_dagrun for example_bash_operator to 2024-06-19 00:00:00+00:00, run_after=2024-06-20 00:00:00+00:00
[2024-06-20T23:54:39.217+0000] {processor.py:183} INFO - Processing /home/airflow/.local/lib/python3.12/site-packages/airflow/example_dags/example_bash_operator.py took 0.077 seconds
[2024-06-20T23:55:09.452+0000] {processor.py:161} INFO - Started process (PID=1607) to work on /home/airflow/.local/lib/python3.12/site-packages/airflow/example_dags/example_bash_operator.py
[2024-06-20T23:55:09.453+0000] {processor.py:830} INFO - Processing file /home/airflow/.local/lib/python3.12/site-packages/airflow/example_dags/example_bash_operator.py for tasks to queue
[2024-06-20T23:55:09.455+0000] {logging_mixin.py:188} INFO - [2024-06-20T23:55:09.455+0000] {dagbag.py:545} INFO - Filling up the DagBag from /home/airflow/.local/lib/python3.12/site-packages/airflow/example_dags/example_bash_operator.py
[2024-06-20T23:55:09.464+0000] {processor.py:840} INFO - DAG(s) 'example_bash_operator' retrieved from /home/airflow/.local/lib/python3.12/site-packages/airflow/example_dags/example_bash_operator.py
[2024-06-20T23:55:09.487+0000] {logging_mixin.py:188} INFO - [2024-06-20T23:55:09.487+0000] {dag.py:3096} INFO - Sync 1 DAGs
[2024-06-20T23:55:09.506+0000] {logging_mixin.py:188} INFO - [2024-06-20T23:55:09.505+0000] {dag.py:3954} INFO - Setting next_dagrun for example_bash_operator to 2024-06-19 00:00:00+00:00, run_after=2024-06-20 00:00:00+00:00
[2024-06-20T23:55:09.522+0000] {processor.py:183} INFO - Processing /home/airflow/.local/lib/python3.12/site-packages/airflow/example_dags/example_bash_operator.py took 0.075 seconds
[2024-06-20T23:55:39.799+0000] {processor.py:161} INFO - Started process (PID=1665) to work on /home/airflow/.local/lib/python3.12/site-packages/airflow/example_dags/example_bash_operator.py
[2024-06-20T23:55:39.800+0000] {processor.py:830} INFO - Processing file /home/airflow/.local/lib/python3.12/site-packages/airflow/example_dags/example_bash_operator.py for tasks to queue
[2024-06-20T23:55:39.802+0000] {logging_mixin.py:188} INFO - [2024-06-20T23:55:39.801+0000] {dagbag.py:545} INFO - Filling up the DagBag from /home/airflow/.local/lib/python3.12/site-packages/airflow/example_dags/example_bash_operator.py
[2024-06-20T23:55:39.811+0000] {processor.py:840} INFO - DAG(s) 'example_bash_operator' retrieved from /home/airflow/.local/lib/python3.12/site-packages/airflow/example_dags/example_bash_operator.py
[2024-06-20T23:55:39.832+0000] {logging_mixin.py:188} INFO - [2024-06-20T23:55:39.832+0000] {dag.py:3096} INFO - Sync 1 DAGs
[2024-06-20T23:55:39.850+0000] {logging_mixin.py:188} INFO - [2024-06-20T23:55:39.849+0000] {dag.py:3954} INFO - Setting next_dagrun for example_bash_operator to 2024-06-19 00:00:00+00:00, run_after=2024-06-20 00:00:00+00:00
[2024-06-20T23:55:39.865+0000] {processor.py:183} INFO - Processing /home/airflow/.local/lib/python3.12/site-packages/airflow/example_dags/example_bash_operator.py took 0.070 seconds
[2024-06-20T23:56:10.082+0000] {processor.py:161} INFO - Started process (PID=1723) to work on /home/airflow/.local/lib/python3.12/site-packages/airflow/example_dags/example_bash_operator.py
[2024-06-20T23:56:10.083+0000] {processor.py:830} INFO - Processing file /home/airflow/.local/lib/python3.12/site-packages/airflow/example_dags/example_bash_operator.py for tasks to queue
[2024-06-20T23:56:10.085+0000] {logging_mixin.py:188} INFO - [2024-06-20T23:56:10.085+0000] {dagbag.py:545} INFO - Filling up the DagBag from /home/airflow/.local/lib/python3.12/site-packages/airflow/example_dags/example_bash_operator.py
[2024-06-20T23:56:10.094+0000] {processor.py:840} INFO - DAG(s) 'example_bash_operator' retrieved from /home/airflow/.local/lib/python3.12/site-packages/airflow/example_dags/example_bash_operator.py
[2024-06-20T23:56:10.117+0000] {logging_mixin.py:188} INFO - [2024-06-20T23:56:10.116+0000] {dag.py:3096} INFO - Sync 1 DAGs
[2024-06-20T23:56:10.134+0000] {logging_mixin.py:188} INFO - [2024-06-20T23:56:10.134+0000] {dag.py:3954} INFO - Setting next_dagrun for example_bash_operator to 2024-06-19 00:00:00+00:00, run_after=2024-06-20 00:00:00+00:00
[2024-06-20T23:56:10.150+0000] {processor.py:183} INFO - Processing /home/airflow/.local/lib/python3.12/site-packages/airflow/example_dags/example_bash_operator.py took 0.073 seconds
[2024-06-20T23:56:40.552+0000] {processor.py:161} INFO - Started process (PID=1781) to work on /home/airflow/.local/lib/python3.12/site-packages/airflow/example_dags/example_bash_operator.py
[2024-06-20T23:56:40.553+0000] {processor.py:830} INFO - Processing file /home/airflow/.local/lib/python3.12/site-packages/airflow/example_dags/example_bash_operator.py for tasks to queue
[2024-06-20T23:56:40.555+0000] {logging_mixin.py:188} INFO - [2024-06-20T23:56:40.555+0000] {dagbag.py:545} INFO - Filling up the DagBag from /home/airflow/.local/lib/python3.12/site-packages/airflow/example_dags/example_bash_operator.py
[2024-06-20T23:56:40.564+0000] {processor.py:840} INFO - DAG(s) 'example_bash_operator' retrieved from /home/airflow/.local/lib/python3.12/site-packages/airflow/example_dags/example_bash_operator.py
[2024-06-20T23:56:40.586+0000] {logging_mixin.py:188} INFO - [2024-06-20T23:56:40.585+0000] {dag.py:3096} INFO - Sync 1 DAGs
[2024-06-20T23:56:40.604+0000] {logging_mixin.py:188} INFO - [2024-06-20T23:56:40.604+0000] {dag.py:3954} INFO - Setting next_dagrun for example_bash_operator to 2024-06-19 00:00:00+00:00, run_after=2024-06-20 00:00:00+00:00
[2024-06-20T23:56:40.619+0000] {processor.py:183} INFO - Processing /home/airflow/.local/lib/python3.12/site-packages/airflow/example_dags/example_bash_operator.py took 0.071 seconds
[2024-06-20T23:57:10.693+0000] {processor.py:161} INFO - Started process (PID=1839) to work on /home/airflow/.local/lib/python3.12/site-packages/airflow/example_dags/example_bash_operator.py
[2024-06-20T23:57:10.694+0000] {processor.py:830} INFO - Processing file /home/airflow/.local/lib/python3.12/site-packages/airflow/example_dags/example_bash_operator.py for tasks to queue
[2024-06-20T23:57:10.696+0000] {logging_mixin.py:188} INFO - [2024-06-20T23:57:10.696+0000] {dagbag.py:545} INFO - Filling up the DagBag from /home/airflow/.local/lib/python3.12/site-packages/airflow/example_dags/example_bash_operator.py
[2024-06-20T23:57:10.705+0000] {processor.py:840} INFO - DAG(s) 'example_bash_operator' retrieved from /home/airflow/.local/lib/python3.12/site-packages/airflow/example_dags/example_bash_operator.py
[2024-06-20T23:57:10.725+0000] {logging_mixin.py:188} INFO - [2024-06-20T23:57:10.725+0000] {dag.py:3096} INFO - Sync 1 DAGs
[2024-06-20T23:57:10.742+0000] {logging_mixin.py:188} INFO - [2024-06-20T23:57:10.741+0000] {dag.py:3954} INFO - Setting next_dagrun for example_bash_operator to 2024-06-19 00:00:00+00:00, run_after=2024-06-20 00:00:00+00:00
[2024-06-20T23:57:10.759+0000] {processor.py:183} INFO - Processing /home/airflow/.local/lib/python3.12/site-packages/airflow/example_dags/example_bash_operator.py took 0.070 seconds
[2024-06-20T23:57:40.875+0000] {processor.py:161} INFO - Started process (PID=1897) to work on /home/airflow/.local/lib/python3.12/site-packages/airflow/example_dags/example_bash_operator.py
[2024-06-20T23:57:40.876+0000] {processor.py:830} INFO - Processing file /home/airflow/.local/lib/python3.12/site-packages/airflow/example_dags/example_bash_operator.py for tasks to queue
[2024-06-20T23:57:40.877+0000] {logging_mixin.py:188} INFO - [2024-06-20T23:57:40.877+0000] {dagbag.py:545} INFO - Filling up the DagBag from /home/airflow/.local/lib/python3.12/site-packages/airflow/example_dags/example_bash_operator.py
[2024-06-20T23:57:40.886+0000] {processor.py:840} INFO - DAG(s) 'example_bash_operator' retrieved from /home/airflow/.local/lib/python3.12/site-packages/airflow/example_dags/example_bash_operator.py
[2024-06-20T23:57:40.908+0000] {logging_mixin.py:188} INFO - [2024-06-20T23:57:40.908+0000] {dag.py:3096} INFO - Sync 1 DAGs
[2024-06-20T23:57:41.053+0000] {logging_mixin.py:188} INFO - [2024-06-20T23:57:41.053+0000] {dag.py:3954} INFO - Setting next_dagrun for example_bash_operator to 2024-06-19 00:00:00+00:00, run_after=2024-06-20 00:00:00+00:00
[2024-06-20T23:57:41.069+0000] {processor.py:183} INFO - Processing /home/airflow/.local/lib/python3.12/site-packages/airflow/example_dags/example_bash_operator.py took 0.199 seconds
[2024-06-20T23:58:11.316+0000] {processor.py:161} INFO - Started process (PID=1955) to work on /home/airflow/.local/lib/python3.12/site-packages/airflow/example_dags/example_bash_operator.py
[2024-06-20T23:58:11.317+0000] {processor.py:830} INFO - Processing file /home/airflow/.local/lib/python3.12/site-packages/airflow/example_dags/example_bash_operator.py for tasks to queue
[2024-06-20T23:58:11.319+0000] {logging_mixin.py:188} INFO - [2024-06-20T23:58:11.319+0000] {dagbag.py:545} INFO - Filling up the DagBag from /home/airflow/.local/lib/python3.12/site-packages/airflow/example_dags/example_bash_operator.py
[2024-06-20T23:58:11.329+0000] {processor.py:840} INFO - DAG(s) 'example_bash_operator' retrieved from /home/airflow/.local/lib/python3.12/site-packages/airflow/example_dags/example_bash_operator.py
[2024-06-20T23:58:11.352+0000] {logging_mixin.py:188} INFO - [2024-06-20T23:58:11.352+0000] {dag.py:3096} INFO - Sync 1 DAGs
[2024-06-20T23:58:11.495+0000] {logging_mixin.py:188} INFO - [2024-06-20T23:58:11.495+0000] {dag.py:3954} INFO - Setting next_dagrun for example_bash_operator to 2024-06-19 00:00:00+00:00, run_after=2024-06-20 00:00:00+00:00
[2024-06-20T23:58:11.512+0000] {processor.py:183} INFO - Processing /home/airflow/.local/lib/python3.12/site-packages/airflow/example_dags/example_bash_operator.py took 0.200 seconds
[2024-06-20T23:58:41.637+0000] {processor.py:161} INFO - Started process (PID=2013) to work on /home/airflow/.local/lib/python3.12/site-packages/airflow/example_dags/example_bash_operator.py
[2024-06-20T23:58:41.638+0000] {processor.py:830} INFO - Processing file /home/airflow/.local/lib/python3.12/site-packages/airflow/example_dags/example_bash_operator.py for tasks to queue
[2024-06-20T23:58:41.639+0000] {logging_mixin.py:188} INFO - [2024-06-20T23:58:41.639+0000] {dagbag.py:545} INFO - Filling up the DagBag from /home/airflow/.local/lib/python3.12/site-packages/airflow/example_dags/example_bash_operator.py
[2024-06-20T23:58:41.648+0000] {processor.py:840} INFO - DAG(s) 'example_bash_operator' retrieved from /home/airflow/.local/lib/python3.12/site-packages/airflow/example_dags/example_bash_operator.py
[2024-06-20T23:58:41.669+0000] {logging_mixin.py:188} INFO - [2024-06-20T23:58:41.668+0000] {dag.py:3096} INFO - Sync 1 DAGs
[2024-06-20T23:58:41.798+0000] {logging_mixin.py:188} INFO - [2024-06-20T23:58:41.798+0000] {dag.py:3954} INFO - Setting next_dagrun for example_bash_operator to 2024-06-19 00:00:00+00:00, run_after=2024-06-20 00:00:00+00:00
[2024-06-20T23:58:41.813+0000] {processor.py:183} INFO - Processing /home/airflow/.local/lib/python3.12/site-packages/airflow/example_dags/example_bash_operator.py took 0.181 seconds
[2024-06-20T23:59:12.749+0000] {processor.py:161} INFO - Started process (PID=2071) to work on /home/airflow/.local/lib/python3.12/site-packages/airflow/example_dags/example_bash_operator.py
[2024-06-20T23:59:12.750+0000] {processor.py:830} INFO - Processing file /home/airflow/.local/lib/python3.12/site-packages/airflow/example_dags/example_bash_operator.py for tasks to queue
[2024-06-20T23:59:12.752+0000] {logging_mixin.py:188} INFO - [2024-06-20T23:59:12.752+0000] {dagbag.py:545} INFO - Filling up the DagBag from /home/airflow/.local/lib/python3.12/site-packages/airflow/example_dags/example_bash_operator.py
[2024-06-20T23:59:12.761+0000] {processor.py:840} INFO - DAG(s) 'example_bash_operator' retrieved from /home/airflow/.local/lib/python3.12/site-packages/airflow/example_dags/example_bash_operator.py
[2024-06-20T23:59:12.781+0000] {logging_mixin.py:188} INFO - [2024-06-20T23:59:12.781+0000] {dag.py:3096} INFO - Sync 1 DAGs
[2024-06-20T23:59:12.803+0000] {logging_mixin.py:188} INFO - [2024-06-20T23:59:12.802+0000] {dag.py:3954} INFO - Setting next_dagrun for example_bash_operator to 2024-06-19 00:00:00+00:00, run_after=2024-06-20 00:00:00+00:00
[2024-06-20T23:59:12.821+0000] {processor.py:183} INFO - Processing /home/airflow/.local/lib/python3.12/site-packages/airflow/example_dags/example_bash_operator.py took 0.076 seconds
[2024-06-20T23:59:43.425+0000] {processor.py:161} INFO - Started process (PID=2129) to work on /home/airflow/.local/lib/python3.12/site-packages/airflow/example_dags/example_bash_operator.py
[2024-06-20T23:59:43.426+0000] {processor.py:830} INFO - Processing file /home/airflow/.local/lib/python3.12/site-packages/airflow/example_dags/example_bash_operator.py for tasks to queue
[2024-06-20T23:59:43.427+0000] {logging_mixin.py:188} INFO - [2024-06-20T23:59:43.427+0000] {dagbag.py:545} INFO - Filling up the DagBag from /home/airflow/.local/lib/python3.12/site-packages/airflow/example_dags/example_bash_operator.py
[2024-06-20T23:59:43.437+0000] {processor.py:840} INFO - DAG(s) 'example_bash_operator' retrieved from /home/airflow/.local/lib/python3.12/site-packages/airflow/example_dags/example_bash_operator.py
[2024-06-20T23:59:43.462+0000] {logging_mixin.py:188} INFO - [2024-06-20T23:59:43.461+0000] {dag.py:3096} INFO - Sync 1 DAGs
[2024-06-20T23:59:43.482+0000] {logging_mixin.py:188} INFO - [2024-06-20T23:59:43.482+0000] {dag.py:3954} INFO - Setting next_dagrun for example_bash_operator to 2024-06-19 00:00:00+00:00, run_after=2024-06-20 00:00:00+00:00
[2024-06-20T23:59:43.499+0000] {processor.py:183} INFO - Processing /home/airflow/.local/lib/python3.12/site-packages/airflow/example_dags/example_bash_operator.py took 0.080 seconds
