[2024-06-20T23:41:00.116+0000] {processor.py:161} INFO - Started process (PID=48) to work on /home/airflow/.local/lib/python3.12/site-packages/airflow/example_dags/example_nested_branch_dag.py
[2024-06-20T23:41:00.117+0000] {processor.py:830} INFO - Processing file /home/airflow/.local/lib/python3.12/site-packages/airflow/example_dags/example_nested_branch_dag.py for tasks to queue
[2024-06-20T23:41:00.119+0000] {logging_mixin.py:188} INFO - [2024-06-20T23:41:00.118+0000] {dagbag.py:545} INFO - Filling up the DagBag from /home/airflow/.local/lib/python3.12/site-packages/airflow/example_dags/example_nested_branch_dag.py
[2024-06-20T23:41:00.129+0000] {processor.py:840} INFO - DAG(s) 'example_nested_branch_dag' retrieved from /home/airflow/.local/lib/python3.12/site-packages/airflow/example_dags/example_nested_branch_dag.py
[2024-06-20T23:41:00.140+0000] {logging_mixin.py:188} INFO - [2024-06-20T23:41:00.140+0000] {dag.py:3096} INFO - Sync 1 DAGs
[2024-06-20T23:41:00.169+0000] {logging_mixin.py:188} INFO - [2024-06-20T23:41:00.169+0000] {dag.py:3954} INFO - Setting next_dagrun for example_nested_branch_dag to 2024-06-19 00:00:00+00:00, run_after=2024-06-20 00:00:00+00:00
[2024-06-20T23:41:00.187+0000] {processor.py:183} INFO - Processing /home/airflow/.local/lib/python3.12/site-packages/airflow/example_dags/example_nested_branch_dag.py took 0.076 seconds
[2024-06-20T23:41:28.402+0000] {processor.py:161} INFO - Started process (PID=48) to work on /home/airflow/.local/lib/python3.12/site-packages/airflow/example_dags/example_nested_branch_dag.py
[2024-06-20T23:41:28.404+0000] {processor.py:830} INFO - Processing file /home/airflow/.local/lib/python3.12/site-packages/airflow/example_dags/example_nested_branch_dag.py for tasks to queue
[2024-06-20T23:41:28.406+0000] {logging_mixin.py:188} INFO - [2024-06-20T23:41:28.406+0000] {dagbag.py:545} INFO - Filling up the DagBag from /home/airflow/.local/lib/python3.12/site-packages/airflow/example_dags/example_nested_branch_dag.py
[2024-06-20T23:41:28.421+0000] {processor.py:840} INFO - DAG(s) 'example_nested_branch_dag' retrieved from /home/airflow/.local/lib/python3.12/site-packages/airflow/example_dags/example_nested_branch_dag.py
[2024-06-20T23:41:28.538+0000] {logging_mixin.py:188} INFO - [2024-06-20T23:41:28.537+0000] {dag.py:3096} INFO - Sync 1 DAGs
[2024-06-20T23:41:28.557+0000] {logging_mixin.py:188} INFO - [2024-06-20T23:41:28.556+0000] {dag.py:3954} INFO - Setting next_dagrun for example_nested_branch_dag to 2024-06-19 00:00:00+00:00, run_after=2024-06-20 00:00:00+00:00
[2024-06-20T23:41:28.597+0000] {processor.py:183} INFO - Processing /home/airflow/.local/lib/python3.12/site-packages/airflow/example_dags/example_nested_branch_dag.py took 0.203 seconds
[2024-06-20T23:41:59.018+0000] {processor.py:161} INFO - Started process (PID=106) to work on /home/airflow/.local/lib/python3.12/site-packages/airflow/example_dags/example_nested_branch_dag.py
[2024-06-20T23:41:59.019+0000] {processor.py:830} INFO - Processing file /home/airflow/.local/lib/python3.12/site-packages/airflow/example_dags/example_nested_branch_dag.py for tasks to queue
[2024-06-20T23:41:59.021+0000] {logging_mixin.py:188} INFO - [2024-06-20T23:41:59.021+0000] {dagbag.py:545} INFO - Filling up the DagBag from /home/airflow/.local/lib/python3.12/site-packages/airflow/example_dags/example_nested_branch_dag.py
[2024-06-20T23:41:59.029+0000] {processor.py:840} INFO - DAG(s) 'example_nested_branch_dag' retrieved from /home/airflow/.local/lib/python3.12/site-packages/airflow/example_dags/example_nested_branch_dag.py
[2024-06-20T23:41:59.047+0000] {logging_mixin.py:188} INFO - [2024-06-20T23:41:59.047+0000] {dag.py:3096} INFO - Sync 1 DAGs
[2024-06-20T23:41:59.066+0000] {logging_mixin.py:188} INFO - [2024-06-20T23:41:59.066+0000] {dag.py:3954} INFO - Setting next_dagrun for example_nested_branch_dag to 2024-06-19 00:00:00+00:00, run_after=2024-06-20 00:00:00+00:00
[2024-06-20T23:41:59.082+0000] {processor.py:183} INFO - Processing /home/airflow/.local/lib/python3.12/site-packages/airflow/example_dags/example_nested_branch_dag.py took 0.068 seconds
[2024-06-20T23:42:29.617+0000] {processor.py:161} INFO - Started process (PID=164) to work on /home/airflow/.local/lib/python3.12/site-packages/airflow/example_dags/example_nested_branch_dag.py
[2024-06-20T23:42:29.618+0000] {processor.py:830} INFO - Processing file /home/airflow/.local/lib/python3.12/site-packages/airflow/example_dags/example_nested_branch_dag.py for tasks to queue
[2024-06-20T23:42:29.619+0000] {logging_mixin.py:188} INFO - [2024-06-20T23:42:29.619+0000] {dagbag.py:545} INFO - Filling up the DagBag from /home/airflow/.local/lib/python3.12/site-packages/airflow/example_dags/example_nested_branch_dag.py
[2024-06-20T23:42:29.627+0000] {processor.py:840} INFO - DAG(s) 'example_nested_branch_dag' retrieved from /home/airflow/.local/lib/python3.12/site-packages/airflow/example_dags/example_nested_branch_dag.py
[2024-06-20T23:42:29.644+0000] {logging_mixin.py:188} INFO - [2024-06-20T23:42:29.644+0000] {dag.py:3096} INFO - Sync 1 DAGs
[2024-06-20T23:42:29.662+0000] {logging_mixin.py:188} INFO - [2024-06-20T23:42:29.662+0000] {dag.py:3954} INFO - Setting next_dagrun for example_nested_branch_dag to 2024-06-19 00:00:00+00:00, run_after=2024-06-20 00:00:00+00:00
[2024-06-20T23:42:29.677+0000] {processor.py:183} INFO - Processing /home/airflow/.local/lib/python3.12/site-packages/airflow/example_dags/example_nested_branch_dag.py took 0.064 seconds
[2024-06-20T23:42:59.712+0000] {processor.py:161} INFO - Started process (PID=222) to work on /home/airflow/.local/lib/python3.12/site-packages/airflow/example_dags/example_nested_branch_dag.py
[2024-06-20T23:42:59.713+0000] {processor.py:830} INFO - Processing file /home/airflow/.local/lib/python3.12/site-packages/airflow/example_dags/example_nested_branch_dag.py for tasks to queue
[2024-06-20T23:42:59.716+0000] {logging_mixin.py:188} INFO - [2024-06-20T23:42:59.715+0000] {dagbag.py:545} INFO - Filling up the DagBag from /home/airflow/.local/lib/python3.12/site-packages/airflow/example_dags/example_nested_branch_dag.py
[2024-06-20T23:42:59.726+0000] {processor.py:840} INFO - DAG(s) 'example_nested_branch_dag' retrieved from /home/airflow/.local/lib/python3.12/site-packages/airflow/example_dags/example_nested_branch_dag.py
[2024-06-20T23:42:59.743+0000] {logging_mixin.py:188} INFO - [2024-06-20T23:42:59.743+0000] {dag.py:3096} INFO - Sync 1 DAGs
[2024-06-20T23:42:59.761+0000] {logging_mixin.py:188} INFO - [2024-06-20T23:42:59.761+0000] {dag.py:3954} INFO - Setting next_dagrun for example_nested_branch_dag to 2024-06-19 00:00:00+00:00, run_after=2024-06-20 00:00:00+00:00
[2024-06-20T23:42:59.777+0000] {processor.py:183} INFO - Processing /home/airflow/.local/lib/python3.12/site-packages/airflow/example_dags/example_nested_branch_dag.py took 0.069 seconds
[2024-06-20T23:43:29.922+0000] {processor.py:161} INFO - Started process (PID=280) to work on /home/airflow/.local/lib/python3.12/site-packages/airflow/example_dags/example_nested_branch_dag.py
[2024-06-20T23:43:29.923+0000] {processor.py:830} INFO - Processing file /home/airflow/.local/lib/python3.12/site-packages/airflow/example_dags/example_nested_branch_dag.py for tasks to queue
[2024-06-20T23:43:29.925+0000] {logging_mixin.py:188} INFO - [2024-06-20T23:43:29.925+0000] {dagbag.py:545} INFO - Filling up the DagBag from /home/airflow/.local/lib/python3.12/site-packages/airflow/example_dags/example_nested_branch_dag.py
[2024-06-20T23:43:29.933+0000] {processor.py:840} INFO - DAG(s) 'example_nested_branch_dag' retrieved from /home/airflow/.local/lib/python3.12/site-packages/airflow/example_dags/example_nested_branch_dag.py
[2024-06-20T23:43:29.950+0000] {logging_mixin.py:188} INFO - [2024-06-20T23:43:29.950+0000] {dag.py:3096} INFO - Sync 1 DAGs
[2024-06-20T23:43:29.968+0000] {logging_mixin.py:188} INFO - [2024-06-20T23:43:29.968+0000] {dag.py:3954} INFO - Setting next_dagrun for example_nested_branch_dag to 2024-06-19 00:00:00+00:00, run_after=2024-06-20 00:00:00+00:00
[2024-06-20T23:43:29.983+0000] {processor.py:183} INFO - Processing /home/airflow/.local/lib/python3.12/site-packages/airflow/example_dags/example_nested_branch_dag.py took 0.066 seconds
[2024-06-20T23:44:00.640+0000] {processor.py:161} INFO - Started process (PID=338) to work on /home/airflow/.local/lib/python3.12/site-packages/airflow/example_dags/example_nested_branch_dag.py
[2024-06-20T23:44:00.641+0000] {processor.py:830} INFO - Processing file /home/airflow/.local/lib/python3.12/site-packages/airflow/example_dags/example_nested_branch_dag.py for tasks to queue
[2024-06-20T23:44:00.643+0000] {logging_mixin.py:188} INFO - [2024-06-20T23:44:00.642+0000] {dagbag.py:545} INFO - Filling up the DagBag from /home/airflow/.local/lib/python3.12/site-packages/airflow/example_dags/example_nested_branch_dag.py
[2024-06-20T23:44:00.652+0000] {processor.py:840} INFO - DAG(s) 'example_nested_branch_dag' retrieved from /home/airflow/.local/lib/python3.12/site-packages/airflow/example_dags/example_nested_branch_dag.py
[2024-06-20T23:44:00.676+0000] {logging_mixin.py:188} INFO - [2024-06-20T23:44:00.676+0000] {dag.py:3096} INFO - Sync 1 DAGs
[2024-06-20T23:44:00.705+0000] {logging_mixin.py:188} INFO - [2024-06-20T23:44:00.705+0000] {dag.py:3954} INFO - Setting next_dagrun for example_nested_branch_dag to 2024-06-19 00:00:00+00:00, run_after=2024-06-20 00:00:00+00:00
[2024-06-20T23:44:00.723+0000] {processor.py:183} INFO - Processing /home/airflow/.local/lib/python3.12/site-packages/airflow/example_dags/example_nested_branch_dag.py took 0.088 seconds
[2024-06-20T23:44:31.160+0000] {processor.py:161} INFO - Started process (PID=396) to work on /home/airflow/.local/lib/python3.12/site-packages/airflow/example_dags/example_nested_branch_dag.py
[2024-06-20T23:44:31.161+0000] {processor.py:830} INFO - Processing file /home/airflow/.local/lib/python3.12/site-packages/airflow/example_dags/example_nested_branch_dag.py for tasks to queue
[2024-06-20T23:44:31.163+0000] {logging_mixin.py:188} INFO - [2024-06-20T23:44:31.163+0000] {dagbag.py:545} INFO - Filling up the DagBag from /home/airflow/.local/lib/python3.12/site-packages/airflow/example_dags/example_nested_branch_dag.py
[2024-06-20T23:44:31.172+0000] {processor.py:840} INFO - DAG(s) 'example_nested_branch_dag' retrieved from /home/airflow/.local/lib/python3.12/site-packages/airflow/example_dags/example_nested_branch_dag.py
[2024-06-20T23:44:31.192+0000] {logging_mixin.py:188} INFO - [2024-06-20T23:44:31.192+0000] {dag.py:3096} INFO - Sync 1 DAGs
[2024-06-20T23:44:31.213+0000] {logging_mixin.py:188} INFO - [2024-06-20T23:44:31.213+0000] {dag.py:3954} INFO - Setting next_dagrun for example_nested_branch_dag to 2024-06-19 00:00:00+00:00, run_after=2024-06-20 00:00:00+00:00
[2024-06-20T23:44:31.232+0000] {processor.py:183} INFO - Processing /home/airflow/.local/lib/python3.12/site-packages/airflow/example_dags/example_nested_branch_dag.py took 0.077 seconds
[2024-06-20T23:45:01.818+0000] {processor.py:161} INFO - Started process (PID=454) to work on /home/airflow/.local/lib/python3.12/site-packages/airflow/example_dags/example_nested_branch_dag.py
[2024-06-20T23:45:01.819+0000] {processor.py:830} INFO - Processing file /home/airflow/.local/lib/python3.12/site-packages/airflow/example_dags/example_nested_branch_dag.py for tasks to queue
[2024-06-20T23:45:01.821+0000] {logging_mixin.py:188} INFO - [2024-06-20T23:45:01.820+0000] {dagbag.py:545} INFO - Filling up the DagBag from /home/airflow/.local/lib/python3.12/site-packages/airflow/example_dags/example_nested_branch_dag.py
[2024-06-20T23:45:01.829+0000] {processor.py:840} INFO - DAG(s) 'example_nested_branch_dag' retrieved from /home/airflow/.local/lib/python3.12/site-packages/airflow/example_dags/example_nested_branch_dag.py
[2024-06-20T23:45:01.849+0000] {logging_mixin.py:188} INFO - [2024-06-20T23:45:01.849+0000] {dag.py:3096} INFO - Sync 1 DAGs
[2024-06-20T23:45:01.868+0000] {logging_mixin.py:188} INFO - [2024-06-20T23:45:01.868+0000] {dag.py:3954} INFO - Setting next_dagrun for example_nested_branch_dag to 2024-06-19 00:00:00+00:00, run_after=2024-06-20 00:00:00+00:00
[2024-06-20T23:45:01.886+0000] {processor.py:183} INFO - Processing /home/airflow/.local/lib/python3.12/site-packages/airflow/example_dags/example_nested_branch_dag.py took 0.073 seconds
[2024-06-20T23:45:32.396+0000] {processor.py:161} INFO - Started process (PID=512) to work on /home/airflow/.local/lib/python3.12/site-packages/airflow/example_dags/example_nested_branch_dag.py
[2024-06-20T23:45:32.397+0000] {processor.py:830} INFO - Processing file /home/airflow/.local/lib/python3.12/site-packages/airflow/example_dags/example_nested_branch_dag.py for tasks to queue
[2024-06-20T23:45:32.398+0000] {logging_mixin.py:188} INFO - [2024-06-20T23:45:32.398+0000] {dagbag.py:545} INFO - Filling up the DagBag from /home/airflow/.local/lib/python3.12/site-packages/airflow/example_dags/example_nested_branch_dag.py
[2024-06-20T23:45:32.407+0000] {processor.py:840} INFO - DAG(s) 'example_nested_branch_dag' retrieved from /home/airflow/.local/lib/python3.12/site-packages/airflow/example_dags/example_nested_branch_dag.py
[2024-06-20T23:45:32.426+0000] {logging_mixin.py:188} INFO - [2024-06-20T23:45:32.426+0000] {dag.py:3096} INFO - Sync 1 DAGs
[2024-06-20T23:45:32.445+0000] {logging_mixin.py:188} INFO - [2024-06-20T23:45:32.445+0000] {dag.py:3954} INFO - Setting next_dagrun for example_nested_branch_dag to 2024-06-19 00:00:00+00:00, run_after=2024-06-20 00:00:00+00:00
[2024-06-20T23:45:32.460+0000] {processor.py:183} INFO - Processing /home/airflow/.local/lib/python3.12/site-packages/airflow/example_dags/example_nested_branch_dag.py took 0.069 seconds
[2024-06-20T23:46:02.497+0000] {processor.py:161} INFO - Started process (PID=570) to work on /home/airflow/.local/lib/python3.12/site-packages/airflow/example_dags/example_nested_branch_dag.py
[2024-06-20T23:46:02.498+0000] {processor.py:830} INFO - Processing file /home/airflow/.local/lib/python3.12/site-packages/airflow/example_dags/example_nested_branch_dag.py for tasks to queue
[2024-06-20T23:46:02.499+0000] {logging_mixin.py:188} INFO - [2024-06-20T23:46:02.499+0000] {dagbag.py:545} INFO - Filling up the DagBag from /home/airflow/.local/lib/python3.12/site-packages/airflow/example_dags/example_nested_branch_dag.py
[2024-06-20T23:46:02.507+0000] {processor.py:840} INFO - DAG(s) 'example_nested_branch_dag' retrieved from /home/airflow/.local/lib/python3.12/site-packages/airflow/example_dags/example_nested_branch_dag.py
[2024-06-20T23:46:02.526+0000] {logging_mixin.py:188} INFO - [2024-06-20T23:46:02.525+0000] {dag.py:3096} INFO - Sync 1 DAGs
[2024-06-20T23:46:02.543+0000] {logging_mixin.py:188} INFO - [2024-06-20T23:46:02.543+0000] {dag.py:3954} INFO - Setting next_dagrun for example_nested_branch_dag to 2024-06-19 00:00:00+00:00, run_after=2024-06-20 00:00:00+00:00
[2024-06-20T23:46:02.558+0000] {processor.py:183} INFO - Processing /home/airflow/.local/lib/python3.12/site-packages/airflow/example_dags/example_nested_branch_dag.py took 0.066 seconds
[2024-06-20T23:46:33.027+0000] {processor.py:161} INFO - Started process (PID=628) to work on /home/airflow/.local/lib/python3.12/site-packages/airflow/example_dags/example_nested_branch_dag.py
[2024-06-20T23:46:33.028+0000] {processor.py:830} INFO - Processing file /home/airflow/.local/lib/python3.12/site-packages/airflow/example_dags/example_nested_branch_dag.py for tasks to queue
[2024-06-20T23:46:33.030+0000] {logging_mixin.py:188} INFO - [2024-06-20T23:46:33.030+0000] {dagbag.py:545} INFO - Filling up the DagBag from /home/airflow/.local/lib/python3.12/site-packages/airflow/example_dags/example_nested_branch_dag.py
[2024-06-20T23:46:33.038+0000] {processor.py:840} INFO - DAG(s) 'example_nested_branch_dag' retrieved from /home/airflow/.local/lib/python3.12/site-packages/airflow/example_dags/example_nested_branch_dag.py
[2024-06-20T23:46:33.056+0000] {logging_mixin.py:188} INFO - [2024-06-20T23:46:33.055+0000] {dag.py:3096} INFO - Sync 1 DAGs
[2024-06-20T23:46:33.072+0000] {logging_mixin.py:188} INFO - [2024-06-20T23:46:33.072+0000] {dag.py:3954} INFO - Setting next_dagrun for example_nested_branch_dag to 2024-06-19 00:00:00+00:00, run_after=2024-06-20 00:00:00+00:00
[2024-06-20T23:46:33.087+0000] {processor.py:183} INFO - Processing /home/airflow/.local/lib/python3.12/site-packages/airflow/example_dags/example_nested_branch_dag.py took 0.064 seconds
[2024-06-20T23:47:03.639+0000] {processor.py:161} INFO - Started process (PID=686) to work on /home/airflow/.local/lib/python3.12/site-packages/airflow/example_dags/example_nested_branch_dag.py
[2024-06-20T23:47:03.640+0000] {processor.py:830} INFO - Processing file /home/airflow/.local/lib/python3.12/site-packages/airflow/example_dags/example_nested_branch_dag.py for tasks to queue
[2024-06-20T23:47:03.642+0000] {logging_mixin.py:188} INFO - [2024-06-20T23:47:03.642+0000] {dagbag.py:545} INFO - Filling up the DagBag from /home/airflow/.local/lib/python3.12/site-packages/airflow/example_dags/example_nested_branch_dag.py
[2024-06-20T23:47:03.649+0000] {processor.py:840} INFO - DAG(s) 'example_nested_branch_dag' retrieved from /home/airflow/.local/lib/python3.12/site-packages/airflow/example_dags/example_nested_branch_dag.py
[2024-06-20T23:47:03.667+0000] {logging_mixin.py:188} INFO - [2024-06-20T23:47:03.666+0000] {dag.py:3096} INFO - Sync 1 DAGs
[2024-06-20T23:47:03.684+0000] {logging_mixin.py:188} INFO - [2024-06-20T23:47:03.684+0000] {dag.py:3954} INFO - Setting next_dagrun for example_nested_branch_dag to 2024-06-19 00:00:00+00:00, run_after=2024-06-20 00:00:00+00:00
[2024-06-20T23:47:03.700+0000] {processor.py:183} INFO - Processing /home/airflow/.local/lib/python3.12/site-packages/airflow/example_dags/example_nested_branch_dag.py took 0.065 seconds
[2024-06-20T23:47:34.115+0000] {processor.py:161} INFO - Started process (PID=744) to work on /home/airflow/.local/lib/python3.12/site-packages/airflow/example_dags/example_nested_branch_dag.py
[2024-06-20T23:47:34.115+0000] {processor.py:830} INFO - Processing file /home/airflow/.local/lib/python3.12/site-packages/airflow/example_dags/example_nested_branch_dag.py for tasks to queue
[2024-06-20T23:47:34.117+0000] {logging_mixin.py:188} INFO - [2024-06-20T23:47:34.117+0000] {dagbag.py:545} INFO - Filling up the DagBag from /home/airflow/.local/lib/python3.12/site-packages/airflow/example_dags/example_nested_branch_dag.py
[2024-06-20T23:47:34.125+0000] {processor.py:840} INFO - DAG(s) 'example_nested_branch_dag' retrieved from /home/airflow/.local/lib/python3.12/site-packages/airflow/example_dags/example_nested_branch_dag.py
[2024-06-20T23:47:34.142+0000] {logging_mixin.py:188} INFO - [2024-06-20T23:47:34.142+0000] {dag.py:3096} INFO - Sync 1 DAGs
[2024-06-20T23:47:34.160+0000] {logging_mixin.py:188} INFO - [2024-06-20T23:47:34.160+0000] {dag.py:3954} INFO - Setting next_dagrun for example_nested_branch_dag to 2024-06-19 00:00:00+00:00, run_after=2024-06-20 00:00:00+00:00
[2024-06-20T23:47:34.176+0000] {processor.py:183} INFO - Processing /home/airflow/.local/lib/python3.12/site-packages/airflow/example_dags/example_nested_branch_dag.py took 0.066 seconds
[2024-06-20T23:48:04.758+0000] {processor.py:161} INFO - Started process (PID=802) to work on /home/airflow/.local/lib/python3.12/site-packages/airflow/example_dags/example_nested_branch_dag.py
[2024-06-20T23:48:04.759+0000] {processor.py:830} INFO - Processing file /home/airflow/.local/lib/python3.12/site-packages/airflow/example_dags/example_nested_branch_dag.py for tasks to queue
[2024-06-20T23:48:04.760+0000] {logging_mixin.py:188} INFO - [2024-06-20T23:48:04.760+0000] {dagbag.py:545} INFO - Filling up the DagBag from /home/airflow/.local/lib/python3.12/site-packages/airflow/example_dags/example_nested_branch_dag.py
[2024-06-20T23:48:04.768+0000] {processor.py:840} INFO - DAG(s) 'example_nested_branch_dag' retrieved from /home/airflow/.local/lib/python3.12/site-packages/airflow/example_dags/example_nested_branch_dag.py
[2024-06-20T23:48:04.786+0000] {logging_mixin.py:188} INFO - [2024-06-20T23:48:04.786+0000] {dag.py:3096} INFO - Sync 1 DAGs
[2024-06-20T23:48:04.803+0000] {logging_mixin.py:188} INFO - [2024-06-20T23:48:04.803+0000] {dag.py:3954} INFO - Setting next_dagrun for example_nested_branch_dag to 2024-06-19 00:00:00+00:00, run_after=2024-06-20 00:00:00+00:00
[2024-06-20T23:48:04.818+0000] {processor.py:183} INFO - Processing /home/airflow/.local/lib/python3.12/site-packages/airflow/example_dags/example_nested_branch_dag.py took 0.065 seconds
[2024-06-20T23:48:35.244+0000] {processor.py:161} INFO - Started process (PID=860) to work on /home/airflow/.local/lib/python3.12/site-packages/airflow/example_dags/example_nested_branch_dag.py
[2024-06-20T23:48:35.244+0000] {processor.py:830} INFO - Processing file /home/airflow/.local/lib/python3.12/site-packages/airflow/example_dags/example_nested_branch_dag.py for tasks to queue
[2024-06-20T23:48:35.246+0000] {logging_mixin.py:188} INFO - [2024-06-20T23:48:35.246+0000] {dagbag.py:545} INFO - Filling up the DagBag from /home/airflow/.local/lib/python3.12/site-packages/airflow/example_dags/example_nested_branch_dag.py
[2024-06-20T23:48:35.254+0000] {processor.py:840} INFO - DAG(s) 'example_nested_branch_dag' retrieved from /home/airflow/.local/lib/python3.12/site-packages/airflow/example_dags/example_nested_branch_dag.py
[2024-06-20T23:48:35.272+0000] {logging_mixin.py:188} INFO - [2024-06-20T23:48:35.272+0000] {dag.py:3096} INFO - Sync 1 DAGs
[2024-06-20T23:48:35.290+0000] {logging_mixin.py:188} INFO - [2024-06-20T23:48:35.290+0000] {dag.py:3954} INFO - Setting next_dagrun for example_nested_branch_dag to 2024-06-19 00:00:00+00:00, run_after=2024-06-20 00:00:00+00:00
[2024-06-20T23:48:35.306+0000] {processor.py:183} INFO - Processing /home/airflow/.local/lib/python3.12/site-packages/airflow/example_dags/example_nested_branch_dag.py took 0.068 seconds
[2024-06-20T23:49:05.719+0000] {processor.py:161} INFO - Started process (PID=918) to work on /home/airflow/.local/lib/python3.12/site-packages/airflow/example_dags/example_nested_branch_dag.py
[2024-06-20T23:49:05.720+0000] {processor.py:830} INFO - Processing file /home/airflow/.local/lib/python3.12/site-packages/airflow/example_dags/example_nested_branch_dag.py for tasks to queue
[2024-06-20T23:49:05.721+0000] {logging_mixin.py:188} INFO - [2024-06-20T23:49:05.721+0000] {dagbag.py:545} INFO - Filling up the DagBag from /home/airflow/.local/lib/python3.12/site-packages/airflow/example_dags/example_nested_branch_dag.py
[2024-06-20T23:49:05.730+0000] {processor.py:840} INFO - DAG(s) 'example_nested_branch_dag' retrieved from /home/airflow/.local/lib/python3.12/site-packages/airflow/example_dags/example_nested_branch_dag.py
[2024-06-20T23:49:05.748+0000] {logging_mixin.py:188} INFO - [2024-06-20T23:49:05.747+0000] {dag.py:3096} INFO - Sync 1 DAGs
[2024-06-20T23:49:05.765+0000] {logging_mixin.py:188} INFO - [2024-06-20T23:49:05.765+0000] {dag.py:3954} INFO - Setting next_dagrun for example_nested_branch_dag to 2024-06-19 00:00:00+00:00, run_after=2024-06-20 00:00:00+00:00
[2024-06-20T23:49:05.780+0000] {processor.py:183} INFO - Processing /home/airflow/.local/lib/python3.12/site-packages/airflow/example_dags/example_nested_branch_dag.py took 0.066 seconds
[2024-06-20T23:49:36.454+0000] {processor.py:161} INFO - Started process (PID=976) to work on /home/airflow/.local/lib/python3.12/site-packages/airflow/example_dags/example_nested_branch_dag.py
[2024-06-20T23:49:36.455+0000] {processor.py:830} INFO - Processing file /home/airflow/.local/lib/python3.12/site-packages/airflow/example_dags/example_nested_branch_dag.py for tasks to queue
[2024-06-20T23:49:36.457+0000] {logging_mixin.py:188} INFO - [2024-06-20T23:49:36.456+0000] {dagbag.py:545} INFO - Filling up the DagBag from /home/airflow/.local/lib/python3.12/site-packages/airflow/example_dags/example_nested_branch_dag.py
[2024-06-20T23:49:36.465+0000] {processor.py:840} INFO - DAG(s) 'example_nested_branch_dag' retrieved from /home/airflow/.local/lib/python3.12/site-packages/airflow/example_dags/example_nested_branch_dag.py
[2024-06-20T23:49:36.485+0000] {logging_mixin.py:188} INFO - [2024-06-20T23:49:36.485+0000] {dag.py:3096} INFO - Sync 1 DAGs
[2024-06-20T23:49:36.502+0000] {logging_mixin.py:188} INFO - [2024-06-20T23:49:36.502+0000] {dag.py:3954} INFO - Setting next_dagrun for example_nested_branch_dag to 2024-06-19 00:00:00+00:00, run_after=2024-06-20 00:00:00+00:00
[2024-06-20T23:49:36.518+0000] {processor.py:183} INFO - Processing /home/airflow/.local/lib/python3.12/site-packages/airflow/example_dags/example_nested_branch_dag.py took 0.069 seconds
[2024-06-20T23:50:06.998+0000] {processor.py:161} INFO - Started process (PID=1034) to work on /home/airflow/.local/lib/python3.12/site-packages/airflow/example_dags/example_nested_branch_dag.py
[2024-06-20T23:50:06.999+0000] {processor.py:830} INFO - Processing file /home/airflow/.local/lib/python3.12/site-packages/airflow/example_dags/example_nested_branch_dag.py for tasks to queue
[2024-06-20T23:50:07.000+0000] {logging_mixin.py:188} INFO - [2024-06-20T23:50:07.000+0000] {dagbag.py:545} INFO - Filling up the DagBag from /home/airflow/.local/lib/python3.12/site-packages/airflow/example_dags/example_nested_branch_dag.py
[2024-06-20T23:50:07.008+0000] {processor.py:840} INFO - DAG(s) 'example_nested_branch_dag' retrieved from /home/airflow/.local/lib/python3.12/site-packages/airflow/example_dags/example_nested_branch_dag.py
[2024-06-20T23:50:07.027+0000] {logging_mixin.py:188} INFO - [2024-06-20T23:50:07.027+0000] {dag.py:3096} INFO - Sync 1 DAGs
[2024-06-20T23:50:07.048+0000] {logging_mixin.py:188} INFO - [2024-06-20T23:50:07.048+0000] {dag.py:3954} INFO - Setting next_dagrun for example_nested_branch_dag to 2024-06-19 00:00:00+00:00, run_after=2024-06-20 00:00:00+00:00
[2024-06-20T23:50:07.064+0000] {processor.py:183} INFO - Processing /home/airflow/.local/lib/python3.12/site-packages/airflow/example_dags/example_nested_branch_dag.py took 0.071 seconds
[2024-06-20T23:50:37.667+0000] {processor.py:161} INFO - Started process (PID=1092) to work on /home/airflow/.local/lib/python3.12/site-packages/airflow/example_dags/example_nested_branch_dag.py
[2024-06-20T23:50:37.668+0000] {processor.py:830} INFO - Processing file /home/airflow/.local/lib/python3.12/site-packages/airflow/example_dags/example_nested_branch_dag.py for tasks to queue
[2024-06-20T23:50:37.670+0000] {logging_mixin.py:188} INFO - [2024-06-20T23:50:37.670+0000] {dagbag.py:545} INFO - Filling up the DagBag from /home/airflow/.local/lib/python3.12/site-packages/airflow/example_dags/example_nested_branch_dag.py
[2024-06-20T23:50:37.679+0000] {processor.py:840} INFO - DAG(s) 'example_nested_branch_dag' retrieved from /home/airflow/.local/lib/python3.12/site-packages/airflow/example_dags/example_nested_branch_dag.py
[2024-06-20T23:50:37.698+0000] {logging_mixin.py:188} INFO - [2024-06-20T23:50:37.698+0000] {dag.py:3096} INFO - Sync 1 DAGs
[2024-06-20T23:50:37.717+0000] {logging_mixin.py:188} INFO - [2024-06-20T23:50:37.716+0000] {dag.py:3954} INFO - Setting next_dagrun for example_nested_branch_dag to 2024-06-19 00:00:00+00:00, run_after=2024-06-20 00:00:00+00:00
[2024-06-20T23:50:37.732+0000] {processor.py:183} INFO - Processing /home/airflow/.local/lib/python3.12/site-packages/airflow/example_dags/example_nested_branch_dag.py took 0.070 seconds
[2024-06-20T23:51:07.876+0000] {processor.py:161} INFO - Started process (PID=1150) to work on /home/airflow/.local/lib/python3.12/site-packages/airflow/example_dags/example_nested_branch_dag.py
[2024-06-20T23:51:07.877+0000] {processor.py:830} INFO - Processing file /home/airflow/.local/lib/python3.12/site-packages/airflow/example_dags/example_nested_branch_dag.py for tasks to queue
[2024-06-20T23:51:07.879+0000] {logging_mixin.py:188} INFO - [2024-06-20T23:51:07.879+0000] {dagbag.py:545} INFO - Filling up the DagBag from /home/airflow/.local/lib/python3.12/site-packages/airflow/example_dags/example_nested_branch_dag.py
[2024-06-20T23:51:07.887+0000] {processor.py:840} INFO - DAG(s) 'example_nested_branch_dag' retrieved from /home/airflow/.local/lib/python3.12/site-packages/airflow/example_dags/example_nested_branch_dag.py
[2024-06-20T23:51:07.906+0000] {logging_mixin.py:188} INFO - [2024-06-20T23:51:07.905+0000] {dag.py:3096} INFO - Sync 1 DAGs
[2024-06-20T23:51:07.926+0000] {logging_mixin.py:188} INFO - [2024-06-20T23:51:07.925+0000] {dag.py:3954} INFO - Setting next_dagrun for example_nested_branch_dag to 2024-06-19 00:00:00+00:00, run_after=2024-06-20 00:00:00+00:00
[2024-06-20T23:51:07.943+0000] {processor.py:183} INFO - Processing /home/airflow/.local/lib/python3.12/site-packages/airflow/example_dags/example_nested_branch_dag.py took 0.071 seconds
[2024-06-20T23:51:38.187+0000] {processor.py:161} INFO - Started process (PID=1208) to work on /home/airflow/.local/lib/python3.12/site-packages/airflow/example_dags/example_nested_branch_dag.py
[2024-06-20T23:51:38.188+0000] {processor.py:830} INFO - Processing file /home/airflow/.local/lib/python3.12/site-packages/airflow/example_dags/example_nested_branch_dag.py for tasks to queue
[2024-06-20T23:51:38.190+0000] {logging_mixin.py:188} INFO - [2024-06-20T23:51:38.189+0000] {dagbag.py:545} INFO - Filling up the DagBag from /home/airflow/.local/lib/python3.12/site-packages/airflow/example_dags/example_nested_branch_dag.py
[2024-06-20T23:51:38.201+0000] {processor.py:840} INFO - DAG(s) 'example_nested_branch_dag' retrieved from /home/airflow/.local/lib/python3.12/site-packages/airflow/example_dags/example_nested_branch_dag.py
[2024-06-20T23:51:38.220+0000] {logging_mixin.py:188} INFO - [2024-06-20T23:51:38.220+0000] {dag.py:3096} INFO - Sync 1 DAGs
[2024-06-20T23:51:38.241+0000] {logging_mixin.py:188} INFO - [2024-06-20T23:51:38.241+0000] {dag.py:3954} INFO - Setting next_dagrun for example_nested_branch_dag to 2024-06-19 00:00:00+00:00, run_after=2024-06-20 00:00:00+00:00
[2024-06-20T23:51:38.261+0000] {processor.py:183} INFO - Processing /home/airflow/.local/lib/python3.12/site-packages/airflow/example_dags/example_nested_branch_dag.py took 0.080 seconds
[2024-06-20T23:52:08.357+0000] {processor.py:161} INFO - Started process (PID=1266) to work on /home/airflow/.local/lib/python3.12/site-packages/airflow/example_dags/example_nested_branch_dag.py
[2024-06-20T23:52:08.358+0000] {processor.py:830} INFO - Processing file /home/airflow/.local/lib/python3.12/site-packages/airflow/example_dags/example_nested_branch_dag.py for tasks to queue
[2024-06-20T23:52:08.360+0000] {logging_mixin.py:188} INFO - [2024-06-20T23:52:08.360+0000] {dagbag.py:545} INFO - Filling up the DagBag from /home/airflow/.local/lib/python3.12/site-packages/airflow/example_dags/example_nested_branch_dag.py
[2024-06-20T23:52:08.368+0000] {processor.py:840} INFO - DAG(s) 'example_nested_branch_dag' retrieved from /home/airflow/.local/lib/python3.12/site-packages/airflow/example_dags/example_nested_branch_dag.py
[2024-06-20T23:52:08.388+0000] {logging_mixin.py:188} INFO - [2024-06-20T23:52:08.387+0000] {dag.py:3096} INFO - Sync 1 DAGs
[2024-06-20T23:52:08.407+0000] {logging_mixin.py:188} INFO - [2024-06-20T23:52:08.407+0000] {dag.py:3954} INFO - Setting next_dagrun for example_nested_branch_dag to 2024-06-19 00:00:00+00:00, run_after=2024-06-20 00:00:00+00:00
[2024-06-20T23:52:08.426+0000] {processor.py:183} INFO - Processing /home/airflow/.local/lib/python3.12/site-packages/airflow/example_dags/example_nested_branch_dag.py took 0.074 seconds
[2024-06-20T23:52:38.934+0000] {processor.py:161} INFO - Started process (PID=1324) to work on /home/airflow/.local/lib/python3.12/site-packages/airflow/example_dags/example_nested_branch_dag.py
[2024-06-20T23:52:38.935+0000] {processor.py:830} INFO - Processing file /home/airflow/.local/lib/python3.12/site-packages/airflow/example_dags/example_nested_branch_dag.py for tasks to queue
[2024-06-20T23:52:38.937+0000] {logging_mixin.py:188} INFO - [2024-06-20T23:52:38.936+0000] {dagbag.py:545} INFO - Filling up the DagBag from /home/airflow/.local/lib/python3.12/site-packages/airflow/example_dags/example_nested_branch_dag.py
[2024-06-20T23:52:38.945+0000] {processor.py:840} INFO - DAG(s) 'example_nested_branch_dag' retrieved from /home/airflow/.local/lib/python3.12/site-packages/airflow/example_dags/example_nested_branch_dag.py
[2024-06-20T23:52:38.962+0000] {logging_mixin.py:188} INFO - [2024-06-20T23:52:38.962+0000] {dag.py:3096} INFO - Sync 1 DAGs
[2024-06-20T23:52:38.981+0000] {logging_mixin.py:188} INFO - [2024-06-20T23:52:38.981+0000] {dag.py:3954} INFO - Setting next_dagrun for example_nested_branch_dag to 2024-06-19 00:00:00+00:00, run_after=2024-06-20 00:00:00+00:00
[2024-06-20T23:52:38.999+0000] {processor.py:183} INFO - Processing /home/airflow/.local/lib/python3.12/site-packages/airflow/example_dags/example_nested_branch_dag.py took 0.069 seconds
[2024-06-20T23:53:09.040+0000] {processor.py:161} INFO - Started process (PID=1382) to work on /home/airflow/.local/lib/python3.12/site-packages/airflow/example_dags/example_nested_branch_dag.py
[2024-06-20T23:53:09.041+0000] {processor.py:830} INFO - Processing file /home/airflow/.local/lib/python3.12/site-packages/airflow/example_dags/example_nested_branch_dag.py for tasks to queue
[2024-06-20T23:53:09.042+0000] {logging_mixin.py:188} INFO - [2024-06-20T23:53:09.042+0000] {dagbag.py:545} INFO - Filling up the DagBag from /home/airflow/.local/lib/python3.12/site-packages/airflow/example_dags/example_nested_branch_dag.py
[2024-06-20T23:53:09.050+0000] {processor.py:840} INFO - DAG(s) 'example_nested_branch_dag' retrieved from /home/airflow/.local/lib/python3.12/site-packages/airflow/example_dags/example_nested_branch_dag.py
[2024-06-20T23:53:09.068+0000] {logging_mixin.py:188} INFO - [2024-06-20T23:53:09.068+0000] {dag.py:3096} INFO - Sync 1 DAGs
[2024-06-20T23:53:09.088+0000] {logging_mixin.py:188} INFO - [2024-06-20T23:53:09.088+0000] {dag.py:3954} INFO - Setting next_dagrun for example_nested_branch_dag to 2024-06-19 00:00:00+00:00, run_after=2024-06-20 00:00:00+00:00
[2024-06-20T23:53:09.111+0000] {processor.py:183} INFO - Processing /home/airflow/.local/lib/python3.12/site-packages/airflow/example_dags/example_nested_branch_dag.py took 0.076 seconds
[2024-06-20T23:53:40.067+0000] {processor.py:161} INFO - Started process (PID=1440) to work on /home/airflow/.local/lib/python3.12/site-packages/airflow/example_dags/example_nested_branch_dag.py
[2024-06-20T23:53:40.068+0000] {processor.py:830} INFO - Processing file /home/airflow/.local/lib/python3.12/site-packages/airflow/example_dags/example_nested_branch_dag.py for tasks to queue
[2024-06-20T23:53:40.069+0000] {logging_mixin.py:188} INFO - [2024-06-20T23:53:40.069+0000] {dagbag.py:545} INFO - Filling up the DagBag from /home/airflow/.local/lib/python3.12/site-packages/airflow/example_dags/example_nested_branch_dag.py
[2024-06-20T23:53:40.077+0000] {processor.py:840} INFO - DAG(s) 'example_nested_branch_dag' retrieved from /home/airflow/.local/lib/python3.12/site-packages/airflow/example_dags/example_nested_branch_dag.py
[2024-06-20T23:53:40.097+0000] {logging_mixin.py:188} INFO - [2024-06-20T23:53:40.096+0000] {dag.py:3096} INFO - Sync 1 DAGs
[2024-06-20T23:53:40.116+0000] {logging_mixin.py:188} INFO - [2024-06-20T23:53:40.116+0000] {dag.py:3954} INFO - Setting next_dagrun for example_nested_branch_dag to 2024-06-19 00:00:00+00:00, run_after=2024-06-20 00:00:00+00:00
[2024-06-20T23:53:40.138+0000] {processor.py:183} INFO - Processing /home/airflow/.local/lib/python3.12/site-packages/airflow/example_dags/example_nested_branch_dag.py took 0.076 seconds
[2024-06-20T23:54:10.243+0000] {processor.py:161} INFO - Started process (PID=1498) to work on /home/airflow/.local/lib/python3.12/site-packages/airflow/example_dags/example_nested_branch_dag.py
[2024-06-20T23:54:10.244+0000] {processor.py:830} INFO - Processing file /home/airflow/.local/lib/python3.12/site-packages/airflow/example_dags/example_nested_branch_dag.py for tasks to queue
[2024-06-20T23:54:10.246+0000] {logging_mixin.py:188} INFO - [2024-06-20T23:54:10.246+0000] {dagbag.py:545} INFO - Filling up the DagBag from /home/airflow/.local/lib/python3.12/site-packages/airflow/example_dags/example_nested_branch_dag.py
[2024-06-20T23:54:10.256+0000] {processor.py:840} INFO - DAG(s) 'example_nested_branch_dag' retrieved from /home/airflow/.local/lib/python3.12/site-packages/airflow/example_dags/example_nested_branch_dag.py
[2024-06-20T23:54:10.275+0000] {logging_mixin.py:188} INFO - [2024-06-20T23:54:10.275+0000] {dag.py:3096} INFO - Sync 1 DAGs
[2024-06-20T23:54:10.293+0000] {logging_mixin.py:188} INFO - [2024-06-20T23:54:10.292+0000] {dag.py:3954} INFO - Setting next_dagrun for example_nested_branch_dag to 2024-06-19 00:00:00+00:00, run_after=2024-06-20 00:00:00+00:00
[2024-06-20T23:54:10.311+0000] {processor.py:183} INFO - Processing /home/airflow/.local/lib/python3.12/site-packages/airflow/example_dags/example_nested_branch_dag.py took 0.072 seconds
[2024-06-20T23:54:40.533+0000] {processor.py:161} INFO - Started process (PID=1556) to work on /home/airflow/.local/lib/python3.12/site-packages/airflow/example_dags/example_nested_branch_dag.py
[2024-06-20T23:54:40.534+0000] {processor.py:830} INFO - Processing file /home/airflow/.local/lib/python3.12/site-packages/airflow/example_dags/example_nested_branch_dag.py for tasks to queue
[2024-06-20T23:54:40.535+0000] {logging_mixin.py:188} INFO - [2024-06-20T23:54:40.535+0000] {dagbag.py:545} INFO - Filling up the DagBag from /home/airflow/.local/lib/python3.12/site-packages/airflow/example_dags/example_nested_branch_dag.py
[2024-06-20T23:54:40.543+0000] {processor.py:840} INFO - DAG(s) 'example_nested_branch_dag' retrieved from /home/airflow/.local/lib/python3.12/site-packages/airflow/example_dags/example_nested_branch_dag.py
[2024-06-20T23:54:40.562+0000] {logging_mixin.py:188} INFO - [2024-06-20T23:54:40.562+0000] {dag.py:3096} INFO - Sync 1 DAGs
[2024-06-20T23:54:40.582+0000] {logging_mixin.py:188} INFO - [2024-06-20T23:54:40.582+0000] {dag.py:3954} INFO - Setting next_dagrun for example_nested_branch_dag to 2024-06-19 00:00:00+00:00, run_after=2024-06-20 00:00:00+00:00
[2024-06-20T23:54:40.598+0000] {processor.py:183} INFO - Processing /home/airflow/.local/lib/python3.12/site-packages/airflow/example_dags/example_nested_branch_dag.py took 0.070 seconds
[2024-06-20T23:55:10.835+0000] {processor.py:161} INFO - Started process (PID=1614) to work on /home/airflow/.local/lib/python3.12/site-packages/airflow/example_dags/example_nested_branch_dag.py
[2024-06-20T23:55:10.837+0000] {processor.py:830} INFO - Processing file /home/airflow/.local/lib/python3.12/site-packages/airflow/example_dags/example_nested_branch_dag.py for tasks to queue
[2024-06-20T23:55:10.839+0000] {logging_mixin.py:188} INFO - [2024-06-20T23:55:10.839+0000] {dagbag.py:545} INFO - Filling up the DagBag from /home/airflow/.local/lib/python3.12/site-packages/airflow/example_dags/example_nested_branch_dag.py
[2024-06-20T23:55:10.851+0000] {processor.py:840} INFO - DAG(s) 'example_nested_branch_dag' retrieved from /home/airflow/.local/lib/python3.12/site-packages/airflow/example_dags/example_nested_branch_dag.py
[2024-06-20T23:55:10.872+0000] {logging_mixin.py:188} INFO - [2024-06-20T23:55:10.871+0000] {dag.py:3096} INFO - Sync 1 DAGs
[2024-06-20T23:55:10.895+0000] {logging_mixin.py:188} INFO - [2024-06-20T23:55:10.894+0000] {dag.py:3954} INFO - Setting next_dagrun for example_nested_branch_dag to 2024-06-19 00:00:00+00:00, run_after=2024-06-20 00:00:00+00:00
[2024-06-20T23:55:10.914+0000] {processor.py:183} INFO - Processing /home/airflow/.local/lib/python3.12/site-packages/airflow/example_dags/example_nested_branch_dag.py took 0.085 seconds
[2024-06-20T23:55:41.170+0000] {processor.py:161} INFO - Started process (PID=1672) to work on /home/airflow/.local/lib/python3.12/site-packages/airflow/example_dags/example_nested_branch_dag.py
[2024-06-20T23:55:41.171+0000] {processor.py:830} INFO - Processing file /home/airflow/.local/lib/python3.12/site-packages/airflow/example_dags/example_nested_branch_dag.py for tasks to queue
[2024-06-20T23:55:41.173+0000] {logging_mixin.py:188} INFO - [2024-06-20T23:55:41.173+0000] {dagbag.py:545} INFO - Filling up the DagBag from /home/airflow/.local/lib/python3.12/site-packages/airflow/example_dags/example_nested_branch_dag.py
[2024-06-20T23:55:41.181+0000] {processor.py:840} INFO - DAG(s) 'example_nested_branch_dag' retrieved from /home/airflow/.local/lib/python3.12/site-packages/airflow/example_dags/example_nested_branch_dag.py
[2024-06-20T23:55:41.200+0000] {logging_mixin.py:188} INFO - [2024-06-20T23:55:41.199+0000] {dag.py:3096} INFO - Sync 1 DAGs
[2024-06-20T23:55:41.219+0000] {logging_mixin.py:188} INFO - [2024-06-20T23:55:41.219+0000] {dag.py:3954} INFO - Setting next_dagrun for example_nested_branch_dag to 2024-06-19 00:00:00+00:00, run_after=2024-06-20 00:00:00+00:00
[2024-06-20T23:55:41.237+0000] {processor.py:183} INFO - Processing /home/airflow/.local/lib/python3.12/site-packages/airflow/example_dags/example_nested_branch_dag.py took 0.071 seconds
[2024-06-20T23:56:11.475+0000] {processor.py:161} INFO - Started process (PID=1730) to work on /home/airflow/.local/lib/python3.12/site-packages/airflow/example_dags/example_nested_branch_dag.py
[2024-06-20T23:56:11.476+0000] {processor.py:830} INFO - Processing file /home/airflow/.local/lib/python3.12/site-packages/airflow/example_dags/example_nested_branch_dag.py for tasks to queue
[2024-06-20T23:56:11.477+0000] {logging_mixin.py:188} INFO - [2024-06-20T23:56:11.477+0000] {dagbag.py:545} INFO - Filling up the DagBag from /home/airflow/.local/lib/python3.12/site-packages/airflow/example_dags/example_nested_branch_dag.py
[2024-06-20T23:56:11.485+0000] {processor.py:840} INFO - DAG(s) 'example_nested_branch_dag' retrieved from /home/airflow/.local/lib/python3.12/site-packages/airflow/example_dags/example_nested_branch_dag.py
[2024-06-20T23:56:11.504+0000] {logging_mixin.py:188} INFO - [2024-06-20T23:56:11.503+0000] {dag.py:3096} INFO - Sync 1 DAGs
[2024-06-20T23:56:11.521+0000] {logging_mixin.py:188} INFO - [2024-06-20T23:56:11.521+0000] {dag.py:3954} INFO - Setting next_dagrun for example_nested_branch_dag to 2024-06-19 00:00:00+00:00, run_after=2024-06-20 00:00:00+00:00
[2024-06-20T23:56:11.544+0000] {processor.py:183} INFO - Processing /home/airflow/.local/lib/python3.12/site-packages/airflow/example_dags/example_nested_branch_dag.py took 0.073 seconds
[2024-06-20T23:56:41.895+0000] {processor.py:161} INFO - Started process (PID=1788) to work on /home/airflow/.local/lib/python3.12/site-packages/airflow/example_dags/example_nested_branch_dag.py
[2024-06-20T23:56:41.896+0000] {processor.py:830} INFO - Processing file /home/airflow/.local/lib/python3.12/site-packages/airflow/example_dags/example_nested_branch_dag.py for tasks to queue
[2024-06-20T23:56:41.897+0000] {logging_mixin.py:188} INFO - [2024-06-20T23:56:41.897+0000] {dagbag.py:545} INFO - Filling up the DagBag from /home/airflow/.local/lib/python3.12/site-packages/airflow/example_dags/example_nested_branch_dag.py
[2024-06-20T23:56:41.905+0000] {processor.py:840} INFO - DAG(s) 'example_nested_branch_dag' retrieved from /home/airflow/.local/lib/python3.12/site-packages/airflow/example_dags/example_nested_branch_dag.py
[2024-06-20T23:56:41.924+0000] {logging_mixin.py:188} INFO - [2024-06-20T23:56:41.924+0000] {dag.py:3096} INFO - Sync 1 DAGs
[2024-06-20T23:56:41.943+0000] {logging_mixin.py:188} INFO - [2024-06-20T23:56:41.942+0000] {dag.py:3954} INFO - Setting next_dagrun for example_nested_branch_dag to 2024-06-19 00:00:00+00:00, run_after=2024-06-20 00:00:00+00:00
[2024-06-20T23:56:41.964+0000] {processor.py:183} INFO - Processing /home/airflow/.local/lib/python3.12/site-packages/airflow/example_dags/example_nested_branch_dag.py took 0.074 seconds
[2024-06-20T23:57:12.099+0000] {processor.py:161} INFO - Started process (PID=1846) to work on /home/airflow/.local/lib/python3.12/site-packages/airflow/example_dags/example_nested_branch_dag.py
[2024-06-20T23:57:12.100+0000] {processor.py:830} INFO - Processing file /home/airflow/.local/lib/python3.12/site-packages/airflow/example_dags/example_nested_branch_dag.py for tasks to queue
[2024-06-20T23:57:12.101+0000] {logging_mixin.py:188} INFO - [2024-06-20T23:57:12.101+0000] {dagbag.py:545} INFO - Filling up the DagBag from /home/airflow/.local/lib/python3.12/site-packages/airflow/example_dags/example_nested_branch_dag.py
[2024-06-20T23:57:12.109+0000] {processor.py:840} INFO - DAG(s) 'example_nested_branch_dag' retrieved from /home/airflow/.local/lib/python3.12/site-packages/airflow/example_dags/example_nested_branch_dag.py
[2024-06-20T23:57:12.128+0000] {logging_mixin.py:188} INFO - [2024-06-20T23:57:12.128+0000] {dag.py:3096} INFO - Sync 1 DAGs
[2024-06-20T23:57:12.145+0000] {logging_mixin.py:188} INFO - [2024-06-20T23:57:12.145+0000] {dag.py:3954} INFO - Setting next_dagrun for example_nested_branch_dag to 2024-06-19 00:00:00+00:00, run_after=2024-06-20 00:00:00+00:00
[2024-06-20T23:57:12.161+0000] {processor.py:183} INFO - Processing /home/airflow/.local/lib/python3.12/site-packages/airflow/example_dags/example_nested_branch_dag.py took 0.067 seconds
[2024-06-20T23:57:42.664+0000] {processor.py:161} INFO - Started process (PID=1904) to work on /home/airflow/.local/lib/python3.12/site-packages/airflow/example_dags/example_nested_branch_dag.py
[2024-06-20T23:57:42.665+0000] {processor.py:830} INFO - Processing file /home/airflow/.local/lib/python3.12/site-packages/airflow/example_dags/example_nested_branch_dag.py for tasks to queue
[2024-06-20T23:57:42.667+0000] {logging_mixin.py:188} INFO - [2024-06-20T23:57:42.667+0000] {dagbag.py:545} INFO - Filling up the DagBag from /home/airflow/.local/lib/python3.12/site-packages/airflow/example_dags/example_nested_branch_dag.py
[2024-06-20T23:57:42.674+0000] {processor.py:840} INFO - DAG(s) 'example_nested_branch_dag' retrieved from /home/airflow/.local/lib/python3.12/site-packages/airflow/example_dags/example_nested_branch_dag.py
[2024-06-20T23:57:42.693+0000] {logging_mixin.py:188} INFO - [2024-06-20T23:57:42.693+0000] {dag.py:3096} INFO - Sync 1 DAGs
[2024-06-20T23:57:42.710+0000] {logging_mixin.py:188} INFO - [2024-06-20T23:57:42.709+0000] {dag.py:3954} INFO - Setting next_dagrun for example_nested_branch_dag to 2024-06-19 00:00:00+00:00, run_after=2024-06-20 00:00:00+00:00
[2024-06-20T23:57:42.727+0000] {processor.py:183} INFO - Processing /home/airflow/.local/lib/python3.12/site-packages/airflow/example_dags/example_nested_branch_dag.py took 0.067 seconds
[2024-06-20T23:58:13.197+0000] {processor.py:161} INFO - Started process (PID=1962) to work on /home/airflow/.local/lib/python3.12/site-packages/airflow/example_dags/example_nested_branch_dag.py
[2024-06-20T23:58:13.198+0000] {processor.py:830} INFO - Processing file /home/airflow/.local/lib/python3.12/site-packages/airflow/example_dags/example_nested_branch_dag.py for tasks to queue
[2024-06-20T23:58:13.200+0000] {logging_mixin.py:188} INFO - [2024-06-20T23:58:13.199+0000] {dagbag.py:545} INFO - Filling up the DagBag from /home/airflow/.local/lib/python3.12/site-packages/airflow/example_dags/example_nested_branch_dag.py
[2024-06-20T23:58:13.208+0000] {processor.py:840} INFO - DAG(s) 'example_nested_branch_dag' retrieved from /home/airflow/.local/lib/python3.12/site-packages/airflow/example_dags/example_nested_branch_dag.py
[2024-06-20T23:58:13.360+0000] {logging_mixin.py:188} INFO - [2024-06-20T23:58:13.359+0000] {dag.py:3096} INFO - Sync 1 DAGs
[2024-06-20T23:58:13.381+0000] {logging_mixin.py:188} INFO - [2024-06-20T23:58:13.380+0000] {dag.py:3954} INFO - Setting next_dagrun for example_nested_branch_dag to 2024-06-19 00:00:00+00:00, run_after=2024-06-20 00:00:00+00:00
[2024-06-20T23:58:13.398+0000] {processor.py:183} INFO - Processing /home/airflow/.local/lib/python3.12/site-packages/airflow/example_dags/example_nested_branch_dag.py took 0.206 seconds
[2024-06-20T23:58:43.475+0000] {processor.py:161} INFO - Started process (PID=2020) to work on /home/airflow/.local/lib/python3.12/site-packages/airflow/example_dags/example_nested_branch_dag.py
[2024-06-20T23:58:43.476+0000] {processor.py:830} INFO - Processing file /home/airflow/.local/lib/python3.12/site-packages/airflow/example_dags/example_nested_branch_dag.py for tasks to queue
[2024-06-20T23:58:43.477+0000] {logging_mixin.py:188} INFO - [2024-06-20T23:58:43.477+0000] {dagbag.py:545} INFO - Filling up the DagBag from /home/airflow/.local/lib/python3.12/site-packages/airflow/example_dags/example_nested_branch_dag.py
[2024-06-20T23:58:43.485+0000] {processor.py:840} INFO - DAG(s) 'example_nested_branch_dag' retrieved from /home/airflow/.local/lib/python3.12/site-packages/airflow/example_dags/example_nested_branch_dag.py
[2024-06-20T23:58:43.506+0000] {logging_mixin.py:188} INFO - [2024-06-20T23:58:43.506+0000] {dag.py:3096} INFO - Sync 1 DAGs
[2024-06-20T23:58:43.653+0000] {logging_mixin.py:188} INFO - [2024-06-20T23:58:43.653+0000] {dag.py:3954} INFO - Setting next_dagrun for example_nested_branch_dag to 2024-06-19 00:00:00+00:00, run_after=2024-06-20 00:00:00+00:00
[2024-06-20T23:58:43.666+0000] {processor.py:183} INFO - Processing /home/airflow/.local/lib/python3.12/site-packages/airflow/example_dags/example_nested_branch_dag.py took 0.196 seconds
[2024-06-20T23:59:14.173+0000] {processor.py:161} INFO - Started process (PID=2078) to work on /home/airflow/.local/lib/python3.12/site-packages/airflow/example_dags/example_nested_branch_dag.py
[2024-06-20T23:59:14.174+0000] {processor.py:830} INFO - Processing file /home/airflow/.local/lib/python3.12/site-packages/airflow/example_dags/example_nested_branch_dag.py for tasks to queue
[2024-06-20T23:59:14.176+0000] {logging_mixin.py:188} INFO - [2024-06-20T23:59:14.175+0000] {dagbag.py:545} INFO - Filling up the DagBag from /home/airflow/.local/lib/python3.12/site-packages/airflow/example_dags/example_nested_branch_dag.py
[2024-06-20T23:59:14.184+0000] {processor.py:840} INFO - DAG(s) 'example_nested_branch_dag' retrieved from /home/airflow/.local/lib/python3.12/site-packages/airflow/example_dags/example_nested_branch_dag.py
[2024-06-20T23:59:14.203+0000] {logging_mixin.py:188} INFO - [2024-06-20T23:59:14.202+0000] {dag.py:3096} INFO - Sync 1 DAGs
[2024-06-20T23:59:14.221+0000] {logging_mixin.py:188} INFO - [2024-06-20T23:59:14.220+0000] {dag.py:3954} INFO - Setting next_dagrun for example_nested_branch_dag to 2024-06-19 00:00:00+00:00, run_after=2024-06-20 00:00:00+00:00
[2024-06-20T23:59:14.241+0000] {processor.py:183} INFO - Processing /home/airflow/.local/lib/python3.12/site-packages/airflow/example_dags/example_nested_branch_dag.py took 0.073 seconds
[2024-06-20T23:59:44.820+0000] {processor.py:161} INFO - Started process (PID=2136) to work on /home/airflow/.local/lib/python3.12/site-packages/airflow/example_dags/example_nested_branch_dag.py
[2024-06-20T23:59:44.821+0000] {processor.py:830} INFO - Processing file /home/airflow/.local/lib/python3.12/site-packages/airflow/example_dags/example_nested_branch_dag.py for tasks to queue
[2024-06-20T23:59:44.823+0000] {logging_mixin.py:188} INFO - [2024-06-20T23:59:44.823+0000] {dagbag.py:545} INFO - Filling up the DagBag from /home/airflow/.local/lib/python3.12/site-packages/airflow/example_dags/example_nested_branch_dag.py
[2024-06-20T23:59:44.832+0000] {processor.py:840} INFO - DAG(s) 'example_nested_branch_dag' retrieved from /home/airflow/.local/lib/python3.12/site-packages/airflow/example_dags/example_nested_branch_dag.py
[2024-06-20T23:59:44.852+0000] {logging_mixin.py:188} INFO - [2024-06-20T23:59:44.851+0000] {dag.py:3096} INFO - Sync 1 DAGs
[2024-06-20T23:59:44.873+0000] {logging_mixin.py:188} INFO - [2024-06-20T23:59:44.872+0000] {dag.py:3954} INFO - Setting next_dagrun for example_nested_branch_dag to 2024-06-19 00:00:00+00:00, run_after=2024-06-20 00:00:00+00:00
[2024-06-20T23:59:44.891+0000] {processor.py:183} INFO - Processing /home/airflow/.local/lib/python3.12/site-packages/airflow/example_dags/example_nested_branch_dag.py took 0.076 seconds
