[2024-06-20T23:40:59.809+0000] {processor.py:161} INFO - Started process (PID=43) to work on /home/airflow/.local/lib/python3.12/site-packages/airflow/example_dags/example_sensors.py
[2024-06-20T23:40:59.810+0000] {processor.py:830} INFO - Processing file /home/airflow/.local/lib/python3.12/site-packages/airflow/example_dags/example_sensors.py for tasks to queue
[2024-06-20T23:40:59.812+0000] {logging_mixin.py:188} INFO - [2024-06-20T23:40:59.812+0000] {dagbag.py:545} INFO - Filling up the DagBag from /home/airflow/.local/lib/python3.12/site-packages/airflow/example_dags/example_sensors.py
[2024-06-20T23:40:59.823+0000] {processor.py:840} INFO - DAG(s) 'example_sensors' retrieved from /home/airflow/.local/lib/python3.12/site-packages/airflow/example_dags/example_sensors.py
[2024-06-20T23:40:59.835+0000] {logging_mixin.py:188} INFO - [2024-06-20T23:40:59.834+0000] {dag.py:3096} INFO - Sync 1 DAGs
[2024-06-20T23:40:59.848+0000] {logging_mixin.py:188} INFO - [2024-06-20T23:40:59.847+0000] {dag.py:3954} INFO - Setting next_dagrun for example_sensors to None, run_after=None
[2024-06-20T23:40:59.868+0000] {processor.py:183} INFO - Processing /home/airflow/.local/lib/python3.12/site-packages/airflow/example_dags/example_sensors.py took 0.066 seconds
[2024-06-20T23:41:27.744+0000] {processor.py:161} INFO - Started process (PID=43) to work on /home/airflow/.local/lib/python3.12/site-packages/airflow/example_dags/example_sensors.py
[2024-06-20T23:41:27.745+0000] {processor.py:830} INFO - Processing file /home/airflow/.local/lib/python3.12/site-packages/airflow/example_dags/example_sensors.py for tasks to queue
[2024-06-20T23:41:27.747+0000] {logging_mixin.py:188} INFO - [2024-06-20T23:41:27.747+0000] {dagbag.py:545} INFO - Filling up the DagBag from /home/airflow/.local/lib/python3.12/site-packages/airflow/example_dags/example_sensors.py
[2024-06-20T23:41:27.760+0000] {processor.py:840} INFO - DAG(s) 'example_sensors' retrieved from /home/airflow/.local/lib/python3.12/site-packages/airflow/example_dags/example_sensors.py
[2024-06-20T23:41:27.882+0000] {logging_mixin.py:188} INFO - [2024-06-20T23:41:27.881+0000] {dag.py:3096} INFO - Sync 1 DAGs
[2024-06-20T23:41:27.893+0000] {logging_mixin.py:188} INFO - [2024-06-20T23:41:27.893+0000] {dag.py:3954} INFO - Setting next_dagrun for example_sensors to None, run_after=None
[2024-06-20T23:41:27.912+0000] {processor.py:183} INFO - Processing /home/airflow/.local/lib/python3.12/site-packages/airflow/example_dags/example_sensors.py took 0.173 seconds
[2024-06-20T23:41:58.748+0000] {processor.py:161} INFO - Started process (PID=101) to work on /home/airflow/.local/lib/python3.12/site-packages/airflow/example_dags/example_sensors.py
[2024-06-20T23:41:58.749+0000] {processor.py:830} INFO - Processing file /home/airflow/.local/lib/python3.12/site-packages/airflow/example_dags/example_sensors.py for tasks to queue
[2024-06-20T23:41:58.750+0000] {logging_mixin.py:188} INFO - [2024-06-20T23:41:58.750+0000] {dagbag.py:545} INFO - Filling up the DagBag from /home/airflow/.local/lib/python3.12/site-packages/airflow/example_dags/example_sensors.py
[2024-06-20T23:41:58.758+0000] {processor.py:840} INFO - DAG(s) 'example_sensors' retrieved from /home/airflow/.local/lib/python3.12/site-packages/airflow/example_dags/example_sensors.py
[2024-06-20T23:41:58.780+0000] {logging_mixin.py:188} INFO - [2024-06-20T23:41:58.780+0000] {dag.py:3096} INFO - Sync 1 DAGs
[2024-06-20T23:41:58.790+0000] {logging_mixin.py:188} INFO - [2024-06-20T23:41:58.790+0000] {dag.py:3954} INFO - Setting next_dagrun for example_sensors to None, run_after=None
[2024-06-20T23:41:58.804+0000] {processor.py:183} INFO - Processing /home/airflow/.local/lib/python3.12/site-packages/airflow/example_dags/example_sensors.py took 0.061 seconds
[2024-06-20T23:42:29.354+0000] {processor.py:161} INFO - Started process (PID=159) to work on /home/airflow/.local/lib/python3.12/site-packages/airflow/example_dags/example_sensors.py
[2024-06-20T23:42:29.355+0000] {processor.py:830} INFO - Processing file /home/airflow/.local/lib/python3.12/site-packages/airflow/example_dags/example_sensors.py for tasks to queue
[2024-06-20T23:42:29.357+0000] {logging_mixin.py:188} INFO - [2024-06-20T23:42:29.357+0000] {dagbag.py:545} INFO - Filling up the DagBag from /home/airflow/.local/lib/python3.12/site-packages/airflow/example_dags/example_sensors.py
[2024-06-20T23:42:29.364+0000] {processor.py:840} INFO - DAG(s) 'example_sensors' retrieved from /home/airflow/.local/lib/python3.12/site-packages/airflow/example_dags/example_sensors.py
[2024-06-20T23:42:29.386+0000] {logging_mixin.py:188} INFO - [2024-06-20T23:42:29.386+0000] {dag.py:3096} INFO - Sync 1 DAGs
[2024-06-20T23:42:29.395+0000] {logging_mixin.py:188} INFO - [2024-06-20T23:42:29.395+0000] {dag.py:3954} INFO - Setting next_dagrun for example_sensors to None, run_after=None
[2024-06-20T23:42:29.411+0000] {processor.py:183} INFO - Processing /home/airflow/.local/lib/python3.12/site-packages/airflow/example_dags/example_sensors.py took 0.061 seconds
[2024-06-20T23:42:59.440+0000] {processor.py:161} INFO - Started process (PID=217) to work on /home/airflow/.local/lib/python3.12/site-packages/airflow/example_dags/example_sensors.py
[2024-06-20T23:42:59.441+0000] {processor.py:830} INFO - Processing file /home/airflow/.local/lib/python3.12/site-packages/airflow/example_dags/example_sensors.py for tasks to queue
[2024-06-20T23:42:59.443+0000] {logging_mixin.py:188} INFO - [2024-06-20T23:42:59.443+0000] {dagbag.py:545} INFO - Filling up the DagBag from /home/airflow/.local/lib/python3.12/site-packages/airflow/example_dags/example_sensors.py
[2024-06-20T23:42:59.450+0000] {processor.py:840} INFO - DAG(s) 'example_sensors' retrieved from /home/airflow/.local/lib/python3.12/site-packages/airflow/example_dags/example_sensors.py
[2024-06-20T23:42:59.471+0000] {logging_mixin.py:188} INFO - [2024-06-20T23:42:59.470+0000] {dag.py:3096} INFO - Sync 1 DAGs
[2024-06-20T23:42:59.480+0000] {logging_mixin.py:188} INFO - [2024-06-20T23:42:59.480+0000] {dag.py:3954} INFO - Setting next_dagrun for example_sensors to None, run_after=None
[2024-06-20T23:42:59.495+0000] {processor.py:183} INFO - Processing /home/airflow/.local/lib/python3.12/site-packages/airflow/example_dags/example_sensors.py took 0.060 seconds
[2024-06-20T23:43:29.645+0000] {processor.py:161} INFO - Started process (PID=275) to work on /home/airflow/.local/lib/python3.12/site-packages/airflow/example_dags/example_sensors.py
[2024-06-20T23:43:29.646+0000] {processor.py:830} INFO - Processing file /home/airflow/.local/lib/python3.12/site-packages/airflow/example_dags/example_sensors.py for tasks to queue
[2024-06-20T23:43:29.647+0000] {logging_mixin.py:188} INFO - [2024-06-20T23:43:29.647+0000] {dagbag.py:545} INFO - Filling up the DagBag from /home/airflow/.local/lib/python3.12/site-packages/airflow/example_dags/example_sensors.py
[2024-06-20T23:43:29.654+0000] {processor.py:840} INFO - DAG(s) 'example_sensors' retrieved from /home/airflow/.local/lib/python3.12/site-packages/airflow/example_dags/example_sensors.py
[2024-06-20T23:43:29.675+0000] {logging_mixin.py:188} INFO - [2024-06-20T23:43:29.675+0000] {dag.py:3096} INFO - Sync 1 DAGs
[2024-06-20T23:43:29.684+0000] {logging_mixin.py:188} INFO - [2024-06-20T23:43:29.684+0000] {dag.py:3954} INFO - Setting next_dagrun for example_sensors to None, run_after=None
[2024-06-20T23:43:29.700+0000] {processor.py:183} INFO - Processing /home/airflow/.local/lib/python3.12/site-packages/airflow/example_dags/example_sensors.py took 0.059 seconds
[2024-06-20T23:44:00.382+0000] {processor.py:161} INFO - Started process (PID=333) to work on /home/airflow/.local/lib/python3.12/site-packages/airflow/example_dags/example_sensors.py
[2024-06-20T23:44:00.383+0000] {processor.py:830} INFO - Processing file /home/airflow/.local/lib/python3.12/site-packages/airflow/example_dags/example_sensors.py for tasks to queue
[2024-06-20T23:44:00.385+0000] {logging_mixin.py:188} INFO - [2024-06-20T23:44:00.385+0000] {dagbag.py:545} INFO - Filling up the DagBag from /home/airflow/.local/lib/python3.12/site-packages/airflow/example_dags/example_sensors.py
[2024-06-20T23:44:00.393+0000] {processor.py:840} INFO - DAG(s) 'example_sensors' retrieved from /home/airflow/.local/lib/python3.12/site-packages/airflow/example_dags/example_sensors.py
[2024-06-20T23:44:00.417+0000] {logging_mixin.py:188} INFO - [2024-06-20T23:44:00.417+0000] {dag.py:3096} INFO - Sync 1 DAGs
[2024-06-20T23:44:00.428+0000] {logging_mixin.py:188} INFO - [2024-06-20T23:44:00.428+0000] {dag.py:3954} INFO - Setting next_dagrun for example_sensors to None, run_after=None
[2024-06-20T23:44:00.447+0000] {processor.py:183} INFO - Processing /home/airflow/.local/lib/python3.12/site-packages/airflow/example_dags/example_sensors.py took 0.070 seconds
[2024-06-20T23:44:30.868+0000] {processor.py:161} INFO - Started process (PID=391) to work on /home/airflow/.local/lib/python3.12/site-packages/airflow/example_dags/example_sensors.py
[2024-06-20T23:44:30.869+0000] {processor.py:830} INFO - Processing file /home/airflow/.local/lib/python3.12/site-packages/airflow/example_dags/example_sensors.py for tasks to queue
[2024-06-20T23:44:30.871+0000] {logging_mixin.py:188} INFO - [2024-06-20T23:44:30.871+0000] {dagbag.py:545} INFO - Filling up the DagBag from /home/airflow/.local/lib/python3.12/site-packages/airflow/example_dags/example_sensors.py
[2024-06-20T23:44:30.878+0000] {processor.py:840} INFO - DAG(s) 'example_sensors' retrieved from /home/airflow/.local/lib/python3.12/site-packages/airflow/example_dags/example_sensors.py
[2024-06-20T23:44:30.901+0000] {logging_mixin.py:188} INFO - [2024-06-20T23:44:30.900+0000] {dag.py:3096} INFO - Sync 1 DAGs
[2024-06-20T23:44:30.912+0000] {logging_mixin.py:188} INFO - [2024-06-20T23:44:30.912+0000] {dag.py:3954} INFO - Setting next_dagrun for example_sensors to None, run_after=None
[2024-06-20T23:44:30.929+0000] {processor.py:183} INFO - Processing /home/airflow/.local/lib/python3.12/site-packages/airflow/example_dags/example_sensors.py took 0.065 seconds
[2024-06-20T23:45:01.536+0000] {processor.py:161} INFO - Started process (PID=449) to work on /home/airflow/.local/lib/python3.12/site-packages/airflow/example_dags/example_sensors.py
[2024-06-20T23:45:01.537+0000] {processor.py:830} INFO - Processing file /home/airflow/.local/lib/python3.12/site-packages/airflow/example_dags/example_sensors.py for tasks to queue
[2024-06-20T23:45:01.538+0000] {logging_mixin.py:188} INFO - [2024-06-20T23:45:01.538+0000] {dagbag.py:545} INFO - Filling up the DagBag from /home/airflow/.local/lib/python3.12/site-packages/airflow/example_dags/example_sensors.py
[2024-06-20T23:45:01.545+0000] {processor.py:840} INFO - DAG(s) 'example_sensors' retrieved from /home/airflow/.local/lib/python3.12/site-packages/airflow/example_dags/example_sensors.py
[2024-06-20T23:45:01.566+0000] {logging_mixin.py:188} INFO - [2024-06-20T23:45:01.566+0000] {dag.py:3096} INFO - Sync 1 DAGs
[2024-06-20T23:45:01.578+0000] {logging_mixin.py:188} INFO - [2024-06-20T23:45:01.578+0000] {dag.py:3954} INFO - Setting next_dagrun for example_sensors to None, run_after=None
[2024-06-20T23:45:01.593+0000] {processor.py:183} INFO - Processing /home/airflow/.local/lib/python3.12/site-packages/airflow/example_dags/example_sensors.py took 0.062 seconds
[2024-06-20T23:45:32.117+0000] {processor.py:161} INFO - Started process (PID=507) to work on /home/airflow/.local/lib/python3.12/site-packages/airflow/example_dags/example_sensors.py
[2024-06-20T23:45:32.118+0000] {processor.py:830} INFO - Processing file /home/airflow/.local/lib/python3.12/site-packages/airflow/example_dags/example_sensors.py for tasks to queue
[2024-06-20T23:45:32.120+0000] {logging_mixin.py:188} INFO - [2024-06-20T23:45:32.119+0000] {dagbag.py:545} INFO - Filling up the DagBag from /home/airflow/.local/lib/python3.12/site-packages/airflow/example_dags/example_sensors.py
[2024-06-20T23:45:32.127+0000] {processor.py:840} INFO - DAG(s) 'example_sensors' retrieved from /home/airflow/.local/lib/python3.12/site-packages/airflow/example_dags/example_sensors.py
[2024-06-20T23:45:32.147+0000] {logging_mixin.py:188} INFO - [2024-06-20T23:45:32.147+0000] {dag.py:3096} INFO - Sync 1 DAGs
[2024-06-20T23:45:32.158+0000] {logging_mixin.py:188} INFO - [2024-06-20T23:45:32.158+0000] {dag.py:3954} INFO - Setting next_dagrun for example_sensors to None, run_after=None
[2024-06-20T23:45:32.177+0000] {processor.py:183} INFO - Processing /home/airflow/.local/lib/python3.12/site-packages/airflow/example_dags/example_sensors.py took 0.064 seconds
[2024-06-20T23:46:02.223+0000] {processor.py:161} INFO - Started process (PID=565) to work on /home/airflow/.local/lib/python3.12/site-packages/airflow/example_dags/example_sensors.py
[2024-06-20T23:46:02.224+0000] {processor.py:830} INFO - Processing file /home/airflow/.local/lib/python3.12/site-packages/airflow/example_dags/example_sensors.py for tasks to queue
[2024-06-20T23:46:02.226+0000] {logging_mixin.py:188} INFO - [2024-06-20T23:46:02.226+0000] {dagbag.py:545} INFO - Filling up the DagBag from /home/airflow/.local/lib/python3.12/site-packages/airflow/example_dags/example_sensors.py
[2024-06-20T23:46:02.233+0000] {processor.py:840} INFO - DAG(s) 'example_sensors' retrieved from /home/airflow/.local/lib/python3.12/site-packages/airflow/example_dags/example_sensors.py
[2024-06-20T23:46:02.253+0000] {logging_mixin.py:188} INFO - [2024-06-20T23:46:02.253+0000] {dag.py:3096} INFO - Sync 1 DAGs
[2024-06-20T23:46:02.263+0000] {logging_mixin.py:188} INFO - [2024-06-20T23:46:02.263+0000] {dag.py:3954} INFO - Setting next_dagrun for example_sensors to None, run_after=None
[2024-06-20T23:46:02.279+0000] {processor.py:183} INFO - Processing /home/airflow/.local/lib/python3.12/site-packages/airflow/example_dags/example_sensors.py took 0.061 seconds
[2024-06-20T23:46:32.756+0000] {processor.py:161} INFO - Started process (PID=623) to work on /home/airflow/.local/lib/python3.12/site-packages/airflow/example_dags/example_sensors.py
[2024-06-20T23:46:32.757+0000] {processor.py:830} INFO - Processing file /home/airflow/.local/lib/python3.12/site-packages/airflow/example_dags/example_sensors.py for tasks to queue
[2024-06-20T23:46:32.758+0000] {logging_mixin.py:188} INFO - [2024-06-20T23:46:32.758+0000] {dagbag.py:545} INFO - Filling up the DagBag from /home/airflow/.local/lib/python3.12/site-packages/airflow/example_dags/example_sensors.py
[2024-06-20T23:46:32.765+0000] {processor.py:840} INFO - DAG(s) 'example_sensors' retrieved from /home/airflow/.local/lib/python3.12/site-packages/airflow/example_dags/example_sensors.py
[2024-06-20T23:46:32.785+0000] {logging_mixin.py:188} INFO - [2024-06-20T23:46:32.785+0000] {dag.py:3096} INFO - Sync 1 DAGs
[2024-06-20T23:46:32.797+0000] {logging_mixin.py:188} INFO - [2024-06-20T23:46:32.796+0000] {dag.py:3954} INFO - Setting next_dagrun for example_sensors to None, run_after=None
[2024-06-20T23:46:32.813+0000] {processor.py:183} INFO - Processing /home/airflow/.local/lib/python3.12/site-packages/airflow/example_dags/example_sensors.py took 0.061 seconds
[2024-06-20T23:47:03.375+0000] {processor.py:161} INFO - Started process (PID=681) to work on /home/airflow/.local/lib/python3.12/site-packages/airflow/example_dags/example_sensors.py
[2024-06-20T23:47:03.376+0000] {processor.py:830} INFO - Processing file /home/airflow/.local/lib/python3.12/site-packages/airflow/example_dags/example_sensors.py for tasks to queue
[2024-06-20T23:47:03.377+0000] {logging_mixin.py:188} INFO - [2024-06-20T23:47:03.377+0000] {dagbag.py:545} INFO - Filling up the DagBag from /home/airflow/.local/lib/python3.12/site-packages/airflow/example_dags/example_sensors.py
[2024-06-20T23:47:03.384+0000] {processor.py:840} INFO - DAG(s) 'example_sensors' retrieved from /home/airflow/.local/lib/python3.12/site-packages/airflow/example_dags/example_sensors.py
[2024-06-20T23:47:03.404+0000] {logging_mixin.py:188} INFO - [2024-06-20T23:47:03.404+0000] {dag.py:3096} INFO - Sync 1 DAGs
[2024-06-20T23:47:03.414+0000] {logging_mixin.py:188} INFO - [2024-06-20T23:47:03.413+0000] {dag.py:3954} INFO - Setting next_dagrun for example_sensors to None, run_after=None
[2024-06-20T23:47:03.428+0000] {processor.py:183} INFO - Processing /home/airflow/.local/lib/python3.12/site-packages/airflow/example_dags/example_sensors.py took 0.058 seconds
[2024-06-20T23:47:33.873+0000] {processor.py:161} INFO - Started process (PID=739) to work on /home/airflow/.local/lib/python3.12/site-packages/airflow/example_dags/example_sensors.py
[2024-06-20T23:47:33.874+0000] {processor.py:830} INFO - Processing file /home/airflow/.local/lib/python3.12/site-packages/airflow/example_dags/example_sensors.py for tasks to queue
[2024-06-20T23:47:33.876+0000] {logging_mixin.py:188} INFO - [2024-06-20T23:47:33.876+0000] {dagbag.py:545} INFO - Filling up the DagBag from /home/airflow/.local/lib/python3.12/site-packages/airflow/example_dags/example_sensors.py
[2024-06-20T23:47:33.883+0000] {processor.py:840} INFO - DAG(s) 'example_sensors' retrieved from /home/airflow/.local/lib/python3.12/site-packages/airflow/example_dags/example_sensors.py
[2024-06-20T23:47:33.903+0000] {logging_mixin.py:188} INFO - [2024-06-20T23:47:33.902+0000] {dag.py:3096} INFO - Sync 1 DAGs
[2024-06-20T23:47:33.912+0000] {logging_mixin.py:188} INFO - [2024-06-20T23:47:33.912+0000] {dag.py:3954} INFO - Setting next_dagrun for example_sensors to None, run_after=None
[2024-06-20T23:47:33.929+0000] {processor.py:183} INFO - Processing /home/airflow/.local/lib/python3.12/site-packages/airflow/example_dags/example_sensors.py took 0.060 seconds
[2024-06-20T23:48:04.496+0000] {processor.py:161} INFO - Started process (PID=797) to work on /home/airflow/.local/lib/python3.12/site-packages/airflow/example_dags/example_sensors.py
[2024-06-20T23:48:04.497+0000] {processor.py:830} INFO - Processing file /home/airflow/.local/lib/python3.12/site-packages/airflow/example_dags/example_sensors.py for tasks to queue
[2024-06-20T23:48:04.499+0000] {logging_mixin.py:188} INFO - [2024-06-20T23:48:04.498+0000] {dagbag.py:545} INFO - Filling up the DagBag from /home/airflow/.local/lib/python3.12/site-packages/airflow/example_dags/example_sensors.py
[2024-06-20T23:48:04.506+0000] {processor.py:840} INFO - DAG(s) 'example_sensors' retrieved from /home/airflow/.local/lib/python3.12/site-packages/airflow/example_dags/example_sensors.py
[2024-06-20T23:48:04.527+0000] {logging_mixin.py:188} INFO - [2024-06-20T23:48:04.527+0000] {dag.py:3096} INFO - Sync 1 DAGs
[2024-06-20T23:48:04.536+0000] {logging_mixin.py:188} INFO - [2024-06-20T23:48:04.536+0000] {dag.py:3954} INFO - Setting next_dagrun for example_sensors to None, run_after=None
[2024-06-20T23:48:04.551+0000] {processor.py:183} INFO - Processing /home/airflow/.local/lib/python3.12/site-packages/airflow/example_dags/example_sensors.py took 0.060 seconds
[2024-06-20T23:48:34.997+0000] {processor.py:161} INFO - Started process (PID=855) to work on /home/airflow/.local/lib/python3.12/site-packages/airflow/example_dags/example_sensors.py
[2024-06-20T23:48:34.998+0000] {processor.py:830} INFO - Processing file /home/airflow/.local/lib/python3.12/site-packages/airflow/example_dags/example_sensors.py for tasks to queue
[2024-06-20T23:48:35.000+0000] {logging_mixin.py:188} INFO - [2024-06-20T23:48:35.000+0000] {dagbag.py:545} INFO - Filling up the DagBag from /home/airflow/.local/lib/python3.12/site-packages/airflow/example_dags/example_sensors.py
[2024-06-20T23:48:35.008+0000] {processor.py:840} INFO - DAG(s) 'example_sensors' retrieved from /home/airflow/.local/lib/python3.12/site-packages/airflow/example_dags/example_sensors.py
[2024-06-20T23:48:35.028+0000] {logging_mixin.py:188} INFO - [2024-06-20T23:48:35.027+0000] {dag.py:3096} INFO - Sync 1 DAGs
[2024-06-20T23:48:35.037+0000] {logging_mixin.py:188} INFO - [2024-06-20T23:48:35.037+0000] {dag.py:3954} INFO - Setting next_dagrun for example_sensors to None, run_after=None
[2024-06-20T23:48:35.053+0000] {processor.py:183} INFO - Processing /home/airflow/.local/lib/python3.12/site-packages/airflow/example_dags/example_sensors.py took 0.061 seconds
[2024-06-20T23:49:05.489+0000] {processor.py:161} INFO - Started process (PID=913) to work on /home/airflow/.local/lib/python3.12/site-packages/airflow/example_dags/example_sensors.py
[2024-06-20T23:49:05.490+0000] {processor.py:830} INFO - Processing file /home/airflow/.local/lib/python3.12/site-packages/airflow/example_dags/example_sensors.py for tasks to queue
[2024-06-20T23:49:05.492+0000] {logging_mixin.py:188} INFO - [2024-06-20T23:49:05.491+0000] {dagbag.py:545} INFO - Filling up the DagBag from /home/airflow/.local/lib/python3.12/site-packages/airflow/example_dags/example_sensors.py
[2024-06-20T23:49:05.499+0000] {processor.py:840} INFO - DAG(s) 'example_sensors' retrieved from /home/airflow/.local/lib/python3.12/site-packages/airflow/example_dags/example_sensors.py
[2024-06-20T23:49:05.519+0000] {logging_mixin.py:188} INFO - [2024-06-20T23:49:05.519+0000] {dag.py:3096} INFO - Sync 1 DAGs
[2024-06-20T23:49:05.529+0000] {logging_mixin.py:188} INFO - [2024-06-20T23:49:05.529+0000] {dag.py:3954} INFO - Setting next_dagrun for example_sensors to None, run_after=None
[2024-06-20T23:49:05.544+0000] {processor.py:183} INFO - Processing /home/airflow/.local/lib/python3.12/site-packages/airflow/example_dags/example_sensors.py took 0.060 seconds
[2024-06-20T23:49:36.184+0000] {processor.py:161} INFO - Started process (PID=971) to work on /home/airflow/.local/lib/python3.12/site-packages/airflow/example_dags/example_sensors.py
[2024-06-20T23:49:36.185+0000] {processor.py:830} INFO - Processing file /home/airflow/.local/lib/python3.12/site-packages/airflow/example_dags/example_sensors.py for tasks to queue
[2024-06-20T23:49:36.187+0000] {logging_mixin.py:188} INFO - [2024-06-20T23:49:36.187+0000] {dagbag.py:545} INFO - Filling up the DagBag from /home/airflow/.local/lib/python3.12/site-packages/airflow/example_dags/example_sensors.py
[2024-06-20T23:49:36.195+0000] {processor.py:840} INFO - DAG(s) 'example_sensors' retrieved from /home/airflow/.local/lib/python3.12/site-packages/airflow/example_dags/example_sensors.py
[2024-06-20T23:49:36.216+0000] {logging_mixin.py:188} INFO - [2024-06-20T23:49:36.216+0000] {dag.py:3096} INFO - Sync 1 DAGs
[2024-06-20T23:49:36.226+0000] {logging_mixin.py:188} INFO - [2024-06-20T23:49:36.226+0000] {dag.py:3954} INFO - Setting next_dagrun for example_sensors to None, run_after=None
[2024-06-20T23:49:36.242+0000] {processor.py:183} INFO - Processing /home/airflow/.local/lib/python3.12/site-packages/airflow/example_dags/example_sensors.py took 0.063 seconds
[2024-06-20T23:50:06.731+0000] {processor.py:161} INFO - Started process (PID=1029) to work on /home/airflow/.local/lib/python3.12/site-packages/airflow/example_dags/example_sensors.py
[2024-06-20T23:50:06.732+0000] {processor.py:830} INFO - Processing file /home/airflow/.local/lib/python3.12/site-packages/airflow/example_dags/example_sensors.py for tasks to queue
[2024-06-20T23:50:06.734+0000] {logging_mixin.py:188} INFO - [2024-06-20T23:50:06.734+0000] {dagbag.py:545} INFO - Filling up the DagBag from /home/airflow/.local/lib/python3.12/site-packages/airflow/example_dags/example_sensors.py
[2024-06-20T23:50:06.741+0000] {processor.py:840} INFO - DAG(s) 'example_sensors' retrieved from /home/airflow/.local/lib/python3.12/site-packages/airflow/example_dags/example_sensors.py
[2024-06-20T23:50:06.760+0000] {logging_mixin.py:188} INFO - [2024-06-20T23:50:06.760+0000] {dag.py:3096} INFO - Sync 1 DAGs
[2024-06-20T23:50:06.770+0000] {logging_mixin.py:188} INFO - [2024-06-20T23:50:06.769+0000] {dag.py:3954} INFO - Setting next_dagrun for example_sensors to None, run_after=None
[2024-06-20T23:50:06.785+0000] {processor.py:183} INFO - Processing /home/airflow/.local/lib/python3.12/site-packages/airflow/example_dags/example_sensors.py took 0.058 seconds
[2024-06-20T23:50:37.373+0000] {processor.py:161} INFO - Started process (PID=1087) to work on /home/airflow/.local/lib/python3.12/site-packages/airflow/example_dags/example_sensors.py
[2024-06-20T23:50:37.374+0000] {processor.py:830} INFO - Processing file /home/airflow/.local/lib/python3.12/site-packages/airflow/example_dags/example_sensors.py for tasks to queue
[2024-06-20T23:50:37.376+0000] {logging_mixin.py:188} INFO - [2024-06-20T23:50:37.376+0000] {dagbag.py:545} INFO - Filling up the DagBag from /home/airflow/.local/lib/python3.12/site-packages/airflow/example_dags/example_sensors.py
[2024-06-20T23:50:37.383+0000] {processor.py:840} INFO - DAG(s) 'example_sensors' retrieved from /home/airflow/.local/lib/python3.12/site-packages/airflow/example_dags/example_sensors.py
[2024-06-20T23:50:37.406+0000] {logging_mixin.py:188} INFO - [2024-06-20T23:50:37.405+0000] {dag.py:3096} INFO - Sync 1 DAGs
[2024-06-20T23:50:37.417+0000] {logging_mixin.py:188} INFO - [2024-06-20T23:50:37.417+0000] {dag.py:3954} INFO - Setting next_dagrun for example_sensors to None, run_after=None
[2024-06-20T23:50:37.433+0000] {processor.py:183} INFO - Processing /home/airflow/.local/lib/python3.12/site-packages/airflow/example_dags/example_sensors.py took 0.065 seconds
[2024-06-20T23:51:07.611+0000] {processor.py:161} INFO - Started process (PID=1145) to work on /home/airflow/.local/lib/python3.12/site-packages/airflow/example_dags/example_sensors.py
[2024-06-20T23:51:07.613+0000] {processor.py:830} INFO - Processing file /home/airflow/.local/lib/python3.12/site-packages/airflow/example_dags/example_sensors.py for tasks to queue
[2024-06-20T23:51:07.614+0000] {logging_mixin.py:188} INFO - [2024-06-20T23:51:07.614+0000] {dagbag.py:545} INFO - Filling up the DagBag from /home/airflow/.local/lib/python3.12/site-packages/airflow/example_dags/example_sensors.py
[2024-06-20T23:51:07.621+0000] {processor.py:840} INFO - DAG(s) 'example_sensors' retrieved from /home/airflow/.local/lib/python3.12/site-packages/airflow/example_dags/example_sensors.py
[2024-06-20T23:51:07.643+0000] {logging_mixin.py:188} INFO - [2024-06-20T23:51:07.643+0000] {dag.py:3096} INFO - Sync 1 DAGs
[2024-06-20T23:51:07.653+0000] {logging_mixin.py:188} INFO - [2024-06-20T23:51:07.653+0000] {dag.py:3954} INFO - Setting next_dagrun for example_sensors to None, run_after=None
[2024-06-20T23:51:07.668+0000] {processor.py:183} INFO - Processing /home/airflow/.local/lib/python3.12/site-packages/airflow/example_dags/example_sensors.py took 0.061 seconds
[2024-06-20T23:51:37.870+0000] {processor.py:161} INFO - Started process (PID=1203) to work on /home/airflow/.local/lib/python3.12/site-packages/airflow/example_dags/example_sensors.py
[2024-06-20T23:51:37.871+0000] {processor.py:830} INFO - Processing file /home/airflow/.local/lib/python3.12/site-packages/airflow/example_dags/example_sensors.py for tasks to queue
[2024-06-20T23:51:37.873+0000] {logging_mixin.py:188} INFO - [2024-06-20T23:51:37.872+0000] {dagbag.py:545} INFO - Filling up the DagBag from /home/airflow/.local/lib/python3.12/site-packages/airflow/example_dags/example_sensors.py
[2024-06-20T23:51:37.880+0000] {processor.py:840} INFO - DAG(s) 'example_sensors' retrieved from /home/airflow/.local/lib/python3.12/site-packages/airflow/example_dags/example_sensors.py
[2024-06-20T23:51:37.902+0000] {logging_mixin.py:188} INFO - [2024-06-20T23:51:37.902+0000] {dag.py:3096} INFO - Sync 1 DAGs
[2024-06-20T23:51:37.912+0000] {logging_mixin.py:188} INFO - [2024-06-20T23:51:37.912+0000] {dag.py:3954} INFO - Setting next_dagrun for example_sensors to None, run_after=None
[2024-06-20T23:51:37.929+0000] {processor.py:183} INFO - Processing /home/airflow/.local/lib/python3.12/site-packages/airflow/example_dags/example_sensors.py took 0.064 seconds
[2024-06-20T23:52:08.062+0000] {processor.py:161} INFO - Started process (PID=1261) to work on /home/airflow/.local/lib/python3.12/site-packages/airflow/example_dags/example_sensors.py
[2024-06-20T23:52:08.064+0000] {processor.py:830} INFO - Processing file /home/airflow/.local/lib/python3.12/site-packages/airflow/example_dags/example_sensors.py for tasks to queue
[2024-06-20T23:52:08.065+0000] {logging_mixin.py:188} INFO - [2024-06-20T23:52:08.065+0000] {dagbag.py:545} INFO - Filling up the DagBag from /home/airflow/.local/lib/python3.12/site-packages/airflow/example_dags/example_sensors.py
[2024-06-20T23:52:08.074+0000] {processor.py:840} INFO - DAG(s) 'example_sensors' retrieved from /home/airflow/.local/lib/python3.12/site-packages/airflow/example_dags/example_sensors.py
[2024-06-20T23:52:08.099+0000] {logging_mixin.py:188} INFO - [2024-06-20T23:52:08.099+0000] {dag.py:3096} INFO - Sync 1 DAGs
[2024-06-20T23:52:08.112+0000] {logging_mixin.py:188} INFO - [2024-06-20T23:52:08.112+0000] {dag.py:3954} INFO - Setting next_dagrun for example_sensors to None, run_after=None
[2024-06-20T23:52:08.131+0000] {processor.py:183} INFO - Processing /home/airflow/.local/lib/python3.12/site-packages/airflow/example_dags/example_sensors.py took 0.074 seconds
[2024-06-20T23:52:38.656+0000] {processor.py:161} INFO - Started process (PID=1319) to work on /home/airflow/.local/lib/python3.12/site-packages/airflow/example_dags/example_sensors.py
[2024-06-20T23:52:38.657+0000] {processor.py:830} INFO - Processing file /home/airflow/.local/lib/python3.12/site-packages/airflow/example_dags/example_sensors.py for tasks to queue
[2024-06-20T23:52:38.659+0000] {logging_mixin.py:188} INFO - [2024-06-20T23:52:38.659+0000] {dagbag.py:545} INFO - Filling up the DagBag from /home/airflow/.local/lib/python3.12/site-packages/airflow/example_dags/example_sensors.py
[2024-06-20T23:52:38.667+0000] {processor.py:840} INFO - DAG(s) 'example_sensors' retrieved from /home/airflow/.local/lib/python3.12/site-packages/airflow/example_dags/example_sensors.py
[2024-06-20T23:52:38.689+0000] {logging_mixin.py:188} INFO - [2024-06-20T23:52:38.688+0000] {dag.py:3096} INFO - Sync 1 DAGs
[2024-06-20T23:52:38.700+0000] {logging_mixin.py:188} INFO - [2024-06-20T23:52:38.700+0000] {dag.py:3954} INFO - Setting next_dagrun for example_sensors to None, run_after=None
[2024-06-20T23:52:38.715+0000] {processor.py:183} INFO - Processing /home/airflow/.local/lib/python3.12/site-packages/airflow/example_dags/example_sensors.py took 0.064 seconds
[2024-06-20T23:53:08.770+0000] {processor.py:161} INFO - Started process (PID=1377) to work on /home/airflow/.local/lib/python3.12/site-packages/airflow/example_dags/example_sensors.py
[2024-06-20T23:53:08.771+0000] {processor.py:830} INFO - Processing file /home/airflow/.local/lib/python3.12/site-packages/airflow/example_dags/example_sensors.py for tasks to queue
[2024-06-20T23:53:08.773+0000] {logging_mixin.py:188} INFO - [2024-06-20T23:53:08.772+0000] {dagbag.py:545} INFO - Filling up the DagBag from /home/airflow/.local/lib/python3.12/site-packages/airflow/example_dags/example_sensors.py
[2024-06-20T23:53:08.780+0000] {processor.py:840} INFO - DAG(s) 'example_sensors' retrieved from /home/airflow/.local/lib/python3.12/site-packages/airflow/example_dags/example_sensors.py
[2024-06-20T23:53:08.800+0000] {logging_mixin.py:188} INFO - [2024-06-20T23:53:08.800+0000] {dag.py:3096} INFO - Sync 1 DAGs
[2024-06-20T23:53:08.810+0000] {logging_mixin.py:188} INFO - [2024-06-20T23:53:08.809+0000] {dag.py:3954} INFO - Setting next_dagrun for example_sensors to None, run_after=None
[2024-06-20T23:53:08.826+0000] {processor.py:183} INFO - Processing /home/airflow/.local/lib/python3.12/site-packages/airflow/example_dags/example_sensors.py took 0.060 seconds
[2024-06-20T23:53:38.881+0000] {processor.py:161} INFO - Started process (PID=1435) to work on /home/airflow/.local/lib/python3.12/site-packages/airflow/example_dags/example_sensors.py
[2024-06-20T23:53:38.882+0000] {processor.py:830} INFO - Processing file /home/airflow/.local/lib/python3.12/site-packages/airflow/example_dags/example_sensors.py for tasks to queue
[2024-06-20T23:53:38.883+0000] {logging_mixin.py:188} INFO - [2024-06-20T23:53:38.883+0000] {dagbag.py:545} INFO - Filling up the DagBag from /home/airflow/.local/lib/python3.12/site-packages/airflow/example_dags/example_sensors.py
[2024-06-20T23:53:38.890+0000] {processor.py:840} INFO - DAG(s) 'example_sensors' retrieved from /home/airflow/.local/lib/python3.12/site-packages/airflow/example_dags/example_sensors.py
[2024-06-20T23:53:38.912+0000] {logging_mixin.py:188} INFO - [2024-06-20T23:53:38.912+0000] {dag.py:3096} INFO - Sync 1 DAGs
[2024-06-20T23:53:38.922+0000] {logging_mixin.py:188} INFO - [2024-06-20T23:53:38.922+0000] {dag.py:3954} INFO - Setting next_dagrun for example_sensors to None, run_after=None
[2024-06-20T23:53:38.937+0000] {processor.py:183} INFO - Processing /home/airflow/.local/lib/python3.12/site-packages/airflow/example_dags/example_sensors.py took 0.060 seconds
[2024-06-20T23:54:09.046+0000] {processor.py:161} INFO - Started process (PID=1493) to work on /home/airflow/.local/lib/python3.12/site-packages/airflow/example_dags/example_sensors.py
[2024-06-20T23:54:09.047+0000] {processor.py:830} INFO - Processing file /home/airflow/.local/lib/python3.12/site-packages/airflow/example_dags/example_sensors.py for tasks to queue
[2024-06-20T23:54:09.049+0000] {logging_mixin.py:188} INFO - [2024-06-20T23:54:09.049+0000] {dagbag.py:545} INFO - Filling up the DagBag from /home/airflow/.local/lib/python3.12/site-packages/airflow/example_dags/example_sensors.py
[2024-06-20T23:54:09.056+0000] {processor.py:840} INFO - DAG(s) 'example_sensors' retrieved from /home/airflow/.local/lib/python3.12/site-packages/airflow/example_dags/example_sensors.py
[2024-06-20T23:54:09.076+0000] {logging_mixin.py:188} INFO - [2024-06-20T23:54:09.076+0000] {dag.py:3096} INFO - Sync 1 DAGs
[2024-06-20T23:54:09.087+0000] {logging_mixin.py:188} INFO - [2024-06-20T23:54:09.087+0000] {dag.py:3954} INFO - Setting next_dagrun for example_sensors to None, run_after=None
[2024-06-20T23:54:09.105+0000] {processor.py:183} INFO - Processing /home/airflow/.local/lib/python3.12/site-packages/airflow/example_dags/example_sensors.py took 0.063 seconds
[2024-06-20T23:54:39.247+0000] {processor.py:161} INFO - Started process (PID=1551) to work on /home/airflow/.local/lib/python3.12/site-packages/airflow/example_dags/example_sensors.py
[2024-06-20T23:54:39.248+0000] {processor.py:830} INFO - Processing file /home/airflow/.local/lib/python3.12/site-packages/airflow/example_dags/example_sensors.py for tasks to queue
[2024-06-20T23:54:39.250+0000] {logging_mixin.py:188} INFO - [2024-06-20T23:54:39.250+0000] {dagbag.py:545} INFO - Filling up the DagBag from /home/airflow/.local/lib/python3.12/site-packages/airflow/example_dags/example_sensors.py
[2024-06-20T23:54:39.258+0000] {processor.py:840} INFO - DAG(s) 'example_sensors' retrieved from /home/airflow/.local/lib/python3.12/site-packages/airflow/example_dags/example_sensors.py
[2024-06-20T23:54:39.284+0000] {logging_mixin.py:188} INFO - [2024-06-20T23:54:39.284+0000] {dag.py:3096} INFO - Sync 1 DAGs
[2024-06-20T23:54:39.296+0000] {logging_mixin.py:188} INFO - [2024-06-20T23:54:39.296+0000] {dag.py:3954} INFO - Setting next_dagrun for example_sensors to None, run_after=None
[2024-06-20T23:54:39.312+0000] {processor.py:183} INFO - Processing /home/airflow/.local/lib/python3.12/site-packages/airflow/example_dags/example_sensors.py took 0.070 seconds
[2024-06-20T23:55:09.551+0000] {processor.py:161} INFO - Started process (PID=1609) to work on /home/airflow/.local/lib/python3.12/site-packages/airflow/example_dags/example_sensors.py
[2024-06-20T23:55:09.552+0000] {processor.py:830} INFO - Processing file /home/airflow/.local/lib/python3.12/site-packages/airflow/example_dags/example_sensors.py for tasks to queue
[2024-06-20T23:55:09.553+0000] {logging_mixin.py:188} INFO - [2024-06-20T23:55:09.553+0000] {dagbag.py:545} INFO - Filling up the DagBag from /home/airflow/.local/lib/python3.12/site-packages/airflow/example_dags/example_sensors.py
[2024-06-20T23:55:09.561+0000] {processor.py:840} INFO - DAG(s) 'example_sensors' retrieved from /home/airflow/.local/lib/python3.12/site-packages/airflow/example_dags/example_sensors.py
[2024-06-20T23:55:09.584+0000] {logging_mixin.py:188} INFO - [2024-06-20T23:55:09.584+0000] {dag.py:3096} INFO - Sync 1 DAGs
[2024-06-20T23:55:09.594+0000] {logging_mixin.py:188} INFO - [2024-06-20T23:55:09.594+0000] {dag.py:3954} INFO - Setting next_dagrun for example_sensors to None, run_after=None
[2024-06-20T23:55:09.612+0000] {processor.py:183} INFO - Processing /home/airflow/.local/lib/python3.12/site-packages/airflow/example_dags/example_sensors.py took 0.066 seconds
[2024-06-20T23:55:39.891+0000] {processor.py:161} INFO - Started process (PID=1667) to work on /home/airflow/.local/lib/python3.12/site-packages/airflow/example_dags/example_sensors.py
[2024-06-20T23:55:39.892+0000] {processor.py:830} INFO - Processing file /home/airflow/.local/lib/python3.12/site-packages/airflow/example_dags/example_sensors.py for tasks to queue
[2024-06-20T23:55:39.893+0000] {logging_mixin.py:188} INFO - [2024-06-20T23:55:39.893+0000] {dagbag.py:545} INFO - Filling up the DagBag from /home/airflow/.local/lib/python3.12/site-packages/airflow/example_dags/example_sensors.py
[2024-06-20T23:55:39.900+0000] {processor.py:840} INFO - DAG(s) 'example_sensors' retrieved from /home/airflow/.local/lib/python3.12/site-packages/airflow/example_dags/example_sensors.py
[2024-06-20T23:55:39.920+0000] {logging_mixin.py:188} INFO - [2024-06-20T23:55:39.920+0000] {dag.py:3096} INFO - Sync 1 DAGs
[2024-06-20T23:55:39.930+0000] {logging_mixin.py:188} INFO - [2024-06-20T23:55:39.930+0000] {dag.py:3954} INFO - Setting next_dagrun for example_sensors to None, run_after=None
[2024-06-20T23:55:39.948+0000] {processor.py:183} INFO - Processing /home/airflow/.local/lib/python3.12/site-packages/airflow/example_dags/example_sensors.py took 0.061 seconds
[2024-06-20T23:56:10.274+0000] {processor.py:161} INFO - Started process (PID=1725) to work on /home/airflow/.local/lib/python3.12/site-packages/airflow/example_dags/example_sensors.py
[2024-06-20T23:56:10.275+0000] {processor.py:830} INFO - Processing file /home/airflow/.local/lib/python3.12/site-packages/airflow/example_dags/example_sensors.py for tasks to queue
[2024-06-20T23:56:10.276+0000] {logging_mixin.py:188} INFO - [2024-06-20T23:56:10.276+0000] {dagbag.py:545} INFO - Filling up the DagBag from /home/airflow/.local/lib/python3.12/site-packages/airflow/example_dags/example_sensors.py
[2024-06-20T23:56:10.283+0000] {processor.py:840} INFO - DAG(s) 'example_sensors' retrieved from /home/airflow/.local/lib/python3.12/site-packages/airflow/example_dags/example_sensors.py
[2024-06-20T23:56:10.306+0000] {logging_mixin.py:188} INFO - [2024-06-20T23:56:10.305+0000] {dag.py:3096} INFO - Sync 1 DAGs
[2024-06-20T23:56:10.316+0000] {logging_mixin.py:188} INFO - [2024-06-20T23:56:10.316+0000] {dag.py:3954} INFO - Setting next_dagrun for example_sensors to None, run_after=None
[2024-06-20T23:56:10.333+0000] {processor.py:183} INFO - Processing /home/airflow/.local/lib/python3.12/site-packages/airflow/example_dags/example_sensors.py took 0.064 seconds
[2024-06-20T23:56:40.645+0000] {processor.py:161} INFO - Started process (PID=1783) to work on /home/airflow/.local/lib/python3.12/site-packages/airflow/example_dags/example_sensors.py
[2024-06-20T23:56:40.646+0000] {processor.py:830} INFO - Processing file /home/airflow/.local/lib/python3.12/site-packages/airflow/example_dags/example_sensors.py for tasks to queue
[2024-06-20T23:56:40.647+0000] {logging_mixin.py:188} INFO - [2024-06-20T23:56:40.647+0000] {dagbag.py:545} INFO - Filling up the DagBag from /home/airflow/.local/lib/python3.12/site-packages/airflow/example_dags/example_sensors.py
[2024-06-20T23:56:40.654+0000] {processor.py:840} INFO - DAG(s) 'example_sensors' retrieved from /home/airflow/.local/lib/python3.12/site-packages/airflow/example_dags/example_sensors.py
[2024-06-20T23:56:40.675+0000] {logging_mixin.py:188} INFO - [2024-06-20T23:56:40.675+0000] {dag.py:3096} INFO - Sync 1 DAGs
[2024-06-20T23:56:40.685+0000] {logging_mixin.py:188} INFO - [2024-06-20T23:56:40.685+0000] {dag.py:3954} INFO - Setting next_dagrun for example_sensors to None, run_after=None
[2024-06-20T23:56:40.700+0000] {processor.py:183} INFO - Processing /home/airflow/.local/lib/python3.12/site-packages/airflow/example_dags/example_sensors.py took 0.060 seconds
[2024-06-20T23:57:10.887+0000] {processor.py:161} INFO - Started process (PID=1841) to work on /home/airflow/.local/lib/python3.12/site-packages/airflow/example_dags/example_sensors.py
[2024-06-20T23:57:10.888+0000] {processor.py:830} INFO - Processing file /home/airflow/.local/lib/python3.12/site-packages/airflow/example_dags/example_sensors.py for tasks to queue
[2024-06-20T23:57:10.889+0000] {logging_mixin.py:188} INFO - [2024-06-20T23:57:10.889+0000] {dagbag.py:545} INFO - Filling up the DagBag from /home/airflow/.local/lib/python3.12/site-packages/airflow/example_dags/example_sensors.py
[2024-06-20T23:57:10.896+0000] {processor.py:840} INFO - DAG(s) 'example_sensors' retrieved from /home/airflow/.local/lib/python3.12/site-packages/airflow/example_dags/example_sensors.py
[2024-06-20T23:57:10.917+0000] {logging_mixin.py:188} INFO - [2024-06-20T23:57:10.916+0000] {dag.py:3096} INFO - Sync 1 DAGs
[2024-06-20T23:57:10.928+0000] {logging_mixin.py:188} INFO - [2024-06-20T23:57:10.928+0000] {dag.py:3954} INFO - Setting next_dagrun for example_sensors to None, run_after=None
[2024-06-20T23:57:10.946+0000] {processor.py:183} INFO - Processing /home/airflow/.local/lib/python3.12/site-packages/airflow/example_dags/example_sensors.py took 0.063 seconds
[2024-06-20T23:57:41.100+0000] {processor.py:161} INFO - Started process (PID=1899) to work on /home/airflow/.local/lib/python3.12/site-packages/airflow/example_dags/example_sensors.py
[2024-06-20T23:57:41.101+0000] {processor.py:830} INFO - Processing file /home/airflow/.local/lib/python3.12/site-packages/airflow/example_dags/example_sensors.py for tasks to queue
[2024-06-20T23:57:41.103+0000] {logging_mixin.py:188} INFO - [2024-06-20T23:57:41.102+0000] {dagbag.py:545} INFO - Filling up the DagBag from /home/airflow/.local/lib/python3.12/site-packages/airflow/example_dags/example_sensors.py
[2024-06-20T23:57:41.111+0000] {processor.py:840} INFO - DAG(s) 'example_sensors' retrieved from /home/airflow/.local/lib/python3.12/site-packages/airflow/example_dags/example_sensors.py
[2024-06-20T23:57:41.133+0000] {logging_mixin.py:188} INFO - [2024-06-20T23:57:41.132+0000] {dag.py:3096} INFO - Sync 1 DAGs
[2024-06-20T23:57:41.271+0000] {logging_mixin.py:188} INFO - [2024-06-20T23:57:41.271+0000] {dag.py:3954} INFO - Setting next_dagrun for example_sensors to None, run_after=None
[2024-06-20T23:57:41.288+0000] {processor.py:183} INFO - Processing /home/airflow/.local/lib/python3.12/site-packages/airflow/example_dags/example_sensors.py took 0.193 seconds
[2024-06-20T23:58:11.543+0000] {processor.py:161} INFO - Started process (PID=1957) to work on /home/airflow/.local/lib/python3.12/site-packages/airflow/example_dags/example_sensors.py
[2024-06-20T23:58:11.544+0000] {processor.py:830} INFO - Processing file /home/airflow/.local/lib/python3.12/site-packages/airflow/example_dags/example_sensors.py for tasks to queue
[2024-06-20T23:58:11.546+0000] {logging_mixin.py:188} INFO - [2024-06-20T23:58:11.546+0000] {dagbag.py:545} INFO - Filling up the DagBag from /home/airflow/.local/lib/python3.12/site-packages/airflow/example_dags/example_sensors.py
[2024-06-20T23:58:11.553+0000] {processor.py:840} INFO - DAG(s) 'example_sensors' retrieved from /home/airflow/.local/lib/python3.12/site-packages/airflow/example_dags/example_sensors.py
[2024-06-20T23:58:11.575+0000] {logging_mixin.py:188} INFO - [2024-06-20T23:58:11.574+0000] {dag.py:3096} INFO - Sync 1 DAGs
[2024-06-20T23:58:11.706+0000] {logging_mixin.py:188} INFO - [2024-06-20T23:58:11.706+0000] {dag.py:3954} INFO - Setting next_dagrun for example_sensors to None, run_after=None
[2024-06-20T23:58:11.722+0000] {processor.py:183} INFO - Processing /home/airflow/.local/lib/python3.12/site-packages/airflow/example_dags/example_sensors.py took 0.184 seconds
[2024-06-20T23:58:42.054+0000] {processor.py:161} INFO - Started process (PID=2015) to work on /home/airflow/.local/lib/python3.12/site-packages/airflow/example_dags/example_sensors.py
[2024-06-20T23:58:42.055+0000] {processor.py:830} INFO - Processing file /home/airflow/.local/lib/python3.12/site-packages/airflow/example_dags/example_sensors.py for tasks to queue
[2024-06-20T23:58:42.057+0000] {logging_mixin.py:188} INFO - [2024-06-20T23:58:42.056+0000] {dagbag.py:545} INFO - Filling up the DagBag from /home/airflow/.local/lib/python3.12/site-packages/airflow/example_dags/example_sensors.py
[2024-06-20T23:58:42.064+0000] {processor.py:840} INFO - DAG(s) 'example_sensors' retrieved from /home/airflow/.local/lib/python3.12/site-packages/airflow/example_dags/example_sensors.py
[2024-06-20T23:58:42.086+0000] {logging_mixin.py:188} INFO - [2024-06-20T23:58:42.086+0000] {dag.py:3096} INFO - Sync 1 DAGs
[2024-06-20T23:58:42.205+0000] {logging_mixin.py:188} INFO - [2024-06-20T23:58:42.205+0000] {dag.py:3954} INFO - Setting next_dagrun for example_sensors to None, run_after=None
[2024-06-20T23:58:42.223+0000] {processor.py:183} INFO - Processing /home/airflow/.local/lib/python3.12/site-packages/airflow/example_dags/example_sensors.py took 0.174 seconds
[2024-06-20T23:59:12.954+0000] {processor.py:161} INFO - Started process (PID=2073) to work on /home/airflow/.local/lib/python3.12/site-packages/airflow/example_dags/example_sensors.py
[2024-06-20T23:59:12.955+0000] {processor.py:830} INFO - Processing file /home/airflow/.local/lib/python3.12/site-packages/airflow/example_dags/example_sensors.py for tasks to queue
[2024-06-20T23:59:12.957+0000] {logging_mixin.py:188} INFO - [2024-06-20T23:59:12.957+0000] {dagbag.py:545} INFO - Filling up the DagBag from /home/airflow/.local/lib/python3.12/site-packages/airflow/example_dags/example_sensors.py
[2024-06-20T23:59:12.964+0000] {processor.py:840} INFO - DAG(s) 'example_sensors' retrieved from /home/airflow/.local/lib/python3.12/site-packages/airflow/example_dags/example_sensors.py
[2024-06-20T23:59:12.988+0000] {logging_mixin.py:188} INFO - [2024-06-20T23:59:12.988+0000] {dag.py:3096} INFO - Sync 1 DAGs
[2024-06-20T23:59:13.000+0000] {logging_mixin.py:188} INFO - [2024-06-20T23:59:12.999+0000] {dag.py:3954} INFO - Setting next_dagrun for example_sensors to None, run_after=None
[2024-06-20T23:59:13.016+0000] {processor.py:183} INFO - Processing /home/airflow/.local/lib/python3.12/site-packages/airflow/example_dags/example_sensors.py took 0.067 seconds
[2024-06-20T23:59:43.531+0000] {processor.py:161} INFO - Started process (PID=2131) to work on /home/airflow/.local/lib/python3.12/site-packages/airflow/example_dags/example_sensors.py
[2024-06-20T23:59:43.532+0000] {processor.py:830} INFO - Processing file /home/airflow/.local/lib/python3.12/site-packages/airflow/example_dags/example_sensors.py for tasks to queue
[2024-06-20T23:59:43.534+0000] {logging_mixin.py:188} INFO - [2024-06-20T23:59:43.533+0000] {dagbag.py:545} INFO - Filling up the DagBag from /home/airflow/.local/lib/python3.12/site-packages/airflow/example_dags/example_sensors.py
[2024-06-20T23:59:43.541+0000] {processor.py:840} INFO - DAG(s) 'example_sensors' retrieved from /home/airflow/.local/lib/python3.12/site-packages/airflow/example_dags/example_sensors.py
[2024-06-20T23:59:43.567+0000] {logging_mixin.py:188} INFO - [2024-06-20T23:59:43.566+0000] {dag.py:3096} INFO - Sync 1 DAGs
[2024-06-20T23:59:43.578+0000] {logging_mixin.py:188} INFO - [2024-06-20T23:59:43.578+0000] {dag.py:3954} INFO - Setting next_dagrun for example_sensors to None, run_after=None
[2024-06-20T23:59:43.596+0000] {processor.py:183} INFO - Processing /home/airflow/.local/lib/python3.12/site-packages/airflow/example_dags/example_sensors.py took 0.071 seconds
