[2024-06-20T23:41:01.839+0000] {processor.py:161} INFO - Started process (PID=76) to work on /home/airflow/.local/lib/python3.12/site-packages/airflow/example_dags/example_python_operator.py
[2024-06-20T23:41:01.840+0000] {processor.py:830} INFO - Processing file /home/airflow/.local/lib/python3.12/site-packages/airflow/example_dags/example_python_operator.py for tasks to queue
[2024-06-20T23:41:01.842+0000] {logging_mixin.py:188} INFO - [2024-06-20T23:41:01.842+0000] {dagbag.py:545} INFO - Filling up the DagBag from /home/airflow/.local/lib/python3.12/site-packages/airflow/example_dags/example_python_operator.py
[2024-06-20T23:41:01.855+0000] {processor.py:840} INFO - DAG(s) 'example_python_operator' retrieved from /home/airflow/.local/lib/python3.12/site-packages/airflow/example_dags/example_python_operator.py
[2024-06-20T23:41:01.865+0000] {logging_mixin.py:188} INFO - [2024-06-20T23:41:01.865+0000] {dag.py:3096} INFO - Sync 1 DAGs
[2024-06-20T23:41:01.878+0000] {logging_mixin.py:188} INFO - [2024-06-20T23:41:01.877+0000] {dag.py:3954} INFO - Setting next_dagrun for example_python_operator to None, run_after=None
[2024-06-20T23:41:01.899+0000] {processor.py:183} INFO - Processing /home/airflow/.local/lib/python3.12/site-packages/airflow/example_dags/example_python_operator.py took 0.065 seconds
[2024-06-20T23:41:30.962+0000] {processor.py:161} INFO - Started process (PID=76) to work on /home/airflow/.local/lib/python3.12/site-packages/airflow/example_dags/example_python_operator.py
[2024-06-20T23:41:30.963+0000] {processor.py:830} INFO - Processing file /home/airflow/.local/lib/python3.12/site-packages/airflow/example_dags/example_python_operator.py for tasks to queue
[2024-06-20T23:41:30.965+0000] {logging_mixin.py:188} INFO - [2024-06-20T23:41:30.964+0000] {dagbag.py:545} INFO - Filling up the DagBag from /home/airflow/.local/lib/python3.12/site-packages/airflow/example_dags/example_python_operator.py
[2024-06-20T23:41:30.974+0000] {processor.py:840} INFO - DAG(s) 'example_python_operator' retrieved from /home/airflow/.local/lib/python3.12/site-packages/airflow/example_dags/example_python_operator.py
[2024-06-20T23:41:31.064+0000] {logging_mixin.py:188} INFO - [2024-06-20T23:41:31.063+0000] {dag.py:3096} INFO - Sync 1 DAGs
[2024-06-20T23:41:31.073+0000] {logging_mixin.py:188} INFO - [2024-06-20T23:41:31.073+0000] {dag.py:3954} INFO - Setting next_dagrun for example_python_operator to None, run_after=None
[2024-06-20T23:41:31.093+0000] {processor.py:183} INFO - Processing /home/airflow/.local/lib/python3.12/site-packages/airflow/example_dags/example_python_operator.py took 0.136 seconds
[2024-06-20T23:42:01.787+0000] {processor.py:161} INFO - Started process (PID=134) to work on /home/airflow/.local/lib/python3.12/site-packages/airflow/example_dags/example_python_operator.py
[2024-06-20T23:42:01.788+0000] {processor.py:830} INFO - Processing file /home/airflow/.local/lib/python3.12/site-packages/airflow/example_dags/example_python_operator.py for tasks to queue
[2024-06-20T23:42:01.791+0000] {logging_mixin.py:188} INFO - [2024-06-20T23:42:01.790+0000] {dagbag.py:545} INFO - Filling up the DagBag from /home/airflow/.local/lib/python3.12/site-packages/airflow/example_dags/example_python_operator.py
[2024-06-20T23:42:01.802+0000] {processor.py:840} INFO - DAG(s) 'example_python_operator' retrieved from /home/airflow/.local/lib/python3.12/site-packages/airflow/example_dags/example_python_operator.py
[2024-06-20T23:42:01.823+0000] {logging_mixin.py:188} INFO - [2024-06-20T23:42:01.823+0000] {dag.py:3096} INFO - Sync 1 DAGs
[2024-06-20T23:42:01.834+0000] {logging_mixin.py:188} INFO - [2024-06-20T23:42:01.834+0000] {dag.py:3954} INFO - Setting next_dagrun for example_python_operator to None, run_after=None
[2024-06-20T23:42:01.852+0000] {processor.py:183} INFO - Processing /home/airflow/.local/lib/python3.12/site-packages/airflow/example_dags/example_python_operator.py took 0.071 seconds
[2024-06-20T23:42:32.186+0000] {processor.py:161} INFO - Started process (PID=192) to work on /home/airflow/.local/lib/python3.12/site-packages/airflow/example_dags/example_python_operator.py
[2024-06-20T23:42:32.187+0000] {processor.py:830} INFO - Processing file /home/airflow/.local/lib/python3.12/site-packages/airflow/example_dags/example_python_operator.py for tasks to queue
[2024-06-20T23:42:32.188+0000] {logging_mixin.py:188} INFO - [2024-06-20T23:42:32.188+0000] {dagbag.py:545} INFO - Filling up the DagBag from /home/airflow/.local/lib/python3.12/site-packages/airflow/example_dags/example_python_operator.py
[2024-06-20T23:42:32.198+0000] {processor.py:840} INFO - DAG(s) 'example_python_operator' retrieved from /home/airflow/.local/lib/python3.12/site-packages/airflow/example_dags/example_python_operator.py
[2024-06-20T23:42:32.216+0000] {logging_mixin.py:188} INFO - [2024-06-20T23:42:32.216+0000] {dag.py:3096} INFO - Sync 1 DAGs
[2024-06-20T23:42:32.226+0000] {logging_mixin.py:188} INFO - [2024-06-20T23:42:32.226+0000] {dag.py:3954} INFO - Setting next_dagrun for example_python_operator to None, run_after=None
[2024-06-20T23:42:32.242+0000] {processor.py:183} INFO - Processing /home/airflow/.local/lib/python3.12/site-packages/airflow/example_dags/example_python_operator.py took 0.062 seconds
[2024-06-20T23:43:02.336+0000] {processor.py:161} INFO - Started process (PID=250) to work on /home/airflow/.local/lib/python3.12/site-packages/airflow/example_dags/example_python_operator.py
[2024-06-20T23:43:02.338+0000] {processor.py:830} INFO - Processing file /home/airflow/.local/lib/python3.12/site-packages/airflow/example_dags/example_python_operator.py for tasks to queue
[2024-06-20T23:43:02.339+0000] {logging_mixin.py:188} INFO - [2024-06-20T23:43:02.339+0000] {dagbag.py:545} INFO - Filling up the DagBag from /home/airflow/.local/lib/python3.12/site-packages/airflow/example_dags/example_python_operator.py
[2024-06-20T23:43:02.348+0000] {processor.py:840} INFO - DAG(s) 'example_python_operator' retrieved from /home/airflow/.local/lib/python3.12/site-packages/airflow/example_dags/example_python_operator.py
[2024-06-20T23:43:02.366+0000] {logging_mixin.py:188} INFO - [2024-06-20T23:43:02.366+0000] {dag.py:3096} INFO - Sync 1 DAGs
[2024-06-20T23:43:02.376+0000] {logging_mixin.py:188} INFO - [2024-06-20T23:43:02.376+0000] {dag.py:3954} INFO - Setting next_dagrun for example_python_operator to None, run_after=None
[2024-06-20T23:43:02.391+0000] {processor.py:183} INFO - Processing /home/airflow/.local/lib/python3.12/site-packages/airflow/example_dags/example_python_operator.py took 0.059 seconds
[2024-06-20T23:43:32.495+0000] {processor.py:161} INFO - Started process (PID=308) to work on /home/airflow/.local/lib/python3.12/site-packages/airflow/example_dags/example_python_operator.py
[2024-06-20T23:43:32.496+0000] {processor.py:830} INFO - Processing file /home/airflow/.local/lib/python3.12/site-packages/airflow/example_dags/example_python_operator.py for tasks to queue
[2024-06-20T23:43:32.498+0000] {logging_mixin.py:188} INFO - [2024-06-20T23:43:32.497+0000] {dagbag.py:545} INFO - Filling up the DagBag from /home/airflow/.local/lib/python3.12/site-packages/airflow/example_dags/example_python_operator.py
[2024-06-20T23:43:32.512+0000] {processor.py:840} INFO - DAG(s) 'example_python_operator' retrieved from /home/airflow/.local/lib/python3.12/site-packages/airflow/example_dags/example_python_operator.py
[2024-06-20T23:43:32.535+0000] {logging_mixin.py:188} INFO - [2024-06-20T23:43:32.534+0000] {dag.py:3096} INFO - Sync 1 DAGs
[2024-06-20T23:43:32.545+0000] {logging_mixin.py:188} INFO - [2024-06-20T23:43:32.545+0000] {dag.py:3954} INFO - Setting next_dagrun for example_python_operator to None, run_after=None
[2024-06-20T23:43:32.561+0000] {processor.py:183} INFO - Processing /home/airflow/.local/lib/python3.12/site-packages/airflow/example_dags/example_python_operator.py took 0.071 seconds
[2024-06-20T23:44:03.003+0000] {processor.py:161} INFO - Started process (PID=366) to work on /home/airflow/.local/lib/python3.12/site-packages/airflow/example_dags/example_python_operator.py
[2024-06-20T23:44:03.004+0000] {processor.py:830} INFO - Processing file /home/airflow/.local/lib/python3.12/site-packages/airflow/example_dags/example_python_operator.py for tasks to queue
[2024-06-20T23:44:03.005+0000] {logging_mixin.py:188} INFO - [2024-06-20T23:44:03.005+0000] {dagbag.py:545} INFO - Filling up the DagBag from /home/airflow/.local/lib/python3.12/site-packages/airflow/example_dags/example_python_operator.py
[2024-06-20T23:44:03.014+0000] {processor.py:840} INFO - DAG(s) 'example_python_operator' retrieved from /home/airflow/.local/lib/python3.12/site-packages/airflow/example_dags/example_python_operator.py
[2024-06-20T23:44:03.032+0000] {logging_mixin.py:188} INFO - [2024-06-20T23:44:03.032+0000] {dag.py:3096} INFO - Sync 1 DAGs
[2024-06-20T23:44:03.042+0000] {logging_mixin.py:188} INFO - [2024-06-20T23:44:03.042+0000] {dag.py:3954} INFO - Setting next_dagrun for example_python_operator to None, run_after=None
[2024-06-20T23:44:03.058+0000] {processor.py:183} INFO - Processing /home/airflow/.local/lib/python3.12/site-packages/airflow/example_dags/example_python_operator.py took 0.060 seconds
[2024-06-20T23:44:33.608+0000] {processor.py:161} INFO - Started process (PID=424) to work on /home/airflow/.local/lib/python3.12/site-packages/airflow/example_dags/example_python_operator.py
[2024-06-20T23:44:33.609+0000] {processor.py:830} INFO - Processing file /home/airflow/.local/lib/python3.12/site-packages/airflow/example_dags/example_python_operator.py for tasks to queue
[2024-06-20T23:44:33.610+0000] {logging_mixin.py:188} INFO - [2024-06-20T23:44:33.610+0000] {dagbag.py:545} INFO - Filling up the DagBag from /home/airflow/.local/lib/python3.12/site-packages/airflow/example_dags/example_python_operator.py
[2024-06-20T23:44:33.618+0000] {processor.py:840} INFO - DAG(s) 'example_python_operator' retrieved from /home/airflow/.local/lib/python3.12/site-packages/airflow/example_dags/example_python_operator.py
[2024-06-20T23:44:33.637+0000] {logging_mixin.py:188} INFO - [2024-06-20T23:44:33.637+0000] {dag.py:3096} INFO - Sync 1 DAGs
[2024-06-20T23:44:33.646+0000] {logging_mixin.py:188} INFO - [2024-06-20T23:44:33.646+0000] {dag.py:3954} INFO - Setting next_dagrun for example_python_operator to None, run_after=None
[2024-06-20T23:44:33.661+0000] {processor.py:183} INFO - Processing /home/airflow/.local/lib/python3.12/site-packages/airflow/example_dags/example_python_operator.py took 0.058 seconds
[2024-06-20T23:45:04.284+0000] {processor.py:161} INFO - Started process (PID=482) to work on /home/airflow/.local/lib/python3.12/site-packages/airflow/example_dags/example_python_operator.py
[2024-06-20T23:45:04.285+0000] {processor.py:830} INFO - Processing file /home/airflow/.local/lib/python3.12/site-packages/airflow/example_dags/example_python_operator.py for tasks to queue
[2024-06-20T23:45:04.287+0000] {logging_mixin.py:188} INFO - [2024-06-20T23:45:04.286+0000] {dagbag.py:545} INFO - Filling up the DagBag from /home/airflow/.local/lib/python3.12/site-packages/airflow/example_dags/example_python_operator.py
[2024-06-20T23:45:04.295+0000] {processor.py:840} INFO - DAG(s) 'example_python_operator' retrieved from /home/airflow/.local/lib/python3.12/site-packages/airflow/example_dags/example_python_operator.py
[2024-06-20T23:45:04.313+0000] {logging_mixin.py:188} INFO - [2024-06-20T23:45:04.313+0000] {dag.py:3096} INFO - Sync 1 DAGs
[2024-06-20T23:45:04.323+0000] {logging_mixin.py:188} INFO - [2024-06-20T23:45:04.322+0000] {dag.py:3954} INFO - Setting next_dagrun for example_python_operator to None, run_after=None
[2024-06-20T23:45:04.338+0000] {processor.py:183} INFO - Processing /home/airflow/.local/lib/python3.12/site-packages/airflow/example_dags/example_python_operator.py took 0.059 seconds
[2024-06-20T23:45:34.984+0000] {processor.py:161} INFO - Started process (PID=540) to work on /home/airflow/.local/lib/python3.12/site-packages/airflow/example_dags/example_python_operator.py
[2024-06-20T23:45:34.986+0000] {processor.py:830} INFO - Processing file /home/airflow/.local/lib/python3.12/site-packages/airflow/example_dags/example_python_operator.py for tasks to queue
[2024-06-20T23:45:34.988+0000] {logging_mixin.py:188} INFO - [2024-06-20T23:45:34.987+0000] {dagbag.py:545} INFO - Filling up the DagBag from /home/airflow/.local/lib/python3.12/site-packages/airflow/example_dags/example_python_operator.py
[2024-06-20T23:45:34.998+0000] {processor.py:840} INFO - DAG(s) 'example_python_operator' retrieved from /home/airflow/.local/lib/python3.12/site-packages/airflow/example_dags/example_python_operator.py
[2024-06-20T23:45:35.018+0000] {logging_mixin.py:188} INFO - [2024-06-20T23:45:35.018+0000] {dag.py:3096} INFO - Sync 1 DAGs
[2024-06-20T23:45:35.029+0000] {logging_mixin.py:188} INFO - [2024-06-20T23:45:35.029+0000] {dag.py:3954} INFO - Setting next_dagrun for example_python_operator to None, run_after=None
[2024-06-20T23:45:35.045+0000] {processor.py:183} INFO - Processing /home/airflow/.local/lib/python3.12/site-packages/airflow/example_dags/example_python_operator.py took 0.066 seconds
[2024-06-20T23:46:05.773+0000] {processor.py:161} INFO - Started process (PID=598) to work on /home/airflow/.local/lib/python3.12/site-packages/airflow/example_dags/example_python_operator.py
[2024-06-20T23:46:05.774+0000] {processor.py:830} INFO - Processing file /home/airflow/.local/lib/python3.12/site-packages/airflow/example_dags/example_python_operator.py for tasks to queue
[2024-06-20T23:46:05.776+0000] {logging_mixin.py:188} INFO - [2024-06-20T23:46:05.776+0000] {dagbag.py:545} INFO - Filling up the DagBag from /home/airflow/.local/lib/python3.12/site-packages/airflow/example_dags/example_python_operator.py
[2024-06-20T23:46:05.785+0000] {processor.py:840} INFO - DAG(s) 'example_python_operator' retrieved from /home/airflow/.local/lib/python3.12/site-packages/airflow/example_dags/example_python_operator.py
[2024-06-20T23:46:05.808+0000] {logging_mixin.py:188} INFO - [2024-06-20T23:46:05.808+0000] {dag.py:3096} INFO - Sync 1 DAGs
[2024-06-20T23:46:05.819+0000] {logging_mixin.py:188} INFO - [2024-06-20T23:46:05.819+0000] {dag.py:3954} INFO - Setting next_dagrun for example_python_operator to None, run_after=None
[2024-06-20T23:46:05.835+0000] {processor.py:183} INFO - Processing /home/airflow/.local/lib/python3.12/site-packages/airflow/example_dags/example_python_operator.py took 0.066 seconds
[2024-06-20T23:46:36.489+0000] {processor.py:161} INFO - Started process (PID=656) to work on /home/airflow/.local/lib/python3.12/site-packages/airflow/example_dags/example_python_operator.py
[2024-06-20T23:46:36.491+0000] {processor.py:830} INFO - Processing file /home/airflow/.local/lib/python3.12/site-packages/airflow/example_dags/example_python_operator.py for tasks to queue
[2024-06-20T23:46:36.493+0000] {logging_mixin.py:188} INFO - [2024-06-20T23:46:36.493+0000] {dagbag.py:545} INFO - Filling up the DagBag from /home/airflow/.local/lib/python3.12/site-packages/airflow/example_dags/example_python_operator.py
[2024-06-20T23:46:36.502+0000] {processor.py:840} INFO - DAG(s) 'example_python_operator' retrieved from /home/airflow/.local/lib/python3.12/site-packages/airflow/example_dags/example_python_operator.py
[2024-06-20T23:46:36.521+0000] {logging_mixin.py:188} INFO - [2024-06-20T23:46:36.521+0000] {dag.py:3096} INFO - Sync 1 DAGs
[2024-06-20T23:46:36.531+0000] {logging_mixin.py:188} INFO - [2024-06-20T23:46:36.531+0000] {dag.py:3954} INFO - Setting next_dagrun for example_python_operator to None, run_after=None
[2024-06-20T23:46:36.548+0000] {processor.py:183} INFO - Processing /home/airflow/.local/lib/python3.12/site-packages/airflow/example_dags/example_python_operator.py took 0.063 seconds
[2024-06-20T23:47:06.963+0000] {processor.py:161} INFO - Started process (PID=714) to work on /home/airflow/.local/lib/python3.12/site-packages/airflow/example_dags/example_python_operator.py
[2024-06-20T23:47:06.963+0000] {processor.py:830} INFO - Processing file /home/airflow/.local/lib/python3.12/site-packages/airflow/example_dags/example_python_operator.py for tasks to queue
[2024-06-20T23:47:06.965+0000] {logging_mixin.py:188} INFO - [2024-06-20T23:47:06.965+0000] {dagbag.py:545} INFO - Filling up the DagBag from /home/airflow/.local/lib/python3.12/site-packages/airflow/example_dags/example_python_operator.py
[2024-06-20T23:47:06.973+0000] {processor.py:840} INFO - DAG(s) 'example_python_operator' retrieved from /home/airflow/.local/lib/python3.12/site-packages/airflow/example_dags/example_python_operator.py
[2024-06-20T23:47:06.992+0000] {logging_mixin.py:188} INFO - [2024-06-20T23:47:06.992+0000] {dag.py:3096} INFO - Sync 1 DAGs
[2024-06-20T23:47:07.002+0000] {logging_mixin.py:188} INFO - [2024-06-20T23:47:07.001+0000] {dag.py:3954} INFO - Setting next_dagrun for example_python_operator to None, run_after=None
[2024-06-20T23:47:07.016+0000] {processor.py:183} INFO - Processing /home/airflow/.local/lib/python3.12/site-packages/airflow/example_dags/example_python_operator.py took 0.058 seconds
[2024-06-20T23:47:37.576+0000] {processor.py:161} INFO - Started process (PID=772) to work on /home/airflow/.local/lib/python3.12/site-packages/airflow/example_dags/example_python_operator.py
[2024-06-20T23:47:37.577+0000] {processor.py:830} INFO - Processing file /home/airflow/.local/lib/python3.12/site-packages/airflow/example_dags/example_python_operator.py for tasks to queue
[2024-06-20T23:47:37.578+0000] {logging_mixin.py:188} INFO - [2024-06-20T23:47:37.578+0000] {dagbag.py:545} INFO - Filling up the DagBag from /home/airflow/.local/lib/python3.12/site-packages/airflow/example_dags/example_python_operator.py
[2024-06-20T23:47:37.587+0000] {processor.py:840} INFO - DAG(s) 'example_python_operator' retrieved from /home/airflow/.local/lib/python3.12/site-packages/airflow/example_dags/example_python_operator.py
[2024-06-20T23:47:37.605+0000] {logging_mixin.py:188} INFO - [2024-06-20T23:47:37.605+0000] {dag.py:3096} INFO - Sync 1 DAGs
[2024-06-20T23:47:37.615+0000] {logging_mixin.py:188} INFO - [2024-06-20T23:47:37.615+0000] {dag.py:3954} INFO - Setting next_dagrun for example_python_operator to None, run_after=None
[2024-06-20T23:47:37.630+0000] {processor.py:183} INFO - Processing /home/airflow/.local/lib/python3.12/site-packages/airflow/example_dags/example_python_operator.py took 0.059 seconds
[2024-06-20T23:48:08.164+0000] {processor.py:161} INFO - Started process (PID=830) to work on /home/airflow/.local/lib/python3.12/site-packages/airflow/example_dags/example_python_operator.py
[2024-06-20T23:48:08.165+0000] {processor.py:830} INFO - Processing file /home/airflow/.local/lib/python3.12/site-packages/airflow/example_dags/example_python_operator.py for tasks to queue
[2024-06-20T23:48:08.166+0000] {logging_mixin.py:188} INFO - [2024-06-20T23:48:08.166+0000] {dagbag.py:545} INFO - Filling up the DagBag from /home/airflow/.local/lib/python3.12/site-packages/airflow/example_dags/example_python_operator.py
[2024-06-20T23:48:08.174+0000] {processor.py:840} INFO - DAG(s) 'example_python_operator' retrieved from /home/airflow/.local/lib/python3.12/site-packages/airflow/example_dags/example_python_operator.py
[2024-06-20T23:48:08.193+0000] {logging_mixin.py:188} INFO - [2024-06-20T23:48:08.193+0000] {dag.py:3096} INFO - Sync 1 DAGs
[2024-06-20T23:48:08.203+0000] {logging_mixin.py:188} INFO - [2024-06-20T23:48:08.203+0000] {dag.py:3954} INFO - Setting next_dagrun for example_python_operator to None, run_after=None
[2024-06-20T23:48:08.219+0000] {processor.py:183} INFO - Processing /home/airflow/.local/lib/python3.12/site-packages/airflow/example_dags/example_python_operator.py took 0.060 seconds
[2024-06-20T23:48:38.657+0000] {processor.py:161} INFO - Started process (PID=888) to work on /home/airflow/.local/lib/python3.12/site-packages/airflow/example_dags/example_python_operator.py
[2024-06-20T23:48:38.658+0000] {processor.py:830} INFO - Processing file /home/airflow/.local/lib/python3.12/site-packages/airflow/example_dags/example_python_operator.py for tasks to queue
[2024-06-20T23:48:38.660+0000] {logging_mixin.py:188} INFO - [2024-06-20T23:48:38.659+0000] {dagbag.py:545} INFO - Filling up the DagBag from /home/airflow/.local/lib/python3.12/site-packages/airflow/example_dags/example_python_operator.py
[2024-06-20T23:48:38.668+0000] {processor.py:840} INFO - DAG(s) 'example_python_operator' retrieved from /home/airflow/.local/lib/python3.12/site-packages/airflow/example_dags/example_python_operator.py
[2024-06-20T23:48:38.688+0000] {logging_mixin.py:188} INFO - [2024-06-20T23:48:38.687+0000] {dag.py:3096} INFO - Sync 1 DAGs
[2024-06-20T23:48:38.698+0000] {logging_mixin.py:188} INFO - [2024-06-20T23:48:38.698+0000] {dag.py:3954} INFO - Setting next_dagrun for example_python_operator to None, run_after=None
[2024-06-20T23:48:38.714+0000] {processor.py:183} INFO - Processing /home/airflow/.local/lib/python3.12/site-packages/airflow/example_dags/example_python_operator.py took 0.062 seconds
[2024-06-20T23:49:09.242+0000] {processor.py:161} INFO - Started process (PID=946) to work on /home/airflow/.local/lib/python3.12/site-packages/airflow/example_dags/example_python_operator.py
[2024-06-20T23:49:09.243+0000] {processor.py:830} INFO - Processing file /home/airflow/.local/lib/python3.12/site-packages/airflow/example_dags/example_python_operator.py for tasks to queue
[2024-06-20T23:49:09.244+0000] {logging_mixin.py:188} INFO - [2024-06-20T23:49:09.244+0000] {dagbag.py:545} INFO - Filling up the DagBag from /home/airflow/.local/lib/python3.12/site-packages/airflow/example_dags/example_python_operator.py
[2024-06-20T23:49:09.252+0000] {processor.py:840} INFO - DAG(s) 'example_python_operator' retrieved from /home/airflow/.local/lib/python3.12/site-packages/airflow/example_dags/example_python_operator.py
[2024-06-20T23:49:09.271+0000] {logging_mixin.py:188} INFO - [2024-06-20T23:49:09.271+0000] {dag.py:3096} INFO - Sync 1 DAGs
[2024-06-20T23:49:09.282+0000] {logging_mixin.py:188} INFO - [2024-06-20T23:49:09.281+0000] {dag.py:3954} INFO - Setting next_dagrun for example_python_operator to None, run_after=None
[2024-06-20T23:49:09.298+0000] {processor.py:183} INFO - Processing /home/airflow/.local/lib/python3.12/site-packages/airflow/example_dags/example_python_operator.py took 0.060 seconds
[2024-06-20T23:49:39.948+0000] {processor.py:161} INFO - Started process (PID=1004) to work on /home/airflow/.local/lib/python3.12/site-packages/airflow/example_dags/example_python_operator.py
[2024-06-20T23:49:39.949+0000] {processor.py:830} INFO - Processing file /home/airflow/.local/lib/python3.12/site-packages/airflow/example_dags/example_python_operator.py for tasks to queue
[2024-06-20T23:49:39.950+0000] {logging_mixin.py:188} INFO - [2024-06-20T23:49:39.950+0000] {dagbag.py:545} INFO - Filling up the DagBag from /home/airflow/.local/lib/python3.12/site-packages/airflow/example_dags/example_python_operator.py
[2024-06-20T23:49:39.959+0000] {processor.py:840} INFO - DAG(s) 'example_python_operator' retrieved from /home/airflow/.local/lib/python3.12/site-packages/airflow/example_dags/example_python_operator.py
[2024-06-20T23:49:39.978+0000] {logging_mixin.py:188} INFO - [2024-06-20T23:49:39.977+0000] {dag.py:3096} INFO - Sync 1 DAGs
[2024-06-20T23:49:39.988+0000] {logging_mixin.py:188} INFO - [2024-06-20T23:49:39.988+0000] {dag.py:3954} INFO - Setting next_dagrun for example_python_operator to None, run_after=None
[2024-06-20T23:49:40.005+0000] {processor.py:183} INFO - Processing /home/airflow/.local/lib/python3.12/site-packages/airflow/example_dags/example_python_operator.py took 0.061 seconds
[2024-06-20T23:50:10.498+0000] {processor.py:161} INFO - Started process (PID=1062) to work on /home/airflow/.local/lib/python3.12/site-packages/airflow/example_dags/example_python_operator.py
[2024-06-20T23:50:10.499+0000] {processor.py:830} INFO - Processing file /home/airflow/.local/lib/python3.12/site-packages/airflow/example_dags/example_python_operator.py for tasks to queue
[2024-06-20T23:50:10.500+0000] {logging_mixin.py:188} INFO - [2024-06-20T23:50:10.500+0000] {dagbag.py:545} INFO - Filling up the DagBag from /home/airflow/.local/lib/python3.12/site-packages/airflow/example_dags/example_python_operator.py
[2024-06-20T23:50:10.508+0000] {processor.py:840} INFO - DAG(s) 'example_python_operator' retrieved from /home/airflow/.local/lib/python3.12/site-packages/airflow/example_dags/example_python_operator.py
[2024-06-20T23:50:10.527+0000] {logging_mixin.py:188} INFO - [2024-06-20T23:50:10.527+0000] {dag.py:3096} INFO - Sync 1 DAGs
[2024-06-20T23:50:10.538+0000] {logging_mixin.py:188} INFO - [2024-06-20T23:50:10.537+0000] {dag.py:3954} INFO - Setting next_dagrun for example_python_operator to None, run_after=None
[2024-06-20T23:50:10.556+0000] {processor.py:183} INFO - Processing /home/airflow/.local/lib/python3.12/site-packages/airflow/example_dags/example_python_operator.py took 0.062 seconds
[2024-06-20T23:50:41.346+0000] {processor.py:161} INFO - Started process (PID=1120) to work on /home/airflow/.local/lib/python3.12/site-packages/airflow/example_dags/example_python_operator.py
[2024-06-20T23:50:41.347+0000] {processor.py:830} INFO - Processing file /home/airflow/.local/lib/python3.12/site-packages/airflow/example_dags/example_python_operator.py for tasks to queue
[2024-06-20T23:50:41.348+0000] {logging_mixin.py:188} INFO - [2024-06-20T23:50:41.348+0000] {dagbag.py:545} INFO - Filling up the DagBag from /home/airflow/.local/lib/python3.12/site-packages/airflow/example_dags/example_python_operator.py
[2024-06-20T23:50:41.358+0000] {processor.py:840} INFO - DAG(s) 'example_python_operator' retrieved from /home/airflow/.local/lib/python3.12/site-packages/airflow/example_dags/example_python_operator.py
[2024-06-20T23:50:41.377+0000] {logging_mixin.py:188} INFO - [2024-06-20T23:50:41.377+0000] {dag.py:3096} INFO - Sync 1 DAGs
[2024-06-20T23:50:41.388+0000] {logging_mixin.py:188} INFO - [2024-06-20T23:50:41.387+0000] {dag.py:3954} INFO - Setting next_dagrun for example_python_operator to None, run_after=None
[2024-06-20T23:50:41.404+0000] {processor.py:183} INFO - Processing /home/airflow/.local/lib/python3.12/site-packages/airflow/example_dags/example_python_operator.py took 0.063 seconds
[2024-06-20T23:51:11.489+0000] {processor.py:161} INFO - Started process (PID=1178) to work on /home/airflow/.local/lib/python3.12/site-packages/airflow/example_dags/example_python_operator.py
[2024-06-20T23:51:11.490+0000] {processor.py:830} INFO - Processing file /home/airflow/.local/lib/python3.12/site-packages/airflow/example_dags/example_python_operator.py for tasks to queue
[2024-06-20T23:51:11.492+0000] {logging_mixin.py:188} INFO - [2024-06-20T23:51:11.491+0000] {dagbag.py:545} INFO - Filling up the DagBag from /home/airflow/.local/lib/python3.12/site-packages/airflow/example_dags/example_python_operator.py
[2024-06-20T23:51:11.501+0000] {processor.py:840} INFO - DAG(s) 'example_python_operator' retrieved from /home/airflow/.local/lib/python3.12/site-packages/airflow/example_dags/example_python_operator.py
[2024-06-20T23:51:11.521+0000] {logging_mixin.py:188} INFO - [2024-06-20T23:51:11.520+0000] {dag.py:3096} INFO - Sync 1 DAGs
[2024-06-20T23:51:11.532+0000] {logging_mixin.py:188} INFO - [2024-06-20T23:51:11.532+0000] {dag.py:3954} INFO - Setting next_dagrun for example_python_operator to None, run_after=None
[2024-06-20T23:51:11.549+0000] {processor.py:183} INFO - Processing /home/airflow/.local/lib/python3.12/site-packages/airflow/example_dags/example_python_operator.py took 0.065 seconds
[2024-06-20T23:51:41.887+0000] {processor.py:161} INFO - Started process (PID=1236) to work on /home/airflow/.local/lib/python3.12/site-packages/airflow/example_dags/example_python_operator.py
[2024-06-20T23:51:41.888+0000] {processor.py:830} INFO - Processing file /home/airflow/.local/lib/python3.12/site-packages/airflow/example_dags/example_python_operator.py for tasks to queue
[2024-06-20T23:51:41.889+0000] {logging_mixin.py:188} INFO - [2024-06-20T23:51:41.889+0000] {dagbag.py:545} INFO - Filling up the DagBag from /home/airflow/.local/lib/python3.12/site-packages/airflow/example_dags/example_python_operator.py
[2024-06-20T23:51:41.899+0000] {processor.py:840} INFO - DAG(s) 'example_python_operator' retrieved from /home/airflow/.local/lib/python3.12/site-packages/airflow/example_dags/example_python_operator.py
[2024-06-20T23:51:41.925+0000] {logging_mixin.py:188} INFO - [2024-06-20T23:51:41.924+0000] {dag.py:3096} INFO - Sync 1 DAGs
[2024-06-20T23:51:41.938+0000] {logging_mixin.py:188} INFO - [2024-06-20T23:51:41.938+0000] {dag.py:3954} INFO - Setting next_dagrun for example_python_operator to None, run_after=None
[2024-06-20T23:51:41.958+0000] {processor.py:183} INFO - Processing /home/airflow/.local/lib/python3.12/site-packages/airflow/example_dags/example_python_operator.py took 0.077 seconds
[2024-06-20T23:52:12.773+0000] {processor.py:161} INFO - Started process (PID=1294) to work on /home/airflow/.local/lib/python3.12/site-packages/airflow/example_dags/example_python_operator.py
[2024-06-20T23:52:12.774+0000] {processor.py:830} INFO - Processing file /home/airflow/.local/lib/python3.12/site-packages/airflow/example_dags/example_python_operator.py for tasks to queue
[2024-06-20T23:52:12.776+0000] {logging_mixin.py:188} INFO - [2024-06-20T23:52:12.776+0000] {dagbag.py:545} INFO - Filling up the DagBag from /home/airflow/.local/lib/python3.12/site-packages/airflow/example_dags/example_python_operator.py
[2024-06-20T23:52:12.785+0000] {processor.py:840} INFO - DAG(s) 'example_python_operator' retrieved from /home/airflow/.local/lib/python3.12/site-packages/airflow/example_dags/example_python_operator.py
[2024-06-20T23:52:12.805+0000] {logging_mixin.py:188} INFO - [2024-06-20T23:52:12.805+0000] {dag.py:3096} INFO - Sync 1 DAGs
[2024-06-20T23:52:12.817+0000] {logging_mixin.py:188} INFO - [2024-06-20T23:52:12.816+0000] {dag.py:3954} INFO - Setting next_dagrun for example_python_operator to None, run_after=None
[2024-06-20T23:52:12.833+0000] {processor.py:183} INFO - Processing /home/airflow/.local/lib/python3.12/site-packages/airflow/example_dags/example_python_operator.py took 0.065 seconds
[2024-06-20T23:52:43.453+0000] {processor.py:161} INFO - Started process (PID=1352) to work on /home/airflow/.local/lib/python3.12/site-packages/airflow/example_dags/example_python_operator.py
[2024-06-20T23:52:43.454+0000] {processor.py:830} INFO - Processing file /home/airflow/.local/lib/python3.12/site-packages/airflow/example_dags/example_python_operator.py for tasks to queue
[2024-06-20T23:52:43.456+0000] {logging_mixin.py:188} INFO - [2024-06-20T23:52:43.456+0000] {dagbag.py:545} INFO - Filling up the DagBag from /home/airflow/.local/lib/python3.12/site-packages/airflow/example_dags/example_python_operator.py
[2024-06-20T23:52:43.464+0000] {processor.py:840} INFO - DAG(s) 'example_python_operator' retrieved from /home/airflow/.local/lib/python3.12/site-packages/airflow/example_dags/example_python_operator.py
[2024-06-20T23:52:43.482+0000] {logging_mixin.py:188} INFO - [2024-06-20T23:52:43.482+0000] {dag.py:3096} INFO - Sync 1 DAGs
[2024-06-20T23:52:43.492+0000] {logging_mixin.py:188} INFO - [2024-06-20T23:52:43.492+0000] {dag.py:3954} INFO - Setting next_dagrun for example_python_operator to None, run_after=None
[2024-06-20T23:52:43.507+0000] {processor.py:183} INFO - Processing /home/airflow/.local/lib/python3.12/site-packages/airflow/example_dags/example_python_operator.py took 0.058 seconds
[2024-06-20T23:53:13.611+0000] {processor.py:161} INFO - Started process (PID=1410) to work on /home/airflow/.local/lib/python3.12/site-packages/airflow/example_dags/example_python_operator.py
[2024-06-20T23:53:13.612+0000] {processor.py:830} INFO - Processing file /home/airflow/.local/lib/python3.12/site-packages/airflow/example_dags/example_python_operator.py for tasks to queue
[2024-06-20T23:53:13.613+0000] {logging_mixin.py:188} INFO - [2024-06-20T23:53:13.613+0000] {dagbag.py:545} INFO - Filling up the DagBag from /home/airflow/.local/lib/python3.12/site-packages/airflow/example_dags/example_python_operator.py
[2024-06-20T23:53:13.621+0000] {processor.py:840} INFO - DAG(s) 'example_python_operator' retrieved from /home/airflow/.local/lib/python3.12/site-packages/airflow/example_dags/example_python_operator.py
[2024-06-20T23:53:13.639+0000] {logging_mixin.py:188} INFO - [2024-06-20T23:53:13.639+0000] {dag.py:3096} INFO - Sync 1 DAGs
[2024-06-20T23:53:13.649+0000] {logging_mixin.py:188} INFO - [2024-06-20T23:53:13.649+0000] {dag.py:3954} INFO - Setting next_dagrun for example_python_operator to None, run_after=None
[2024-06-20T23:53:13.664+0000] {processor.py:183} INFO - Processing /home/airflow/.local/lib/python3.12/site-packages/airflow/example_dags/example_python_operator.py took 0.058 seconds
[2024-06-20T23:53:43.712+0000] {processor.py:161} INFO - Started process (PID=1468) to work on /home/airflow/.local/lib/python3.12/site-packages/airflow/example_dags/example_python_operator.py
[2024-06-20T23:53:43.713+0000] {processor.py:830} INFO - Processing file /home/airflow/.local/lib/python3.12/site-packages/airflow/example_dags/example_python_operator.py for tasks to queue
[2024-06-20T23:53:43.715+0000] {logging_mixin.py:188} INFO - [2024-06-20T23:53:43.714+0000] {dagbag.py:545} INFO - Filling up the DagBag from /home/airflow/.local/lib/python3.12/site-packages/airflow/example_dags/example_python_operator.py
[2024-06-20T23:53:43.723+0000] {processor.py:840} INFO - DAG(s) 'example_python_operator' retrieved from /home/airflow/.local/lib/python3.12/site-packages/airflow/example_dags/example_python_operator.py
[2024-06-20T23:53:43.743+0000] {logging_mixin.py:188} INFO - [2024-06-20T23:53:43.743+0000] {dag.py:3096} INFO - Sync 1 DAGs
[2024-06-20T23:53:43.753+0000] {logging_mixin.py:188} INFO - [2024-06-20T23:53:43.753+0000] {dag.py:3954} INFO - Setting next_dagrun for example_python_operator to None, run_after=None
[2024-06-20T23:53:43.769+0000] {processor.py:183} INFO - Processing /home/airflow/.local/lib/python3.12/site-packages/airflow/example_dags/example_python_operator.py took 0.062 seconds
[2024-06-20T23:54:14.014+0000] {processor.py:161} INFO - Started process (PID=1526) to work on /home/airflow/.local/lib/python3.12/site-packages/airflow/example_dags/example_python_operator.py
[2024-06-20T23:54:14.015+0000] {processor.py:830} INFO - Processing file /home/airflow/.local/lib/python3.12/site-packages/airflow/example_dags/example_python_operator.py for tasks to queue
[2024-06-20T23:54:14.017+0000] {logging_mixin.py:188} INFO - [2024-06-20T23:54:14.017+0000] {dagbag.py:545} INFO - Filling up the DagBag from /home/airflow/.local/lib/python3.12/site-packages/airflow/example_dags/example_python_operator.py
[2024-06-20T23:54:14.026+0000] {processor.py:840} INFO - DAG(s) 'example_python_operator' retrieved from /home/airflow/.local/lib/python3.12/site-packages/airflow/example_dags/example_python_operator.py
[2024-06-20T23:54:14.044+0000] {logging_mixin.py:188} INFO - [2024-06-20T23:54:14.044+0000] {dag.py:3096} INFO - Sync 1 DAGs
[2024-06-20T23:54:14.053+0000] {logging_mixin.py:188} INFO - [2024-06-20T23:54:14.053+0000] {dag.py:3954} INFO - Setting next_dagrun for example_python_operator to None, run_after=None
[2024-06-20T23:54:14.068+0000] {processor.py:183} INFO - Processing /home/airflow/.local/lib/python3.12/site-packages/airflow/example_dags/example_python_operator.py took 0.058 seconds
[2024-06-20T23:54:44.262+0000] {processor.py:161} INFO - Started process (PID=1584) to work on /home/airflow/.local/lib/python3.12/site-packages/airflow/example_dags/example_python_operator.py
[2024-06-20T23:54:44.263+0000] {processor.py:830} INFO - Processing file /home/airflow/.local/lib/python3.12/site-packages/airflow/example_dags/example_python_operator.py for tasks to queue
[2024-06-20T23:54:44.264+0000] {logging_mixin.py:188} INFO - [2024-06-20T23:54:44.264+0000] {dagbag.py:545} INFO - Filling up the DagBag from /home/airflow/.local/lib/python3.12/site-packages/airflow/example_dags/example_python_operator.py
[2024-06-20T23:54:44.273+0000] {processor.py:840} INFO - DAG(s) 'example_python_operator' retrieved from /home/airflow/.local/lib/python3.12/site-packages/airflow/example_dags/example_python_operator.py
[2024-06-20T23:54:44.291+0000] {logging_mixin.py:188} INFO - [2024-06-20T23:54:44.291+0000] {dag.py:3096} INFO - Sync 1 DAGs
[2024-06-20T23:54:44.301+0000] {logging_mixin.py:188} INFO - [2024-06-20T23:54:44.301+0000] {dag.py:3954} INFO - Setting next_dagrun for example_python_operator to None, run_after=None
[2024-06-20T23:54:44.316+0000] {processor.py:183} INFO - Processing /home/airflow/.local/lib/python3.12/site-packages/airflow/example_dags/example_python_operator.py took 0.059 seconds
[2024-06-20T23:55:14.751+0000] {processor.py:161} INFO - Started process (PID=1642) to work on /home/airflow/.local/lib/python3.12/site-packages/airflow/example_dags/example_python_operator.py
[2024-06-20T23:55:14.752+0000] {processor.py:830} INFO - Processing file /home/airflow/.local/lib/python3.12/site-packages/airflow/example_dags/example_python_operator.py for tasks to queue
[2024-06-20T23:55:14.754+0000] {logging_mixin.py:188} INFO - [2024-06-20T23:55:14.753+0000] {dagbag.py:545} INFO - Filling up the DagBag from /home/airflow/.local/lib/python3.12/site-packages/airflow/example_dags/example_python_operator.py
[2024-06-20T23:55:14.762+0000] {processor.py:840} INFO - DAG(s) 'example_python_operator' retrieved from /home/airflow/.local/lib/python3.12/site-packages/airflow/example_dags/example_python_operator.py
[2024-06-20T23:55:14.780+0000] {logging_mixin.py:188} INFO - [2024-06-20T23:55:14.780+0000] {dag.py:3096} INFO - Sync 1 DAGs
[2024-06-20T23:55:14.791+0000] {logging_mixin.py:188} INFO - [2024-06-20T23:55:14.790+0000] {dag.py:3954} INFO - Setting next_dagrun for example_python_operator to None, run_after=None
[2024-06-20T23:55:14.805+0000] {processor.py:183} INFO - Processing /home/airflow/.local/lib/python3.12/site-packages/airflow/example_dags/example_python_operator.py took 0.059 seconds
[2024-06-20T23:55:45.293+0000] {processor.py:161} INFO - Started process (PID=1700) to work on /home/airflow/.local/lib/python3.12/site-packages/airflow/example_dags/example_python_operator.py
[2024-06-20T23:55:45.294+0000] {processor.py:830} INFO - Processing file /home/airflow/.local/lib/python3.12/site-packages/airflow/example_dags/example_python_operator.py for tasks to queue
[2024-06-20T23:55:45.295+0000] {logging_mixin.py:188} INFO - [2024-06-20T23:55:45.295+0000] {dagbag.py:545} INFO - Filling up the DagBag from /home/airflow/.local/lib/python3.12/site-packages/airflow/example_dags/example_python_operator.py
[2024-06-20T23:55:45.304+0000] {processor.py:840} INFO - DAG(s) 'example_python_operator' retrieved from /home/airflow/.local/lib/python3.12/site-packages/airflow/example_dags/example_python_operator.py
[2024-06-20T23:55:45.323+0000] {logging_mixin.py:188} INFO - [2024-06-20T23:55:45.323+0000] {dag.py:3096} INFO - Sync 1 DAGs
[2024-06-20T23:55:45.334+0000] {logging_mixin.py:188} INFO - [2024-06-20T23:55:45.334+0000] {dag.py:3954} INFO - Setting next_dagrun for example_python_operator to None, run_after=None
[2024-06-20T23:55:45.351+0000] {processor.py:183} INFO - Processing /home/airflow/.local/lib/python3.12/site-packages/airflow/example_dags/example_python_operator.py took 0.063 seconds
[2024-06-20T23:56:16.119+0000] {processor.py:161} INFO - Started process (PID=1758) to work on /home/airflow/.local/lib/python3.12/site-packages/airflow/example_dags/example_python_operator.py
[2024-06-20T23:56:16.120+0000] {processor.py:830} INFO - Processing file /home/airflow/.local/lib/python3.12/site-packages/airflow/example_dags/example_python_operator.py for tasks to queue
[2024-06-20T23:56:16.122+0000] {logging_mixin.py:188} INFO - [2024-06-20T23:56:16.122+0000] {dagbag.py:545} INFO - Filling up the DagBag from /home/airflow/.local/lib/python3.12/site-packages/airflow/example_dags/example_python_operator.py
[2024-06-20T23:56:16.130+0000] {processor.py:840} INFO - DAG(s) 'example_python_operator' retrieved from /home/airflow/.local/lib/python3.12/site-packages/airflow/example_dags/example_python_operator.py
[2024-06-20T23:56:16.150+0000] {logging_mixin.py:188} INFO - [2024-06-20T23:56:16.150+0000] {dag.py:3096} INFO - Sync 1 DAGs
[2024-06-20T23:56:16.161+0000] {logging_mixin.py:188} INFO - [2024-06-20T23:56:16.161+0000] {dag.py:3954} INFO - Setting next_dagrun for example_python_operator to None, run_after=None
[2024-06-20T23:56:16.177+0000] {processor.py:183} INFO - Processing /home/airflow/.local/lib/python3.12/site-packages/airflow/example_dags/example_python_operator.py took 0.063 seconds
[2024-06-20T23:56:46.361+0000] {processor.py:161} INFO - Started process (PID=1816) to work on /home/airflow/.local/lib/python3.12/site-packages/airflow/example_dags/example_python_operator.py
[2024-06-20T23:56:46.362+0000] {processor.py:830} INFO - Processing file /home/airflow/.local/lib/python3.12/site-packages/airflow/example_dags/example_python_operator.py for tasks to queue
[2024-06-20T23:56:46.364+0000] {logging_mixin.py:188} INFO - [2024-06-20T23:56:46.364+0000] {dagbag.py:545} INFO - Filling up the DagBag from /home/airflow/.local/lib/python3.12/site-packages/airflow/example_dags/example_python_operator.py
[2024-06-20T23:56:46.375+0000] {processor.py:840} INFO - DAG(s) 'example_python_operator' retrieved from /home/airflow/.local/lib/python3.12/site-packages/airflow/example_dags/example_python_operator.py
[2024-06-20T23:56:46.399+0000] {logging_mixin.py:188} INFO - [2024-06-20T23:56:46.399+0000] {dag.py:3096} INFO - Sync 1 DAGs
[2024-06-20T23:56:46.415+0000] {logging_mixin.py:188} INFO - [2024-06-20T23:56:46.415+0000] {dag.py:3954} INFO - Setting next_dagrun for example_python_operator to None, run_after=None
[2024-06-20T23:56:46.438+0000] {processor.py:183} INFO - Processing /home/airflow/.local/lib/python3.12/site-packages/airflow/example_dags/example_python_operator.py took 0.083 seconds
[2024-06-20T23:57:16.486+0000] {processor.py:161} INFO - Started process (PID=1873) to work on /home/airflow/.local/lib/python3.12/site-packages/airflow/example_dags/example_python_operator.py
[2024-06-20T23:57:16.487+0000] {processor.py:830} INFO - Processing file /home/airflow/.local/lib/python3.12/site-packages/airflow/example_dags/example_python_operator.py for tasks to queue
[2024-06-20T23:57:16.489+0000] {logging_mixin.py:188} INFO - [2024-06-20T23:57:16.489+0000] {dagbag.py:545} INFO - Filling up the DagBag from /home/airflow/.local/lib/python3.12/site-packages/airflow/example_dags/example_python_operator.py
[2024-06-20T23:57:16.497+0000] {processor.py:840} INFO - DAG(s) 'example_python_operator' retrieved from /home/airflow/.local/lib/python3.12/site-packages/airflow/example_dags/example_python_operator.py
[2024-06-20T23:57:16.516+0000] {logging_mixin.py:188} INFO - [2024-06-20T23:57:16.516+0000] {dag.py:3096} INFO - Sync 1 DAGs
[2024-06-20T23:57:16.527+0000] {logging_mixin.py:188} INFO - [2024-06-20T23:57:16.527+0000] {dag.py:3954} INFO - Setting next_dagrun for example_python_operator to None, run_after=None
[2024-06-20T23:57:16.542+0000] {processor.py:183} INFO - Processing /home/airflow/.local/lib/python3.12/site-packages/airflow/example_dags/example_python_operator.py took 0.061 seconds
[2024-06-20T23:57:46.982+0000] {processor.py:161} INFO - Started process (PID=1931) to work on /home/airflow/.local/lib/python3.12/site-packages/airflow/example_dags/example_python_operator.py
[2024-06-20T23:57:46.983+0000] {processor.py:830} INFO - Processing file /home/airflow/.local/lib/python3.12/site-packages/airflow/example_dags/example_python_operator.py for tasks to queue
[2024-06-20T23:57:46.985+0000] {logging_mixin.py:188} INFO - [2024-06-20T23:57:46.984+0000] {dagbag.py:545} INFO - Filling up the DagBag from /home/airflow/.local/lib/python3.12/site-packages/airflow/example_dags/example_python_operator.py
[2024-06-20T23:57:46.993+0000] {processor.py:840} INFO - DAG(s) 'example_python_operator' retrieved from /home/airflow/.local/lib/python3.12/site-packages/airflow/example_dags/example_python_operator.py
[2024-06-20T23:57:47.011+0000] {logging_mixin.py:188} INFO - [2024-06-20T23:57:47.011+0000] {dag.py:3096} INFO - Sync 1 DAGs
[2024-06-20T23:57:47.020+0000] {logging_mixin.py:188} INFO - [2024-06-20T23:57:47.020+0000] {dag.py:3954} INFO - Setting next_dagrun for example_python_operator to None, run_after=None
[2024-06-20T23:57:47.035+0000] {processor.py:183} INFO - Processing /home/airflow/.local/lib/python3.12/site-packages/airflow/example_dags/example_python_operator.py took 0.058 seconds
[2024-06-20T23:58:17.415+0000] {processor.py:161} INFO - Started process (PID=1989) to work on /home/airflow/.local/lib/python3.12/site-packages/airflow/example_dags/example_python_operator.py
[2024-06-20T23:58:17.416+0000] {processor.py:830} INFO - Processing file /home/airflow/.local/lib/python3.12/site-packages/airflow/example_dags/example_python_operator.py for tasks to queue
[2024-06-20T23:58:17.418+0000] {logging_mixin.py:188} INFO - [2024-06-20T23:58:17.418+0000] {dagbag.py:545} INFO - Filling up the DagBag from /home/airflow/.local/lib/python3.12/site-packages/airflow/example_dags/example_python_operator.py
[2024-06-20T23:58:17.427+0000] {processor.py:840} INFO - DAG(s) 'example_python_operator' retrieved from /home/airflow/.local/lib/python3.12/site-packages/airflow/example_dags/example_python_operator.py
[2024-06-20T23:58:17.445+0000] {logging_mixin.py:188} INFO - [2024-06-20T23:58:17.445+0000] {dag.py:3096} INFO - Sync 1 DAGs
[2024-06-20T23:58:17.455+0000] {logging_mixin.py:188} INFO - [2024-06-20T23:58:17.455+0000] {dag.py:3954} INFO - Setting next_dagrun for example_python_operator to None, run_after=None
[2024-06-20T23:58:17.471+0000] {processor.py:183} INFO - Processing /home/airflow/.local/lib/python3.12/site-packages/airflow/example_dags/example_python_operator.py took 0.061 seconds
[2024-06-20T23:58:47.811+0000] {processor.py:161} INFO - Started process (PID=2053) to work on /home/airflow/.local/lib/python3.12/site-packages/airflow/example_dags/example_python_operator.py
[2024-06-20T23:58:47.812+0000] {processor.py:830} INFO - Processing file /home/airflow/.local/lib/python3.12/site-packages/airflow/example_dags/example_python_operator.py for tasks to queue
[2024-06-20T23:58:47.814+0000] {logging_mixin.py:188} INFO - [2024-06-20T23:58:47.813+0000] {dagbag.py:545} INFO - Filling up the DagBag from /home/airflow/.local/lib/python3.12/site-packages/airflow/example_dags/example_python_operator.py
[2024-06-20T23:58:47.822+0000] {processor.py:840} INFO - DAG(s) 'example_python_operator' retrieved from /home/airflow/.local/lib/python3.12/site-packages/airflow/example_dags/example_python_operator.py
[2024-06-20T23:58:47.844+0000] {logging_mixin.py:188} INFO - [2024-06-20T23:58:47.844+0000] {dag.py:3096} INFO - Sync 1 DAGs
[2024-06-20T23:58:47.856+0000] {logging_mixin.py:188} INFO - [2024-06-20T23:58:47.855+0000] {dag.py:3954} INFO - Setting next_dagrun for example_python_operator to None, run_after=None
[2024-06-20T23:58:47.872+0000] {processor.py:183} INFO - Processing /home/airflow/.local/lib/python3.12/site-packages/airflow/example_dags/example_python_operator.py took 0.066 seconds
[2024-06-20T23:59:18.618+0000] {processor.py:161} INFO - Started process (PID=2112) to work on /home/airflow/.local/lib/python3.12/site-packages/airflow/example_dags/example_python_operator.py
[2024-06-20T23:59:18.619+0000] {processor.py:830} INFO - Processing file /home/airflow/.local/lib/python3.12/site-packages/airflow/example_dags/example_python_operator.py for tasks to queue
[2024-06-20T23:59:18.621+0000] {logging_mixin.py:188} INFO - [2024-06-20T23:59:18.621+0000] {dagbag.py:545} INFO - Filling up the DagBag from /home/airflow/.local/lib/python3.12/site-packages/airflow/example_dags/example_python_operator.py
[2024-06-20T23:59:18.631+0000] {processor.py:840} INFO - DAG(s) 'example_python_operator' retrieved from /home/airflow/.local/lib/python3.12/site-packages/airflow/example_dags/example_python_operator.py
[2024-06-20T23:59:18.652+0000] {logging_mixin.py:188} INFO - [2024-06-20T23:59:18.651+0000] {dag.py:3096} INFO - Sync 1 DAGs
[2024-06-20T23:59:18.665+0000] {logging_mixin.py:188} INFO - [2024-06-20T23:59:18.664+0000] {dag.py:3954} INFO - Setting next_dagrun for example_python_operator to None, run_after=None
[2024-06-20T23:59:18.687+0000] {processor.py:183} INFO - Processing /home/airflow/.local/lib/python3.12/site-packages/airflow/example_dags/example_python_operator.py took 0.074 seconds
[2024-06-20T23:59:49.468+0000] {processor.py:161} INFO - Started process (PID=2170) to work on /home/airflow/.local/lib/python3.12/site-packages/airflow/example_dags/example_python_operator.py
[2024-06-20T23:59:49.470+0000] {processor.py:830} INFO - Processing file /home/airflow/.local/lib/python3.12/site-packages/airflow/example_dags/example_python_operator.py for tasks to queue
[2024-06-20T23:59:49.473+0000] {logging_mixin.py:188} INFO - [2024-06-20T23:59:49.472+0000] {dagbag.py:545} INFO - Filling up the DagBag from /home/airflow/.local/lib/python3.12/site-packages/airflow/example_dags/example_python_operator.py
[2024-06-20T23:59:49.484+0000] {processor.py:840} INFO - DAG(s) 'example_python_operator' retrieved from /home/airflow/.local/lib/python3.12/site-packages/airflow/example_dags/example_python_operator.py
[2024-06-20T23:59:49.506+0000] {logging_mixin.py:188} INFO - [2024-06-20T23:59:49.506+0000] {dag.py:3096} INFO - Sync 1 DAGs
[2024-06-20T23:59:49.523+0000] {logging_mixin.py:188} INFO - [2024-06-20T23:59:49.523+0000] {dag.py:3954} INFO - Setting next_dagrun for example_python_operator to None, run_after=None
[2024-06-20T23:59:49.548+0000] {processor.py:183} INFO - Processing /home/airflow/.local/lib/python3.12/site-packages/airflow/example_dags/example_python_operator.py took 0.086 seconds
