[2024-06-20T23:41:01.065+0000] {processor.py:161} INFO - Started process (PID=64) to work on /home/airflow/.local/lib/python3.12/site-packages/airflow/example_dags/example_xcomargs.py
[2024-06-20T23:41:01.066+0000] {processor.py:830} INFO - Processing file /home/airflow/.local/lib/python3.12/site-packages/airflow/example_dags/example_xcomargs.py for tasks to queue
[2024-06-20T23:41:01.068+0000] {logging_mixin.py:188} INFO - [2024-06-20T23:41:01.068+0000] {dagbag.py:545} INFO - Filling up the DagBag from /home/airflow/.local/lib/python3.12/site-packages/airflow/example_dags/example_xcomargs.py
[2024-06-20T23:41:01.079+0000] {processor.py:840} INFO - DAG(s) 'example_xcom_args', 'example_xcom_args_with_operators' retrieved from /home/airflow/.local/lib/python3.12/site-packages/airflow/example_dags/example_xcomargs.py
[2024-06-20T23:41:01.094+0000] {logging_mixin.py:188} INFO - [2024-06-20T23:41:01.094+0000] {dag.py:3096} INFO - Sync 2 DAGs
[2024-06-20T23:41:01.112+0000] {logging_mixin.py:188} INFO - [2024-06-20T23:41:01.112+0000] {dag.py:3954} INFO - Setting next_dagrun for example_xcom_args to None, run_after=None
[2024-06-20T23:41:01.116+0000] {logging_mixin.py:188} INFO - [2024-06-20T23:41:01.116+0000] {dag.py:3954} INFO - Setting next_dagrun for example_xcom_args_with_operators to None, run_after=None
[2024-06-20T23:41:01.131+0000] {processor.py:183} INFO - Processing /home/airflow/.local/lib/python3.12/site-packages/airflow/example_dags/example_xcomargs.py took 0.073 seconds
[2024-06-20T23:41:29.885+0000] {processor.py:161} INFO - Started process (PID=64) to work on /home/airflow/.local/lib/python3.12/site-packages/airflow/example_dags/example_xcomargs.py
[2024-06-20T23:41:29.886+0000] {processor.py:830} INFO - Processing file /home/airflow/.local/lib/python3.12/site-packages/airflow/example_dags/example_xcomargs.py for tasks to queue
[2024-06-20T23:41:29.888+0000] {logging_mixin.py:188} INFO - [2024-06-20T23:41:29.888+0000] {dagbag.py:545} INFO - Filling up the DagBag from /home/airflow/.local/lib/python3.12/site-packages/airflow/example_dags/example_xcomargs.py
[2024-06-20T23:41:29.896+0000] {processor.py:840} INFO - DAG(s) 'example_xcom_args', 'example_xcom_args_with_operators' retrieved from /home/airflow/.local/lib/python3.12/site-packages/airflow/example_dags/example_xcomargs.py
[2024-06-20T23:41:29.989+0000] {logging_mixin.py:188} INFO - [2024-06-20T23:41:29.989+0000] {dag.py:3096} INFO - Sync 2 DAGs
[2024-06-20T23:41:30.000+0000] {logging_mixin.py:188} INFO - [2024-06-20T23:41:29.999+0000] {dag.py:3954} INFO - Setting next_dagrun for example_xcom_args to None, run_after=None
[2024-06-20T23:41:30.003+0000] {logging_mixin.py:188} INFO - [2024-06-20T23:41:30.003+0000] {dag.py:3954} INFO - Setting next_dagrun for example_xcom_args_with_operators to None, run_after=None
[2024-06-20T23:41:30.020+0000] {processor.py:183} INFO - Processing /home/airflow/.local/lib/python3.12/site-packages/airflow/example_dags/example_xcomargs.py took 0.140 seconds
[2024-06-20T23:42:00.094+0000] {processor.py:161} INFO - Started process (PID=122) to work on /home/airflow/.local/lib/python3.12/site-packages/airflow/example_dags/example_xcomargs.py
[2024-06-20T23:42:00.095+0000] {processor.py:830} INFO - Processing file /home/airflow/.local/lib/python3.12/site-packages/airflow/example_dags/example_xcomargs.py for tasks to queue
[2024-06-20T23:42:00.097+0000] {logging_mixin.py:188} INFO - [2024-06-20T23:42:00.097+0000] {dagbag.py:545} INFO - Filling up the DagBag from /home/airflow/.local/lib/python3.12/site-packages/airflow/example_dags/example_xcomargs.py
[2024-06-20T23:42:00.105+0000] {processor.py:840} INFO - DAG(s) 'example_xcom_args', 'example_xcom_args_with_operators' retrieved from /home/airflow/.local/lib/python3.12/site-packages/airflow/example_dags/example_xcomargs.py
[2024-06-20T23:42:00.126+0000] {logging_mixin.py:188} INFO - [2024-06-20T23:42:00.125+0000] {dag.py:3096} INFO - Sync 2 DAGs
[2024-06-20T23:42:00.137+0000] {logging_mixin.py:188} INFO - [2024-06-20T23:42:00.137+0000] {dag.py:3954} INFO - Setting next_dagrun for example_xcom_args to None, run_after=None
[2024-06-20T23:42:00.141+0000] {logging_mixin.py:188} INFO - [2024-06-20T23:42:00.141+0000] {dag.py:3954} INFO - Setting next_dagrun for example_xcom_args_with_operators to None, run_after=None
[2024-06-20T23:42:00.157+0000] {processor.py:183} INFO - Processing /home/airflow/.local/lib/python3.12/site-packages/airflow/example_dags/example_xcomargs.py took 0.068 seconds
[2024-06-20T23:42:30.499+0000] {processor.py:161} INFO - Started process (PID=180) to work on /home/airflow/.local/lib/python3.12/site-packages/airflow/example_dags/example_xcomargs.py
[2024-06-20T23:42:30.500+0000] {processor.py:830} INFO - Processing file /home/airflow/.local/lib/python3.12/site-packages/airflow/example_dags/example_xcomargs.py for tasks to queue
[2024-06-20T23:42:30.502+0000] {logging_mixin.py:188} INFO - [2024-06-20T23:42:30.502+0000] {dagbag.py:545} INFO - Filling up the DagBag from /home/airflow/.local/lib/python3.12/site-packages/airflow/example_dags/example_xcomargs.py
[2024-06-20T23:42:30.509+0000] {processor.py:840} INFO - DAG(s) 'example_xcom_args', 'example_xcom_args_with_operators' retrieved from /home/airflow/.local/lib/python3.12/site-packages/airflow/example_dags/example_xcomargs.py
[2024-06-20T23:42:30.528+0000] {logging_mixin.py:188} INFO - [2024-06-20T23:42:30.528+0000] {dag.py:3096} INFO - Sync 2 DAGs
[2024-06-20T23:42:30.539+0000] {logging_mixin.py:188} INFO - [2024-06-20T23:42:30.539+0000] {dag.py:3954} INFO - Setting next_dagrun for example_xcom_args to None, run_after=None
[2024-06-20T23:42:30.542+0000] {logging_mixin.py:188} INFO - [2024-06-20T23:42:30.542+0000] {dag.py:3954} INFO - Setting next_dagrun for example_xcom_args_with_operators to None, run_after=None
[2024-06-20T23:42:30.555+0000] {processor.py:183} INFO - Processing /home/airflow/.local/lib/python3.12/site-packages/airflow/example_dags/example_xcomargs.py took 0.060 seconds
[2024-06-20T23:43:00.640+0000] {processor.py:161} INFO - Started process (PID=238) to work on /home/airflow/.local/lib/python3.12/site-packages/airflow/example_dags/example_xcomargs.py
[2024-06-20T23:43:00.641+0000] {processor.py:830} INFO - Processing file /home/airflow/.local/lib/python3.12/site-packages/airflow/example_dags/example_xcomargs.py for tasks to queue
[2024-06-20T23:43:00.643+0000] {logging_mixin.py:188} INFO - [2024-06-20T23:43:00.643+0000] {dagbag.py:545} INFO - Filling up the DagBag from /home/airflow/.local/lib/python3.12/site-packages/airflow/example_dags/example_xcomargs.py
[2024-06-20T23:43:00.650+0000] {processor.py:840} INFO - DAG(s) 'example_xcom_args_with_operators', 'example_xcom_args' retrieved from /home/airflow/.local/lib/python3.12/site-packages/airflow/example_dags/example_xcomargs.py
[2024-06-20T23:43:00.672+0000] {logging_mixin.py:188} INFO - [2024-06-20T23:43:00.671+0000] {dag.py:3096} INFO - Sync 2 DAGs
[2024-06-20T23:43:00.683+0000] {logging_mixin.py:188} INFO - [2024-06-20T23:43:00.683+0000] {dag.py:3954} INFO - Setting next_dagrun for example_xcom_args to None, run_after=None
[2024-06-20T23:43:00.688+0000] {logging_mixin.py:188} INFO - [2024-06-20T23:43:00.688+0000] {dag.py:3954} INFO - Setting next_dagrun for example_xcom_args_with_operators to None, run_after=None
[2024-06-20T23:43:00.701+0000] {processor.py:183} INFO - Processing /home/airflow/.local/lib/python3.12/site-packages/airflow/example_dags/example_xcomargs.py took 0.066 seconds
[2024-06-20T23:43:30.922+0000] {processor.py:161} INFO - Started process (PID=296) to work on /home/airflow/.local/lib/python3.12/site-packages/airflow/example_dags/example_xcomargs.py
[2024-06-20T23:43:30.923+0000] {processor.py:830} INFO - Processing file /home/airflow/.local/lib/python3.12/site-packages/airflow/example_dags/example_xcomargs.py for tasks to queue
[2024-06-20T23:43:30.925+0000] {logging_mixin.py:188} INFO - [2024-06-20T23:43:30.924+0000] {dagbag.py:545} INFO - Filling up the DagBag from /home/airflow/.local/lib/python3.12/site-packages/airflow/example_dags/example_xcomargs.py
[2024-06-20T23:43:30.932+0000] {processor.py:840} INFO - DAG(s) 'example_xcom_args', 'example_xcom_args_with_operators' retrieved from /home/airflow/.local/lib/python3.12/site-packages/airflow/example_dags/example_xcomargs.py
[2024-06-20T23:43:30.951+0000] {logging_mixin.py:188} INFO - [2024-06-20T23:43:30.951+0000] {dag.py:3096} INFO - Sync 2 DAGs
[2024-06-20T23:43:30.962+0000] {logging_mixin.py:188} INFO - [2024-06-20T23:43:30.962+0000] {dag.py:3954} INFO - Setting next_dagrun for example_xcom_args to None, run_after=None
[2024-06-20T23:43:30.966+0000] {logging_mixin.py:188} INFO - [2024-06-20T23:43:30.966+0000] {dag.py:3954} INFO - Setting next_dagrun for example_xcom_args_with_operators to None, run_after=None
[2024-06-20T23:43:30.978+0000] {processor.py:183} INFO - Processing /home/airflow/.local/lib/python3.12/site-packages/airflow/example_dags/example_xcomargs.py took 0.061 seconds
[2024-06-20T23:44:01.433+0000] {processor.py:161} INFO - Started process (PID=354) to work on /home/airflow/.local/lib/python3.12/site-packages/airflow/example_dags/example_xcomargs.py
[2024-06-20T23:44:01.433+0000] {processor.py:830} INFO - Processing file /home/airflow/.local/lib/python3.12/site-packages/airflow/example_dags/example_xcomargs.py for tasks to queue
[2024-06-20T23:44:01.435+0000] {logging_mixin.py:188} INFO - [2024-06-20T23:44:01.435+0000] {dagbag.py:545} INFO - Filling up the DagBag from /home/airflow/.local/lib/python3.12/site-packages/airflow/example_dags/example_xcomargs.py
[2024-06-20T23:44:01.442+0000] {processor.py:840} INFO - DAG(s) 'example_xcom_args', 'example_xcom_args_with_operators' retrieved from /home/airflow/.local/lib/python3.12/site-packages/airflow/example_dags/example_xcomargs.py
[2024-06-20T23:44:01.462+0000] {logging_mixin.py:188} INFO - [2024-06-20T23:44:01.461+0000] {dag.py:3096} INFO - Sync 2 DAGs
[2024-06-20T23:44:01.474+0000] {logging_mixin.py:188} INFO - [2024-06-20T23:44:01.474+0000] {dag.py:3954} INFO - Setting next_dagrun for example_xcom_args to None, run_after=None
[2024-06-20T23:44:01.477+0000] {logging_mixin.py:188} INFO - [2024-06-20T23:44:01.477+0000] {dag.py:3954} INFO - Setting next_dagrun for example_xcom_args_with_operators to None, run_after=None
[2024-06-20T23:44:01.490+0000] {processor.py:183} INFO - Processing /home/airflow/.local/lib/python3.12/site-packages/airflow/example_dags/example_xcomargs.py took 0.062 seconds
[2024-06-20T23:44:31.995+0000] {processor.py:161} INFO - Started process (PID=412) to work on /home/airflow/.local/lib/python3.12/site-packages/airflow/example_dags/example_xcomargs.py
[2024-06-20T23:44:31.996+0000] {processor.py:830} INFO - Processing file /home/airflow/.local/lib/python3.12/site-packages/airflow/example_dags/example_xcomargs.py for tasks to queue
[2024-06-20T23:44:31.998+0000] {logging_mixin.py:188} INFO - [2024-06-20T23:44:31.998+0000] {dagbag.py:545} INFO - Filling up the DagBag from /home/airflow/.local/lib/python3.12/site-packages/airflow/example_dags/example_xcomargs.py
[2024-06-20T23:44:32.005+0000] {processor.py:840} INFO - DAG(s) 'example_xcom_args_with_operators', 'example_xcom_args' retrieved from /home/airflow/.local/lib/python3.12/site-packages/airflow/example_dags/example_xcomargs.py
[2024-06-20T23:44:32.026+0000] {logging_mixin.py:188} INFO - [2024-06-20T23:44:32.025+0000] {dag.py:3096} INFO - Sync 2 DAGs
[2024-06-20T23:44:32.036+0000] {logging_mixin.py:188} INFO - [2024-06-20T23:44:32.036+0000] {dag.py:3954} INFO - Setting next_dagrun for example_xcom_args to None, run_after=None
[2024-06-20T23:44:32.039+0000] {logging_mixin.py:188} INFO - [2024-06-20T23:44:32.039+0000] {dag.py:3954} INFO - Setting next_dagrun for example_xcom_args_with_operators to None, run_after=None
[2024-06-20T23:44:32.055+0000] {processor.py:183} INFO - Processing /home/airflow/.local/lib/python3.12/site-packages/airflow/example_dags/example_xcomargs.py took 0.064 seconds
[2024-06-20T23:45:02.691+0000] {processor.py:161} INFO - Started process (PID=470) to work on /home/airflow/.local/lib/python3.12/site-packages/airflow/example_dags/example_xcomargs.py
[2024-06-20T23:45:02.692+0000] {processor.py:830} INFO - Processing file /home/airflow/.local/lib/python3.12/site-packages/airflow/example_dags/example_xcomargs.py for tasks to queue
[2024-06-20T23:45:02.693+0000] {logging_mixin.py:188} INFO - [2024-06-20T23:45:02.693+0000] {dagbag.py:545} INFO - Filling up the DagBag from /home/airflow/.local/lib/python3.12/site-packages/airflow/example_dags/example_xcomargs.py
[2024-06-20T23:45:02.700+0000] {processor.py:840} INFO - DAG(s) 'example_xcom_args', 'example_xcom_args_with_operators' retrieved from /home/airflow/.local/lib/python3.12/site-packages/airflow/example_dags/example_xcomargs.py
[2024-06-20T23:45:02.723+0000] {logging_mixin.py:188} INFO - [2024-06-20T23:45:02.722+0000] {dag.py:3096} INFO - Sync 2 DAGs
[2024-06-20T23:45:02.734+0000] {logging_mixin.py:188} INFO - [2024-06-20T23:45:02.734+0000] {dag.py:3954} INFO - Setting next_dagrun for example_xcom_args to None, run_after=None
[2024-06-20T23:45:02.737+0000] {logging_mixin.py:188} INFO - [2024-06-20T23:45:02.737+0000] {dag.py:3954} INFO - Setting next_dagrun for example_xcom_args_with_operators to None, run_after=None
[2024-06-20T23:45:02.751+0000] {processor.py:183} INFO - Processing /home/airflow/.local/lib/python3.12/site-packages/airflow/example_dags/example_xcomargs.py took 0.065 seconds
[2024-06-20T23:45:33.352+0000] {processor.py:161} INFO - Started process (PID=528) to work on /home/airflow/.local/lib/python3.12/site-packages/airflow/example_dags/example_xcomargs.py
[2024-06-20T23:45:33.353+0000] {processor.py:830} INFO - Processing file /home/airflow/.local/lib/python3.12/site-packages/airflow/example_dags/example_xcomargs.py for tasks to queue
[2024-06-20T23:45:33.355+0000] {logging_mixin.py:188} INFO - [2024-06-20T23:45:33.354+0000] {dagbag.py:545} INFO - Filling up the DagBag from /home/airflow/.local/lib/python3.12/site-packages/airflow/example_dags/example_xcomargs.py
[2024-06-20T23:45:33.364+0000] {processor.py:840} INFO - DAG(s) 'example_xcom_args_with_operators', 'example_xcom_args' retrieved from /home/airflow/.local/lib/python3.12/site-packages/airflow/example_dags/example_xcomargs.py
[2024-06-20T23:45:33.388+0000] {logging_mixin.py:188} INFO - [2024-06-20T23:45:33.388+0000] {dag.py:3096} INFO - Sync 2 DAGs
[2024-06-20T23:45:33.399+0000] {logging_mixin.py:188} INFO - [2024-06-20T23:45:33.399+0000] {dag.py:3954} INFO - Setting next_dagrun for example_xcom_args to None, run_after=None
[2024-06-20T23:45:33.403+0000] {logging_mixin.py:188} INFO - [2024-06-20T23:45:33.402+0000] {dag.py:3954} INFO - Setting next_dagrun for example_xcom_args_with_operators to None, run_after=None
[2024-06-20T23:45:33.416+0000] {processor.py:183} INFO - Processing /home/airflow/.local/lib/python3.12/site-packages/airflow/example_dags/example_xcomargs.py took 0.070 seconds
[2024-06-20T23:46:04.228+0000] {processor.py:161} INFO - Started process (PID=586) to work on /home/airflow/.local/lib/python3.12/site-packages/airflow/example_dags/example_xcomargs.py
[2024-06-20T23:46:04.229+0000] {processor.py:830} INFO - Processing file /home/airflow/.local/lib/python3.12/site-packages/airflow/example_dags/example_xcomargs.py for tasks to queue
[2024-06-20T23:46:04.231+0000] {logging_mixin.py:188} INFO - [2024-06-20T23:46:04.230+0000] {dagbag.py:545} INFO - Filling up the DagBag from /home/airflow/.local/lib/python3.12/site-packages/airflow/example_dags/example_xcomargs.py
[2024-06-20T23:46:04.238+0000] {processor.py:840} INFO - DAG(s) 'example_xcom_args', 'example_xcom_args_with_operators' retrieved from /home/airflow/.local/lib/python3.12/site-packages/airflow/example_dags/example_xcomargs.py
[2024-06-20T23:46:04.259+0000] {logging_mixin.py:188} INFO - [2024-06-20T23:46:04.259+0000] {dag.py:3096} INFO - Sync 2 DAGs
[2024-06-20T23:46:04.270+0000] {logging_mixin.py:188} INFO - [2024-06-20T23:46:04.270+0000] {dag.py:3954} INFO - Setting next_dagrun for example_xcom_args to None, run_after=None
[2024-06-20T23:46:04.273+0000] {logging_mixin.py:188} INFO - [2024-06-20T23:46:04.273+0000] {dag.py:3954} INFO - Setting next_dagrun for example_xcom_args_with_operators to None, run_after=None
[2024-06-20T23:46:04.286+0000] {processor.py:183} INFO - Processing /home/airflow/.local/lib/python3.12/site-packages/airflow/example_dags/example_xcomargs.py took 0.063 seconds
[2024-06-20T23:46:34.900+0000] {processor.py:161} INFO - Started process (PID=644) to work on /home/airflow/.local/lib/python3.12/site-packages/airflow/example_dags/example_xcomargs.py
[2024-06-20T23:46:34.901+0000] {processor.py:830} INFO - Processing file /home/airflow/.local/lib/python3.12/site-packages/airflow/example_dags/example_xcomargs.py for tasks to queue
[2024-06-20T23:46:34.903+0000] {logging_mixin.py:188} INFO - [2024-06-20T23:46:34.902+0000] {dagbag.py:545} INFO - Filling up the DagBag from /home/airflow/.local/lib/python3.12/site-packages/airflow/example_dags/example_xcomargs.py
[2024-06-20T23:46:34.910+0000] {processor.py:840} INFO - DAG(s) 'example_xcom_args', 'example_xcom_args_with_operators' retrieved from /home/airflow/.local/lib/python3.12/site-packages/airflow/example_dags/example_xcomargs.py
[2024-06-20T23:46:34.927+0000] {logging_mixin.py:188} INFO - [2024-06-20T23:46:34.927+0000] {dag.py:3096} INFO - Sync 2 DAGs
[2024-06-20T23:46:34.937+0000] {logging_mixin.py:188} INFO - [2024-06-20T23:46:34.936+0000] {dag.py:3954} INFO - Setting next_dagrun for example_xcom_args to None, run_after=None
[2024-06-20T23:46:34.940+0000] {logging_mixin.py:188} INFO - [2024-06-20T23:46:34.940+0000] {dag.py:3954} INFO - Setting next_dagrun for example_xcom_args_with_operators to None, run_after=None
[2024-06-20T23:46:34.952+0000] {processor.py:183} INFO - Processing /home/airflow/.local/lib/python3.12/site-packages/airflow/example_dags/example_xcomargs.py took 0.057 seconds
[2024-06-20T23:47:05.350+0000] {processor.py:161} INFO - Started process (PID=702) to work on /home/airflow/.local/lib/python3.12/site-packages/airflow/example_dags/example_xcomargs.py
[2024-06-20T23:47:05.351+0000] {processor.py:830} INFO - Processing file /home/airflow/.local/lib/python3.12/site-packages/airflow/example_dags/example_xcomargs.py for tasks to queue
[2024-06-20T23:47:05.352+0000] {logging_mixin.py:188} INFO - [2024-06-20T23:47:05.352+0000] {dagbag.py:545} INFO - Filling up the DagBag from /home/airflow/.local/lib/python3.12/site-packages/airflow/example_dags/example_xcomargs.py
[2024-06-20T23:47:05.359+0000] {processor.py:840} INFO - DAG(s) 'example_xcom_args', 'example_xcom_args_with_operators' retrieved from /home/airflow/.local/lib/python3.12/site-packages/airflow/example_dags/example_xcomargs.py
[2024-06-20T23:47:05.378+0000] {logging_mixin.py:188} INFO - [2024-06-20T23:47:05.378+0000] {dag.py:3096} INFO - Sync 2 DAGs
[2024-06-20T23:47:05.388+0000] {logging_mixin.py:188} INFO - [2024-06-20T23:47:05.388+0000] {dag.py:3954} INFO - Setting next_dagrun for example_xcom_args to None, run_after=None
[2024-06-20T23:47:05.391+0000] {logging_mixin.py:188} INFO - [2024-06-20T23:47:05.391+0000] {dag.py:3954} INFO - Setting next_dagrun for example_xcom_args_with_operators to None, run_after=None
[2024-06-20T23:47:05.405+0000] {processor.py:183} INFO - Processing /home/airflow/.local/lib/python3.12/site-packages/airflow/example_dags/example_xcomargs.py took 0.059 seconds
[2024-06-20T23:47:35.993+0000] {processor.py:161} INFO - Started process (PID=760) to work on /home/airflow/.local/lib/python3.12/site-packages/airflow/example_dags/example_xcomargs.py
[2024-06-20T23:47:35.994+0000] {processor.py:830} INFO - Processing file /home/airflow/.local/lib/python3.12/site-packages/airflow/example_dags/example_xcomargs.py for tasks to queue
[2024-06-20T23:47:35.995+0000] {logging_mixin.py:188} INFO - [2024-06-20T23:47:35.995+0000] {dagbag.py:545} INFO - Filling up the DagBag from /home/airflow/.local/lib/python3.12/site-packages/airflow/example_dags/example_xcomargs.py
[2024-06-20T23:47:36.002+0000] {processor.py:840} INFO - DAG(s) 'example_xcom_args_with_operators', 'example_xcom_args' retrieved from /home/airflow/.local/lib/python3.12/site-packages/airflow/example_dags/example_xcomargs.py
[2024-06-20T23:47:36.021+0000] {logging_mixin.py:188} INFO - [2024-06-20T23:47:36.020+0000] {dag.py:3096} INFO - Sync 2 DAGs
[2024-06-20T23:47:36.031+0000] {logging_mixin.py:188} INFO - [2024-06-20T23:47:36.030+0000] {dag.py:3954} INFO - Setting next_dagrun for example_xcom_args to None, run_after=None
[2024-06-20T23:47:36.034+0000] {logging_mixin.py:188} INFO - [2024-06-20T23:47:36.034+0000] {dag.py:3954} INFO - Setting next_dagrun for example_xcom_args_with_operators to None, run_after=None
[2024-06-20T23:47:36.047+0000] {processor.py:183} INFO - Processing /home/airflow/.local/lib/python3.12/site-packages/airflow/example_dags/example_xcomargs.py took 0.058 seconds
[2024-06-20T23:48:06.540+0000] {processor.py:161} INFO - Started process (PID=818) to work on /home/airflow/.local/lib/python3.12/site-packages/airflow/example_dags/example_xcomargs.py
[2024-06-20T23:48:06.541+0000] {processor.py:830} INFO - Processing file /home/airflow/.local/lib/python3.12/site-packages/airflow/example_dags/example_xcomargs.py for tasks to queue
[2024-06-20T23:48:06.543+0000] {logging_mixin.py:188} INFO - [2024-06-20T23:48:06.542+0000] {dagbag.py:545} INFO - Filling up the DagBag from /home/airflow/.local/lib/python3.12/site-packages/airflow/example_dags/example_xcomargs.py
[2024-06-20T23:48:06.550+0000] {processor.py:840} INFO - DAG(s) 'example_xcom_args_with_operators', 'example_xcom_args' retrieved from /home/airflow/.local/lib/python3.12/site-packages/airflow/example_dags/example_xcomargs.py
[2024-06-20T23:48:06.569+0000] {logging_mixin.py:188} INFO - [2024-06-20T23:48:06.569+0000] {dag.py:3096} INFO - Sync 2 DAGs
[2024-06-20T23:48:06.580+0000] {logging_mixin.py:188} INFO - [2024-06-20T23:48:06.579+0000] {dag.py:3954} INFO - Setting next_dagrun for example_xcom_args to None, run_after=None
[2024-06-20T23:48:06.583+0000] {logging_mixin.py:188} INFO - [2024-06-20T23:48:06.583+0000] {dag.py:3954} INFO - Setting next_dagrun for example_xcom_args_with_operators to None, run_after=None
[2024-06-20T23:48:06.597+0000] {processor.py:183} INFO - Processing /home/airflow/.local/lib/python3.12/site-packages/airflow/example_dags/example_xcomargs.py took 0.062 seconds
[2024-06-20T23:48:37.073+0000] {processor.py:161} INFO - Started process (PID=876) to work on /home/airflow/.local/lib/python3.12/site-packages/airflow/example_dags/example_xcomargs.py
[2024-06-20T23:48:37.074+0000] {processor.py:830} INFO - Processing file /home/airflow/.local/lib/python3.12/site-packages/airflow/example_dags/example_xcomargs.py for tasks to queue
[2024-06-20T23:48:37.076+0000] {logging_mixin.py:188} INFO - [2024-06-20T23:48:37.075+0000] {dagbag.py:545} INFO - Filling up the DagBag from /home/airflow/.local/lib/python3.12/site-packages/airflow/example_dags/example_xcomargs.py
[2024-06-20T23:48:37.082+0000] {processor.py:840} INFO - DAG(s) 'example_xcom_args_with_operators', 'example_xcom_args' retrieved from /home/airflow/.local/lib/python3.12/site-packages/airflow/example_dags/example_xcomargs.py
[2024-06-20T23:48:37.099+0000] {logging_mixin.py:188} INFO - [2024-06-20T23:48:37.099+0000] {dag.py:3096} INFO - Sync 2 DAGs
[2024-06-20T23:48:37.109+0000] {logging_mixin.py:188} INFO - [2024-06-20T23:48:37.109+0000] {dag.py:3954} INFO - Setting next_dagrun for example_xcom_args to None, run_after=None
[2024-06-20T23:48:37.112+0000] {logging_mixin.py:188} INFO - [2024-06-20T23:48:37.112+0000] {dag.py:3954} INFO - Setting next_dagrun for example_xcom_args_with_operators to None, run_after=None
[2024-06-20T23:48:37.127+0000] {processor.py:183} INFO - Processing /home/airflow/.local/lib/python3.12/site-packages/airflow/example_dags/example_xcomargs.py took 0.058 seconds
[2024-06-20T23:49:07.640+0000] {processor.py:161} INFO - Started process (PID=934) to work on /home/airflow/.local/lib/python3.12/site-packages/airflow/example_dags/example_xcomargs.py
[2024-06-20T23:49:07.641+0000] {processor.py:830} INFO - Processing file /home/airflow/.local/lib/python3.12/site-packages/airflow/example_dags/example_xcomargs.py for tasks to queue
[2024-06-20T23:49:07.643+0000] {logging_mixin.py:188} INFO - [2024-06-20T23:49:07.642+0000] {dagbag.py:545} INFO - Filling up the DagBag from /home/airflow/.local/lib/python3.12/site-packages/airflow/example_dags/example_xcomargs.py
[2024-06-20T23:49:07.650+0000] {processor.py:840} INFO - DAG(s) 'example_xcom_args_with_operators', 'example_xcom_args' retrieved from /home/airflow/.local/lib/python3.12/site-packages/airflow/example_dags/example_xcomargs.py
[2024-06-20T23:49:07.669+0000] {logging_mixin.py:188} INFO - [2024-06-20T23:49:07.669+0000] {dag.py:3096} INFO - Sync 2 DAGs
[2024-06-20T23:49:07.680+0000] {logging_mixin.py:188} INFO - [2024-06-20T23:49:07.680+0000] {dag.py:3954} INFO - Setting next_dagrun for example_xcom_args to None, run_after=None
[2024-06-20T23:49:07.683+0000] {logging_mixin.py:188} INFO - [2024-06-20T23:49:07.683+0000] {dag.py:3954} INFO - Setting next_dagrun for example_xcom_args_with_operators to None, run_after=None
[2024-06-20T23:49:07.697+0000] {processor.py:183} INFO - Processing /home/airflow/.local/lib/python3.12/site-packages/airflow/example_dags/example_xcomargs.py took 0.062 seconds
[2024-06-20T23:49:38.285+0000] {processor.py:161} INFO - Started process (PID=992) to work on /home/airflow/.local/lib/python3.12/site-packages/airflow/example_dags/example_xcomargs.py
[2024-06-20T23:49:38.286+0000] {processor.py:830} INFO - Processing file /home/airflow/.local/lib/python3.12/site-packages/airflow/example_dags/example_xcomargs.py for tasks to queue
[2024-06-20T23:49:38.287+0000] {logging_mixin.py:188} INFO - [2024-06-20T23:49:38.287+0000] {dagbag.py:545} INFO - Filling up the DagBag from /home/airflow/.local/lib/python3.12/site-packages/airflow/example_dags/example_xcomargs.py
[2024-06-20T23:49:38.294+0000] {processor.py:840} INFO - DAG(s) 'example_xcom_args', 'example_xcom_args_with_operators' retrieved from /home/airflow/.local/lib/python3.12/site-packages/airflow/example_dags/example_xcomargs.py
[2024-06-20T23:49:38.314+0000] {logging_mixin.py:188} INFO - [2024-06-20T23:49:38.313+0000] {dag.py:3096} INFO - Sync 2 DAGs
[2024-06-20T23:49:38.325+0000] {logging_mixin.py:188} INFO - [2024-06-20T23:49:38.324+0000] {dag.py:3954} INFO - Setting next_dagrun for example_xcom_args to None, run_after=None
[2024-06-20T23:49:38.328+0000] {logging_mixin.py:188} INFO - [2024-06-20T23:49:38.328+0000] {dag.py:3954} INFO - Setting next_dagrun for example_xcom_args_with_operators to None, run_after=None
[2024-06-20T23:49:38.344+0000] {processor.py:183} INFO - Processing /home/airflow/.local/lib/python3.12/site-packages/airflow/example_dags/example_xcomargs.py took 0.063 seconds
[2024-06-20T23:50:08.998+0000] {processor.py:161} INFO - Started process (PID=1050) to work on /home/airflow/.local/lib/python3.12/site-packages/airflow/example_dags/example_xcomargs.py
[2024-06-20T23:50:08.998+0000] {processor.py:830} INFO - Processing file /home/airflow/.local/lib/python3.12/site-packages/airflow/example_dags/example_xcomargs.py for tasks to queue
[2024-06-20T23:50:09.000+0000] {logging_mixin.py:188} INFO - [2024-06-20T23:50:09.000+0000] {dagbag.py:545} INFO - Filling up the DagBag from /home/airflow/.local/lib/python3.12/site-packages/airflow/example_dags/example_xcomargs.py
[2024-06-20T23:50:09.009+0000] {processor.py:840} INFO - DAG(s) 'example_xcom_args_with_operators', 'example_xcom_args' retrieved from /home/airflow/.local/lib/python3.12/site-packages/airflow/example_dags/example_xcomargs.py
[2024-06-20T23:50:09.028+0000] {logging_mixin.py:188} INFO - [2024-06-20T23:50:09.028+0000] {dag.py:3096} INFO - Sync 2 DAGs
[2024-06-20T23:50:09.038+0000] {logging_mixin.py:188} INFO - [2024-06-20T23:50:09.038+0000] {dag.py:3954} INFO - Setting next_dagrun for example_xcom_args to None, run_after=None
[2024-06-20T23:50:09.041+0000] {logging_mixin.py:188} INFO - [2024-06-20T23:50:09.041+0000] {dag.py:3954} INFO - Setting next_dagrun for example_xcom_args_with_operators to None, run_after=None
[2024-06-20T23:50:09.055+0000] {processor.py:183} INFO - Processing /home/airflow/.local/lib/python3.12/site-packages/airflow/example_dags/example_xcomargs.py took 0.062 seconds
[2024-06-20T23:50:39.740+0000] {processor.py:161} INFO - Started process (PID=1108) to work on /home/airflow/.local/lib/python3.12/site-packages/airflow/example_dags/example_xcomargs.py
[2024-06-20T23:50:39.741+0000] {processor.py:830} INFO - Processing file /home/airflow/.local/lib/python3.12/site-packages/airflow/example_dags/example_xcomargs.py for tasks to queue
[2024-06-20T23:50:39.742+0000] {logging_mixin.py:188} INFO - [2024-06-20T23:50:39.742+0000] {dagbag.py:545} INFO - Filling up the DagBag from /home/airflow/.local/lib/python3.12/site-packages/airflow/example_dags/example_xcomargs.py
[2024-06-20T23:50:39.749+0000] {processor.py:840} INFO - DAG(s) 'example_xcom_args_with_operators', 'example_xcom_args' retrieved from /home/airflow/.local/lib/python3.12/site-packages/airflow/example_dags/example_xcomargs.py
[2024-06-20T23:50:39.768+0000] {logging_mixin.py:188} INFO - [2024-06-20T23:50:39.768+0000] {dag.py:3096} INFO - Sync 2 DAGs
[2024-06-20T23:50:39.779+0000] {logging_mixin.py:188} INFO - [2024-06-20T23:50:39.779+0000] {dag.py:3954} INFO - Setting next_dagrun for example_xcom_args to None, run_after=None
[2024-06-20T23:50:39.783+0000] {logging_mixin.py:188} INFO - [2024-06-20T23:50:39.782+0000] {dag.py:3954} INFO - Setting next_dagrun for example_xcom_args_with_operators to None, run_after=None
[2024-06-20T23:50:39.799+0000] {processor.py:183} INFO - Processing /home/airflow/.local/lib/python3.12/site-packages/airflow/example_dags/example_xcomargs.py took 0.064 seconds
[2024-06-20T23:51:09.862+0000] {processor.py:161} INFO - Started process (PID=1166) to work on /home/airflow/.local/lib/python3.12/site-packages/airflow/example_dags/example_xcomargs.py
[2024-06-20T23:51:09.863+0000] {processor.py:830} INFO - Processing file /home/airflow/.local/lib/python3.12/site-packages/airflow/example_dags/example_xcomargs.py for tasks to queue
[2024-06-20T23:51:09.865+0000] {logging_mixin.py:188} INFO - [2024-06-20T23:51:09.865+0000] {dagbag.py:545} INFO - Filling up the DagBag from /home/airflow/.local/lib/python3.12/site-packages/airflow/example_dags/example_xcomargs.py
[2024-06-20T23:51:09.872+0000] {processor.py:840} INFO - DAG(s) 'example_xcom_args_with_operators', 'example_xcom_args' retrieved from /home/airflow/.local/lib/python3.12/site-packages/airflow/example_dags/example_xcomargs.py
[2024-06-20T23:51:09.892+0000] {logging_mixin.py:188} INFO - [2024-06-20T23:51:09.892+0000] {dag.py:3096} INFO - Sync 2 DAGs
[2024-06-20T23:51:09.903+0000] {logging_mixin.py:188} INFO - [2024-06-20T23:51:09.903+0000] {dag.py:3954} INFO - Setting next_dagrun for example_xcom_args to None, run_after=None
[2024-06-20T23:51:09.906+0000] {logging_mixin.py:188} INFO - [2024-06-20T23:51:09.906+0000] {dag.py:3954} INFO - Setting next_dagrun for example_xcom_args_with_operators to None, run_after=None
[2024-06-20T23:51:09.919+0000] {processor.py:183} INFO - Processing /home/airflow/.local/lib/python3.12/site-packages/airflow/example_dags/example_xcomargs.py took 0.061 seconds
[2024-06-20T23:51:40.196+0000] {processor.py:161} INFO - Started process (PID=1224) to work on /home/airflow/.local/lib/python3.12/site-packages/airflow/example_dags/example_xcomargs.py
[2024-06-20T23:51:40.197+0000] {processor.py:830} INFO - Processing file /home/airflow/.local/lib/python3.12/site-packages/airflow/example_dags/example_xcomargs.py for tasks to queue
[2024-06-20T23:51:40.199+0000] {logging_mixin.py:188} INFO - [2024-06-20T23:51:40.198+0000] {dagbag.py:545} INFO - Filling up the DagBag from /home/airflow/.local/lib/python3.12/site-packages/airflow/example_dags/example_xcomargs.py
[2024-06-20T23:51:40.207+0000] {processor.py:840} INFO - DAG(s) 'example_xcom_args_with_operators', 'example_xcom_args' retrieved from /home/airflow/.local/lib/python3.12/site-packages/airflow/example_dags/example_xcomargs.py
[2024-06-20T23:51:40.232+0000] {logging_mixin.py:188} INFO - [2024-06-20T23:51:40.232+0000] {dag.py:3096} INFO - Sync 2 DAGs
[2024-06-20T23:51:40.245+0000] {logging_mixin.py:188} INFO - [2024-06-20T23:51:40.244+0000] {dag.py:3954} INFO - Setting next_dagrun for example_xcom_args to None, run_after=None
[2024-06-20T23:51:40.249+0000] {logging_mixin.py:188} INFO - [2024-06-20T23:51:40.248+0000] {dag.py:3954} INFO - Setting next_dagrun for example_xcom_args_with_operators to None, run_after=None
[2024-06-20T23:51:40.265+0000] {processor.py:183} INFO - Processing /home/airflow/.local/lib/python3.12/site-packages/airflow/example_dags/example_xcomargs.py took 0.075 seconds
[2024-06-20T23:52:11.185+0000] {processor.py:161} INFO - Started process (PID=1282) to work on /home/airflow/.local/lib/python3.12/site-packages/airflow/example_dags/example_xcomargs.py
[2024-06-20T23:52:11.186+0000] {processor.py:830} INFO - Processing file /home/airflow/.local/lib/python3.12/site-packages/airflow/example_dags/example_xcomargs.py for tasks to queue
[2024-06-20T23:52:11.188+0000] {logging_mixin.py:188} INFO - [2024-06-20T23:52:11.188+0000] {dagbag.py:545} INFO - Filling up the DagBag from /home/airflow/.local/lib/python3.12/site-packages/airflow/example_dags/example_xcomargs.py
[2024-06-20T23:52:11.196+0000] {processor.py:840} INFO - DAG(s) 'example_xcom_args', 'example_xcom_args_with_operators' retrieved from /home/airflow/.local/lib/python3.12/site-packages/airflow/example_dags/example_xcomargs.py
[2024-06-20T23:52:11.219+0000] {logging_mixin.py:188} INFO - [2024-06-20T23:52:11.218+0000] {dag.py:3096} INFO - Sync 2 DAGs
[2024-06-20T23:52:11.231+0000] {logging_mixin.py:188} INFO - [2024-06-20T23:52:11.230+0000] {dag.py:3954} INFO - Setting next_dagrun for example_xcom_args to None, run_after=None
[2024-06-20T23:52:11.234+0000] {logging_mixin.py:188} INFO - [2024-06-20T23:52:11.234+0000] {dag.py:3954} INFO - Setting next_dagrun for example_xcom_args_with_operators to None, run_after=None
[2024-06-20T23:52:11.250+0000] {processor.py:183} INFO - Processing /home/airflow/.local/lib/python3.12/site-packages/airflow/example_dags/example_xcomargs.py took 0.070 seconds
[2024-06-20T23:52:41.678+0000] {processor.py:161} INFO - Started process (PID=1340) to work on /home/airflow/.local/lib/python3.12/site-packages/airflow/example_dags/example_xcomargs.py
[2024-06-20T23:52:41.679+0000] {processor.py:830} INFO - Processing file /home/airflow/.local/lib/python3.12/site-packages/airflow/example_dags/example_xcomargs.py for tasks to queue
[2024-06-20T23:52:41.681+0000] {logging_mixin.py:188} INFO - [2024-06-20T23:52:41.681+0000] {dagbag.py:545} INFO - Filling up the DagBag from /home/airflow/.local/lib/python3.12/site-packages/airflow/example_dags/example_xcomargs.py
[2024-06-20T23:52:41.688+0000] {processor.py:840} INFO - DAG(s) 'example_xcom_args_with_operators', 'example_xcom_args' retrieved from /home/airflow/.local/lib/python3.12/site-packages/airflow/example_dags/example_xcomargs.py
[2024-06-20T23:52:41.710+0000] {logging_mixin.py:188} INFO - [2024-06-20T23:52:41.709+0000] {dag.py:3096} INFO - Sync 2 DAGs
[2024-06-20T23:52:41.720+0000] {logging_mixin.py:188} INFO - [2024-06-20T23:52:41.720+0000] {dag.py:3954} INFO - Setting next_dagrun for example_xcom_args to None, run_after=None
[2024-06-20T23:52:41.724+0000] {logging_mixin.py:188} INFO - [2024-06-20T23:52:41.723+0000] {dag.py:3954} INFO - Setting next_dagrun for example_xcom_args_with_operators to None, run_after=None
[2024-06-20T23:52:41.739+0000] {processor.py:183} INFO - Processing /home/airflow/.local/lib/python3.12/site-packages/airflow/example_dags/example_xcomargs.py took 0.066 seconds
[2024-06-20T23:53:11.802+0000] {processor.py:161} INFO - Started process (PID=1397) to work on /home/airflow/.local/lib/python3.12/site-packages/airflow/example_dags/example_xcomargs.py
[2024-06-20T23:53:11.803+0000] {processor.py:830} INFO - Processing file /home/airflow/.local/lib/python3.12/site-packages/airflow/example_dags/example_xcomargs.py for tasks to queue
[2024-06-20T23:53:11.805+0000] {logging_mixin.py:188} INFO - [2024-06-20T23:53:11.805+0000] {dagbag.py:545} INFO - Filling up the DagBag from /home/airflow/.local/lib/python3.12/site-packages/airflow/example_dags/example_xcomargs.py
[2024-06-20T23:53:11.811+0000] {processor.py:840} INFO - DAG(s) 'example_xcom_args', 'example_xcom_args_with_operators' retrieved from /home/airflow/.local/lib/python3.12/site-packages/airflow/example_dags/example_xcomargs.py
[2024-06-20T23:53:11.831+0000] {logging_mixin.py:188} INFO - [2024-06-20T23:53:11.831+0000] {dag.py:3096} INFO - Sync 2 DAGs
[2024-06-20T23:53:11.841+0000] {logging_mixin.py:188} INFO - [2024-06-20T23:53:11.841+0000] {dag.py:3954} INFO - Setting next_dagrun for example_xcom_args to None, run_after=None
[2024-06-20T23:53:11.845+0000] {logging_mixin.py:188} INFO - [2024-06-20T23:53:11.845+0000] {dag.py:3954} INFO - Setting next_dagrun for example_xcom_args_with_operators to None, run_after=None
[2024-06-20T23:53:11.858+0000] {processor.py:183} INFO - Processing /home/airflow/.local/lib/python3.12/site-packages/airflow/example_dags/example_xcomargs.py took 0.060 seconds
[2024-06-20T23:53:42.000+0000] {processor.py:161} INFO - Started process (PID=1455) to work on /home/airflow/.local/lib/python3.12/site-packages/airflow/example_dags/example_xcomargs.py
[2024-06-20T23:53:42.002+0000] {processor.py:830} INFO - Processing file /home/airflow/.local/lib/python3.12/site-packages/airflow/example_dags/example_xcomargs.py for tasks to queue
[2024-06-20T23:53:42.005+0000] {logging_mixin.py:188} INFO - [2024-06-20T23:53:42.004+0000] {dagbag.py:545} INFO - Filling up the DagBag from /home/airflow/.local/lib/python3.12/site-packages/airflow/example_dags/example_xcomargs.py
[2024-06-20T23:53:42.013+0000] {processor.py:840} INFO - DAG(s) 'example_xcom_args_with_operators', 'example_xcom_args' retrieved from /home/airflow/.local/lib/python3.12/site-packages/airflow/example_dags/example_xcomargs.py
[2024-06-20T23:53:42.039+0000] {logging_mixin.py:188} INFO - [2024-06-20T23:53:42.038+0000] {dag.py:3096} INFO - Sync 2 DAGs
[2024-06-20T23:53:42.054+0000] {logging_mixin.py:188} INFO - [2024-06-20T23:53:42.054+0000] {dag.py:3954} INFO - Setting next_dagrun for example_xcom_args to None, run_after=None
[2024-06-20T23:53:42.058+0000] {logging_mixin.py:188} INFO - [2024-06-20T23:53:42.058+0000] {dag.py:3954} INFO - Setting next_dagrun for example_xcom_args_with_operators to None, run_after=None
[2024-06-20T23:53:42.076+0000] {processor.py:183} INFO - Processing /home/airflow/.local/lib/python3.12/site-packages/airflow/example_dags/example_xcomargs.py took 0.082 seconds
[2024-06-20T23:54:12.171+0000] {processor.py:161} INFO - Started process (PID=1513) to work on /home/airflow/.local/lib/python3.12/site-packages/airflow/example_dags/example_xcomargs.py
[2024-06-20T23:54:12.172+0000] {processor.py:830} INFO - Processing file /home/airflow/.local/lib/python3.12/site-packages/airflow/example_dags/example_xcomargs.py for tasks to queue
[2024-06-20T23:54:12.174+0000] {logging_mixin.py:188} INFO - [2024-06-20T23:54:12.174+0000] {dagbag.py:545} INFO - Filling up the DagBag from /home/airflow/.local/lib/python3.12/site-packages/airflow/example_dags/example_xcomargs.py
[2024-06-20T23:54:12.181+0000] {processor.py:840} INFO - DAG(s) 'example_xcom_args', 'example_xcom_args_with_operators' retrieved from /home/airflow/.local/lib/python3.12/site-packages/airflow/example_dags/example_xcomargs.py
[2024-06-20T23:54:12.201+0000] {logging_mixin.py:188} INFO - [2024-06-20T23:54:12.201+0000] {dag.py:3096} INFO - Sync 2 DAGs
[2024-06-20T23:54:12.212+0000] {logging_mixin.py:188} INFO - [2024-06-20T23:54:12.211+0000] {dag.py:3954} INFO - Setting next_dagrun for example_xcom_args to None, run_after=None
[2024-06-20T23:54:12.215+0000] {logging_mixin.py:188} INFO - [2024-06-20T23:54:12.215+0000] {dag.py:3954} INFO - Setting next_dagrun for example_xcom_args_with_operators to None, run_after=None
[2024-06-20T23:54:12.230+0000] {processor.py:183} INFO - Processing /home/airflow/.local/lib/python3.12/site-packages/airflow/example_dags/example_xcomargs.py took 0.063 seconds
[2024-06-20T23:54:42.380+0000] {processor.py:161} INFO - Started process (PID=1571) to work on /home/airflow/.local/lib/python3.12/site-packages/airflow/example_dags/example_xcomargs.py
[2024-06-20T23:54:42.381+0000] {processor.py:830} INFO - Processing file /home/airflow/.local/lib/python3.12/site-packages/airflow/example_dags/example_xcomargs.py for tasks to queue
[2024-06-20T23:54:42.383+0000] {logging_mixin.py:188} INFO - [2024-06-20T23:54:42.382+0000] {dagbag.py:545} INFO - Filling up the DagBag from /home/airflow/.local/lib/python3.12/site-packages/airflow/example_dags/example_xcomargs.py
[2024-06-20T23:54:42.389+0000] {processor.py:840} INFO - DAG(s) 'example_xcom_args', 'example_xcom_args_with_operators' retrieved from /home/airflow/.local/lib/python3.12/site-packages/airflow/example_dags/example_xcomargs.py
[2024-06-20T23:54:42.410+0000] {logging_mixin.py:188} INFO - [2024-06-20T23:54:42.410+0000] {dag.py:3096} INFO - Sync 2 DAGs
[2024-06-20T23:54:42.421+0000] {logging_mixin.py:188} INFO - [2024-06-20T23:54:42.421+0000] {dag.py:3954} INFO - Setting next_dagrun for example_xcom_args to None, run_after=None
[2024-06-20T23:54:42.425+0000] {logging_mixin.py:188} INFO - [2024-06-20T23:54:42.425+0000] {dag.py:3954} INFO - Setting next_dagrun for example_xcom_args_with_operators to None, run_after=None
[2024-06-20T23:54:42.440+0000] {processor.py:183} INFO - Processing /home/airflow/.local/lib/python3.12/site-packages/airflow/example_dags/example_xcomargs.py took 0.065 seconds
[2024-06-20T23:55:12.716+0000] {processor.py:161} INFO - Started process (PID=1629) to work on /home/airflow/.local/lib/python3.12/site-packages/airflow/example_dags/example_xcomargs.py
[2024-06-20T23:55:12.717+0000] {processor.py:830} INFO - Processing file /home/airflow/.local/lib/python3.12/site-packages/airflow/example_dags/example_xcomargs.py for tasks to queue
[2024-06-20T23:55:12.718+0000] {logging_mixin.py:188} INFO - [2024-06-20T23:55:12.718+0000] {dagbag.py:545} INFO - Filling up the DagBag from /home/airflow/.local/lib/python3.12/site-packages/airflow/example_dags/example_xcomargs.py
[2024-06-20T23:55:12.725+0000] {processor.py:840} INFO - DAG(s) 'example_xcom_args_with_operators', 'example_xcom_args' retrieved from /home/airflow/.local/lib/python3.12/site-packages/airflow/example_dags/example_xcomargs.py
[2024-06-20T23:55:12.746+0000] {logging_mixin.py:188} INFO - [2024-06-20T23:55:12.746+0000] {dag.py:3096} INFO - Sync 2 DAGs
[2024-06-20T23:55:12.756+0000] {logging_mixin.py:188} INFO - [2024-06-20T23:55:12.756+0000] {dag.py:3954} INFO - Setting next_dagrun for example_xcom_args to None, run_after=None
[2024-06-20T23:55:12.760+0000] {logging_mixin.py:188} INFO - [2024-06-20T23:55:12.759+0000] {dag.py:3954} INFO - Setting next_dagrun for example_xcom_args_with_operators to None, run_after=None
[2024-06-20T23:55:12.774+0000] {processor.py:183} INFO - Processing /home/airflow/.local/lib/python3.12/site-packages/airflow/example_dags/example_xcomargs.py took 0.064 seconds
[2024-06-20T23:55:43.023+0000] {processor.py:161} INFO - Started process (PID=1687) to work on /home/airflow/.local/lib/python3.12/site-packages/airflow/example_dags/example_xcomargs.py
[2024-06-20T23:55:43.024+0000] {processor.py:830} INFO - Processing file /home/airflow/.local/lib/python3.12/site-packages/airflow/example_dags/example_xcomargs.py for tasks to queue
[2024-06-20T23:55:43.026+0000] {logging_mixin.py:188} INFO - [2024-06-20T23:55:43.025+0000] {dagbag.py:545} INFO - Filling up the DagBag from /home/airflow/.local/lib/python3.12/site-packages/airflow/example_dags/example_xcomargs.py
[2024-06-20T23:55:43.032+0000] {processor.py:840} INFO - DAG(s) 'example_xcom_args', 'example_xcom_args_with_operators' retrieved from /home/airflow/.local/lib/python3.12/site-packages/airflow/example_dags/example_xcomargs.py
[2024-06-20T23:55:43.054+0000] {logging_mixin.py:188} INFO - [2024-06-20T23:55:43.053+0000] {dag.py:3096} INFO - Sync 2 DAGs
[2024-06-20T23:55:43.066+0000] {logging_mixin.py:188} INFO - [2024-06-20T23:55:43.066+0000] {dag.py:3954} INFO - Setting next_dagrun for example_xcom_args to None, run_after=None
[2024-06-20T23:55:43.070+0000] {logging_mixin.py:188} INFO - [2024-06-20T23:55:43.069+0000] {dag.py:3954} INFO - Setting next_dagrun for example_xcom_args_with_operators to None, run_after=None
[2024-06-20T23:55:43.084+0000] {processor.py:183} INFO - Processing /home/airflow/.local/lib/python3.12/site-packages/airflow/example_dags/example_xcomargs.py took 0.066 seconds
[2024-06-20T23:56:13.309+0000] {processor.py:161} INFO - Started process (PID=1745) to work on /home/airflow/.local/lib/python3.12/site-packages/airflow/example_dags/example_xcomargs.py
[2024-06-20T23:56:13.310+0000] {processor.py:830} INFO - Processing file /home/airflow/.local/lib/python3.12/site-packages/airflow/example_dags/example_xcomargs.py for tasks to queue
[2024-06-20T23:56:13.311+0000] {logging_mixin.py:188} INFO - [2024-06-20T23:56:13.311+0000] {dagbag.py:545} INFO - Filling up the DagBag from /home/airflow/.local/lib/python3.12/site-packages/airflow/example_dags/example_xcomargs.py
[2024-06-20T23:56:13.318+0000] {processor.py:840} INFO - DAG(s) 'example_xcom_args', 'example_xcom_args_with_operators' retrieved from /home/airflow/.local/lib/python3.12/site-packages/airflow/example_dags/example_xcomargs.py
[2024-06-20T23:56:13.337+0000] {logging_mixin.py:188} INFO - [2024-06-20T23:56:13.337+0000] {dag.py:3096} INFO - Sync 2 DAGs
[2024-06-20T23:56:13.349+0000] {logging_mixin.py:188} INFO - [2024-06-20T23:56:13.348+0000] {dag.py:3954} INFO - Setting next_dagrun for example_xcom_args to None, run_after=None
[2024-06-20T23:56:13.352+0000] {logging_mixin.py:188} INFO - [2024-06-20T23:56:13.352+0000] {dag.py:3954} INFO - Setting next_dagrun for example_xcom_args_with_operators to None, run_after=None
[2024-06-20T23:56:13.367+0000] {processor.py:183} INFO - Processing /home/airflow/.local/lib/python3.12/site-packages/airflow/example_dags/example_xcomargs.py took 0.063 seconds
[2024-06-20T23:56:43.691+0000] {processor.py:161} INFO - Started process (PID=1803) to work on /home/airflow/.local/lib/python3.12/site-packages/airflow/example_dags/example_xcomargs.py
[2024-06-20T23:56:43.692+0000] {processor.py:830} INFO - Processing file /home/airflow/.local/lib/python3.12/site-packages/airflow/example_dags/example_xcomargs.py for tasks to queue
[2024-06-20T23:56:43.694+0000] {logging_mixin.py:188} INFO - [2024-06-20T23:56:43.694+0000] {dagbag.py:545} INFO - Filling up the DagBag from /home/airflow/.local/lib/python3.12/site-packages/airflow/example_dags/example_xcomargs.py
[2024-06-20T23:56:43.701+0000] {processor.py:840} INFO - DAG(s) 'example_xcom_args', 'example_xcom_args_with_operators' retrieved from /home/airflow/.local/lib/python3.12/site-packages/airflow/example_dags/example_xcomargs.py
[2024-06-20T23:56:43.720+0000] {logging_mixin.py:188} INFO - [2024-06-20T23:56:43.720+0000] {dag.py:3096} INFO - Sync 2 DAGs
[2024-06-20T23:56:43.731+0000] {logging_mixin.py:188} INFO - [2024-06-20T23:56:43.730+0000] {dag.py:3954} INFO - Setting next_dagrun for example_xcom_args to None, run_after=None
[2024-06-20T23:56:43.734+0000] {logging_mixin.py:188} INFO - [2024-06-20T23:56:43.734+0000] {dag.py:3954} INFO - Setting next_dagrun for example_xcom_args_with_operators to None, run_after=None
[2024-06-20T23:56:43.748+0000] {processor.py:183} INFO - Processing /home/airflow/.local/lib/python3.12/site-packages/airflow/example_dags/example_xcomargs.py took 0.061 seconds
[2024-06-20T23:57:13.919+0000] {processor.py:161} INFO - Started process (PID=1861) to work on /home/airflow/.local/lib/python3.12/site-packages/airflow/example_dags/example_xcomargs.py
[2024-06-20T23:57:13.920+0000] {processor.py:830} INFO - Processing file /home/airflow/.local/lib/python3.12/site-packages/airflow/example_dags/example_xcomargs.py for tasks to queue
[2024-06-20T23:57:13.921+0000] {logging_mixin.py:188} INFO - [2024-06-20T23:57:13.921+0000] {dagbag.py:545} INFO - Filling up the DagBag from /home/airflow/.local/lib/python3.12/site-packages/airflow/example_dags/example_xcomargs.py
[2024-06-20T23:57:13.928+0000] {processor.py:840} INFO - DAG(s) 'example_xcom_args', 'example_xcom_args_with_operators' retrieved from /home/airflow/.local/lib/python3.12/site-packages/airflow/example_dags/example_xcomargs.py
[2024-06-20T23:57:13.947+0000] {logging_mixin.py:188} INFO - [2024-06-20T23:57:13.947+0000] {dag.py:3096} INFO - Sync 2 DAGs
[2024-06-20T23:57:13.957+0000] {logging_mixin.py:188} INFO - [2024-06-20T23:57:13.957+0000] {dag.py:3954} INFO - Setting next_dagrun for example_xcom_args to None, run_after=None
[2024-06-20T23:57:13.961+0000] {logging_mixin.py:188} INFO - [2024-06-20T23:57:13.961+0000] {dag.py:3954} INFO - Setting next_dagrun for example_xcom_args_with_operators to None, run_after=None
[2024-06-20T23:57:13.975+0000] {processor.py:183} INFO - Processing /home/airflow/.local/lib/python3.12/site-packages/airflow/example_dags/example_xcomargs.py took 0.060 seconds
[2024-06-20T23:57:44.470+0000] {processor.py:161} INFO - Started process (PID=1919) to work on /home/airflow/.local/lib/python3.12/site-packages/airflow/example_dags/example_xcomargs.py
[2024-06-20T23:57:44.471+0000] {processor.py:830} INFO - Processing file /home/airflow/.local/lib/python3.12/site-packages/airflow/example_dags/example_xcomargs.py for tasks to queue
[2024-06-20T23:57:44.473+0000] {logging_mixin.py:188} INFO - [2024-06-20T23:57:44.472+0000] {dagbag.py:545} INFO - Filling up the DagBag from /home/airflow/.local/lib/python3.12/site-packages/airflow/example_dags/example_xcomargs.py
[2024-06-20T23:57:44.479+0000] {processor.py:840} INFO - DAG(s) 'example_xcom_args_with_operators', 'example_xcom_args' retrieved from /home/airflow/.local/lib/python3.12/site-packages/airflow/example_dags/example_xcomargs.py
[2024-06-20T23:57:44.498+0000] {logging_mixin.py:188} INFO - [2024-06-20T23:57:44.498+0000] {dag.py:3096} INFO - Sync 2 DAGs
[2024-06-20T23:57:44.508+0000] {logging_mixin.py:188} INFO - [2024-06-20T23:57:44.508+0000] {dag.py:3954} INFO - Setting next_dagrun for example_xcom_args to None, run_after=None
[2024-06-20T23:57:44.511+0000] {logging_mixin.py:188} INFO - [2024-06-20T23:57:44.511+0000] {dag.py:3954} INFO - Setting next_dagrun for example_xcom_args_with_operators to None, run_after=None
[2024-06-20T23:57:44.526+0000] {processor.py:183} INFO - Processing /home/airflow/.local/lib/python3.12/site-packages/airflow/example_dags/example_xcomargs.py took 0.060 seconds
[2024-06-20T23:58:14.878+0000] {processor.py:161} INFO - Started process (PID=1977) to work on /home/airflow/.local/lib/python3.12/site-packages/airflow/example_dags/example_xcomargs.py
[2024-06-20T23:58:14.879+0000] {processor.py:830} INFO - Processing file /home/airflow/.local/lib/python3.12/site-packages/airflow/example_dags/example_xcomargs.py for tasks to queue
[2024-06-20T23:58:14.880+0000] {logging_mixin.py:188} INFO - [2024-06-20T23:58:14.880+0000] {dagbag.py:545} INFO - Filling up the DagBag from /home/airflow/.local/lib/python3.12/site-packages/airflow/example_dags/example_xcomargs.py
[2024-06-20T23:58:14.887+0000] {processor.py:840} INFO - DAG(s) 'example_xcom_args_with_operators', 'example_xcom_args' retrieved from /home/airflow/.local/lib/python3.12/site-packages/airflow/example_dags/example_xcomargs.py
[2024-06-20T23:58:14.907+0000] {logging_mixin.py:188} INFO - [2024-06-20T23:58:14.907+0000] {dag.py:3096} INFO - Sync 2 DAGs
[2024-06-20T23:58:14.918+0000] {logging_mixin.py:188} INFO - [2024-06-20T23:58:14.918+0000] {dag.py:3954} INFO - Setting next_dagrun for example_xcom_args to None, run_after=None
[2024-06-20T23:58:14.922+0000] {logging_mixin.py:188} INFO - [2024-06-20T23:58:14.922+0000] {dag.py:3954} INFO - Setting next_dagrun for example_xcom_args_with_operators to None, run_after=None
[2024-06-20T23:58:14.938+0000] {processor.py:183} INFO - Processing /home/airflow/.local/lib/python3.12/site-packages/airflow/example_dags/example_xcomargs.py took 0.065 seconds
[2024-06-20T23:58:45.574+0000] {processor.py:161} INFO - Started process (PID=2035) to work on /home/airflow/.local/lib/python3.12/site-packages/airflow/example_dags/example_xcomargs.py
[2024-06-20T23:58:45.575+0000] {processor.py:830} INFO - Processing file /home/airflow/.local/lib/python3.12/site-packages/airflow/example_dags/example_xcomargs.py for tasks to queue
[2024-06-20T23:58:45.576+0000] {logging_mixin.py:188} INFO - [2024-06-20T23:58:45.576+0000] {dagbag.py:545} INFO - Filling up the DagBag from /home/airflow/.local/lib/python3.12/site-packages/airflow/example_dags/example_xcomargs.py
[2024-06-20T23:58:45.582+0000] {processor.py:840} INFO - DAG(s) 'example_xcom_args_with_operators', 'example_xcom_args' retrieved from /home/airflow/.local/lib/python3.12/site-packages/airflow/example_dags/example_xcomargs.py
[2024-06-20T23:58:45.713+0000] {logging_mixin.py:188} INFO - [2024-06-20T23:58:45.713+0000] {dag.py:3096} INFO - Sync 2 DAGs
[2024-06-20T23:58:45.721+0000] {logging_mixin.py:188} INFO - [2024-06-20T23:58:45.721+0000] {dag.py:3954} INFO - Setting next_dagrun for example_xcom_args to None, run_after=None
[2024-06-20T23:58:45.724+0000] {logging_mixin.py:188} INFO - [2024-06-20T23:58:45.724+0000] {dag.py:3954} INFO - Setting next_dagrun for example_xcom_args_with_operators to None, run_after=None
[2024-06-20T23:58:45.737+0000] {processor.py:183} INFO - Processing /home/airflow/.local/lib/python3.12/site-packages/airflow/example_dags/example_xcomargs.py took 0.168 seconds
[2024-06-20T23:59:16.021+0000] {processor.py:161} INFO - Started process (PID=2093) to work on /home/airflow/.local/lib/python3.12/site-packages/airflow/example_dags/example_xcomargs.py
[2024-06-20T23:59:16.022+0000] {processor.py:830} INFO - Processing file /home/airflow/.local/lib/python3.12/site-packages/airflow/example_dags/example_xcomargs.py for tasks to queue
[2024-06-20T23:59:16.024+0000] {logging_mixin.py:188} INFO - [2024-06-20T23:59:16.023+0000] {dagbag.py:545} INFO - Filling up the DagBag from /home/airflow/.local/lib/python3.12/site-packages/airflow/example_dags/example_xcomargs.py
[2024-06-20T23:59:16.031+0000] {processor.py:840} INFO - DAG(s) 'example_xcom_args_with_operators', 'example_xcom_args' retrieved from /home/airflow/.local/lib/python3.12/site-packages/airflow/example_dags/example_xcomargs.py
[2024-06-20T23:59:16.050+0000] {logging_mixin.py:188} INFO - [2024-06-20T23:59:16.050+0000] {dag.py:3096} INFO - Sync 2 DAGs
[2024-06-20T23:59:16.061+0000] {logging_mixin.py:188} INFO - [2024-06-20T23:59:16.061+0000] {dag.py:3954} INFO - Setting next_dagrun for example_xcom_args to None, run_after=None
[2024-06-20T23:59:16.064+0000] {logging_mixin.py:188} INFO - [2024-06-20T23:59:16.064+0000] {dag.py:3954} INFO - Setting next_dagrun for example_xcom_args_with_operators to None, run_after=None
[2024-06-20T23:59:16.077+0000] {processor.py:183} INFO - Processing /home/airflow/.local/lib/python3.12/site-packages/airflow/example_dags/example_xcomargs.py took 0.061 seconds
[2024-06-20T23:59:46.704+0000] {processor.py:161} INFO - Started process (PID=2151) to work on /home/airflow/.local/lib/python3.12/site-packages/airflow/example_dags/example_xcomargs.py
[2024-06-20T23:59:46.705+0000] {processor.py:830} INFO - Processing file /home/airflow/.local/lib/python3.12/site-packages/airflow/example_dags/example_xcomargs.py for tasks to queue
[2024-06-20T23:59:46.707+0000] {logging_mixin.py:188} INFO - [2024-06-20T23:59:46.707+0000] {dagbag.py:545} INFO - Filling up the DagBag from /home/airflow/.local/lib/python3.12/site-packages/airflow/example_dags/example_xcomargs.py
[2024-06-20T23:59:46.717+0000] {processor.py:840} INFO - DAG(s) 'example_xcom_args', 'example_xcom_args_with_operators' retrieved from /home/airflow/.local/lib/python3.12/site-packages/airflow/example_dags/example_xcomargs.py
[2024-06-20T23:59:46.741+0000] {logging_mixin.py:188} INFO - [2024-06-20T23:59:46.740+0000] {dag.py:3096} INFO - Sync 2 DAGs
[2024-06-20T23:59:46.754+0000] {logging_mixin.py:188} INFO - [2024-06-20T23:59:46.753+0000] {dag.py:3954} INFO - Setting next_dagrun for example_xcom_args to None, run_after=None
[2024-06-20T23:59:46.758+0000] {logging_mixin.py:188} INFO - [2024-06-20T23:59:46.757+0000] {dag.py:3954} INFO - Setting next_dagrun for example_xcom_args_with_operators to None, run_after=None
[2024-06-20T23:59:46.774+0000] {processor.py:183} INFO - Processing /home/airflow/.local/lib/python3.12/site-packages/airflow/example_dags/example_xcomargs.py took 0.075 seconds
