[2024-06-20T23:41:00.876+0000] {processor.py:161} INFO - Started process (PID=60) to work on /home/airflow/.local/lib/python3.12/site-packages/airflow/example_dags/example_external_task_marker_dag.py
[2024-06-20T23:41:00.877+0000] {processor.py:830} INFO - Processing file /home/airflow/.local/lib/python3.12/site-packages/airflow/example_dags/example_external_task_marker_dag.py for tasks to queue
[2024-06-20T23:41:00.879+0000] {logging_mixin.py:188} INFO - [2024-06-20T23:41:00.879+0000] {dagbag.py:545} INFO - Filling up the DagBag from /home/airflow/.local/lib/python3.12/site-packages/airflow/example_dags/example_external_task_marker_dag.py
[2024-06-20T23:41:00.885+0000] {processor.py:840} INFO - DAG(s) 'example_external_task_marker_child', 'example_external_task_marker_parent' retrieved from /home/airflow/.local/lib/python3.12/site-packages/airflow/example_dags/example_external_task_marker_dag.py
[2024-06-20T23:41:00.897+0000] {logging_mixin.py:188} INFO - [2024-06-20T23:41:00.897+0000] {dag.py:3096} INFO - Sync 2 DAGs
[2024-06-20T23:41:00.918+0000] {logging_mixin.py:188} INFO - [2024-06-20T23:41:00.917+0000] {dag.py:3954} INFO - Setting next_dagrun for example_external_task_marker_child to None, run_after=None
[2024-06-20T23:41:00.923+0000] {logging_mixin.py:188} INFO - [2024-06-20T23:41:00.922+0000] {dag.py:3954} INFO - Setting next_dagrun for example_external_task_marker_parent to None, run_after=None
[2024-06-20T23:41:00.944+0000] {processor.py:183} INFO - Processing /home/airflow/.local/lib/python3.12/site-packages/airflow/example_dags/example_external_task_marker_dag.py took 0.073 seconds
[2024-06-20T23:41:29.550+0000] {processor.py:161} INFO - Started process (PID=60) to work on /home/airflow/.local/lib/python3.12/site-packages/airflow/example_dags/example_external_task_marker_dag.py
[2024-06-20T23:41:29.552+0000] {processor.py:830} INFO - Processing file /home/airflow/.local/lib/python3.12/site-packages/airflow/example_dags/example_external_task_marker_dag.py for tasks to queue
[2024-06-20T23:41:29.553+0000] {logging_mixin.py:188} INFO - [2024-06-20T23:41:29.553+0000] {dagbag.py:545} INFO - Filling up the DagBag from /home/airflow/.local/lib/python3.12/site-packages/airflow/example_dags/example_external_task_marker_dag.py
[2024-06-20T23:41:29.560+0000] {processor.py:840} INFO - DAG(s) 'example_external_task_marker_parent', 'example_external_task_marker_child' retrieved from /home/airflow/.local/lib/python3.12/site-packages/airflow/example_dags/example_external_task_marker_dag.py
[2024-06-20T23:41:29.665+0000] {logging_mixin.py:188} INFO - [2024-06-20T23:41:29.665+0000] {dag.py:3096} INFO - Sync 2 DAGs
[2024-06-20T23:41:29.678+0000] {logging_mixin.py:188} INFO - [2024-06-20T23:41:29.678+0000] {dag.py:3954} INFO - Setting next_dagrun for example_external_task_marker_child to None, run_after=None
[2024-06-20T23:41:29.682+0000] {logging_mixin.py:188} INFO - [2024-06-20T23:41:29.682+0000] {dag.py:3954} INFO - Setting next_dagrun for example_external_task_marker_parent to None, run_after=None
[2024-06-20T23:41:29.704+0000] {processor.py:183} INFO - Processing /home/airflow/.local/lib/python3.12/site-packages/airflow/example_dags/example_external_task_marker_dag.py took 0.159 seconds
[2024-06-20T23:41:59.814+0000] {processor.py:161} INFO - Started process (PID=118) to work on /home/airflow/.local/lib/python3.12/site-packages/airflow/example_dags/example_external_task_marker_dag.py
[2024-06-20T23:41:59.815+0000] {processor.py:830} INFO - Processing file /home/airflow/.local/lib/python3.12/site-packages/airflow/example_dags/example_external_task_marker_dag.py for tasks to queue
[2024-06-20T23:41:59.817+0000] {logging_mixin.py:188} INFO - [2024-06-20T23:41:59.817+0000] {dagbag.py:545} INFO - Filling up the DagBag from /home/airflow/.local/lib/python3.12/site-packages/airflow/example_dags/example_external_task_marker_dag.py
[2024-06-20T23:41:59.822+0000] {processor.py:840} INFO - DAG(s) 'example_external_task_marker_child', 'example_external_task_marker_parent' retrieved from /home/airflow/.local/lib/python3.12/site-packages/airflow/example_dags/example_external_task_marker_dag.py
[2024-06-20T23:41:59.846+0000] {logging_mixin.py:188} INFO - [2024-06-20T23:41:59.846+0000] {dag.py:3096} INFO - Sync 2 DAGs
[2024-06-20T23:41:59.859+0000] {logging_mixin.py:188} INFO - [2024-06-20T23:41:59.859+0000] {dag.py:3954} INFO - Setting next_dagrun for example_external_task_marker_child to None, run_after=None
[2024-06-20T23:41:59.863+0000] {logging_mixin.py:188} INFO - [2024-06-20T23:41:59.863+0000] {dag.py:3954} INFO - Setting next_dagrun for example_external_task_marker_parent to None, run_after=None
[2024-06-20T23:41:59.878+0000] {processor.py:183} INFO - Processing /home/airflow/.local/lib/python3.12/site-packages/airflow/example_dags/example_external_task_marker_dag.py took 0.069 seconds
[2024-06-20T23:42:30.222+0000] {processor.py:161} INFO - Started process (PID=176) to work on /home/airflow/.local/lib/python3.12/site-packages/airflow/example_dags/example_external_task_marker_dag.py
[2024-06-20T23:42:30.223+0000] {processor.py:830} INFO - Processing file /home/airflow/.local/lib/python3.12/site-packages/airflow/example_dags/example_external_task_marker_dag.py for tasks to queue
[2024-06-20T23:42:30.225+0000] {logging_mixin.py:188} INFO - [2024-06-20T23:42:30.225+0000] {dagbag.py:545} INFO - Filling up the DagBag from /home/airflow/.local/lib/python3.12/site-packages/airflow/example_dags/example_external_task_marker_dag.py
[2024-06-20T23:42:30.230+0000] {processor.py:840} INFO - DAG(s) 'example_external_task_marker_child', 'example_external_task_marker_parent' retrieved from /home/airflow/.local/lib/python3.12/site-packages/airflow/example_dags/example_external_task_marker_dag.py
[2024-06-20T23:42:30.252+0000] {logging_mixin.py:188} INFO - [2024-06-20T23:42:30.251+0000] {dag.py:3096} INFO - Sync 2 DAGs
[2024-06-20T23:42:30.263+0000] {logging_mixin.py:188} INFO - [2024-06-20T23:42:30.262+0000] {dag.py:3954} INFO - Setting next_dagrun for example_external_task_marker_child to None, run_after=None
[2024-06-20T23:42:30.267+0000] {logging_mixin.py:188} INFO - [2024-06-20T23:42:30.267+0000] {dag.py:3954} INFO - Setting next_dagrun for example_external_task_marker_parent to None, run_after=None
[2024-06-20T23:42:30.291+0000] {processor.py:183} INFO - Processing /home/airflow/.local/lib/python3.12/site-packages/airflow/example_dags/example_external_task_marker_dag.py took 0.074 seconds
[2024-06-20T23:43:00.469+0000] {processor.py:161} INFO - Started process (PID=234) to work on /home/airflow/.local/lib/python3.12/site-packages/airflow/example_dags/example_external_task_marker_dag.py
[2024-06-20T23:43:00.470+0000] {processor.py:830} INFO - Processing file /home/airflow/.local/lib/python3.12/site-packages/airflow/example_dags/example_external_task_marker_dag.py for tasks to queue
[2024-06-20T23:43:00.472+0000] {logging_mixin.py:188} INFO - [2024-06-20T23:43:00.472+0000] {dagbag.py:545} INFO - Filling up the DagBag from /home/airflow/.local/lib/python3.12/site-packages/airflow/example_dags/example_external_task_marker_dag.py
[2024-06-20T23:43:00.478+0000] {processor.py:840} INFO - DAG(s) 'example_external_task_marker_child', 'example_external_task_marker_parent' retrieved from /home/airflow/.local/lib/python3.12/site-packages/airflow/example_dags/example_external_task_marker_dag.py
[2024-06-20T23:43:00.499+0000] {logging_mixin.py:188} INFO - [2024-06-20T23:43:00.499+0000] {dag.py:3096} INFO - Sync 2 DAGs
[2024-06-20T23:43:00.511+0000] {logging_mixin.py:188} INFO - [2024-06-20T23:43:00.511+0000] {dag.py:3954} INFO - Setting next_dagrun for example_external_task_marker_child to None, run_after=None
[2024-06-20T23:43:00.515+0000] {logging_mixin.py:188} INFO - [2024-06-20T23:43:00.515+0000] {dag.py:3954} INFO - Setting next_dagrun for example_external_task_marker_parent to None, run_after=None
[2024-06-20T23:43:00.530+0000] {processor.py:183} INFO - Processing /home/airflow/.local/lib/python3.12/site-packages/airflow/example_dags/example_external_task_marker_dag.py took 0.067 seconds
[2024-06-20T23:43:30.760+0000] {processor.py:161} INFO - Started process (PID=292) to work on /home/airflow/.local/lib/python3.12/site-packages/airflow/example_dags/example_external_task_marker_dag.py
[2024-06-20T23:43:30.760+0000] {processor.py:830} INFO - Processing file /home/airflow/.local/lib/python3.12/site-packages/airflow/example_dags/example_external_task_marker_dag.py for tasks to queue
[2024-06-20T23:43:30.762+0000] {logging_mixin.py:188} INFO - [2024-06-20T23:43:30.762+0000] {dagbag.py:545} INFO - Filling up the DagBag from /home/airflow/.local/lib/python3.12/site-packages/airflow/example_dags/example_external_task_marker_dag.py
[2024-06-20T23:43:30.767+0000] {processor.py:840} INFO - DAG(s) 'example_external_task_marker_parent', 'example_external_task_marker_child' retrieved from /home/airflow/.local/lib/python3.12/site-packages/airflow/example_dags/example_external_task_marker_dag.py
[2024-06-20T23:43:30.787+0000] {logging_mixin.py:188} INFO - [2024-06-20T23:43:30.787+0000] {dag.py:3096} INFO - Sync 2 DAGs
[2024-06-20T23:43:30.798+0000] {logging_mixin.py:188} INFO - [2024-06-20T23:43:30.798+0000] {dag.py:3954} INFO - Setting next_dagrun for example_external_task_marker_child to None, run_after=None
[2024-06-20T23:43:30.802+0000] {logging_mixin.py:188} INFO - [2024-06-20T23:43:30.802+0000] {dag.py:3954} INFO - Setting next_dagrun for example_external_task_marker_parent to None, run_after=None
[2024-06-20T23:43:30.816+0000] {processor.py:183} INFO - Processing /home/airflow/.local/lib/python3.12/site-packages/airflow/example_dags/example_external_task_marker_dag.py took 0.061 seconds
[2024-06-20T23:44:01.278+0000] {processor.py:161} INFO - Started process (PID=350) to work on /home/airflow/.local/lib/python3.12/site-packages/airflow/example_dags/example_external_task_marker_dag.py
[2024-06-20T23:44:01.279+0000] {processor.py:830} INFO - Processing file /home/airflow/.local/lib/python3.12/site-packages/airflow/example_dags/example_external_task_marker_dag.py for tasks to queue
[2024-06-20T23:44:01.280+0000] {logging_mixin.py:188} INFO - [2024-06-20T23:44:01.280+0000] {dagbag.py:545} INFO - Filling up the DagBag from /home/airflow/.local/lib/python3.12/site-packages/airflow/example_dags/example_external_task_marker_dag.py
[2024-06-20T23:44:01.285+0000] {processor.py:840} INFO - DAG(s) 'example_external_task_marker_child', 'example_external_task_marker_parent' retrieved from /home/airflow/.local/lib/python3.12/site-packages/airflow/example_dags/example_external_task_marker_dag.py
[2024-06-20T23:44:01.303+0000] {logging_mixin.py:188} INFO - [2024-06-20T23:44:01.303+0000] {dag.py:3096} INFO - Sync 2 DAGs
[2024-06-20T23:44:01.313+0000] {logging_mixin.py:188} INFO - [2024-06-20T23:44:01.313+0000] {dag.py:3954} INFO - Setting next_dagrun for example_external_task_marker_child to None, run_after=None
[2024-06-20T23:44:01.317+0000] {logging_mixin.py:188} INFO - [2024-06-20T23:44:01.316+0000] {dag.py:3954} INFO - Setting next_dagrun for example_external_task_marker_parent to None, run_after=None
[2024-06-20T23:44:01.330+0000] {processor.py:183} INFO - Processing /home/airflow/.local/lib/python3.12/site-packages/airflow/example_dags/example_external_task_marker_dag.py took 0.057 seconds
[2024-06-20T23:44:31.841+0000] {processor.py:161} INFO - Started process (PID=408) to work on /home/airflow/.local/lib/python3.12/site-packages/airflow/example_dags/example_external_task_marker_dag.py
[2024-06-20T23:44:31.842+0000] {processor.py:830} INFO - Processing file /home/airflow/.local/lib/python3.12/site-packages/airflow/example_dags/example_external_task_marker_dag.py for tasks to queue
[2024-06-20T23:44:31.844+0000] {logging_mixin.py:188} INFO - [2024-06-20T23:44:31.843+0000] {dagbag.py:545} INFO - Filling up the DagBag from /home/airflow/.local/lib/python3.12/site-packages/airflow/example_dags/example_external_task_marker_dag.py
[2024-06-20T23:44:31.848+0000] {processor.py:840} INFO - DAG(s) 'example_external_task_marker_parent', 'example_external_task_marker_child' retrieved from /home/airflow/.local/lib/python3.12/site-packages/airflow/example_dags/example_external_task_marker_dag.py
[2024-06-20T23:44:31.867+0000] {logging_mixin.py:188} INFO - [2024-06-20T23:44:31.866+0000] {dag.py:3096} INFO - Sync 2 DAGs
[2024-06-20T23:44:31.877+0000] {logging_mixin.py:188} INFO - [2024-06-20T23:44:31.877+0000] {dag.py:3954} INFO - Setting next_dagrun for example_external_task_marker_child to None, run_after=None
[2024-06-20T23:44:31.881+0000] {logging_mixin.py:188} INFO - [2024-06-20T23:44:31.880+0000] {dag.py:3954} INFO - Setting next_dagrun for example_external_task_marker_parent to None, run_after=None
[2024-06-20T23:44:31.894+0000] {processor.py:183} INFO - Processing /home/airflow/.local/lib/python3.12/site-packages/airflow/example_dags/example_external_task_marker_dag.py took 0.058 seconds
[2024-06-20T23:45:02.536+0000] {processor.py:161} INFO - Started process (PID=466) to work on /home/airflow/.local/lib/python3.12/site-packages/airflow/example_dags/example_external_task_marker_dag.py
[2024-06-20T23:45:02.537+0000] {processor.py:830} INFO - Processing file /home/airflow/.local/lib/python3.12/site-packages/airflow/example_dags/example_external_task_marker_dag.py for tasks to queue
[2024-06-20T23:45:02.539+0000] {logging_mixin.py:188} INFO - [2024-06-20T23:45:02.538+0000] {dagbag.py:545} INFO - Filling up the DagBag from /home/airflow/.local/lib/python3.12/site-packages/airflow/example_dags/example_external_task_marker_dag.py
[2024-06-20T23:45:02.543+0000] {processor.py:840} INFO - DAG(s) 'example_external_task_marker_parent', 'example_external_task_marker_child' retrieved from /home/airflow/.local/lib/python3.12/site-packages/airflow/example_dags/example_external_task_marker_dag.py
[2024-06-20T23:45:02.561+0000] {logging_mixin.py:188} INFO - [2024-06-20T23:45:02.561+0000] {dag.py:3096} INFO - Sync 2 DAGs
[2024-06-20T23:45:02.572+0000] {logging_mixin.py:188} INFO - [2024-06-20T23:45:02.572+0000] {dag.py:3954} INFO - Setting next_dagrun for example_external_task_marker_child to None, run_after=None
[2024-06-20T23:45:02.576+0000] {logging_mixin.py:188} INFO - [2024-06-20T23:45:02.575+0000] {dag.py:3954} INFO - Setting next_dagrun for example_external_task_marker_parent to None, run_after=None
[2024-06-20T23:45:02.588+0000] {processor.py:183} INFO - Processing /home/airflow/.local/lib/python3.12/site-packages/airflow/example_dags/example_external_task_marker_dag.py took 0.057 seconds
[2024-06-20T23:45:33.145+0000] {processor.py:161} INFO - Started process (PID=524) to work on /home/airflow/.local/lib/python3.12/site-packages/airflow/example_dags/example_external_task_marker_dag.py
[2024-06-20T23:45:33.146+0000] {processor.py:830} INFO - Processing file /home/airflow/.local/lib/python3.12/site-packages/airflow/example_dags/example_external_task_marker_dag.py for tasks to queue
[2024-06-20T23:45:33.148+0000] {logging_mixin.py:188} INFO - [2024-06-20T23:45:33.147+0000] {dagbag.py:545} INFO - Filling up the DagBag from /home/airflow/.local/lib/python3.12/site-packages/airflow/example_dags/example_external_task_marker_dag.py
[2024-06-20T23:45:33.154+0000] {processor.py:840} INFO - DAG(s) 'example_external_task_marker_parent', 'example_external_task_marker_child' retrieved from /home/airflow/.local/lib/python3.12/site-packages/airflow/example_dags/example_external_task_marker_dag.py
[2024-06-20T23:45:33.180+0000] {logging_mixin.py:188} INFO - [2024-06-20T23:45:33.179+0000] {dag.py:3096} INFO - Sync 2 DAGs
[2024-06-20T23:45:33.194+0000] {logging_mixin.py:188} INFO - [2024-06-20T23:45:33.194+0000] {dag.py:3954} INFO - Setting next_dagrun for example_external_task_marker_child to None, run_after=None
[2024-06-20T23:45:33.198+0000] {logging_mixin.py:188} INFO - [2024-06-20T23:45:33.198+0000] {dag.py:3954} INFO - Setting next_dagrun for example_external_task_marker_parent to None, run_after=None
[2024-06-20T23:45:33.214+0000] {processor.py:183} INFO - Processing /home/airflow/.local/lib/python3.12/site-packages/airflow/example_dags/example_external_task_marker_dag.py took 0.075 seconds
[2024-06-20T23:46:04.068+0000] {processor.py:161} INFO - Started process (PID=582) to work on /home/airflow/.local/lib/python3.12/site-packages/airflow/example_dags/example_external_task_marker_dag.py
[2024-06-20T23:46:04.069+0000] {processor.py:830} INFO - Processing file /home/airflow/.local/lib/python3.12/site-packages/airflow/example_dags/example_external_task_marker_dag.py for tasks to queue
[2024-06-20T23:46:04.070+0000] {logging_mixin.py:188} INFO - [2024-06-20T23:46:04.070+0000] {dagbag.py:545} INFO - Filling up the DagBag from /home/airflow/.local/lib/python3.12/site-packages/airflow/example_dags/example_external_task_marker_dag.py
[2024-06-20T23:46:04.076+0000] {processor.py:840} INFO - DAG(s) 'example_external_task_marker_parent', 'example_external_task_marker_child' retrieved from /home/airflow/.local/lib/python3.12/site-packages/airflow/example_dags/example_external_task_marker_dag.py
[2024-06-20T23:46:04.095+0000] {logging_mixin.py:188} INFO - [2024-06-20T23:46:04.095+0000] {dag.py:3096} INFO - Sync 2 DAGs
[2024-06-20T23:46:04.106+0000] {logging_mixin.py:188} INFO - [2024-06-20T23:46:04.106+0000] {dag.py:3954} INFO - Setting next_dagrun for example_external_task_marker_child to None, run_after=None
[2024-06-20T23:46:04.110+0000] {logging_mixin.py:188} INFO - [2024-06-20T23:46:04.110+0000] {dag.py:3954} INFO - Setting next_dagrun for example_external_task_marker_parent to None, run_after=None
[2024-06-20T23:46:04.125+0000] {processor.py:183} INFO - Processing /home/airflow/.local/lib/python3.12/site-packages/airflow/example_dags/example_external_task_marker_dag.py took 0.063 seconds
[2024-06-20T23:46:34.749+0000] {processor.py:161} INFO - Started process (PID=640) to work on /home/airflow/.local/lib/python3.12/site-packages/airflow/example_dags/example_external_task_marker_dag.py
[2024-06-20T23:46:34.750+0000] {processor.py:830} INFO - Processing file /home/airflow/.local/lib/python3.12/site-packages/airflow/example_dags/example_external_task_marker_dag.py for tasks to queue
[2024-06-20T23:46:34.751+0000] {logging_mixin.py:188} INFO - [2024-06-20T23:46:34.751+0000] {dagbag.py:545} INFO - Filling up the DagBag from /home/airflow/.local/lib/python3.12/site-packages/airflow/example_dags/example_external_task_marker_dag.py
[2024-06-20T23:46:34.756+0000] {processor.py:840} INFO - DAG(s) 'example_external_task_marker_parent', 'example_external_task_marker_child' retrieved from /home/airflow/.local/lib/python3.12/site-packages/airflow/example_dags/example_external_task_marker_dag.py
[2024-06-20T23:46:34.774+0000] {logging_mixin.py:188} INFO - [2024-06-20T23:46:34.773+0000] {dag.py:3096} INFO - Sync 2 DAGs
[2024-06-20T23:46:34.784+0000] {logging_mixin.py:188} INFO - [2024-06-20T23:46:34.783+0000] {dag.py:3954} INFO - Setting next_dagrun for example_external_task_marker_child to None, run_after=None
[2024-06-20T23:46:34.787+0000] {logging_mixin.py:188} INFO - [2024-06-20T23:46:34.787+0000] {dag.py:3954} INFO - Setting next_dagrun for example_external_task_marker_parent to None, run_after=None
[2024-06-20T23:46:34.802+0000] {processor.py:183} INFO - Processing /home/airflow/.local/lib/python3.12/site-packages/airflow/example_dags/example_external_task_marker_dag.py took 0.058 seconds
[2024-06-20T23:47:05.192+0000] {processor.py:161} INFO - Started process (PID=698) to work on /home/airflow/.local/lib/python3.12/site-packages/airflow/example_dags/example_external_task_marker_dag.py
[2024-06-20T23:47:05.193+0000] {processor.py:830} INFO - Processing file /home/airflow/.local/lib/python3.12/site-packages/airflow/example_dags/example_external_task_marker_dag.py for tasks to queue
[2024-06-20T23:47:05.195+0000] {logging_mixin.py:188} INFO - [2024-06-20T23:47:05.195+0000] {dagbag.py:545} INFO - Filling up the DagBag from /home/airflow/.local/lib/python3.12/site-packages/airflow/example_dags/example_external_task_marker_dag.py
[2024-06-20T23:47:05.200+0000] {processor.py:840} INFO - DAG(s) 'example_external_task_marker_parent', 'example_external_task_marker_child' retrieved from /home/airflow/.local/lib/python3.12/site-packages/airflow/example_dags/example_external_task_marker_dag.py
[2024-06-20T23:47:05.220+0000] {logging_mixin.py:188} INFO - [2024-06-20T23:47:05.220+0000] {dag.py:3096} INFO - Sync 2 DAGs
[2024-06-20T23:47:05.231+0000] {logging_mixin.py:188} INFO - [2024-06-20T23:47:05.231+0000] {dag.py:3954} INFO - Setting next_dagrun for example_external_task_marker_child to None, run_after=None
[2024-06-20T23:47:05.234+0000] {logging_mixin.py:188} INFO - [2024-06-20T23:47:05.234+0000] {dag.py:3954} INFO - Setting next_dagrun for example_external_task_marker_parent to None, run_after=None
[2024-06-20T23:47:05.247+0000] {processor.py:183} INFO - Processing /home/airflow/.local/lib/python3.12/site-packages/airflow/example_dags/example_external_task_marker_dag.py took 0.059 seconds
[2024-06-20T23:47:35.732+0000] {processor.py:161} INFO - Started process (PID=756) to work on /home/airflow/.local/lib/python3.12/site-packages/airflow/example_dags/example_external_task_marker_dag.py
[2024-06-20T23:47:35.732+0000] {processor.py:830} INFO - Processing file /home/airflow/.local/lib/python3.12/site-packages/airflow/example_dags/example_external_task_marker_dag.py for tasks to queue
[2024-06-20T23:47:35.734+0000] {logging_mixin.py:188} INFO - [2024-06-20T23:47:35.734+0000] {dagbag.py:545} INFO - Filling up the DagBag from /home/airflow/.local/lib/python3.12/site-packages/airflow/example_dags/example_external_task_marker_dag.py
[2024-06-20T23:47:35.739+0000] {processor.py:840} INFO - DAG(s) 'example_external_task_marker_child', 'example_external_task_marker_parent' retrieved from /home/airflow/.local/lib/python3.12/site-packages/airflow/example_dags/example_external_task_marker_dag.py
[2024-06-20T23:47:35.759+0000] {logging_mixin.py:188} INFO - [2024-06-20T23:47:35.759+0000] {dag.py:3096} INFO - Sync 2 DAGs
[2024-06-20T23:47:35.769+0000] {logging_mixin.py:188} INFO - [2024-06-20T23:47:35.769+0000] {dag.py:3954} INFO - Setting next_dagrun for example_external_task_marker_child to None, run_after=None
[2024-06-20T23:47:35.774+0000] {logging_mixin.py:188} INFO - [2024-06-20T23:47:35.774+0000] {dag.py:3954} INFO - Setting next_dagrun for example_external_task_marker_parent to None, run_after=None
[2024-06-20T23:47:35.787+0000] {processor.py:183} INFO - Processing /home/airflow/.local/lib/python3.12/site-packages/airflow/example_dags/example_external_task_marker_dag.py took 0.061 seconds
[2024-06-20T23:48:06.389+0000] {processor.py:161} INFO - Started process (PID=814) to work on /home/airflow/.local/lib/python3.12/site-packages/airflow/example_dags/example_external_task_marker_dag.py
[2024-06-20T23:48:06.390+0000] {processor.py:830} INFO - Processing file /home/airflow/.local/lib/python3.12/site-packages/airflow/example_dags/example_external_task_marker_dag.py for tasks to queue
[2024-06-20T23:48:06.391+0000] {logging_mixin.py:188} INFO - [2024-06-20T23:48:06.391+0000] {dagbag.py:545} INFO - Filling up the DagBag from /home/airflow/.local/lib/python3.12/site-packages/airflow/example_dags/example_external_task_marker_dag.py
[2024-06-20T23:48:06.396+0000] {processor.py:840} INFO - DAG(s) 'example_external_task_marker_child', 'example_external_task_marker_parent' retrieved from /home/airflow/.local/lib/python3.12/site-packages/airflow/example_dags/example_external_task_marker_dag.py
[2024-06-20T23:48:06.414+0000] {logging_mixin.py:188} INFO - [2024-06-20T23:48:06.414+0000] {dag.py:3096} INFO - Sync 2 DAGs
[2024-06-20T23:48:06.424+0000] {logging_mixin.py:188} INFO - [2024-06-20T23:48:06.424+0000] {dag.py:3954} INFO - Setting next_dagrun for example_external_task_marker_child to None, run_after=None
[2024-06-20T23:48:06.428+0000] {logging_mixin.py:188} INFO - [2024-06-20T23:48:06.428+0000] {dag.py:3954} INFO - Setting next_dagrun for example_external_task_marker_parent to None, run_after=None
[2024-06-20T23:48:06.442+0000] {processor.py:183} INFO - Processing /home/airflow/.local/lib/python3.12/site-packages/airflow/example_dags/example_external_task_marker_dag.py took 0.057 seconds
[2024-06-20T23:48:36.919+0000] {processor.py:161} INFO - Started process (PID=872) to work on /home/airflow/.local/lib/python3.12/site-packages/airflow/example_dags/example_external_task_marker_dag.py
[2024-06-20T23:48:36.920+0000] {processor.py:830} INFO - Processing file /home/airflow/.local/lib/python3.12/site-packages/airflow/example_dags/example_external_task_marker_dag.py for tasks to queue
[2024-06-20T23:48:36.922+0000] {logging_mixin.py:188} INFO - [2024-06-20T23:48:36.922+0000] {dagbag.py:545} INFO - Filling up the DagBag from /home/airflow/.local/lib/python3.12/site-packages/airflow/example_dags/example_external_task_marker_dag.py
[2024-06-20T23:48:36.927+0000] {processor.py:840} INFO - DAG(s) 'example_external_task_marker_child', 'example_external_task_marker_parent' retrieved from /home/airflow/.local/lib/python3.12/site-packages/airflow/example_dags/example_external_task_marker_dag.py
[2024-06-20T23:48:36.945+0000] {logging_mixin.py:188} INFO - [2024-06-20T23:48:36.945+0000] {dag.py:3096} INFO - Sync 2 DAGs
[2024-06-20T23:48:36.956+0000] {logging_mixin.py:188} INFO - [2024-06-20T23:48:36.956+0000] {dag.py:3954} INFO - Setting next_dagrun for example_external_task_marker_child to None, run_after=None
[2024-06-20T23:48:36.959+0000] {logging_mixin.py:188} INFO - [2024-06-20T23:48:36.959+0000] {dag.py:3954} INFO - Setting next_dagrun for example_external_task_marker_parent to None, run_after=None
[2024-06-20T23:48:36.974+0000] {processor.py:183} INFO - Processing /home/airflow/.local/lib/python3.12/site-packages/airflow/example_dags/example_external_task_marker_dag.py took 0.059 seconds
[2024-06-20T23:49:07.416+0000] {processor.py:161} INFO - Started process (PID=930) to work on /home/airflow/.local/lib/python3.12/site-packages/airflow/example_dags/example_external_task_marker_dag.py
[2024-06-20T23:49:07.417+0000] {processor.py:830} INFO - Processing file /home/airflow/.local/lib/python3.12/site-packages/airflow/example_dags/example_external_task_marker_dag.py for tasks to queue
[2024-06-20T23:49:07.419+0000] {logging_mixin.py:188} INFO - [2024-06-20T23:49:07.418+0000] {dagbag.py:545} INFO - Filling up the DagBag from /home/airflow/.local/lib/python3.12/site-packages/airflow/example_dags/example_external_task_marker_dag.py
[2024-06-20T23:49:07.424+0000] {processor.py:840} INFO - DAG(s) 'example_external_task_marker_parent', 'example_external_task_marker_child' retrieved from /home/airflow/.local/lib/python3.12/site-packages/airflow/example_dags/example_external_task_marker_dag.py
[2024-06-20T23:49:07.445+0000] {logging_mixin.py:188} INFO - [2024-06-20T23:49:07.445+0000] {dag.py:3096} INFO - Sync 2 DAGs
[2024-06-20T23:49:07.457+0000] {logging_mixin.py:188} INFO - [2024-06-20T23:49:07.456+0000] {dag.py:3954} INFO - Setting next_dagrun for example_external_task_marker_child to None, run_after=None
[2024-06-20T23:49:07.461+0000] {logging_mixin.py:188} INFO - [2024-06-20T23:49:07.461+0000] {dag.py:3954} INFO - Setting next_dagrun for example_external_task_marker_parent to None, run_after=None
[2024-06-20T23:49:07.480+0000] {processor.py:183} INFO - Processing /home/airflow/.local/lib/python3.12/site-packages/airflow/example_dags/example_external_task_marker_dag.py took 0.069 seconds
[2024-06-20T23:49:38.122+0000] {processor.py:161} INFO - Started process (PID=988) to work on /home/airflow/.local/lib/python3.12/site-packages/airflow/example_dags/example_external_task_marker_dag.py
[2024-06-20T23:49:38.123+0000] {processor.py:830} INFO - Processing file /home/airflow/.local/lib/python3.12/site-packages/airflow/example_dags/example_external_task_marker_dag.py for tasks to queue
[2024-06-20T23:49:38.125+0000] {logging_mixin.py:188} INFO - [2024-06-20T23:49:38.125+0000] {dagbag.py:545} INFO - Filling up the DagBag from /home/airflow/.local/lib/python3.12/site-packages/airflow/example_dags/example_external_task_marker_dag.py
[2024-06-20T23:49:38.131+0000] {processor.py:840} INFO - DAG(s) 'example_external_task_marker_parent', 'example_external_task_marker_child' retrieved from /home/airflow/.local/lib/python3.12/site-packages/airflow/example_dags/example_external_task_marker_dag.py
[2024-06-20T23:49:38.151+0000] {logging_mixin.py:188} INFO - [2024-06-20T23:49:38.151+0000] {dag.py:3096} INFO - Sync 2 DAGs
[2024-06-20T23:49:38.162+0000] {logging_mixin.py:188} INFO - [2024-06-20T23:49:38.162+0000] {dag.py:3954} INFO - Setting next_dagrun for example_external_task_marker_child to None, run_after=None
[2024-06-20T23:49:38.166+0000] {logging_mixin.py:188} INFO - [2024-06-20T23:49:38.165+0000] {dag.py:3954} INFO - Setting next_dagrun for example_external_task_marker_parent to None, run_after=None
[2024-06-20T23:49:38.179+0000] {processor.py:183} INFO - Processing /home/airflow/.local/lib/python3.12/site-packages/airflow/example_dags/example_external_task_marker_dag.py took 0.062 seconds
[2024-06-20T23:50:08.742+0000] {processor.py:161} INFO - Started process (PID=1046) to work on /home/airflow/.local/lib/python3.12/site-packages/airflow/example_dags/example_external_task_marker_dag.py
[2024-06-20T23:50:08.743+0000] {processor.py:830} INFO - Processing file /home/airflow/.local/lib/python3.12/site-packages/airflow/example_dags/example_external_task_marker_dag.py for tasks to queue
[2024-06-20T23:50:08.744+0000] {logging_mixin.py:188} INFO - [2024-06-20T23:50:08.744+0000] {dagbag.py:545} INFO - Filling up the DagBag from /home/airflow/.local/lib/python3.12/site-packages/airflow/example_dags/example_external_task_marker_dag.py
[2024-06-20T23:50:08.750+0000] {processor.py:840} INFO - DAG(s) 'example_external_task_marker_parent', 'example_external_task_marker_child' retrieved from /home/airflow/.local/lib/python3.12/site-packages/airflow/example_dags/example_external_task_marker_dag.py
[2024-06-20T23:50:08.769+0000] {logging_mixin.py:188} INFO - [2024-06-20T23:50:08.769+0000] {dag.py:3096} INFO - Sync 2 DAGs
[2024-06-20T23:50:08.779+0000] {logging_mixin.py:188} INFO - [2024-06-20T23:50:08.779+0000] {dag.py:3954} INFO - Setting next_dagrun for example_external_task_marker_child to None, run_after=None
[2024-06-20T23:50:08.782+0000] {logging_mixin.py:188} INFO - [2024-06-20T23:50:08.782+0000] {dag.py:3954} INFO - Setting next_dagrun for example_external_task_marker_parent to None, run_after=None
[2024-06-20T23:50:08.796+0000] {processor.py:183} INFO - Processing /home/airflow/.local/lib/python3.12/site-packages/airflow/example_dags/example_external_task_marker_dag.py took 0.058 seconds
[2024-06-20T23:50:39.443+0000] {processor.py:161} INFO - Started process (PID=1104) to work on /home/airflow/.local/lib/python3.12/site-packages/airflow/example_dags/example_external_task_marker_dag.py
[2024-06-20T23:50:39.444+0000] {processor.py:830} INFO - Processing file /home/airflow/.local/lib/python3.12/site-packages/airflow/example_dags/example_external_task_marker_dag.py for tasks to queue
[2024-06-20T23:50:39.446+0000] {logging_mixin.py:188} INFO - [2024-06-20T23:50:39.445+0000] {dagbag.py:545} INFO - Filling up the DagBag from /home/airflow/.local/lib/python3.12/site-packages/airflow/example_dags/example_external_task_marker_dag.py
[2024-06-20T23:50:39.451+0000] {processor.py:840} INFO - DAG(s) 'example_external_task_marker_child', 'example_external_task_marker_parent' retrieved from /home/airflow/.local/lib/python3.12/site-packages/airflow/example_dags/example_external_task_marker_dag.py
[2024-06-20T23:50:39.470+0000] {logging_mixin.py:188} INFO - [2024-06-20T23:50:39.469+0000] {dag.py:3096} INFO - Sync 2 DAGs
[2024-06-20T23:50:39.485+0000] {logging_mixin.py:188} INFO - [2024-06-20T23:50:39.485+0000] {dag.py:3954} INFO - Setting next_dagrun for example_external_task_marker_child to None, run_after=None
[2024-06-20T23:50:39.492+0000] {logging_mixin.py:188} INFO - [2024-06-20T23:50:39.491+0000] {dag.py:3954} INFO - Setting next_dagrun for example_external_task_marker_parent to None, run_after=None
[2024-06-20T23:50:39.512+0000] {processor.py:183} INFO - Processing /home/airflow/.local/lib/python3.12/site-packages/airflow/example_dags/example_external_task_marker_dag.py took 0.074 seconds
[2024-06-20T23:51:09.636+0000] {processor.py:161} INFO - Started process (PID=1162) to work on /home/airflow/.local/lib/python3.12/site-packages/airflow/example_dags/example_external_task_marker_dag.py
[2024-06-20T23:51:09.637+0000] {processor.py:830} INFO - Processing file /home/airflow/.local/lib/python3.12/site-packages/airflow/example_dags/example_external_task_marker_dag.py for tasks to queue
[2024-06-20T23:51:09.639+0000] {logging_mixin.py:188} INFO - [2024-06-20T23:51:09.639+0000] {dagbag.py:545} INFO - Filling up the DagBag from /home/airflow/.local/lib/python3.12/site-packages/airflow/example_dags/example_external_task_marker_dag.py
[2024-06-20T23:51:09.645+0000] {processor.py:840} INFO - DAG(s) 'example_external_task_marker_child', 'example_external_task_marker_parent' retrieved from /home/airflow/.local/lib/python3.12/site-packages/airflow/example_dags/example_external_task_marker_dag.py
[2024-06-20T23:51:09.665+0000] {logging_mixin.py:188} INFO - [2024-06-20T23:51:09.665+0000] {dag.py:3096} INFO - Sync 2 DAGs
[2024-06-20T23:51:09.676+0000] {logging_mixin.py:188} INFO - [2024-06-20T23:51:09.676+0000] {dag.py:3954} INFO - Setting next_dagrun for example_external_task_marker_child to None, run_after=None
[2024-06-20T23:51:09.680+0000] {logging_mixin.py:188} INFO - [2024-06-20T23:51:09.680+0000] {dag.py:3954} INFO - Setting next_dagrun for example_external_task_marker_parent to None, run_after=None
[2024-06-20T23:51:09.695+0000] {processor.py:183} INFO - Processing /home/airflow/.local/lib/python3.12/site-packages/airflow/example_dags/example_external_task_marker_dag.py took 0.063 seconds
[2024-06-20T23:51:39.775+0000] {processor.py:161} INFO - Started process (PID=1219) to work on /home/airflow/.local/lib/python3.12/site-packages/airflow/example_dags/example_external_task_marker_dag.py
[2024-06-20T23:51:39.776+0000] {processor.py:830} INFO - Processing file /home/airflow/.local/lib/python3.12/site-packages/airflow/example_dags/example_external_task_marker_dag.py for tasks to queue
[2024-06-20T23:51:39.778+0000] {logging_mixin.py:188} INFO - [2024-06-20T23:51:39.778+0000] {dagbag.py:545} INFO - Filling up the DagBag from /home/airflow/.local/lib/python3.12/site-packages/airflow/example_dags/example_external_task_marker_dag.py
[2024-06-20T23:51:39.783+0000] {processor.py:840} INFO - DAG(s) 'example_external_task_marker_child', 'example_external_task_marker_parent' retrieved from /home/airflow/.local/lib/python3.12/site-packages/airflow/example_dags/example_external_task_marker_dag.py
[2024-06-20T23:51:39.805+0000] {logging_mixin.py:188} INFO - [2024-06-20T23:51:39.805+0000] {dag.py:3096} INFO - Sync 2 DAGs
[2024-06-20T23:51:39.817+0000] {logging_mixin.py:188} INFO - [2024-06-20T23:51:39.817+0000] {dag.py:3954} INFO - Setting next_dagrun for example_external_task_marker_child to None, run_after=None
[2024-06-20T23:51:39.821+0000] {logging_mixin.py:188} INFO - [2024-06-20T23:51:39.820+0000] {dag.py:3954} INFO - Setting next_dagrun for example_external_task_marker_parent to None, run_after=None
[2024-06-20T23:51:39.835+0000] {processor.py:183} INFO - Processing /home/airflow/.local/lib/python3.12/site-packages/airflow/example_dags/example_external_task_marker_dag.py took 0.064 seconds
[2024-06-20T23:52:09.908+0000] {processor.py:161} INFO - Started process (PID=1277) to work on /home/airflow/.local/lib/python3.12/site-packages/airflow/example_dags/example_external_task_marker_dag.py
[2024-06-20T23:52:09.909+0000] {processor.py:830} INFO - Processing file /home/airflow/.local/lib/python3.12/site-packages/airflow/example_dags/example_external_task_marker_dag.py for tasks to queue
[2024-06-20T23:52:09.910+0000] {logging_mixin.py:188} INFO - [2024-06-20T23:52:09.910+0000] {dagbag.py:545} INFO - Filling up the DagBag from /home/airflow/.local/lib/python3.12/site-packages/airflow/example_dags/example_external_task_marker_dag.py
[2024-06-20T23:52:09.915+0000] {processor.py:840} INFO - DAG(s) 'example_external_task_marker_parent', 'example_external_task_marker_child' retrieved from /home/airflow/.local/lib/python3.12/site-packages/airflow/example_dags/example_external_task_marker_dag.py
[2024-06-20T23:52:09.934+0000] {logging_mixin.py:188} INFO - [2024-06-20T23:52:09.933+0000] {dag.py:3096} INFO - Sync 2 DAGs
[2024-06-20T23:52:09.943+0000] {logging_mixin.py:188} INFO - [2024-06-20T23:52:09.943+0000] {dag.py:3954} INFO - Setting next_dagrun for example_external_task_marker_child to None, run_after=None
[2024-06-20T23:52:09.947+0000] {logging_mixin.py:188} INFO - [2024-06-20T23:52:09.947+0000] {dag.py:3954} INFO - Setting next_dagrun for example_external_task_marker_parent to None, run_after=None
[2024-06-20T23:52:09.961+0000] {processor.py:183} INFO - Processing /home/airflow/.local/lib/python3.12/site-packages/airflow/example_dags/example_external_task_marker_dag.py took 0.058 seconds
[2024-06-20T23:52:40.410+0000] {processor.py:161} INFO - Started process (PID=1335) to work on /home/airflow/.local/lib/python3.12/site-packages/airflow/example_dags/example_external_task_marker_dag.py
[2024-06-20T23:52:40.411+0000] {processor.py:830} INFO - Processing file /home/airflow/.local/lib/python3.12/site-packages/airflow/example_dags/example_external_task_marker_dag.py for tasks to queue
[2024-06-20T23:52:40.413+0000] {logging_mixin.py:188} INFO - [2024-06-20T23:52:40.412+0000] {dagbag.py:545} INFO - Filling up the DagBag from /home/airflow/.local/lib/python3.12/site-packages/airflow/example_dags/example_external_task_marker_dag.py
[2024-06-20T23:52:40.417+0000] {processor.py:840} INFO - DAG(s) 'example_external_task_marker_child', 'example_external_task_marker_parent' retrieved from /home/airflow/.local/lib/python3.12/site-packages/airflow/example_dags/example_external_task_marker_dag.py
[2024-06-20T23:52:40.437+0000] {logging_mixin.py:188} INFO - [2024-06-20T23:52:40.437+0000] {dag.py:3096} INFO - Sync 2 DAGs
[2024-06-20T23:52:40.447+0000] {logging_mixin.py:188} INFO - [2024-06-20T23:52:40.447+0000] {dag.py:3954} INFO - Setting next_dagrun for example_external_task_marker_child to None, run_after=None
[2024-06-20T23:52:40.451+0000] {logging_mixin.py:188} INFO - [2024-06-20T23:52:40.450+0000] {dag.py:3954} INFO - Setting next_dagrun for example_external_task_marker_parent to None, run_after=None
[2024-06-20T23:52:40.465+0000] {processor.py:183} INFO - Processing /home/airflow/.local/lib/python3.12/site-packages/airflow/example_dags/example_external_task_marker_dag.py took 0.059 seconds
[2024-06-20T23:53:10.618+0000] {processor.py:161} INFO - Started process (PID=1393) to work on /home/airflow/.local/lib/python3.12/site-packages/airflow/example_dags/example_external_task_marker_dag.py
[2024-06-20T23:53:10.619+0000] {processor.py:830} INFO - Processing file /home/airflow/.local/lib/python3.12/site-packages/airflow/example_dags/example_external_task_marker_dag.py for tasks to queue
[2024-06-20T23:53:10.620+0000] {logging_mixin.py:188} INFO - [2024-06-20T23:53:10.620+0000] {dagbag.py:545} INFO - Filling up the DagBag from /home/airflow/.local/lib/python3.12/site-packages/airflow/example_dags/example_external_task_marker_dag.py
[2024-06-20T23:53:10.625+0000] {processor.py:840} INFO - DAG(s) 'example_external_task_marker_parent', 'example_external_task_marker_child' retrieved from /home/airflow/.local/lib/python3.12/site-packages/airflow/example_dags/example_external_task_marker_dag.py
[2024-06-20T23:53:10.645+0000] {logging_mixin.py:188} INFO - [2024-06-20T23:53:10.645+0000] {dag.py:3096} INFO - Sync 2 DAGs
[2024-06-20T23:53:10.656+0000] {logging_mixin.py:188} INFO - [2024-06-20T23:53:10.656+0000] {dag.py:3954} INFO - Setting next_dagrun for example_external_task_marker_child to None, run_after=None
[2024-06-20T23:53:10.659+0000] {logging_mixin.py:188} INFO - [2024-06-20T23:53:10.659+0000] {dag.py:3954} INFO - Setting next_dagrun for example_external_task_marker_parent to None, run_after=None
[2024-06-20T23:53:10.672+0000] {processor.py:183} INFO - Processing /home/airflow/.local/lib/python3.12/site-packages/airflow/example_dags/example_external_task_marker_dag.py took 0.059 seconds
[2024-06-20T23:53:40.794+0000] {processor.py:161} INFO - Started process (PID=1451) to work on /home/airflow/.local/lib/python3.12/site-packages/airflow/example_dags/example_external_task_marker_dag.py
[2024-06-20T23:53:40.796+0000] {processor.py:830} INFO - Processing file /home/airflow/.local/lib/python3.12/site-packages/airflow/example_dags/example_external_task_marker_dag.py for tasks to queue
[2024-06-20T23:53:40.798+0000] {logging_mixin.py:188} INFO - [2024-06-20T23:53:40.798+0000] {dagbag.py:545} INFO - Filling up the DagBag from /home/airflow/.local/lib/python3.12/site-packages/airflow/example_dags/example_external_task_marker_dag.py
[2024-06-20T23:53:40.804+0000] {processor.py:840} INFO - DAG(s) 'example_external_task_marker_child', 'example_external_task_marker_parent' retrieved from /home/airflow/.local/lib/python3.12/site-packages/airflow/example_dags/example_external_task_marker_dag.py
[2024-06-20T23:53:40.827+0000] {logging_mixin.py:188} INFO - [2024-06-20T23:53:40.827+0000] {dag.py:3096} INFO - Sync 2 DAGs
[2024-06-20T23:53:40.843+0000] {logging_mixin.py:188} INFO - [2024-06-20T23:53:40.842+0000] {dag.py:3954} INFO - Setting next_dagrun for example_external_task_marker_child to None, run_after=None
[2024-06-20T23:53:40.847+0000] {logging_mixin.py:188} INFO - [2024-06-20T23:53:40.847+0000] {dag.py:3954} INFO - Setting next_dagrun for example_external_task_marker_parent to None, run_after=None
[2024-06-20T23:53:40.866+0000] {processor.py:183} INFO - Processing /home/airflow/.local/lib/python3.12/site-packages/airflow/example_dags/example_external_task_marker_dag.py took 0.077 seconds
[2024-06-20T23:54:10.983+0000] {processor.py:161} INFO - Started process (PID=1509) to work on /home/airflow/.local/lib/python3.12/site-packages/airflow/example_dags/example_external_task_marker_dag.py
[2024-06-20T23:54:10.984+0000] {processor.py:830} INFO - Processing file /home/airflow/.local/lib/python3.12/site-packages/airflow/example_dags/example_external_task_marker_dag.py for tasks to queue
[2024-06-20T23:54:10.986+0000] {logging_mixin.py:188} INFO - [2024-06-20T23:54:10.985+0000] {dagbag.py:545} INFO - Filling up the DagBag from /home/airflow/.local/lib/python3.12/site-packages/airflow/example_dags/example_external_task_marker_dag.py
[2024-06-20T23:54:10.991+0000] {processor.py:840} INFO - DAG(s) 'example_external_task_marker_child', 'example_external_task_marker_parent' retrieved from /home/airflow/.local/lib/python3.12/site-packages/airflow/example_dags/example_external_task_marker_dag.py
[2024-06-20T23:54:11.014+0000] {logging_mixin.py:188} INFO - [2024-06-20T23:54:11.014+0000] {dag.py:3096} INFO - Sync 2 DAGs
[2024-06-20T23:54:11.027+0000] {logging_mixin.py:188} INFO - [2024-06-20T23:54:11.027+0000] {dag.py:3954} INFO - Setting next_dagrun for example_external_task_marker_child to None, run_after=None
[2024-06-20T23:54:11.031+0000] {logging_mixin.py:188} INFO - [2024-06-20T23:54:11.031+0000] {dag.py:3954} INFO - Setting next_dagrun for example_external_task_marker_parent to None, run_after=None
[2024-06-20T23:54:11.046+0000] {processor.py:183} INFO - Processing /home/airflow/.local/lib/python3.12/site-packages/airflow/example_dags/example_external_task_marker_dag.py took 0.068 seconds
[2024-06-20T23:54:41.203+0000] {processor.py:161} INFO - Started process (PID=1567) to work on /home/airflow/.local/lib/python3.12/site-packages/airflow/example_dags/example_external_task_marker_dag.py
[2024-06-20T23:54:41.205+0000] {processor.py:830} INFO - Processing file /home/airflow/.local/lib/python3.12/site-packages/airflow/example_dags/example_external_task_marker_dag.py for tasks to queue
[2024-06-20T23:54:41.207+0000] {logging_mixin.py:188} INFO - [2024-06-20T23:54:41.206+0000] {dagbag.py:545} INFO - Filling up the DagBag from /home/airflow/.local/lib/python3.12/site-packages/airflow/example_dags/example_external_task_marker_dag.py
[2024-06-20T23:54:41.212+0000] {processor.py:840} INFO - DAG(s) 'example_external_task_marker_child', 'example_external_task_marker_parent' retrieved from /home/airflow/.local/lib/python3.12/site-packages/airflow/example_dags/example_external_task_marker_dag.py
[2024-06-20T23:54:41.233+0000] {logging_mixin.py:188} INFO - [2024-06-20T23:54:41.232+0000] {dag.py:3096} INFO - Sync 2 DAGs
[2024-06-20T23:54:41.244+0000] {logging_mixin.py:188} INFO - [2024-06-20T23:54:41.244+0000] {dag.py:3954} INFO - Setting next_dagrun for example_external_task_marker_child to None, run_after=None
[2024-06-20T23:54:41.247+0000] {logging_mixin.py:188} INFO - [2024-06-20T23:54:41.247+0000] {dag.py:3954} INFO - Setting next_dagrun for example_external_task_marker_parent to None, run_after=None
[2024-06-20T23:54:41.261+0000] {processor.py:183} INFO - Processing /home/airflow/.local/lib/python3.12/site-packages/airflow/example_dags/example_external_task_marker_dag.py took 0.062 seconds
[2024-06-20T23:55:11.532+0000] {processor.py:161} INFO - Started process (PID=1625) to work on /home/airflow/.local/lib/python3.12/site-packages/airflow/example_dags/example_external_task_marker_dag.py
[2024-06-20T23:55:11.533+0000] {processor.py:830} INFO - Processing file /home/airflow/.local/lib/python3.12/site-packages/airflow/example_dags/example_external_task_marker_dag.py for tasks to queue
[2024-06-20T23:55:11.535+0000] {logging_mixin.py:188} INFO - [2024-06-20T23:55:11.535+0000] {dagbag.py:545} INFO - Filling up the DagBag from /home/airflow/.local/lib/python3.12/site-packages/airflow/example_dags/example_external_task_marker_dag.py
[2024-06-20T23:55:11.543+0000] {processor.py:840} INFO - DAG(s) 'example_external_task_marker_child', 'example_external_task_marker_parent' retrieved from /home/airflow/.local/lib/python3.12/site-packages/airflow/example_dags/example_external_task_marker_dag.py
[2024-06-20T23:55:11.564+0000] {logging_mixin.py:188} INFO - [2024-06-20T23:55:11.564+0000] {dag.py:3096} INFO - Sync 2 DAGs
[2024-06-20T23:55:11.576+0000] {logging_mixin.py:188} INFO - [2024-06-20T23:55:11.576+0000] {dag.py:3954} INFO - Setting next_dagrun for example_external_task_marker_child to None, run_after=None
[2024-06-20T23:55:11.580+0000] {logging_mixin.py:188} INFO - [2024-06-20T23:55:11.580+0000] {dag.py:3954} INFO - Setting next_dagrun for example_external_task_marker_parent to None, run_after=None
[2024-06-20T23:55:11.597+0000] {processor.py:183} INFO - Processing /home/airflow/.local/lib/python3.12/site-packages/airflow/example_dags/example_external_task_marker_dag.py took 0.070 seconds
[2024-06-20T23:55:41.841+0000] {processor.py:161} INFO - Started process (PID=1683) to work on /home/airflow/.local/lib/python3.12/site-packages/airflow/example_dags/example_external_task_marker_dag.py
[2024-06-20T23:55:41.842+0000] {processor.py:830} INFO - Processing file /home/airflow/.local/lib/python3.12/site-packages/airflow/example_dags/example_external_task_marker_dag.py for tasks to queue
[2024-06-20T23:55:41.844+0000] {logging_mixin.py:188} INFO - [2024-06-20T23:55:41.843+0000] {dagbag.py:545} INFO - Filling up the DagBag from /home/airflow/.local/lib/python3.12/site-packages/airflow/example_dags/example_external_task_marker_dag.py
[2024-06-20T23:55:41.849+0000] {processor.py:840} INFO - DAG(s) 'example_external_task_marker_parent', 'example_external_task_marker_child' retrieved from /home/airflow/.local/lib/python3.12/site-packages/airflow/example_dags/example_external_task_marker_dag.py
[2024-06-20T23:55:41.868+0000] {logging_mixin.py:188} INFO - [2024-06-20T23:55:41.867+0000] {dag.py:3096} INFO - Sync 2 DAGs
[2024-06-20T23:55:41.879+0000] {logging_mixin.py:188} INFO - [2024-06-20T23:55:41.878+0000] {dag.py:3954} INFO - Setting next_dagrun for example_external_task_marker_child to None, run_after=None
[2024-06-20T23:55:41.882+0000] {logging_mixin.py:188} INFO - [2024-06-20T23:55:41.882+0000] {dag.py:3954} INFO - Setting next_dagrun for example_external_task_marker_parent to None, run_after=None
[2024-06-20T23:55:41.896+0000] {processor.py:183} INFO - Processing /home/airflow/.local/lib/python3.12/site-packages/airflow/example_dags/example_external_task_marker_dag.py took 0.060 seconds
[2024-06-20T23:56:12.113+0000] {processor.py:161} INFO - Started process (PID=1741) to work on /home/airflow/.local/lib/python3.12/site-packages/airflow/example_dags/example_external_task_marker_dag.py
[2024-06-20T23:56:12.114+0000] {processor.py:830} INFO - Processing file /home/airflow/.local/lib/python3.12/site-packages/airflow/example_dags/example_external_task_marker_dag.py for tasks to queue
[2024-06-20T23:56:12.116+0000] {logging_mixin.py:188} INFO - [2024-06-20T23:56:12.116+0000] {dagbag.py:545} INFO - Filling up the DagBag from /home/airflow/.local/lib/python3.12/site-packages/airflow/example_dags/example_external_task_marker_dag.py
[2024-06-20T23:56:12.122+0000] {processor.py:840} INFO - DAG(s) 'example_external_task_marker_parent', 'example_external_task_marker_child' retrieved from /home/airflow/.local/lib/python3.12/site-packages/airflow/example_dags/example_external_task_marker_dag.py
[2024-06-20T23:56:12.143+0000] {logging_mixin.py:188} INFO - [2024-06-20T23:56:12.142+0000] {dag.py:3096} INFO - Sync 2 DAGs
[2024-06-20T23:56:12.158+0000] {logging_mixin.py:188} INFO - [2024-06-20T23:56:12.158+0000] {dag.py:3954} INFO - Setting next_dagrun for example_external_task_marker_child to None, run_after=None
[2024-06-20T23:56:12.163+0000] {logging_mixin.py:188} INFO - [2024-06-20T23:56:12.163+0000] {dag.py:3954} INFO - Setting next_dagrun for example_external_task_marker_parent to None, run_after=None
[2024-06-20T23:56:12.179+0000] {processor.py:183} INFO - Processing /home/airflow/.local/lib/python3.12/site-packages/airflow/example_dags/example_external_task_marker_dag.py took 0.070 seconds
[2024-06-20T23:56:42.523+0000] {processor.py:161} INFO - Started process (PID=1799) to work on /home/airflow/.local/lib/python3.12/site-packages/airflow/example_dags/example_external_task_marker_dag.py
[2024-06-20T23:56:42.524+0000] {processor.py:830} INFO - Processing file /home/airflow/.local/lib/python3.12/site-packages/airflow/example_dags/example_external_task_marker_dag.py for tasks to queue
[2024-06-20T23:56:42.525+0000] {logging_mixin.py:188} INFO - [2024-06-20T23:56:42.525+0000] {dagbag.py:545} INFO - Filling up the DagBag from /home/airflow/.local/lib/python3.12/site-packages/airflow/example_dags/example_external_task_marker_dag.py
[2024-06-20T23:56:42.530+0000] {processor.py:840} INFO - DAG(s) 'example_external_task_marker_parent', 'example_external_task_marker_child' retrieved from /home/airflow/.local/lib/python3.12/site-packages/airflow/example_dags/example_external_task_marker_dag.py
[2024-06-20T23:56:42.549+0000] {logging_mixin.py:188} INFO - [2024-06-20T23:56:42.549+0000] {dag.py:3096} INFO - Sync 2 DAGs
[2024-06-20T23:56:42.561+0000] {logging_mixin.py:188} INFO - [2024-06-20T23:56:42.560+0000] {dag.py:3954} INFO - Setting next_dagrun for example_external_task_marker_child to None, run_after=None
[2024-06-20T23:56:42.564+0000] {logging_mixin.py:188} INFO - [2024-06-20T23:56:42.564+0000] {dag.py:3954} INFO - Setting next_dagrun for example_external_task_marker_parent to None, run_after=None
[2024-06-20T23:56:42.578+0000] {processor.py:183} INFO - Processing /home/airflow/.local/lib/python3.12/site-packages/airflow/example_dags/example_external_task_marker_dag.py took 0.060 seconds
[2024-06-20T23:57:12.734+0000] {processor.py:161} INFO - Started process (PID=1857) to work on /home/airflow/.local/lib/python3.12/site-packages/airflow/example_dags/example_external_task_marker_dag.py
[2024-06-20T23:57:12.735+0000] {processor.py:830} INFO - Processing file /home/airflow/.local/lib/python3.12/site-packages/airflow/example_dags/example_external_task_marker_dag.py for tasks to queue
[2024-06-20T23:57:12.737+0000] {logging_mixin.py:188} INFO - [2024-06-20T23:57:12.737+0000] {dagbag.py:545} INFO - Filling up the DagBag from /home/airflow/.local/lib/python3.12/site-packages/airflow/example_dags/example_external_task_marker_dag.py
[2024-06-20T23:57:12.742+0000] {processor.py:840} INFO - DAG(s) 'example_external_task_marker_child', 'example_external_task_marker_parent' retrieved from /home/airflow/.local/lib/python3.12/site-packages/airflow/example_dags/example_external_task_marker_dag.py
[2024-06-20T23:57:12.760+0000] {logging_mixin.py:188} INFO - [2024-06-20T23:57:12.760+0000] {dag.py:3096} INFO - Sync 2 DAGs
[2024-06-20T23:57:12.770+0000] {logging_mixin.py:188} INFO - [2024-06-20T23:57:12.770+0000] {dag.py:3954} INFO - Setting next_dagrun for example_external_task_marker_child to None, run_after=None
[2024-06-20T23:57:12.773+0000] {logging_mixin.py:188} INFO - [2024-06-20T23:57:12.773+0000] {dag.py:3954} INFO - Setting next_dagrun for example_external_task_marker_parent to None, run_after=None
[2024-06-20T23:57:12.788+0000] {processor.py:183} INFO - Processing /home/airflow/.local/lib/python3.12/site-packages/airflow/example_dags/example_external_task_marker_dag.py took 0.058 seconds
[2024-06-20T23:57:43.286+0000] {processor.py:161} INFO - Started process (PID=1915) to work on /home/airflow/.local/lib/python3.12/site-packages/airflow/example_dags/example_external_task_marker_dag.py
[2024-06-20T23:57:43.287+0000] {processor.py:830} INFO - Processing file /home/airflow/.local/lib/python3.12/site-packages/airflow/example_dags/example_external_task_marker_dag.py for tasks to queue
[2024-06-20T23:57:43.288+0000] {logging_mixin.py:188} INFO - [2024-06-20T23:57:43.288+0000] {dagbag.py:545} INFO - Filling up the DagBag from /home/airflow/.local/lib/python3.12/site-packages/airflow/example_dags/example_external_task_marker_dag.py
[2024-06-20T23:57:43.293+0000] {processor.py:840} INFO - DAG(s) 'example_external_task_marker_child', 'example_external_task_marker_parent' retrieved from /home/airflow/.local/lib/python3.12/site-packages/airflow/example_dags/example_external_task_marker_dag.py
[2024-06-20T23:57:43.313+0000] {logging_mixin.py:188} INFO - [2024-06-20T23:57:43.313+0000] {dag.py:3096} INFO - Sync 2 DAGs
[2024-06-20T23:57:43.323+0000] {logging_mixin.py:188} INFO - [2024-06-20T23:57:43.323+0000] {dag.py:3954} INFO - Setting next_dagrun for example_external_task_marker_child to None, run_after=None
[2024-06-20T23:57:43.326+0000] {logging_mixin.py:188} INFO - [2024-06-20T23:57:43.326+0000] {dag.py:3954} INFO - Setting next_dagrun for example_external_task_marker_parent to None, run_after=None
[2024-06-20T23:57:43.340+0000] {processor.py:183} INFO - Processing /home/airflow/.local/lib/python3.12/site-packages/airflow/example_dags/example_external_task_marker_dag.py took 0.059 seconds
[2024-06-20T23:58:14.674+0000] {processor.py:161} INFO - Started process (PID=1973) to work on /home/airflow/.local/lib/python3.12/site-packages/airflow/example_dags/example_external_task_marker_dag.py
[2024-06-20T23:58:14.675+0000] {processor.py:830} INFO - Processing file /home/airflow/.local/lib/python3.12/site-packages/airflow/example_dags/example_external_task_marker_dag.py for tasks to queue
[2024-06-20T23:58:14.676+0000] {logging_mixin.py:188} INFO - [2024-06-20T23:58:14.676+0000] {dagbag.py:545} INFO - Filling up the DagBag from /home/airflow/.local/lib/python3.12/site-packages/airflow/example_dags/example_external_task_marker_dag.py
[2024-06-20T23:58:14.681+0000] {processor.py:840} INFO - DAG(s) 'example_external_task_marker_parent', 'example_external_task_marker_child' retrieved from /home/airflow/.local/lib/python3.12/site-packages/airflow/example_dags/example_external_task_marker_dag.py
[2024-06-20T23:58:14.823+0000] {logging_mixin.py:188} INFO - [2024-06-20T23:58:14.822+0000] {dag.py:3096} INFO - Sync 2 DAGs
[2024-06-20T23:58:14.832+0000] {logging_mixin.py:188} INFO - [2024-06-20T23:58:14.832+0000] {dag.py:3954} INFO - Setting next_dagrun for example_external_task_marker_child to None, run_after=None
[2024-06-20T23:58:14.836+0000] {logging_mixin.py:188} INFO - [2024-06-20T23:58:14.836+0000] {dag.py:3954} INFO - Setting next_dagrun for example_external_task_marker_parent to None, run_after=None
[2024-06-20T23:58:14.848+0000] {processor.py:183} INFO - Processing /home/airflow/.local/lib/python3.12/site-packages/airflow/example_dags/example_external_task_marker_dag.py took 0.179 seconds
[2024-06-20T23:58:45.182+0000] {processor.py:161} INFO - Started process (PID=2031) to work on /home/airflow/.local/lib/python3.12/site-packages/airflow/example_dags/example_external_task_marker_dag.py
[2024-06-20T23:58:45.183+0000] {processor.py:830} INFO - Processing file /home/airflow/.local/lib/python3.12/site-packages/airflow/example_dags/example_external_task_marker_dag.py for tasks to queue
[2024-06-20T23:58:45.185+0000] {logging_mixin.py:188} INFO - [2024-06-20T23:58:45.184+0000] {dagbag.py:545} INFO - Filling up the DagBag from /home/airflow/.local/lib/python3.12/site-packages/airflow/example_dags/example_external_task_marker_dag.py
[2024-06-20T23:58:45.190+0000] {processor.py:840} INFO - DAG(s) 'example_external_task_marker_child', 'example_external_task_marker_parent' retrieved from /home/airflow/.local/lib/python3.12/site-packages/airflow/example_dags/example_external_task_marker_dag.py
[2024-06-20T23:58:45.211+0000] {logging_mixin.py:188} INFO - [2024-06-20T23:58:45.211+0000] {dag.py:3096} INFO - Sync 2 DAGs
[2024-06-20T23:58:45.334+0000] {logging_mixin.py:188} INFO - [2024-06-20T23:58:45.334+0000] {dag.py:3954} INFO - Setting next_dagrun for example_external_task_marker_child to None, run_after=None
[2024-06-20T23:58:45.338+0000] {logging_mixin.py:188} INFO - [2024-06-20T23:58:45.338+0000] {dag.py:3954} INFO - Setting next_dagrun for example_external_task_marker_parent to None, run_after=None
[2024-06-20T23:58:45.353+0000] {processor.py:183} INFO - Processing /home/airflow/.local/lib/python3.12/site-packages/airflow/example_dags/example_external_task_marker_dag.py took 0.176 seconds
[2024-06-20T23:59:15.764+0000] {processor.py:161} INFO - Started process (PID=2089) to work on /home/airflow/.local/lib/python3.12/site-packages/airflow/example_dags/example_external_task_marker_dag.py
[2024-06-20T23:59:15.764+0000] {processor.py:830} INFO - Processing file /home/airflow/.local/lib/python3.12/site-packages/airflow/example_dags/example_external_task_marker_dag.py for tasks to queue
[2024-06-20T23:59:15.766+0000] {logging_mixin.py:188} INFO - [2024-06-20T23:59:15.766+0000] {dagbag.py:545} INFO - Filling up the DagBag from /home/airflow/.local/lib/python3.12/site-packages/airflow/example_dags/example_external_task_marker_dag.py
[2024-06-20T23:59:15.771+0000] {processor.py:840} INFO - DAG(s) 'example_external_task_marker_child', 'example_external_task_marker_parent' retrieved from /home/airflow/.local/lib/python3.12/site-packages/airflow/example_dags/example_external_task_marker_dag.py
[2024-06-20T23:59:15.790+0000] {logging_mixin.py:188} INFO - [2024-06-20T23:59:15.789+0000] {dag.py:3096} INFO - Sync 2 DAGs
[2024-06-20T23:59:15.799+0000] {logging_mixin.py:188} INFO - [2024-06-20T23:59:15.799+0000] {dag.py:3954} INFO - Setting next_dagrun for example_external_task_marker_child to None, run_after=None
[2024-06-20T23:59:15.803+0000] {logging_mixin.py:188} INFO - [2024-06-20T23:59:15.803+0000] {dag.py:3954} INFO - Setting next_dagrun for example_external_task_marker_parent to None, run_after=None
[2024-06-20T23:59:15.816+0000] {processor.py:183} INFO - Processing /home/airflow/.local/lib/python3.12/site-packages/airflow/example_dags/example_external_task_marker_dag.py took 0.058 seconds
[2024-06-20T23:59:46.418+0000] {processor.py:161} INFO - Started process (PID=2147) to work on /home/airflow/.local/lib/python3.12/site-packages/airflow/example_dags/example_external_task_marker_dag.py
[2024-06-20T23:59:46.419+0000] {processor.py:830} INFO - Processing file /home/airflow/.local/lib/python3.12/site-packages/airflow/example_dags/example_external_task_marker_dag.py for tasks to queue
[2024-06-20T23:59:46.421+0000] {logging_mixin.py:188} INFO - [2024-06-20T23:59:46.421+0000] {dagbag.py:545} INFO - Filling up the DagBag from /home/airflow/.local/lib/python3.12/site-packages/airflow/example_dags/example_external_task_marker_dag.py
[2024-06-20T23:59:46.426+0000] {processor.py:840} INFO - DAG(s) 'example_external_task_marker_child', 'example_external_task_marker_parent' retrieved from /home/airflow/.local/lib/python3.12/site-packages/airflow/example_dags/example_external_task_marker_dag.py
[2024-06-20T23:59:46.447+0000] {logging_mixin.py:188} INFO - [2024-06-20T23:59:46.447+0000] {dag.py:3096} INFO - Sync 2 DAGs
[2024-06-20T23:59:46.458+0000] {logging_mixin.py:188} INFO - [2024-06-20T23:59:46.458+0000] {dag.py:3954} INFO - Setting next_dagrun for example_external_task_marker_child to None, run_after=None
[2024-06-20T23:59:46.462+0000] {logging_mixin.py:188} INFO - [2024-06-20T23:59:46.462+0000] {dag.py:3954} INFO - Setting next_dagrun for example_external_task_marker_parent to None, run_after=None
[2024-06-20T23:59:46.478+0000] {processor.py:183} INFO - Processing /home/airflow/.local/lib/python3.12/site-packages/airflow/example_dags/example_external_task_marker_dag.py took 0.064 seconds
