[2024-06-20T23:41:01.048+0000] {processor.py:161} INFO - Started process (PID=63) to work on /home/airflow/.local/lib/python3.12/site-packages/airflow/example_dags/example_task_group.py
[2024-06-20T23:41:01.049+0000] {processor.py:830} INFO - Processing file /home/airflow/.local/lib/python3.12/site-packages/airflow/example_dags/example_task_group.py for tasks to queue
[2024-06-20T23:41:01.051+0000] {logging_mixin.py:188} INFO - [2024-06-20T23:41:01.051+0000] {dagbag.py:545} INFO - Filling up the DagBag from /home/airflow/.local/lib/python3.12/site-packages/airflow/example_dags/example_task_group.py
[2024-06-20T23:41:01.059+0000] {processor.py:840} INFO - DAG(s) 'example_task_group' retrieved from /home/airflow/.local/lib/python3.12/site-packages/airflow/example_dags/example_task_group.py
[2024-06-20T23:41:01.074+0000] {logging_mixin.py:188} INFO - [2024-06-20T23:41:01.074+0000] {dag.py:3096} INFO - Sync 1 DAGs
[2024-06-20T23:41:01.101+0000] {logging_mixin.py:188} INFO - [2024-06-20T23:41:01.101+0000] {dag.py:3954} INFO - Setting next_dagrun for example_task_group to 2024-06-19 00:00:00+00:00, run_after=2024-06-20 00:00:00+00:00
[2024-06-20T23:41:01.119+0000] {processor.py:183} INFO - Processing /home/airflow/.local/lib/python3.12/site-packages/airflow/example_dags/example_task_group.py took 0.075 seconds
[2024-06-20T23:41:29.811+0000] {processor.py:161} INFO - Started process (PID=63) to work on /home/airflow/.local/lib/python3.12/site-packages/airflow/example_dags/example_task_group.py
[2024-06-20T23:41:29.811+0000] {processor.py:830} INFO - Processing file /home/airflow/.local/lib/python3.12/site-packages/airflow/example_dags/example_task_group.py for tasks to queue
[2024-06-20T23:41:29.813+0000] {logging_mixin.py:188} INFO - [2024-06-20T23:41:29.813+0000] {dagbag.py:545} INFO - Filling up the DagBag from /home/airflow/.local/lib/python3.12/site-packages/airflow/example_dags/example_task_group.py
[2024-06-20T23:41:29.820+0000] {processor.py:840} INFO - DAG(s) 'example_task_group' retrieved from /home/airflow/.local/lib/python3.12/site-packages/airflow/example_dags/example_task_group.py
[2024-06-20T23:41:29.915+0000] {logging_mixin.py:188} INFO - [2024-06-20T23:41:29.914+0000] {dag.py:3096} INFO - Sync 1 DAGs
[2024-06-20T23:41:29.933+0000] {logging_mixin.py:188} INFO - [2024-06-20T23:41:29.933+0000] {dag.py:3954} INFO - Setting next_dagrun for example_task_group to 2024-06-19 00:00:00+00:00, run_after=2024-06-20 00:00:00+00:00
[2024-06-20T23:41:29.950+0000] {processor.py:183} INFO - Processing /home/airflow/.local/lib/python3.12/site-packages/airflow/example_dags/example_task_group.py took 0.145 seconds
[2024-06-20T23:41:59.998+0000] {processor.py:161} INFO - Started process (PID=121) to work on /home/airflow/.local/lib/python3.12/site-packages/airflow/example_dags/example_task_group.py
[2024-06-20T23:41:59.999+0000] {processor.py:830} INFO - Processing file /home/airflow/.local/lib/python3.12/site-packages/airflow/example_dags/example_task_group.py for tasks to queue
[2024-06-20T23:42:00.001+0000] {logging_mixin.py:188} INFO - [2024-06-20T23:42:00.001+0000] {dagbag.py:545} INFO - Filling up the DagBag from /home/airflow/.local/lib/python3.12/site-packages/airflow/example_dags/example_task_group.py
[2024-06-20T23:42:00.007+0000] {processor.py:840} INFO - DAG(s) 'example_task_group' retrieved from /home/airflow/.local/lib/python3.12/site-packages/airflow/example_dags/example_task_group.py
[2024-06-20T23:42:00.027+0000] {logging_mixin.py:188} INFO - [2024-06-20T23:42:00.027+0000] {dag.py:3096} INFO - Sync 1 DAGs
[2024-06-20T23:42:00.045+0000] {logging_mixin.py:188} INFO - [2024-06-20T23:42:00.045+0000] {dag.py:3954} INFO - Setting next_dagrun for example_task_group to 2024-06-19 00:00:00+00:00, run_after=2024-06-20 00:00:00+00:00
[2024-06-20T23:42:00.062+0000] {processor.py:183} INFO - Processing /home/airflow/.local/lib/python3.12/site-packages/airflow/example_dags/example_task_group.py took 0.069 seconds
[2024-06-20T23:42:30.419+0000] {processor.py:161} INFO - Started process (PID=179) to work on /home/airflow/.local/lib/python3.12/site-packages/airflow/example_dags/example_task_group.py
[2024-06-20T23:42:30.420+0000] {processor.py:830} INFO - Processing file /home/airflow/.local/lib/python3.12/site-packages/airflow/example_dags/example_task_group.py for tasks to queue
[2024-06-20T23:42:30.422+0000] {logging_mixin.py:188} INFO - [2024-06-20T23:42:30.422+0000] {dagbag.py:545} INFO - Filling up the DagBag from /home/airflow/.local/lib/python3.12/site-packages/airflow/example_dags/example_task_group.py
[2024-06-20T23:42:30.428+0000] {processor.py:840} INFO - DAG(s) 'example_task_group' retrieved from /home/airflow/.local/lib/python3.12/site-packages/airflow/example_dags/example_task_group.py
[2024-06-20T23:42:30.445+0000] {logging_mixin.py:188} INFO - [2024-06-20T23:42:30.445+0000] {dag.py:3096} INFO - Sync 1 DAGs
[2024-06-20T23:42:30.462+0000] {logging_mixin.py:188} INFO - [2024-06-20T23:42:30.462+0000] {dag.py:3954} INFO - Setting next_dagrun for example_task_group to 2024-06-19 00:00:00+00:00, run_after=2024-06-20 00:00:00+00:00
[2024-06-20T23:42:30.477+0000] {processor.py:183} INFO - Processing /home/airflow/.local/lib/python3.12/site-packages/airflow/example_dags/example_task_group.py took 0.062 seconds
[2024-06-20T23:43:00.604+0000] {processor.py:161} INFO - Started process (PID=237) to work on /home/airflow/.local/lib/python3.12/site-packages/airflow/example_dags/example_task_group.py
[2024-06-20T23:43:00.605+0000] {processor.py:830} INFO - Processing file /home/airflow/.local/lib/python3.12/site-packages/airflow/example_dags/example_task_group.py for tasks to queue
[2024-06-20T23:43:00.607+0000] {logging_mixin.py:188} INFO - [2024-06-20T23:43:00.606+0000] {dagbag.py:545} INFO - Filling up the DagBag from /home/airflow/.local/lib/python3.12/site-packages/airflow/example_dags/example_task_group.py
[2024-06-20T23:43:00.613+0000] {processor.py:840} INFO - DAG(s) 'example_task_group' retrieved from /home/airflow/.local/lib/python3.12/site-packages/airflow/example_dags/example_task_group.py
[2024-06-20T23:43:00.632+0000] {logging_mixin.py:188} INFO - [2024-06-20T23:43:00.632+0000] {dag.py:3096} INFO - Sync 1 DAGs
[2024-06-20T23:43:00.651+0000] {logging_mixin.py:188} INFO - [2024-06-20T23:43:00.651+0000] {dag.py:3954} INFO - Setting next_dagrun for example_task_group to 2024-06-19 00:00:00+00:00, run_after=2024-06-20 00:00:00+00:00
[2024-06-20T23:43:00.669+0000] {processor.py:183} INFO - Processing /home/airflow/.local/lib/python3.12/site-packages/airflow/example_dags/example_task_group.py took 0.069 seconds
[2024-06-20T23:43:30.874+0000] {processor.py:161} INFO - Started process (PID=295) to work on /home/airflow/.local/lib/python3.12/site-packages/airflow/example_dags/example_task_group.py
[2024-06-20T23:43:30.875+0000] {processor.py:830} INFO - Processing file /home/airflow/.local/lib/python3.12/site-packages/airflow/example_dags/example_task_group.py for tasks to queue
[2024-06-20T23:43:30.878+0000] {logging_mixin.py:188} INFO - [2024-06-20T23:43:30.877+0000] {dagbag.py:545} INFO - Filling up the DagBag from /home/airflow/.local/lib/python3.12/site-packages/airflow/example_dags/example_task_group.py
[2024-06-20T23:43:30.885+0000] {processor.py:840} INFO - DAG(s) 'example_task_group' retrieved from /home/airflow/.local/lib/python3.12/site-packages/airflow/example_dags/example_task_group.py
[2024-06-20T23:43:30.906+0000] {logging_mixin.py:188} INFO - [2024-06-20T23:43:30.905+0000] {dag.py:3096} INFO - Sync 1 DAGs
[2024-06-20T23:43:30.928+0000] {logging_mixin.py:188} INFO - [2024-06-20T23:43:30.928+0000] {dag.py:3954} INFO - Setting next_dagrun for example_task_group to 2024-06-19 00:00:00+00:00, run_after=2024-06-20 00:00:00+00:00
[2024-06-20T23:43:30.943+0000] {processor.py:183} INFO - Processing /home/airflow/.local/lib/python3.12/site-packages/airflow/example_dags/example_task_group.py took 0.074 seconds
[2024-06-20T23:44:01.377+0000] {processor.py:161} INFO - Started process (PID=353) to work on /home/airflow/.local/lib/python3.12/site-packages/airflow/example_dags/example_task_group.py
[2024-06-20T23:44:01.378+0000] {processor.py:830} INFO - Processing file /home/airflow/.local/lib/python3.12/site-packages/airflow/example_dags/example_task_group.py for tasks to queue
[2024-06-20T23:44:01.380+0000] {logging_mixin.py:188} INFO - [2024-06-20T23:44:01.380+0000] {dagbag.py:545} INFO - Filling up the DagBag from /home/airflow/.local/lib/python3.12/site-packages/airflow/example_dags/example_task_group.py
[2024-06-20T23:44:01.386+0000] {processor.py:840} INFO - DAG(s) 'example_task_group' retrieved from /home/airflow/.local/lib/python3.12/site-packages/airflow/example_dags/example_task_group.py
[2024-06-20T23:44:01.403+0000] {logging_mixin.py:188} INFO - [2024-06-20T23:44:01.403+0000] {dag.py:3096} INFO - Sync 1 DAGs
[2024-06-20T23:44:01.421+0000] {logging_mixin.py:188} INFO - [2024-06-20T23:44:01.421+0000] {dag.py:3954} INFO - Setting next_dagrun for example_task_group to 2024-06-19 00:00:00+00:00, run_after=2024-06-20 00:00:00+00:00
[2024-06-20T23:44:01.436+0000] {processor.py:183} INFO - Processing /home/airflow/.local/lib/python3.12/site-packages/airflow/example_dags/example_task_group.py took 0.063 seconds
[2024-06-20T23:44:31.945+0000] {processor.py:161} INFO - Started process (PID=411) to work on /home/airflow/.local/lib/python3.12/site-packages/airflow/example_dags/example_task_group.py
[2024-06-20T23:44:31.946+0000] {processor.py:830} INFO - Processing file /home/airflow/.local/lib/python3.12/site-packages/airflow/example_dags/example_task_group.py for tasks to queue
[2024-06-20T23:44:31.947+0000] {logging_mixin.py:188} INFO - [2024-06-20T23:44:31.947+0000] {dagbag.py:545} INFO - Filling up the DagBag from /home/airflow/.local/lib/python3.12/site-packages/airflow/example_dags/example_task_group.py
[2024-06-20T23:44:31.953+0000] {processor.py:840} INFO - DAG(s) 'example_task_group' retrieved from /home/airflow/.local/lib/python3.12/site-packages/airflow/example_dags/example_task_group.py
[2024-06-20T23:44:31.973+0000] {logging_mixin.py:188} INFO - [2024-06-20T23:44:31.972+0000] {dag.py:3096} INFO - Sync 1 DAGs
[2024-06-20T23:44:31.990+0000] {logging_mixin.py:188} INFO - [2024-06-20T23:44:31.990+0000] {dag.py:3954} INFO - Setting next_dagrun for example_task_group to 2024-06-19 00:00:00+00:00, run_after=2024-06-20 00:00:00+00:00
[2024-06-20T23:44:32.005+0000] {processor.py:183} INFO - Processing /home/airflow/.local/lib/python3.12/site-packages/airflow/example_dags/example_task_group.py took 0.065 seconds
[2024-06-20T23:45:02.642+0000] {processor.py:161} INFO - Started process (PID=469) to work on /home/airflow/.local/lib/python3.12/site-packages/airflow/example_dags/example_task_group.py
[2024-06-20T23:45:02.643+0000] {processor.py:830} INFO - Processing file /home/airflow/.local/lib/python3.12/site-packages/airflow/example_dags/example_task_group.py for tasks to queue
[2024-06-20T23:45:02.644+0000] {logging_mixin.py:188} INFO - [2024-06-20T23:45:02.644+0000] {dagbag.py:545} INFO - Filling up the DagBag from /home/airflow/.local/lib/python3.12/site-packages/airflow/example_dags/example_task_group.py
[2024-06-20T23:45:02.651+0000] {processor.py:840} INFO - DAG(s) 'example_task_group' retrieved from /home/airflow/.local/lib/python3.12/site-packages/airflow/example_dags/example_task_group.py
[2024-06-20T23:45:02.670+0000] {logging_mixin.py:188} INFO - [2024-06-20T23:45:02.669+0000] {dag.py:3096} INFO - Sync 1 DAGs
[2024-06-20T23:45:02.687+0000] {logging_mixin.py:188} INFO - [2024-06-20T23:45:02.687+0000] {dag.py:3954} INFO - Setting next_dagrun for example_task_group to 2024-06-19 00:00:00+00:00, run_after=2024-06-20 00:00:00+00:00
[2024-06-20T23:45:02.703+0000] {processor.py:183} INFO - Processing /home/airflow/.local/lib/python3.12/site-packages/airflow/example_dags/example_task_group.py took 0.066 seconds
[2024-06-20T23:45:33.342+0000] {processor.py:161} INFO - Started process (PID=527) to work on /home/airflow/.local/lib/python3.12/site-packages/airflow/example_dags/example_task_group.py
[2024-06-20T23:45:33.343+0000] {processor.py:830} INFO - Processing file /home/airflow/.local/lib/python3.12/site-packages/airflow/example_dags/example_task_group.py for tasks to queue
[2024-06-20T23:45:33.344+0000] {logging_mixin.py:188} INFO - [2024-06-20T23:45:33.344+0000] {dagbag.py:545} INFO - Filling up the DagBag from /home/airflow/.local/lib/python3.12/site-packages/airflow/example_dags/example_task_group.py
[2024-06-20T23:45:33.351+0000] {processor.py:840} INFO - DAG(s) 'example_task_group' retrieved from /home/airflow/.local/lib/python3.12/site-packages/airflow/example_dags/example_task_group.py
[2024-06-20T23:45:33.373+0000] {logging_mixin.py:188} INFO - [2024-06-20T23:45:33.373+0000] {dag.py:3096} INFO - Sync 1 DAGs
[2024-06-20T23:45:33.394+0000] {logging_mixin.py:188} INFO - [2024-06-20T23:45:33.394+0000] {dag.py:3954} INFO - Setting next_dagrun for example_task_group to 2024-06-19 00:00:00+00:00, run_after=2024-06-20 00:00:00+00:00
[2024-06-20T23:45:33.409+0000] {processor.py:183} INFO - Processing /home/airflow/.local/lib/python3.12/site-packages/airflow/example_dags/example_task_group.py took 0.072 seconds
[2024-06-20T23:46:04.200+0000] {processor.py:161} INFO - Started process (PID=585) to work on /home/airflow/.local/lib/python3.12/site-packages/airflow/example_dags/example_task_group.py
[2024-06-20T23:46:04.201+0000] {processor.py:830} INFO - Processing file /home/airflow/.local/lib/python3.12/site-packages/airflow/example_dags/example_task_group.py for tasks to queue
[2024-06-20T23:46:04.204+0000] {logging_mixin.py:188} INFO - [2024-06-20T23:46:04.203+0000] {dagbag.py:545} INFO - Filling up the DagBag from /home/airflow/.local/lib/python3.12/site-packages/airflow/example_dags/example_task_group.py
[2024-06-20T23:46:04.211+0000] {processor.py:840} INFO - DAG(s) 'example_task_group' retrieved from /home/airflow/.local/lib/python3.12/site-packages/airflow/example_dags/example_task_group.py
[2024-06-20T23:46:04.230+0000] {logging_mixin.py:188} INFO - [2024-06-20T23:46:04.230+0000] {dag.py:3096} INFO - Sync 1 DAGs
[2024-06-20T23:46:04.248+0000] {logging_mixin.py:188} INFO - [2024-06-20T23:46:04.248+0000] {dag.py:3954} INFO - Setting next_dagrun for example_task_group to 2024-06-19 00:00:00+00:00, run_after=2024-06-20 00:00:00+00:00
[2024-06-20T23:46:04.266+0000] {processor.py:183} INFO - Processing /home/airflow/.local/lib/python3.12/site-packages/airflow/example_dags/example_task_group.py took 0.070 seconds
[2024-06-20T23:46:34.889+0000] {processor.py:161} INFO - Started process (PID=643) to work on /home/airflow/.local/lib/python3.12/site-packages/airflow/example_dags/example_task_group.py
[2024-06-20T23:46:34.890+0000] {processor.py:830} INFO - Processing file /home/airflow/.local/lib/python3.12/site-packages/airflow/example_dags/example_task_group.py for tasks to queue
[2024-06-20T23:46:34.892+0000] {logging_mixin.py:188} INFO - [2024-06-20T23:46:34.892+0000] {dagbag.py:545} INFO - Filling up the DagBag from /home/airflow/.local/lib/python3.12/site-packages/airflow/example_dags/example_task_group.py
[2024-06-20T23:46:34.897+0000] {processor.py:840} INFO - DAG(s) 'example_task_group' retrieved from /home/airflow/.local/lib/python3.12/site-packages/airflow/example_dags/example_task_group.py
[2024-06-20T23:46:34.916+0000] {logging_mixin.py:188} INFO - [2024-06-20T23:46:34.916+0000] {dag.py:3096} INFO - Sync 1 DAGs
[2024-06-20T23:46:34.932+0000] {logging_mixin.py:188} INFO - [2024-06-20T23:46:34.932+0000] {dag.py:3954} INFO - Setting next_dagrun for example_task_group to 2024-06-19 00:00:00+00:00, run_after=2024-06-20 00:00:00+00:00
[2024-06-20T23:46:34.948+0000] {processor.py:183} INFO - Processing /home/airflow/.local/lib/python3.12/site-packages/airflow/example_dags/example_task_group.py took 0.063 seconds
[2024-06-20T23:47:05.323+0000] {processor.py:161} INFO - Started process (PID=701) to work on /home/airflow/.local/lib/python3.12/site-packages/airflow/example_dags/example_task_group.py
[2024-06-20T23:47:05.324+0000] {processor.py:830} INFO - Processing file /home/airflow/.local/lib/python3.12/site-packages/airflow/example_dags/example_task_group.py for tasks to queue
[2024-06-20T23:47:05.326+0000] {logging_mixin.py:188} INFO - [2024-06-20T23:47:05.326+0000] {dagbag.py:545} INFO - Filling up the DagBag from /home/airflow/.local/lib/python3.12/site-packages/airflow/example_dags/example_task_group.py
[2024-06-20T23:47:05.332+0000] {processor.py:840} INFO - DAG(s) 'example_task_group' retrieved from /home/airflow/.local/lib/python3.12/site-packages/airflow/example_dags/example_task_group.py
[2024-06-20T23:47:05.350+0000] {logging_mixin.py:188} INFO - [2024-06-20T23:47:05.349+0000] {dag.py:3096} INFO - Sync 1 DAGs
[2024-06-20T23:47:05.366+0000] {logging_mixin.py:188} INFO - [2024-06-20T23:47:05.366+0000] {dag.py:3954} INFO - Setting next_dagrun for example_task_group to 2024-06-19 00:00:00+00:00, run_after=2024-06-20 00:00:00+00:00
[2024-06-20T23:47:05.381+0000] {processor.py:183} INFO - Processing /home/airflow/.local/lib/python3.12/site-packages/airflow/example_dags/example_task_group.py took 0.063 seconds
[2024-06-20T23:47:35.899+0000] {processor.py:161} INFO - Started process (PID=759) to work on /home/airflow/.local/lib/python3.12/site-packages/airflow/example_dags/example_task_group.py
[2024-06-20T23:47:35.900+0000] {processor.py:830} INFO - Processing file /home/airflow/.local/lib/python3.12/site-packages/airflow/example_dags/example_task_group.py for tasks to queue
[2024-06-20T23:47:35.901+0000] {logging_mixin.py:188} INFO - [2024-06-20T23:47:35.901+0000] {dagbag.py:545} INFO - Filling up the DagBag from /home/airflow/.local/lib/python3.12/site-packages/airflow/example_dags/example_task_group.py
[2024-06-20T23:47:35.907+0000] {processor.py:840} INFO - DAG(s) 'example_task_group' retrieved from /home/airflow/.local/lib/python3.12/site-packages/airflow/example_dags/example_task_group.py
[2024-06-20T23:47:35.926+0000] {logging_mixin.py:188} INFO - [2024-06-20T23:47:35.925+0000] {dag.py:3096} INFO - Sync 1 DAGs
[2024-06-20T23:47:35.942+0000] {logging_mixin.py:188} INFO - [2024-06-20T23:47:35.941+0000] {dag.py:3954} INFO - Setting next_dagrun for example_task_group to 2024-06-19 00:00:00+00:00, run_after=2024-06-20 00:00:00+00:00
[2024-06-20T23:47:35.959+0000] {processor.py:183} INFO - Processing /home/airflow/.local/lib/python3.12/site-packages/airflow/example_dags/example_task_group.py took 0.065 seconds
[2024-06-20T23:48:06.477+0000] {processor.py:161} INFO - Started process (PID=817) to work on /home/airflow/.local/lib/python3.12/site-packages/airflow/example_dags/example_task_group.py
[2024-06-20T23:48:06.478+0000] {processor.py:830} INFO - Processing file /home/airflow/.local/lib/python3.12/site-packages/airflow/example_dags/example_task_group.py for tasks to queue
[2024-06-20T23:48:06.480+0000] {logging_mixin.py:188} INFO - [2024-06-20T23:48:06.479+0000] {dagbag.py:545} INFO - Filling up the DagBag from /home/airflow/.local/lib/python3.12/site-packages/airflow/example_dags/example_task_group.py
[2024-06-20T23:48:06.486+0000] {processor.py:840} INFO - DAG(s) 'example_task_group' retrieved from /home/airflow/.local/lib/python3.12/site-packages/airflow/example_dags/example_task_group.py
[2024-06-20T23:48:06.503+0000] {logging_mixin.py:188} INFO - [2024-06-20T23:48:06.502+0000] {dag.py:3096} INFO - Sync 1 DAGs
[2024-06-20T23:48:06.519+0000] {logging_mixin.py:188} INFO - [2024-06-20T23:48:06.519+0000] {dag.py:3954} INFO - Setting next_dagrun for example_task_group to 2024-06-19 00:00:00+00:00, run_after=2024-06-20 00:00:00+00:00
[2024-06-20T23:48:06.536+0000] {processor.py:183} INFO - Processing /home/airflow/.local/lib/python3.12/site-packages/airflow/example_dags/example_task_group.py took 0.064 seconds
[2024-06-20T23:48:37.071+0000] {processor.py:161} INFO - Started process (PID=875) to work on /home/airflow/.local/lib/python3.12/site-packages/airflow/example_dags/example_task_group.py
[2024-06-20T23:48:37.072+0000] {processor.py:830} INFO - Processing file /home/airflow/.local/lib/python3.12/site-packages/airflow/example_dags/example_task_group.py for tasks to queue
[2024-06-20T23:48:37.074+0000] {logging_mixin.py:188} INFO - [2024-06-20T23:48:37.073+0000] {dagbag.py:545} INFO - Filling up the DagBag from /home/airflow/.local/lib/python3.12/site-packages/airflow/example_dags/example_task_group.py
[2024-06-20T23:48:37.079+0000] {processor.py:840} INFO - DAG(s) 'example_task_group' retrieved from /home/airflow/.local/lib/python3.12/site-packages/airflow/example_dags/example_task_group.py
[2024-06-20T23:48:37.096+0000] {logging_mixin.py:188} INFO - [2024-06-20T23:48:37.096+0000] {dag.py:3096} INFO - Sync 1 DAGs
[2024-06-20T23:48:37.113+0000] {logging_mixin.py:188} INFO - [2024-06-20T23:48:37.113+0000] {dag.py:3954} INFO - Setting next_dagrun for example_task_group to 2024-06-19 00:00:00+00:00, run_after=2024-06-20 00:00:00+00:00
[2024-06-20T23:48:37.129+0000] {processor.py:183} INFO - Processing /home/airflow/.local/lib/python3.12/site-packages/airflow/example_dags/example_task_group.py took 0.062 seconds
[2024-06-20T23:49:07.587+0000] {processor.py:161} INFO - Started process (PID=933) to work on /home/airflow/.local/lib/python3.12/site-packages/airflow/example_dags/example_task_group.py
[2024-06-20T23:49:07.588+0000] {processor.py:830} INFO - Processing file /home/airflow/.local/lib/python3.12/site-packages/airflow/example_dags/example_task_group.py for tasks to queue
[2024-06-20T23:49:07.589+0000] {logging_mixin.py:188} INFO - [2024-06-20T23:49:07.589+0000] {dagbag.py:545} INFO - Filling up the DagBag from /home/airflow/.local/lib/python3.12/site-packages/airflow/example_dags/example_task_group.py
[2024-06-20T23:49:07.595+0000] {processor.py:840} INFO - DAG(s) 'example_task_group' retrieved from /home/airflow/.local/lib/python3.12/site-packages/airflow/example_dags/example_task_group.py
[2024-06-20T23:49:07.613+0000] {logging_mixin.py:188} INFO - [2024-06-20T23:49:07.612+0000] {dag.py:3096} INFO - Sync 1 DAGs
[2024-06-20T23:49:07.630+0000] {logging_mixin.py:188} INFO - [2024-06-20T23:49:07.630+0000] {dag.py:3954} INFO - Setting next_dagrun for example_task_group to 2024-06-19 00:00:00+00:00, run_after=2024-06-20 00:00:00+00:00
[2024-06-20T23:49:07.647+0000] {processor.py:183} INFO - Processing /home/airflow/.local/lib/python3.12/site-packages/airflow/example_dags/example_task_group.py took 0.065 seconds
[2024-06-20T23:49:38.282+0000] {processor.py:161} INFO - Started process (PID=991) to work on /home/airflow/.local/lib/python3.12/site-packages/airflow/example_dags/example_task_group.py
[2024-06-20T23:49:38.283+0000] {processor.py:830} INFO - Processing file /home/airflow/.local/lib/python3.12/site-packages/airflow/example_dags/example_task_group.py for tasks to queue
[2024-06-20T23:49:38.285+0000] {logging_mixin.py:188} INFO - [2024-06-20T23:49:38.285+0000] {dagbag.py:545} INFO - Filling up the DagBag from /home/airflow/.local/lib/python3.12/site-packages/airflow/example_dags/example_task_group.py
[2024-06-20T23:49:38.291+0000] {processor.py:840} INFO - DAG(s) 'example_task_group' retrieved from /home/airflow/.local/lib/python3.12/site-packages/airflow/example_dags/example_task_group.py
[2024-06-20T23:49:38.309+0000] {logging_mixin.py:188} INFO - [2024-06-20T23:49:38.308+0000] {dag.py:3096} INFO - Sync 1 DAGs
[2024-06-20T23:49:38.327+0000] {logging_mixin.py:188} INFO - [2024-06-20T23:49:38.327+0000] {dag.py:3954} INFO - Setting next_dagrun for example_task_group to 2024-06-19 00:00:00+00:00, run_after=2024-06-20 00:00:00+00:00
[2024-06-20T23:49:38.344+0000] {processor.py:183} INFO - Processing /home/airflow/.local/lib/python3.12/site-packages/airflow/example_dags/example_task_group.py took 0.066 seconds
[2024-06-20T23:50:08.920+0000] {processor.py:161} INFO - Started process (PID=1049) to work on /home/airflow/.local/lib/python3.12/site-packages/airflow/example_dags/example_task_group.py
[2024-06-20T23:50:08.921+0000] {processor.py:830} INFO - Processing file /home/airflow/.local/lib/python3.12/site-packages/airflow/example_dags/example_task_group.py for tasks to queue
[2024-06-20T23:50:08.922+0000] {logging_mixin.py:188} INFO - [2024-06-20T23:50:08.922+0000] {dagbag.py:545} INFO - Filling up the DagBag from /home/airflow/.local/lib/python3.12/site-packages/airflow/example_dags/example_task_group.py
[2024-06-20T23:50:08.928+0000] {processor.py:840} INFO - DAG(s) 'example_task_group' retrieved from /home/airflow/.local/lib/python3.12/site-packages/airflow/example_dags/example_task_group.py
[2024-06-20T23:50:08.944+0000] {logging_mixin.py:188} INFO - [2024-06-20T23:50:08.944+0000] {dag.py:3096} INFO - Sync 1 DAGs
[2024-06-20T23:50:08.960+0000] {logging_mixin.py:188} INFO - [2024-06-20T23:50:08.960+0000] {dag.py:3954} INFO - Setting next_dagrun for example_task_group to 2024-06-19 00:00:00+00:00, run_after=2024-06-20 00:00:00+00:00
[2024-06-20T23:50:08.976+0000] {processor.py:183} INFO - Processing /home/airflow/.local/lib/python3.12/site-packages/airflow/example_dags/example_task_group.py took 0.061 seconds
[2024-06-20T23:50:39.643+0000] {processor.py:161} INFO - Started process (PID=1107) to work on /home/airflow/.local/lib/python3.12/site-packages/airflow/example_dags/example_task_group.py
[2024-06-20T23:50:39.644+0000] {processor.py:830} INFO - Processing file /home/airflow/.local/lib/python3.12/site-packages/airflow/example_dags/example_task_group.py for tasks to queue
[2024-06-20T23:50:39.646+0000] {logging_mixin.py:188} INFO - [2024-06-20T23:50:39.645+0000] {dagbag.py:545} INFO - Filling up the DagBag from /home/airflow/.local/lib/python3.12/site-packages/airflow/example_dags/example_task_group.py
[2024-06-20T23:50:39.651+0000] {processor.py:840} INFO - DAG(s) 'example_task_group' retrieved from /home/airflow/.local/lib/python3.12/site-packages/airflow/example_dags/example_task_group.py
[2024-06-20T23:50:39.671+0000] {logging_mixin.py:188} INFO - [2024-06-20T23:50:39.671+0000] {dag.py:3096} INFO - Sync 1 DAGs
[2024-06-20T23:50:39.689+0000] {logging_mixin.py:188} INFO - [2024-06-20T23:50:39.689+0000] {dag.py:3954} INFO - Setting next_dagrun for example_task_group to 2024-06-19 00:00:00+00:00, run_after=2024-06-20 00:00:00+00:00
[2024-06-20T23:50:39.706+0000] {processor.py:183} INFO - Processing /home/airflow/.local/lib/python3.12/site-packages/airflow/example_dags/example_task_group.py took 0.068 seconds
[2024-06-20T23:51:09.807+0000] {processor.py:161} INFO - Started process (PID=1165) to work on /home/airflow/.local/lib/python3.12/site-packages/airflow/example_dags/example_task_group.py
[2024-06-20T23:51:09.808+0000] {processor.py:830} INFO - Processing file /home/airflow/.local/lib/python3.12/site-packages/airflow/example_dags/example_task_group.py for tasks to queue
[2024-06-20T23:51:09.810+0000] {logging_mixin.py:188} INFO - [2024-06-20T23:51:09.809+0000] {dagbag.py:545} INFO - Filling up the DagBag from /home/airflow/.local/lib/python3.12/site-packages/airflow/example_dags/example_task_group.py
[2024-06-20T23:51:09.816+0000] {processor.py:840} INFO - DAG(s) 'example_task_group' retrieved from /home/airflow/.local/lib/python3.12/site-packages/airflow/example_dags/example_task_group.py
[2024-06-20T23:51:09.835+0000] {logging_mixin.py:188} INFO - [2024-06-20T23:51:09.835+0000] {dag.py:3096} INFO - Sync 1 DAGs
[2024-06-20T23:51:09.852+0000] {logging_mixin.py:188} INFO - [2024-06-20T23:51:09.852+0000] {dag.py:3954} INFO - Setting next_dagrun for example_task_group to 2024-06-19 00:00:00+00:00, run_after=2024-06-20 00:00:00+00:00
[2024-06-20T23:51:09.867+0000] {processor.py:183} INFO - Processing /home/airflow/.local/lib/python3.12/site-packages/airflow/example_dags/example_task_group.py took 0.066 seconds
[2024-06-20T23:51:40.079+0000] {processor.py:161} INFO - Started process (PID=1223) to work on /home/airflow/.local/lib/python3.12/site-packages/airflow/example_dags/example_task_group.py
[2024-06-20T23:51:40.080+0000] {processor.py:830} INFO - Processing file /home/airflow/.local/lib/python3.12/site-packages/airflow/example_dags/example_task_group.py for tasks to queue
[2024-06-20T23:51:40.082+0000] {logging_mixin.py:188} INFO - [2024-06-20T23:51:40.082+0000] {dagbag.py:545} INFO - Filling up the DagBag from /home/airflow/.local/lib/python3.12/site-packages/airflow/example_dags/example_task_group.py
[2024-06-20T23:51:40.090+0000] {processor.py:840} INFO - DAG(s) 'example_task_group' retrieved from /home/airflow/.local/lib/python3.12/site-packages/airflow/example_dags/example_task_group.py
[2024-06-20T23:51:40.114+0000] {logging_mixin.py:188} INFO - [2024-06-20T23:51:40.114+0000] {dag.py:3096} INFO - Sync 1 DAGs
[2024-06-20T23:51:40.139+0000] {logging_mixin.py:188} INFO - [2024-06-20T23:51:40.138+0000] {dag.py:3954} INFO - Setting next_dagrun for example_task_group to 2024-06-19 00:00:00+00:00, run_after=2024-06-20 00:00:00+00:00
[2024-06-20T23:51:40.165+0000] {processor.py:183} INFO - Processing /home/airflow/.local/lib/python3.12/site-packages/airflow/example_dags/example_task_group.py took 0.092 seconds
[2024-06-20T23:52:11.077+0000] {processor.py:161} INFO - Started process (PID=1281) to work on /home/airflow/.local/lib/python3.12/site-packages/airflow/example_dags/example_task_group.py
[2024-06-20T23:52:11.078+0000] {processor.py:830} INFO - Processing file /home/airflow/.local/lib/python3.12/site-packages/airflow/example_dags/example_task_group.py for tasks to queue
[2024-06-20T23:52:11.080+0000] {logging_mixin.py:188} INFO - [2024-06-20T23:52:11.079+0000] {dagbag.py:545} INFO - Filling up the DagBag from /home/airflow/.local/lib/python3.12/site-packages/airflow/example_dags/example_task_group.py
[2024-06-20T23:52:11.086+0000] {processor.py:840} INFO - DAG(s) 'example_task_group' retrieved from /home/airflow/.local/lib/python3.12/site-packages/airflow/example_dags/example_task_group.py
[2024-06-20T23:52:11.111+0000] {logging_mixin.py:188} INFO - [2024-06-20T23:52:11.111+0000] {dag.py:3096} INFO - Sync 1 DAGs
[2024-06-20T23:52:11.130+0000] {logging_mixin.py:188} INFO - [2024-06-20T23:52:11.130+0000] {dag.py:3954} INFO - Setting next_dagrun for example_task_group to 2024-06-19 00:00:00+00:00, run_after=2024-06-20 00:00:00+00:00
[2024-06-20T23:52:11.150+0000] {processor.py:183} INFO - Processing /home/airflow/.local/lib/python3.12/site-packages/airflow/example_dags/example_task_group.py took 0.077 seconds
[2024-06-20T23:52:41.593+0000] {processor.py:161} INFO - Started process (PID=1339) to work on /home/airflow/.local/lib/python3.12/site-packages/airflow/example_dags/example_task_group.py
[2024-06-20T23:52:41.594+0000] {processor.py:830} INFO - Processing file /home/airflow/.local/lib/python3.12/site-packages/airflow/example_dags/example_task_group.py for tasks to queue
[2024-06-20T23:52:41.596+0000] {logging_mixin.py:188} INFO - [2024-06-20T23:52:41.596+0000] {dagbag.py:545} INFO - Filling up the DagBag from /home/airflow/.local/lib/python3.12/site-packages/airflow/example_dags/example_task_group.py
[2024-06-20T23:52:41.601+0000] {processor.py:840} INFO - DAG(s) 'example_task_group' retrieved from /home/airflow/.local/lib/python3.12/site-packages/airflow/example_dags/example_task_group.py
[2024-06-20T23:52:41.619+0000] {logging_mixin.py:188} INFO - [2024-06-20T23:52:41.618+0000] {dag.py:3096} INFO - Sync 1 DAGs
[2024-06-20T23:52:41.634+0000] {logging_mixin.py:188} INFO - [2024-06-20T23:52:41.634+0000] {dag.py:3954} INFO - Setting next_dagrun for example_task_group to 2024-06-19 00:00:00+00:00, run_after=2024-06-20 00:00:00+00:00
[2024-06-20T23:52:41.650+0000] {processor.py:183} INFO - Processing /home/airflow/.local/lib/python3.12/site-packages/airflow/example_dags/example_task_group.py took 0.061 seconds
[2024-06-20T23:53:11.718+0000] {processor.py:161} INFO - Started process (PID=1396) to work on /home/airflow/.local/lib/python3.12/site-packages/airflow/example_dags/example_task_group.py
[2024-06-20T23:53:11.719+0000] {processor.py:830} INFO - Processing file /home/airflow/.local/lib/python3.12/site-packages/airflow/example_dags/example_task_group.py for tasks to queue
[2024-06-20T23:53:11.721+0000] {logging_mixin.py:188} INFO - [2024-06-20T23:53:11.720+0000] {dagbag.py:545} INFO - Filling up the DagBag from /home/airflow/.local/lib/python3.12/site-packages/airflow/example_dags/example_task_group.py
[2024-06-20T23:53:11.726+0000] {processor.py:840} INFO - DAG(s) 'example_task_group' retrieved from /home/airflow/.local/lib/python3.12/site-packages/airflow/example_dags/example_task_group.py
[2024-06-20T23:53:11.743+0000] {logging_mixin.py:188} INFO - [2024-06-20T23:53:11.743+0000] {dag.py:3096} INFO - Sync 1 DAGs
[2024-06-20T23:53:11.759+0000] {logging_mixin.py:188} INFO - [2024-06-20T23:53:11.759+0000] {dag.py:3954} INFO - Setting next_dagrun for example_task_group to 2024-06-19 00:00:00+00:00, run_after=2024-06-20 00:00:00+00:00
[2024-06-20T23:53:11.774+0000] {processor.py:183} INFO - Processing /home/airflow/.local/lib/python3.12/site-packages/airflow/example_dags/example_task_group.py took 0.060 seconds
[2024-06-20T23:53:41.907+0000] {processor.py:161} INFO - Started process (PID=1454) to work on /home/airflow/.local/lib/python3.12/site-packages/airflow/example_dags/example_task_group.py
[2024-06-20T23:53:41.908+0000] {processor.py:830} INFO - Processing file /home/airflow/.local/lib/python3.12/site-packages/airflow/example_dags/example_task_group.py for tasks to queue
[2024-06-20T23:53:41.909+0000] {logging_mixin.py:188} INFO - [2024-06-20T23:53:41.909+0000] {dagbag.py:545} INFO - Filling up the DagBag from /home/airflow/.local/lib/python3.12/site-packages/airflow/example_dags/example_task_group.py
[2024-06-20T23:53:41.916+0000] {processor.py:840} INFO - DAG(s) 'example_task_group' retrieved from /home/airflow/.local/lib/python3.12/site-packages/airflow/example_dags/example_task_group.py
[2024-06-20T23:53:41.934+0000] {logging_mixin.py:188} INFO - [2024-06-20T23:53:41.934+0000] {dag.py:3096} INFO - Sync 1 DAGs
[2024-06-20T23:53:41.954+0000] {logging_mixin.py:188} INFO - [2024-06-20T23:53:41.953+0000] {dag.py:3954} INFO - Setting next_dagrun for example_task_group to 2024-06-19 00:00:00+00:00, run_after=2024-06-20 00:00:00+00:00
[2024-06-20T23:53:41.972+0000] {processor.py:183} INFO - Processing /home/airflow/.local/lib/python3.12/site-packages/airflow/example_dags/example_task_group.py took 0.071 seconds
[2024-06-20T23:54:12.083+0000] {processor.py:161} INFO - Started process (PID=1512) to work on /home/airflow/.local/lib/python3.12/site-packages/airflow/example_dags/example_task_group.py
[2024-06-20T23:54:12.084+0000] {processor.py:830} INFO - Processing file /home/airflow/.local/lib/python3.12/site-packages/airflow/example_dags/example_task_group.py for tasks to queue
[2024-06-20T23:54:12.085+0000] {logging_mixin.py:188} INFO - [2024-06-20T23:54:12.085+0000] {dagbag.py:545} INFO - Filling up the DagBag from /home/airflow/.local/lib/python3.12/site-packages/airflow/example_dags/example_task_group.py
[2024-06-20T23:54:12.091+0000] {processor.py:840} INFO - DAG(s) 'example_task_group' retrieved from /home/airflow/.local/lib/python3.12/site-packages/airflow/example_dags/example_task_group.py
[2024-06-20T23:54:12.108+0000] {logging_mixin.py:188} INFO - [2024-06-20T23:54:12.107+0000] {dag.py:3096} INFO - Sync 1 DAGs
[2024-06-20T23:54:12.124+0000] {logging_mixin.py:188} INFO - [2024-06-20T23:54:12.124+0000] {dag.py:3954} INFO - Setting next_dagrun for example_task_group to 2024-06-19 00:00:00+00:00, run_after=2024-06-20 00:00:00+00:00
[2024-06-20T23:54:12.139+0000] {processor.py:183} INFO - Processing /home/airflow/.local/lib/python3.12/site-packages/airflow/example_dags/example_task_group.py took 0.060 seconds
[2024-06-20T23:54:42.300+0000] {processor.py:161} INFO - Started process (PID=1570) to work on /home/airflow/.local/lib/python3.12/site-packages/airflow/example_dags/example_task_group.py
[2024-06-20T23:54:42.301+0000] {processor.py:830} INFO - Processing file /home/airflow/.local/lib/python3.12/site-packages/airflow/example_dags/example_task_group.py for tasks to queue
[2024-06-20T23:54:42.302+0000] {logging_mixin.py:188} INFO - [2024-06-20T23:54:42.302+0000] {dagbag.py:545} INFO - Filling up the DagBag from /home/airflow/.local/lib/python3.12/site-packages/airflow/example_dags/example_task_group.py
[2024-06-20T23:54:42.308+0000] {processor.py:840} INFO - DAG(s) 'example_task_group' retrieved from /home/airflow/.local/lib/python3.12/site-packages/airflow/example_dags/example_task_group.py
[2024-06-20T23:54:42.327+0000] {logging_mixin.py:188} INFO - [2024-06-20T23:54:42.327+0000] {dag.py:3096} INFO - Sync 1 DAGs
[2024-06-20T23:54:42.345+0000] {logging_mixin.py:188} INFO - [2024-06-20T23:54:42.344+0000] {dag.py:3954} INFO - Setting next_dagrun for example_task_group to 2024-06-19 00:00:00+00:00, run_after=2024-06-20 00:00:00+00:00
[2024-06-20T23:54:42.362+0000] {processor.py:183} INFO - Processing /home/airflow/.local/lib/python3.12/site-packages/airflow/example_dags/example_task_group.py took 0.067 seconds
[2024-06-20T23:55:12.635+0000] {processor.py:161} INFO - Started process (PID=1628) to work on /home/airflow/.local/lib/python3.12/site-packages/airflow/example_dags/example_task_group.py
[2024-06-20T23:55:12.636+0000] {processor.py:830} INFO - Processing file /home/airflow/.local/lib/python3.12/site-packages/airflow/example_dags/example_task_group.py for tasks to queue
[2024-06-20T23:55:12.637+0000] {logging_mixin.py:188} INFO - [2024-06-20T23:55:12.637+0000] {dagbag.py:545} INFO - Filling up the DagBag from /home/airflow/.local/lib/python3.12/site-packages/airflow/example_dags/example_task_group.py
[2024-06-20T23:55:12.643+0000] {processor.py:840} INFO - DAG(s) 'example_task_group' retrieved from /home/airflow/.local/lib/python3.12/site-packages/airflow/example_dags/example_task_group.py
[2024-06-20T23:55:12.661+0000] {logging_mixin.py:188} INFO - [2024-06-20T23:55:12.660+0000] {dag.py:3096} INFO - Sync 1 DAGs
[2024-06-20T23:55:12.679+0000] {logging_mixin.py:188} INFO - [2024-06-20T23:55:12.679+0000] {dag.py:3954} INFO - Setting next_dagrun for example_task_group to 2024-06-19 00:00:00+00:00, run_after=2024-06-20 00:00:00+00:00
[2024-06-20T23:55:12.699+0000] {processor.py:183} INFO - Processing /home/airflow/.local/lib/python3.12/site-packages/airflow/example_dags/example_task_group.py took 0.069 seconds
[2024-06-20T23:55:42.935+0000] {processor.py:161} INFO - Started process (PID=1686) to work on /home/airflow/.local/lib/python3.12/site-packages/airflow/example_dags/example_task_group.py
[2024-06-20T23:55:42.936+0000] {processor.py:830} INFO - Processing file /home/airflow/.local/lib/python3.12/site-packages/airflow/example_dags/example_task_group.py for tasks to queue
[2024-06-20T23:55:42.938+0000] {logging_mixin.py:188} INFO - [2024-06-20T23:55:42.937+0000] {dagbag.py:545} INFO - Filling up the DagBag from /home/airflow/.local/lib/python3.12/site-packages/airflow/example_dags/example_task_group.py
[2024-06-20T23:55:42.943+0000] {processor.py:840} INFO - DAG(s) 'example_task_group' retrieved from /home/airflow/.local/lib/python3.12/site-packages/airflow/example_dags/example_task_group.py
[2024-06-20T23:55:42.962+0000] {logging_mixin.py:188} INFO - [2024-06-20T23:55:42.962+0000] {dag.py:3096} INFO - Sync 1 DAGs
[2024-06-20T23:55:42.980+0000] {logging_mixin.py:188} INFO - [2024-06-20T23:55:42.980+0000] {dag.py:3954} INFO - Setting next_dagrun for example_task_group to 2024-06-19 00:00:00+00:00, run_after=2024-06-20 00:00:00+00:00
[2024-06-20T23:55:42.997+0000] {processor.py:183} INFO - Processing /home/airflow/.local/lib/python3.12/site-packages/airflow/example_dags/example_task_group.py took 0.067 seconds
[2024-06-20T23:56:13.217+0000] {processor.py:161} INFO - Started process (PID=1744) to work on /home/airflow/.local/lib/python3.12/site-packages/airflow/example_dags/example_task_group.py
[2024-06-20T23:56:13.218+0000] {processor.py:830} INFO - Processing file /home/airflow/.local/lib/python3.12/site-packages/airflow/example_dags/example_task_group.py for tasks to queue
[2024-06-20T23:56:13.220+0000] {logging_mixin.py:188} INFO - [2024-06-20T23:56:13.220+0000] {dagbag.py:545} INFO - Filling up the DagBag from /home/airflow/.local/lib/python3.12/site-packages/airflow/example_dags/example_task_group.py
[2024-06-20T23:56:13.227+0000] {processor.py:840} INFO - DAG(s) 'example_task_group' retrieved from /home/airflow/.local/lib/python3.12/site-packages/airflow/example_dags/example_task_group.py
[2024-06-20T23:56:13.245+0000] {logging_mixin.py:188} INFO - [2024-06-20T23:56:13.245+0000] {dag.py:3096} INFO - Sync 1 DAGs
[2024-06-20T23:56:13.264+0000] {logging_mixin.py:188} INFO - [2024-06-20T23:56:13.263+0000] {dag.py:3954} INFO - Setting next_dagrun for example_task_group to 2024-06-19 00:00:00+00:00, run_after=2024-06-20 00:00:00+00:00
[2024-06-20T23:56:13.282+0000] {processor.py:183} INFO - Processing /home/airflow/.local/lib/python3.12/site-packages/airflow/example_dags/example_task_group.py took 0.070 seconds
[2024-06-20T23:56:43.614+0000] {processor.py:161} INFO - Started process (PID=1802) to work on /home/airflow/.local/lib/python3.12/site-packages/airflow/example_dags/example_task_group.py
[2024-06-20T23:56:43.615+0000] {processor.py:830} INFO - Processing file /home/airflow/.local/lib/python3.12/site-packages/airflow/example_dags/example_task_group.py for tasks to queue
[2024-06-20T23:56:43.617+0000] {logging_mixin.py:188} INFO - [2024-06-20T23:56:43.617+0000] {dagbag.py:545} INFO - Filling up the DagBag from /home/airflow/.local/lib/python3.12/site-packages/airflow/example_dags/example_task_group.py
[2024-06-20T23:56:43.623+0000] {processor.py:840} INFO - DAG(s) 'example_task_group' retrieved from /home/airflow/.local/lib/python3.12/site-packages/airflow/example_dags/example_task_group.py
[2024-06-20T23:56:43.640+0000] {logging_mixin.py:188} INFO - [2024-06-20T23:56:43.639+0000] {dag.py:3096} INFO - Sync 1 DAGs
[2024-06-20T23:56:43.658+0000] {logging_mixin.py:188} INFO - [2024-06-20T23:56:43.657+0000] {dag.py:3954} INFO - Setting next_dagrun for example_task_group to 2024-06-19 00:00:00+00:00, run_after=2024-06-20 00:00:00+00:00
[2024-06-20T23:56:43.676+0000] {processor.py:183} INFO - Processing /home/airflow/.local/lib/python3.12/site-packages/airflow/example_dags/example_task_group.py took 0.066 seconds
[2024-06-20T23:57:13.832+0000] {processor.py:161} INFO - Started process (PID=1860) to work on /home/airflow/.local/lib/python3.12/site-packages/airflow/example_dags/example_task_group.py
[2024-06-20T23:57:13.833+0000] {processor.py:830} INFO - Processing file /home/airflow/.local/lib/python3.12/site-packages/airflow/example_dags/example_task_group.py for tasks to queue
[2024-06-20T23:57:13.835+0000] {logging_mixin.py:188} INFO - [2024-06-20T23:57:13.835+0000] {dagbag.py:545} INFO - Filling up the DagBag from /home/airflow/.local/lib/python3.12/site-packages/airflow/example_dags/example_task_group.py
[2024-06-20T23:57:13.841+0000] {processor.py:840} INFO - DAG(s) 'example_task_group' retrieved from /home/airflow/.local/lib/python3.12/site-packages/airflow/example_dags/example_task_group.py
[2024-06-20T23:57:13.859+0000] {logging_mixin.py:188} INFO - [2024-06-20T23:57:13.859+0000] {dag.py:3096} INFO - Sync 1 DAGs
[2024-06-20T23:57:13.876+0000] {logging_mixin.py:188} INFO - [2024-06-20T23:57:13.876+0000] {dag.py:3954} INFO - Setting next_dagrun for example_task_group to 2024-06-19 00:00:00+00:00, run_after=2024-06-20 00:00:00+00:00
[2024-06-20T23:57:13.892+0000] {processor.py:183} INFO - Processing /home/airflow/.local/lib/python3.12/site-packages/airflow/example_dags/example_task_group.py took 0.064 seconds
[2024-06-20T23:57:44.386+0000] {processor.py:161} INFO - Started process (PID=1918) to work on /home/airflow/.local/lib/python3.12/site-packages/airflow/example_dags/example_task_group.py
[2024-06-20T23:57:44.387+0000] {processor.py:830} INFO - Processing file /home/airflow/.local/lib/python3.12/site-packages/airflow/example_dags/example_task_group.py for tasks to queue
[2024-06-20T23:57:44.389+0000] {logging_mixin.py:188} INFO - [2024-06-20T23:57:44.388+0000] {dagbag.py:545} INFO - Filling up the DagBag from /home/airflow/.local/lib/python3.12/site-packages/airflow/example_dags/example_task_group.py
[2024-06-20T23:57:44.394+0000] {processor.py:840} INFO - DAG(s) 'example_task_group' retrieved from /home/airflow/.local/lib/python3.12/site-packages/airflow/example_dags/example_task_group.py
[2024-06-20T23:57:44.413+0000] {logging_mixin.py:188} INFO - [2024-06-20T23:57:44.412+0000] {dag.py:3096} INFO - Sync 1 DAGs
[2024-06-20T23:57:44.430+0000] {logging_mixin.py:188} INFO - [2024-06-20T23:57:44.430+0000] {dag.py:3954} INFO - Setting next_dagrun for example_task_group to 2024-06-19 00:00:00+00:00, run_after=2024-06-20 00:00:00+00:00
[2024-06-20T23:57:44.445+0000] {processor.py:183} INFO - Processing /home/airflow/.local/lib/python3.12/site-packages/airflow/example_dags/example_task_group.py took 0.063 seconds
[2024-06-20T23:58:14.847+0000] {processor.py:161} INFO - Started process (PID=1976) to work on /home/airflow/.local/lib/python3.12/site-packages/airflow/example_dags/example_task_group.py
[2024-06-20T23:58:14.848+0000] {processor.py:830} INFO - Processing file /home/airflow/.local/lib/python3.12/site-packages/airflow/example_dags/example_task_group.py for tasks to queue
[2024-06-20T23:58:14.849+0000] {logging_mixin.py:188} INFO - [2024-06-20T23:58:14.849+0000] {dagbag.py:545} INFO - Filling up the DagBag from /home/airflow/.local/lib/python3.12/site-packages/airflow/example_dags/example_task_group.py
[2024-06-20T23:58:14.855+0000] {processor.py:840} INFO - DAG(s) 'example_task_group' retrieved from /home/airflow/.local/lib/python3.12/site-packages/airflow/example_dags/example_task_group.py
[2024-06-20T23:58:14.874+0000] {logging_mixin.py:188} INFO - [2024-06-20T23:58:14.874+0000] {dag.py:3096} INFO - Sync 1 DAGs
[2024-06-20T23:58:14.894+0000] {logging_mixin.py:188} INFO - [2024-06-20T23:58:14.894+0000] {dag.py:3954} INFO - Setting next_dagrun for example_task_group to 2024-06-19 00:00:00+00:00, run_after=2024-06-20 00:00:00+00:00
[2024-06-20T23:58:14.910+0000] {processor.py:183} INFO - Processing /home/airflow/.local/lib/python3.12/site-packages/airflow/example_dags/example_task_group.py took 0.068 seconds
[2024-06-20T23:58:45.574+0000] {processor.py:161} INFO - Started process (PID=2034) to work on /home/airflow/.local/lib/python3.12/site-packages/airflow/example_dags/example_task_group.py
[2024-06-20T23:58:45.575+0000] {processor.py:830} INFO - Processing file /home/airflow/.local/lib/python3.12/site-packages/airflow/example_dags/example_task_group.py for tasks to queue
[2024-06-20T23:58:45.576+0000] {logging_mixin.py:188} INFO - [2024-06-20T23:58:45.576+0000] {dagbag.py:545} INFO - Filling up the DagBag from /home/airflow/.local/lib/python3.12/site-packages/airflow/example_dags/example_task_group.py
[2024-06-20T23:58:45.581+0000] {processor.py:840} INFO - DAG(s) 'example_task_group' retrieved from /home/airflow/.local/lib/python3.12/site-packages/airflow/example_dags/example_task_group.py
[2024-06-20T23:58:45.710+0000] {logging_mixin.py:188} INFO - [2024-06-20T23:58:45.710+0000] {dag.py:3096} INFO - Sync 1 DAGs
[2024-06-20T23:58:45.724+0000] {logging_mixin.py:188} INFO - [2024-06-20T23:58:45.724+0000] {dag.py:3954} INFO - Setting next_dagrun for example_task_group to 2024-06-19 00:00:00+00:00, run_after=2024-06-20 00:00:00+00:00
[2024-06-20T23:58:45.738+0000] {processor.py:183} INFO - Processing /home/airflow/.local/lib/python3.12/site-packages/airflow/example_dags/example_task_group.py took 0.169 seconds
[2024-06-20T23:59:15.944+0000] {processor.py:161} INFO - Started process (PID=2092) to work on /home/airflow/.local/lib/python3.12/site-packages/airflow/example_dags/example_task_group.py
[2024-06-20T23:59:15.945+0000] {processor.py:830} INFO - Processing file /home/airflow/.local/lib/python3.12/site-packages/airflow/example_dags/example_task_group.py for tasks to queue
[2024-06-20T23:59:15.946+0000] {logging_mixin.py:188} INFO - [2024-06-20T23:59:15.946+0000] {dagbag.py:545} INFO - Filling up the DagBag from /home/airflow/.local/lib/python3.12/site-packages/airflow/example_dags/example_task_group.py
[2024-06-20T23:59:15.952+0000] {processor.py:840} INFO - DAG(s) 'example_task_group' retrieved from /home/airflow/.local/lib/python3.12/site-packages/airflow/example_dags/example_task_group.py
[2024-06-20T23:59:15.969+0000] {logging_mixin.py:188} INFO - [2024-06-20T23:59:15.968+0000] {dag.py:3096} INFO - Sync 1 DAGs
[2024-06-20T23:59:15.986+0000] {logging_mixin.py:188} INFO - [2024-06-20T23:59:15.986+0000] {dag.py:3954} INFO - Setting next_dagrun for example_task_group to 2024-06-19 00:00:00+00:00, run_after=2024-06-20 00:00:00+00:00
[2024-06-20T23:59:16.002+0000] {processor.py:183} INFO - Processing /home/airflow/.local/lib/python3.12/site-packages/airflow/example_dags/example_task_group.py took 0.063 seconds
[2024-06-20T23:59:46.616+0000] {processor.py:161} INFO - Started process (PID=2150) to work on /home/airflow/.local/lib/python3.12/site-packages/airflow/example_dags/example_task_group.py
[2024-06-20T23:59:46.617+0000] {processor.py:830} INFO - Processing file /home/airflow/.local/lib/python3.12/site-packages/airflow/example_dags/example_task_group.py for tasks to queue
[2024-06-20T23:59:46.619+0000] {logging_mixin.py:188} INFO - [2024-06-20T23:59:46.618+0000] {dagbag.py:545} INFO - Filling up the DagBag from /home/airflow/.local/lib/python3.12/site-packages/airflow/example_dags/example_task_group.py
[2024-06-20T23:59:46.625+0000] {processor.py:840} INFO - DAG(s) 'example_task_group' retrieved from /home/airflow/.local/lib/python3.12/site-packages/airflow/example_dags/example_task_group.py
[2024-06-20T23:59:46.643+0000] {logging_mixin.py:188} INFO - [2024-06-20T23:59:46.643+0000] {dag.py:3096} INFO - Sync 1 DAGs
[2024-06-20T23:59:46.662+0000] {logging_mixin.py:188} INFO - [2024-06-20T23:59:46.662+0000] {dag.py:3954} INFO - Setting next_dagrun for example_task_group to 2024-06-19 00:00:00+00:00, run_after=2024-06-20 00:00:00+00:00
[2024-06-20T23:59:46.680+0000] {processor.py:183} INFO - Processing /home/airflow/.local/lib/python3.12/site-packages/airflow/example_dags/example_task_group.py took 0.071 seconds
